Log file open, 12/14/14 23:24:17
LogInit:Display: Running engine for game: MyProject
LogInit: Version: 4.5.1-2336687+++depot+UE4-Releases+4.5
LogInit: API Version: 2326478
LogInit: Compiled (64-bit): Oct 21 2014 22:32:40
LogInit: Compiled with Visual C++: 18.00.21005.01
LogInit: Build Configuration: Development
LogInit: Branch Name: ++depot+UE4-Releases+4.5
LogInit: Command line: 
LogInit: Base directory: F:/ExtraSoft/UnrealEngine/4.5/Engine/Binaries/Win64/
LogInit: Rocket: 1
[2014.12.14-21.24.17:828][  0]LogTaskGraph: Started task graph with 3 named threads and 4 total threads.
[2014.12.14-21.24.17:862][  0]LogOnline:Warning: No default platform service specified for OnlineSubsystem
[2014.12.14-21.24.17:883][  0]LogInit: Presizing for 0 objects not considered by GC, pre-allocating 0 bytes.
[2014.12.14-21.24.17:894][  0]LogInit: Object subsystem initialized
[2014.12.14-21.24.17:898][  0]LogConsoleResponse:Warning: Skipping Unknown console variable: 'UIScaleRule = ShortestSide'
[2014.12.14-21.24.17:898][  0]LogConsoleResponse:Warning:   Found in ini file 'F:/ExtraSoft/UnrealEngine/Projects/MyProject/Saved/Config/Windows/Engine.ini', in section '[/Script/Engine.RendererSettings]'
[2014.12.14-21.24.17:898][  0]LogConsoleResponse:Warning: Skipping Unknown console variable: 'UIScaleCurve = (EditorCurveData=(Keys=((Time=480.000000,Value=0.444000),(Time=720.000000,Value=0.666000),(Time=1080.000000,Value=1.000000),(Time=8640.000000,Value=8.000000))),ExternalCurve=None)'
[2014.12.14-21.24.17:898][  0]LogConsoleResponse:Warning:   Found in ini file 'F:/ExtraSoft/UnrealEngine/Projects/MyProject/Saved/Config/Windows/Engine.ini', in section '[/Script/Engine.RendererSettings]'
[2014.12.14-21.24.17:898][  0]LogInit: Selected Device Profile: [Windows]
[2014.12.14-21.24.17:898][  0]LogInit: Applying CVar settings loaded from the selected device profile: [Windows]
[2014.12.14-21.24.17:919][  0]LogInit: Computer: NIKPC
[2014.12.14-21.24.17:919][  0]LogInit: User: Nikita
[2014.12.14-21.24.17:920][  0]LogInit: CPU Page size=4096, Cores=2
[2014.12.14-21.24.17:920][  0]LogInit: High frequency timer resolution =1.753825 MHz
[2014.12.14-21.24.17:920][  0]LogMemory: Memory total: Physical=7.9GB (8GB approx) Virtual=131072.0GB
[2014.12.14-21.24.17:920][  0]LogMemory: Platform Memory Stats for Windows
[2014.12.14-21.24.17:920][  0]LogMemory: Process Physical Memory: 63.16 MB used, 63.24 MB peak
[2014.12.14-21.24.17:920][  0]LogMemory: Process Virtual Memory: 38.48 MB used, 38.57 MB peak
[2014.12.14-21.24.17:920][  0]LogMemory: Physical Memory: 2887.07 MB used, 8077.43 MB total
[2014.12.14-21.24.17:920][  0]LogMemory: Virtual Memory: 282.49 MB used, 134217728.00 MB total
[2014.12.14-21.24.18:393][  0]LogD3D11RHI: Found D3D11 adapter 0: Intel(R) HD Graphics 4000 (Feature Level 11_0)
[2014.12.14-21.24.18:393][  0]LogD3D11RHI: Adapter has 1988MB of dedicated video memory, 0MB of dedicated system memory, and 2048MB of shared system memory, 1 output[s]
[2014.12.14-21.24.18:409][  0]LogD3D11RHI: Found D3D11 adapter 1: NVIDIA GeForce GT 740M    (Feature Level 11_0)
[2014.12.14-21.24.18:409][  0]LogD3D11RHI: Adapter has 1988MB of dedicated video memory, 0MB of dedicated system memory, and 2048MB of shared system memory, 0 output[s]
[2014.12.14-21.24.18:411][  0]LogD3D11RHI: Found D3D11 adapter 2: Microsoft Basic Render Driver (Feature Level 11_0)
[2014.12.14-21.24.18:411][  0]LogD3D11RHI: Adapter has 1988MB of dedicated video memory, 0MB of dedicated system memory, and 2048MB of shared system memory, 0 output[s]
[2014.12.14-21.24.18:411][  0]LogD3D11RHI: Chosen D3D11 Adapter Id = 0
[2014.12.14-21.24.18:415][  0]LogRHI: Texture pool is 1361 MB (70% of 1945 MB)
[2014.12.14-21.24.18:427][  0]LogD3D11RHI: Async texture creation enabled
[2014.12.14-21.24.18:492][  0]LogTextLocalizationManager: The requested culture ('ru_RU') has no localization data; falling back to 'en' for localization and internationalization data.
[2014.12.14-21.24.18:695][  0]LogContentStreaming: Texture pool size is 0.000000MB
[2014.12.14-21.24.24:327][  0]LogTargetPlatformManager:Display: Building Assets For Windows
[2014.12.14-21.24.24:890][  0]LogTargetPlatformManager:Display: Building Assets For Windows
[2014.12.14-21.24.24:951][  0]LogDerivedDataCache:Display: Max Cache Size: 512 MB
[2014.12.14-21.24.25:032][  0]LogDerivedDataCache: Loaded boot cache 0.08s 67MB C:/Users/Nikita/AppData/Local/UnrealEngine/4.5/DerivedDataCache/Boot.ddc.
[2014.12.14-21.24.25:033][  0]LogDerivedDataCache:Display: Loaded Boot cache: C:/Users/Nikita/AppData/Local/UnrealEngine/4.5/DerivedDataCache/Boot.ddc
[2014.12.14-21.24.25:033][  0]LogDerivedDataCache: FDerivedDataBackendGraph:  Pak pak cache file ../../../../Projects/MyProject/DerivedDataCache/DDC.ddp not found, will not use a pak cache.
[2014.12.14-21.24.25:033][  0]LogDerivedDataCache: Unable to find inner node Pak for hierarchical cache Hierarchy.
[2014.12.14-21.24.25:113][  0]LogDerivedDataCache:Display: Pak cache opened for reading ../../../Engine/DerivedDataCache/DDC.ddp.
[2014.12.14-21.24.25:125][  0]LogDerivedDataCache: Using Local data cache path C:/Users/Nikita/AppData/Local/UnrealEngine/Common/DerivedDataCache: Writable
[2014.12.14-21.24.25:322][  0]LogMeshUtilities: No automatic mesh reduction module available
[2014.12.14-21.24.25:322][  0]LogMeshUtilities: No automatic mesh merging module available
[2014.12.14-21.24.25:584][  0]LogLinker:Warning: Asset '../../../Engine/Content/Functions/Engine_MaterialFunctions02/Texturing/FlipBook.uasset' has been saved with empty engine version. The asset will be loaded but may be incompatible.
[2014.12.14-21.24.25:587][  0]LogLinker:Warning: Asset '../../../Engine/Content/Functions/Engine_MaterialFunctions02/ExampleContent/Textures/flipbook.uasset' has been saved with empty engine version. The asset will be loaded but may be incompatible.
[2014.12.14-21.24.25:786][  0]LogInit: WinSock: version 1.1 (2.2), MaxSocks=32767, MaxUdp=65467
[2014.12.14-21.24.26:668][  0]UdpMessaging: Initializing bridge on interface 0.0.0.0:0 to multicast group 230.0.0.1:6666.
[2014.12.14-21.24.26:860][  0]LogDirectoryWatcher:Warning: Failed to begin reading directory changes for F:/ExtraSoft/UnrealEngine/Projects/MyProject/Binaries/Win64. Error: 0
[2014.12.14-21.24.26:999][  0]SourceControl: Info Source control is disabled
[2014.12.14-21.24.26:999][  0]SourceControl: Info Source control is disabled
[2014.12.14-21.24.27:006][  0]SourceControl: Info Source control is disabled
[2014.12.14-21.24.27:124][  0]LogObj: 22915 objects as part of root set at end of initial load.
[2014.12.14-21.24.27:124][  0]LogUObjectAllocator: 4803544 out of 0 bytes used by permanent object pool.
[2014.12.14-21.24.27:187][  0]LogEngine: Initializing Engine...
[2014.12.14-21.24.27:341][  0]LogInit: XAudio2 using 'Headphones (High Definition Audio Device)' : 2 channels at 44.1 kHz using 16 bits per sample (channel mask 0x3)
[2014.12.14-21.24.27:351][  0]LogInit: FAudioDevice initialized.
[2014.12.14-21.24.27:374][  0]LogAIModule: Creating AISystem for world NewWorld
[2014.12.14-21.24.27:415][  0]LogDerivedDataCache: Saved boot cache 0.04s 67MB C:/Users/Nikita/AppData/Local/UnrealEngine/4.5/DerivedDataCache/Boot.ddc.
[2014.12.14-21.24.27:421][  0]LogInit: Texture streaming: Enabled
[2014.12.14-21.24.27:470][  0]LogInit: Transaction tracking system initialized
[2014.12.14-21.24.27:568][  0]BlueprintLog: New page: Editor Load
[2014.12.14-21.24.27:599][  0]LogAssetRegistry: FAssetRegistry took 0.0109 seconds to start up
[2014.12.14-21.24.27:599][  0]LogDirectoryWatcher:Warning: Failed to begin reading directory changes for ../../../Engine/Plugins/Experimental/CharacterAI/Content/. Error: 0
[2014.12.14-21.24.28:237][  0]LogTargetPlatformManager:Display: Building Assets For Windows
[2014.12.14-21.24.28:680][  0]LogTargetPlatformManager:Display: Building Assets For Windows
[2014.12.14-21.24.28:881][  0]LogConsoleResponse:Display: 
[2014.12.14-21.24.29:136][  0]SourceControl: Info Source control is disabled
[2014.12.14-21.24.29:136][  0]Cmd: MAP LOAD FILE="../../../../Projects/MyProject/Content/Maps/Example_Map.umap" TEMPLATE=0 SHOWPROGRESS=1
[2014.12.14-21.24.29:148][  0]LightingResults: New page: Lighting Build
[2014.12.14-21.24.29:161][  0]MapCheck: New page: Map Check
[2014.12.14-21.24.29:161][  0]LightingResults: New page: Lighting Build
[2014.12.14-21.24.29:181][  0]LogParticles: Destroying 0 GPU particle simulations for FXSystem 0x000000C4FE7AA840
[2014.12.14-21.24.30:230][  0]LogEditorServer: Finished looking for orphan Actors (0.000 secs)
[2014.12.14-21.24.30:230][  0]LogAIModule: Creating AISystem for world Example_Map
[2014.12.14-21.24.30:230][  0]Cmd: MAP CHECKDEP
[2014.12.14-21.24.30:230][  0]MapCheck: New page: Example_Map - Dec 15, 2014, 1:24:30 AM
[2014.12.14-21.24.30:339][  0]MapCheck: Info Map check complete: 0 Error(s), 0 Warning(s), took 108.621ms to complete.
[2014.12.14-21.24.30:339][  0]LogFileHelpers: Loading map 'Example_Map' took 1.203
[2014.12.14-21.24.30:519][  0]LogCollectionManager: Loaded 0 collections in 0.001159 seconds
[2014.12.14-21.24.30:699][  0]LogCrashTracker: Crashtracker disabled due to settings.
[2014.12.14-21.24.30:726][  0]LogUObjectGlobals:Warning: Failed to find object 'Class None.'
[2014.12.14-21.24.30:753][  0]LogLoad: Full Startup: 15.72 seconds (BP compile: 0.08 seconds)
[2014.12.14-21.24.30:766][  0]LogContentBrowser:Verbose: The content browser source was changed by the sources view to '/Game/Meshes'
[2014.12.14-21.24.30:976][  0]LogRenderer:Warning: Reallocating scene render targets to support 808x592.
[2014.12.14-21.24.31:477][  3]LogAssetRegistry: Asset discovery search completed in 3.8896 seconds
[2014.12.14-21.25.45:995][546]LogPlayLevel: PIE:  No blueprints needed recompiling
[2014.12.14-21.25.45:995][546]PIE: New page: PIE session: Example_Map (Dec 15, 2014, 1:25:45 AM)
[2014.12.14-21.25.46:033][546]LogPlayLevel: PIE: StaticDuplicateObject took: (0.037882s)
[2014.12.14-21.25.46:034][546]LogPlayLevel: PIE: World Init took: (0.000964s)
[2014.12.14-21.25.46:035][546]LogPlayLevel: PIE: Created PIE world by copying editor world from /Game/Maps/Example_Map.Example_Map to /Game/Maps/UEDPIE_0_Example_Map.Example_Map (0.039133s)
[2014.12.14-21.25.47:309][546]BlueprintLog:Warning: Warning Blueprint MyProjectile has been migrated and requires re-saving to avoid import errors
[2014.12.14-21.25.47:318][546]BlueprintLog:Warning: Warning Blueprint MyHUD has been migrated and requires re-saving to avoid import errors
[2014.12.14-21.25.47:319][546]BlueprintLog:Warning: Warning Blueprint MyGame has been migrated and requires re-saving to avoid import errors
[2014.12.14-21.25.47:324][546]LogWorld: Game class is 'MyGame_C'
[2014.12.14-21.25.47:329][546]LogAIModule: Creating AISystem for world Example_Map
[2014.12.14-21.25.47:337][546]LogWorld: Bringing World /Game/Maps/UEDPIE_0_Example_Map.Example_Map up for play (max tick rate 0) at 2014.12.14-23.25.47
[2014.12.14-21.25.47:338][546]LogWorld: Bringing up level for play took: 0.008473
[2014.12.14-21.25.47:347][546]PIE: Info Play in editor start time for /Game/Maps/UEDPIE_0_Example_Map 1.099
[2014.12.14-21.25.52:971][788]LogParticles: Destroying 0 GPU particle simulations for FXSystem 0x000000C4F6549080
[2014.12.14-21.25.58:960][992]Cmd: QUIT_EDITOR
[2014.12.14-21.25.59:359][992]LogExit: Preparing to exit.
[2014.12.14-21.25.59:845][992]LogExit: Editor shut down
[2014.12.14-21.25.59:846][992]LogExit: Transaction tracking system shut down
[2014.12.14-21.25.59:847][992]LogParticles: Destroying 0 GPU particle simulations for FXSystem 0x000000C4FB3CB6A0
[2014.12.14-21.25.59:848][992]LogParticles: Destroying 0 GPU particle simulations for FXSystem 0x000000C481114180
[2014.12.14-21.25.59:876][992]LogExit: Object subsystem successfully closed.
[2014.12.14-21.25.59:926][992]LogModuleManager: Shutting down and abandoning module AndroidDeviceDetection (166)
[2014.12.14-21.25.59:926][992]LogModuleManager: Shutting down and abandoning module CrashTracker (165)
[2014.12.14-21.25.59:926][992]LogModuleManager: Shutting down and abandoning module SuperSearch (164)
[2014.12.14-21.25.59:926][992]LogModuleManager: Shutting down and abandoning module SceneOutliner (163)
[2014.12.14-21.25.59:926][992]LogModuleManager: Shutting down and abandoning module EditorWidgets (162)
[2014.12.14-21.25.59:926][992]LogModuleManager: Shutting down and abandoning module CollectionManager (161)
[2014.12.14-21.25.59:926][992]LogModuleManager: Shutting down and abandoning module StatsViewer (160)
[2014.12.14-21.25.59:926][992]LogModuleManager: Shutting down and abandoning module FoliageEdit (159)
[2014.12.14-21.25.59:926][992]LogModuleManager: Shutting down and abandoning module LandscapeEditor (158)
[2014.12.14-21.25.59:926][992]LogModuleManager: Shutting down and abandoning module MeshPaint (157)
[2014.12.14-21.25.59:926][992]LogModuleManager: Shutting down and abandoning module ActorPickerMode (156)
[2014.12.14-21.25.59:926][992]LogModuleManager: Shutting down and abandoning module GeometryMode (155)
[2014.12.14-21.25.59:927][992]LogModuleManager: Shutting down and abandoning module TextureAlignMode (154)
[2014.12.14-21.25.59:927][992]LogModuleManager: Shutting down and abandoning module BspMode (153)
[2014.12.14-21.25.59:927][992]LogModuleManager: Shutting down and abandoning module PlacementMode (152)
[2014.12.14-21.25.59:927][992]LogModuleManager: Shutting down and abandoning module AutomationWorker (151)
[2014.12.14-21.25.59:927][992]LogModuleManager: Shutting down and abandoning module CharacterAI (150)
[2014.12.14-21.25.59:927][992]LogModuleManager: Shutting down and abandoning module GameProjectGeneration (149)
[2014.12.14-21.25.59:927][992]LogModuleManager: Shutting down and abandoning module IntroTutorials (148)
[2014.12.14-21.25.59:927][992]LogModuleManager: Shutting down and abandoning module EditorLiveStreaming (147)
[2014.12.14-21.25.59:927][992]LogModuleManager: Shutting down and abandoning module HardwareTargeting (146)
[2014.12.14-21.25.59:927][992]LogModuleManager: Shutting down and abandoning module BehaviorTreeEditor (145)
[2014.12.14-21.25.59:927][992]LogModuleManager: Shutting down and abandoning module DeviceProfileEditor (144)
[2014.12.14-21.25.59:927][992]LogModuleManager: Shutting down and abandoning module UndoHistory (143)
[2014.12.14-21.25.59:927][992]LogModuleManager: Shutting down and abandoning module GameplayTagsEditor (142)
[2014.12.14-21.25.59:927][992]LogModuleManager: Shutting down and abandoning module UserFeedback (141)
[2014.12.14-21.25.59:927][992]LogModuleManager: Shutting down and abandoning module XmlParser (140)
[2014.12.14-21.25.59:927][992]LogModuleManager: Shutting down and abandoning module Blutility (139)
[2014.12.14-21.25.59:927][992]LogModuleManager: Shutting down and abandoning module IOSPlatformEditor (138)
[2014.12.14-21.25.59:927][992]LogModuleManager: Shutting down and abandoning module IOSRuntimeSettings (137)
[2014.12.14-21.25.59:927][992]LogModuleManager: Shutting down and abandoning module AndroidPlatformEditor (136)
[2014.12.14-21.25.59:927][992]LogModuleManager: Shutting down and abandoning module AndroidRuntimeSettings (135)
[2014.12.14-21.25.59:927][992]LogModuleManager: Shutting down and abandoning module ProjectTargetPlatformEditor (134)
[2014.12.14-21.25.59:927][992]LogModuleManager: Shutting down and abandoning module ProjectSettingsViewer (133)
[2014.12.14-21.25.59:927][992]LogModuleManager: Shutting down and abandoning module InputBindingEditor (132)
[2014.12.14-21.25.59:927][992]LogModuleManager: Shutting down and abandoning module EditorSettingsViewer (131)
[2014.12.14-21.25.59:927][992]LogModuleManager: Shutting down and abandoning module SettingsEditor (130)
[2014.12.14-21.25.59:927][992]LogModuleManager: Shutting down and abandoning module ProjectLauncher (129)
[2014.12.14-21.25.59:927][992]LogModuleManager: Shutting down and abandoning module SessionFrontend (128)
[2014.12.14-21.25.59:927][992]LogModuleManager: Shutting down and abandoning module ProfilerClient (127)
[2014.12.14-21.25.59:927][992]LogModuleManager: Shutting down and abandoning module TargetDeviceServices (126)
[2014.12.14-21.25.59:927][992]LogModuleManager: Shutting down and abandoning module DeviceManager (125)
[2014.12.14-21.25.59:928][992]LogModuleManager: Shutting down and abandoning module AutomationController (124)
[2014.12.14-21.25.59:928][992]LogModuleManager: Shutting down and abandoning module AutomationWindow (123)
[2014.12.14-21.25.59:928][992]LogModuleManager: Shutting down and abandoning module Layers (122)
[2014.12.14-21.25.59:928][992]LogModuleManager: Shutting down and abandoning module ComponentVisualizers (121)
[2014.12.14-21.25.59:928][992]LogModuleManager: Shutting down and abandoning module DetailCustomizations (120)
[2014.12.14-21.25.59:928][992]LogModuleManager: Shutting down and abandoning module PackagesDialog (119)
[2014.12.14-21.25.59:928][992]LogModuleManager: Shutting down and abandoning module AssetRegistry (118)
[2014.12.14-21.25.59:980][992]LogModuleManager: Shutting down and abandoning module Persona (117)
[2014.12.14-21.25.59:980][992]LogModuleManager: Shutting down and abandoning module Kismet (116)
[2014.12.14-21.25.59:980][992]LogModuleManager: Shutting down and abandoning module GraphEditor (115)
[2014.12.14-21.25.59:980][992]LogModuleManager: Shutting down and abandoning module ClassViewer (114)
[2014.12.14-21.25.59:980][992]LogModuleManager: Shutting down and abandoning module Toolbox (113)
[2014.12.14-21.25.59:980][992]LogModuleManager: Shutting down and abandoning module ModuleUI (112)
[2014.12.14-21.25.59:980][992]LogModuleManager: Shutting down and abandoning module MovieSceneTools (111)
[2014.12.14-21.25.59:980][992]LogModuleManager: Shutting down and abandoning module OutputLog (110)
[2014.12.14-21.25.59:980][992]LogModuleManager: Shutting down and abandoning module GammaUI (109)
[2014.12.14-21.25.59:980][992]LogModuleManager: Shutting down and abandoning module Documentation (108)
[2014.12.14-21.25.59:980][992]LogModuleManager: Shutting down and abandoning module GameLiveStreaming (107)
[2014.12.14-21.25.59:980][992]LogModuleManager: Shutting down and abandoning module StreamingPauseRendering (106)
[2014.12.14-21.25.59:980][992]LogModuleManager: Shutting down and abandoning module HTTP (105)
[2014.12.14-21.25.59:980][992]LogModuleManager: Shutting down and abandoning module AnalyticsET (104)
[2014.12.14-21.25.59:980][992]LogModuleManager: Shutting down and abandoning module Analytics (103)
[2014.12.14-21.25.59:980][992]LogModuleManager: Shutting down and abandoning module GameplayDebugger (102)
[2014.12.14-21.25.59:980][992]LogModuleManager: Shutting down and abandoning module AIModule (101)
[2014.12.14-21.25.59:980][992]LogModuleManager: Shutting down and abandoning module ProfilerService (100)
[2014.12.14-21.26.00:231][992]LogModuleManager: Shutting down and abandoning module TaskGraph (99)
[2014.12.14-21.26.00:231][992]LogModuleManager: Shutting down and abandoning module SlateRemote (98)
[2014.12.14-21.26.00:231][992]LogModuleManager: Shutting down and abandoning module ScriptEditorPlugin (97)
[2014.12.14-21.26.00:231][992]LogModuleManager: Shutting down and abandoning module CustomMeshComponent (96)
[2014.12.14-21.26.00:231][992]LogModuleManager: Shutting down and abandoning module CableComponent (95)
[2014.12.14-21.26.00:231][992]LogModuleManager: Shutting down and abandoning module MessagingDebugger (94)
[2014.12.14-21.26.00:231][992]LogModuleManager: Shutting down and abandoning module MediaPlayerEditor (93)
[2014.12.14-21.26.00:232][992]LogModuleManager: Shutting down and abandoning module SpeedTreeImporter (92)
[2014.12.14-21.26.00:232][992]LogModuleManager: Shutting down and abandoning module PluginsEditor (91)
[2014.12.14-21.26.00:232][992]LogModuleManager: Shutting down and abandoning module EpicSurvey (90)
[2014.12.14-21.26.00:232][992]LogModuleManager: Shutting down and abandoning module DesktopPlatform (89)
[2014.12.14-21.26.00:232][992]LogModuleManager: Shutting down and abandoning module VisualStudioSourceCodeAccess (88)
[2014.12.14-21.26.00:232][992]LogModuleManager: Shutting down and abandoning module UObjectPlugin (87)
[2014.12.14-21.26.00:232][992]LogModuleManager: Shutting down and abandoning module SubversionSourceControl (86)
[2014.12.14-21.26.00:232][992]LogModuleManager: Shutting down and abandoning module SourceControl (85)
[2014.12.14-21.26.00:232][992]LogModuleManager: Shutting down and abandoning module PerforceSourceControl (84)
[2014.12.14-21.26.00:232][992]LogModuleManager: Shutting down and abandoning module BlankPlugin (83)
[2014.12.14-21.26.00:232][992]LogModuleManager: Shutting down and abandoning module SlateReflector (82)
[2014.12.14-21.26.00:232][992]LogModuleManager: Shutting down and abandoning module DirectoryWatcher (81)
[2014.12.14-21.26.00:233][992]LogModuleManager: Shutting down and abandoning module HotReload (80)
[2014.12.14-21.26.00:233][992]LogModuleManager: Shutting down and abandoning module MainFrame (79)
[2014.12.14-21.26.00:234][992]LogModuleManager: Shutting down and abandoning module LevelEditor (78)
[2014.12.14-21.26.00:238][992]LogModuleManager: Shutting down and abandoning module ViewportSnapping (77)
[2014.12.14-21.26.00:238][992]LogModuleManager: Shutting down and abandoning module SmartSnapping (76)
[2014.12.14-21.26.00:238][992]LogModuleManager: Shutting down and abandoning module PaperTiledImporter (75)
[2014.12.14-21.26.00:238][992]LogModuleManager: Shutting down and abandoning module PaperJsonImporter (74)
[2014.12.14-21.26.00:238][992]LogModuleManager: Shutting down and abandoning module ContentBrowser (73)
[2014.12.14-21.26.00:238][992]LogModuleManager: Shutting down and abandoning module PropertyEditor (72)
[2014.12.14-21.26.00:238][992]LogModuleManager: Shutting down and abandoning module Paper2DEditor (71)
[2014.12.14-21.26.00:238][992]LogModuleManager: Shutting down and abandoning module ScriptPlugin (70)
[2014.12.14-21.26.00:238][992]LogModuleManager: Shutting down and abandoning module UdpMessaging (69)
[2014.12.14-21.26.00:339][992]LogModuleManager: Shutting down and abandoning module Paper2D (68)
[2014.12.14-21.26.00:339][992]LogModuleManager: Shutting down and abandoning module WindowsMoviePlayer (67)
[2014.12.14-21.26.00:347][992]LogModuleManager: Shutting down and abandoning module Media (66)
[2014.12.14-21.26.00:347][992]LogModuleManager: Shutting down and abandoning module WmfMedia (65)
[2014.12.14-21.26.00:348][992]LogModuleManager: Shutting down and abandoning module OnlineBlueprintSupport (64)
[2014.12.14-21.26.00:348][992]LogModuleManager: Shutting down and abandoning module FunctionalTesting (63)
[2014.12.14-21.26.00:348][992]LogModuleManager: Shutting down and abandoning module CollisionAnalyzer (62)
[2014.12.14-21.26.00:348][992]LogModuleManager: Shutting down and abandoning module WorkspaceMenuStructure (61)
[2014.12.14-21.26.00:348][992]LogModuleManager: Shutting down and abandoning module MessageLog (60)
[2014.12.14-21.26.00:349][992]LogModuleManager: Shutting down and abandoning module Sequencer (59)
[2014.12.14-21.26.00:349][992]LogModuleManager: Shutting down and abandoning module AssetTools (58)
[2014.12.14-21.26.00:349][992]LogModuleManager: Shutting down and abandoning module UMGEditor (57)
[2014.12.14-21.26.00:349][992]LogModuleManager: Shutting down and abandoning module UMG (56)
[2014.12.14-21.26.00:349][992]LogModuleManager: Shutting down and abandoning module Slate (55)
[2014.12.14-21.26.00:349][992]LogModuleManager: Shutting down and abandoning module EditorStyle (54)
[2014.12.14-21.26.00:355][992]LogModuleManager: Shutting down and abandoning module SessionServices (53)
[2014.12.14-21.26.00:355][992]LogModuleManager: Shutting down and abandoning module SourceCodeAccess (52)
[2014.12.14-21.26.00:355][992]LogModuleManager: Shutting down and abandoning module HeadMountedDisplay (51)
[2014.12.14-21.26.00:355][992]LogModuleManager: Shutting down and abandoning module XAudio2 (50)
[2014.12.14-21.26.00:355][992]LogModuleManager: Shutting down and abandoning module Networking (48)
[2014.12.14-21.26.00:355][992]LogModuleManager: Shutting down and abandoning module Core (47)
[2014.12.14-21.26.00:355][992]LogModuleManager: Shutting down and abandoning module KismetCompiler (46)
[2014.12.14-21.26.00:355][992]LogModuleManager: Shutting down and abandoning module PhysXFormats (45)
[2014.12.14-21.26.00:355][992]LogModuleManager: Shutting down and abandoning module MeshUtilities (44)
[2014.12.14-21.26.00:355][992]LogModuleManager: Shutting down and abandoning module DerivedDataCache (43)
[2014.12.14-21.26.00:709][992]LogDerivedDataCache: Shutdown
[2014.12.14-21.26.00:709][992]LogModuleManager: Shutting down and abandoning module ShaderFormatOpenGL (42)
[2014.12.14-21.26.00:709][992]LogModuleManager: Shutting down and abandoning module ShaderFormatD3D (41)
[2014.12.14-21.26.00:709][992]LogModuleManager: Shutting down and abandoning module MetalShaderFormat (40)
[2014.12.14-21.26.00:709][992]LogModuleManager: Shutting down and abandoning module TextureFormatUncompressed (39)
[2014.12.14-21.26.00:709][992]LogModuleManager: Shutting down and abandoning module TextureFormatPVR (38)
[2014.12.14-21.26.00:709][992]LogModuleManager: Shutting down and abandoning module TextureFormatDXT (37)
[2014.12.14-21.26.00:709][992]LogModuleManager: Shutting down and abandoning module TextureFormatAndroid (36)
[2014.12.14-21.26.00:709][992]LogModuleManager: Shutting down and abandoning module AudioFormatOpus (35)
[2014.12.14-21.26.00:709][992]LogModuleManager: Shutting down and abandoning module AudioFormatOgg (34)
[2014.12.14-21.26.00:709][992]LogModuleManager: Shutting down and abandoning module AudioFormatADPCM (33)
[2014.12.14-21.26.00:709][992]LogModuleManager: Shutting down and abandoning module Messaging (32)
[2014.12.14-21.26.00:709][992]LogModuleManager: Shutting down and abandoning module IOSTargetPlatform (31)
[2014.12.14-21.26.00:709][992]LogModuleManager: Shutting down and abandoning module Android_PVRTCTargetPlatform (30)
[2014.12.14-21.26.00:709][992]LogModuleManager: Shutting down and abandoning module Android_ETC2TargetPlatform (29)
[2014.12.14-21.26.00:709][992]LogModuleManager: Shutting down and abandoning module Android_ETC1TargetPlatform (28)
[2014.12.14-21.26.00:709][992]LogModuleManager: Shutting down and abandoning module Android_DXTTargetPlatform (27)
[2014.12.14-21.26.00:710][992]LogModuleManager: Shutting down and abandoning module Android_ATCTargetPlatform (26)
[2014.12.14-21.26.00:710][992]LogModuleManager: Shutting down and abandoning module AndroidTargetPlatform (25)
[2014.12.14-21.26.00:710][992]LogModuleManager: Shutting down and abandoning module WindowsTargetPlatform (24)
[2014.12.14-21.26.00:710][992]LogModuleManager: Shutting down and abandoning module WindowsServerTargetPlatform (23)
[2014.12.14-21.26.00:710][992]LogModuleManager: Shutting down and abandoning module WindowsNoEditorTargetPlatform (22)
[2014.12.14-21.26.00:710][992]LogModuleManager: Shutting down and abandoning module WindowsClientTargetPlatform (21)
[2014.12.14-21.26.00:710][992]LogModuleManager: Shutting down and abandoning module TargetPlatform (20)
[2014.12.14-21.26.00:710][992]LogModuleManager: Shutting down and abandoning module InputCore (19)
[2014.12.14-21.26.00:710][992]LogModuleManager: Shutting down and abandoning module Settings (18)
[2014.12.14-21.26.00:710][992]LogModuleManager: Shutting down and abandoning module ImageWrapper (17)
[2014.12.14-21.26.00:710][992]LogModuleManager: Shutting down and abandoning module OculusRift (14)
[2014.12.14-21.26.00:710][992]LogModuleManager: Shutting down and abandoning module ExampleDeviceProfileSelector (13)
[2014.12.14-21.26.00:710][992]LogModuleManager: Shutting down and abandoning module TextureCompressor (12)
[2014.12.14-21.26.00:710][992]LogModuleManager: Shutting down and abandoning module ShaderCore (11)
[2014.12.14-21.26.00:710][992]LogModuleManager: Shutting down and abandoning module SlateRHIRenderer (10)
[2014.12.14-21.26.00:712][992]LogModuleManager: Shutting down and abandoning module OpenGLDrv (9)
[2014.12.14-21.26.00:712][992]LogModuleManager: Shutting down and abandoning module D3D11RHI (8)
[2014.12.14-21.26.00:712][992]LogModuleManager: Shutting down and abandoning module Renderer (7)
[2014.12.14-21.26.00:712][992]LogModuleManager: Shutting down and abandoning module Engine (6)
[2014.12.14-21.26.00:712][992]LogModuleManager: Shutting down and abandoning module CoreUObject (5)
[2014.12.14-21.26.00:712][992]LogModuleManager: Shutting down and abandoning module NetworkFile (4)
[2014.12.14-21.26.00:713][992]LogModuleManager: Shutting down and abandoning module StreamingFile (3)
[2014.12.14-21.26.00:713][992]LogModuleManager: Shutting down and abandoning module SandboxFile (2)
[2014.12.14-21.26.00:713][992]LogModuleManager: Shutting down and abandoning module PakFile (1)
[2014.12.14-21.26.00:714][992]LogExit: Exiting.
[2014.12.14-21.26.00:729][992]Log file closed, 12/14/14 23:26:00
