Log file open, 12/20/14 17:14:50
LogInit:Display: Running engine for game: MyProject
LogInit: Version: 4.5.1-2336687+++depot+UE4-Releases+4.5
LogInit: API Version: 2326478
LogInit: Compiled (64-bit): Oct 21 2014 22:32:40
LogInit: Compiled with Visual C++: 18.00.21005.01
LogInit: Build Configuration: Development
LogInit: Branch Name: ++depot+UE4-Releases+4.5
LogInit: Command line: 
LogInit: Base directory: F:/ExtraSoft/UnrealEngine/4.5/Engine/Binaries/Win64/
LogInit: Rocket: 1
[2014.12.20-15.14.50:905][  0]LogTaskGraph: Started task graph with 3 named threads and 4 total threads.
[2014.12.20-15.14.50:936][  0]LogOnline:Warning: No default platform service specified for OnlineSubsystem
[2014.12.20-15.14.50:957][  0]LogInit: Presizing for 0 objects not considered by GC, pre-allocating 0 bytes.
[2014.12.20-15.14.50:968][  0]LogInit: Object subsystem initialized
[2014.12.20-15.14.50:973][  0]LogConsoleResponse:Warning: Skipping Unknown console variable: 'UIScaleRule = ShortestSide'
[2014.12.20-15.14.50:973][  0]LogConsoleResponse:Warning:   Found in ini file 'F:/ExtraSoft/UnrealEngine/Projects/MyProject/Saved/Config/Windows/Engine.ini', in section '[/Script/Engine.RendererSettings]'
[2014.12.20-15.14.50:973][  0]LogConsoleResponse:Warning: Skipping Unknown console variable: 'UIScaleCurve = (EditorCurveData=(Keys=((Time=480.000000,Value=0.444000),(Time=720.000000,Value=0.666000),(Time=1080.000000,Value=1.000000),(Time=8640.000000,Value=8.000000))),ExternalCurve=None)'
[2014.12.20-15.14.50:973][  0]LogConsoleResponse:Warning:   Found in ini file 'F:/ExtraSoft/UnrealEngine/Projects/MyProject/Saved/Config/Windows/Engine.ini', in section '[/Script/Engine.RendererSettings]'
[2014.12.20-15.14.50:973][  0]LogInit: Selected Device Profile: [Windows]
[2014.12.20-15.14.50:973][  0]LogInit: Applying CVar settings loaded from the selected device profile: [Windows]
[2014.12.20-15.14.50:983][  0]LogInit: Computer: NIKPC
[2014.12.20-15.14.50:983][  0]LogInit: User: Nikita
[2014.12.20-15.14.50:986][  0]LogInit: CPU Page size=4096, Cores=2
[2014.12.20-15.14.50:986][  0]LogInit: High frequency timer resolution =1.753825 MHz
[2014.12.20-15.14.50:986][  0]LogMemory: Memory total: Physical=7.9GB (8GB approx) Virtual=131072.0GB
[2014.12.20-15.14.50:987][  0]LogMemory: Platform Memory Stats for Windows
[2014.12.20-15.14.50:987][  0]LogMemory: Process Physical Memory: 63.22 MB used, 63.32 MB peak
[2014.12.20-15.14.50:987][  0]LogMemory: Process Virtual Memory: 38.45 MB used, 38.56 MB peak
[2014.12.20-15.14.50:987][  0]LogMemory: Physical Memory: 3939.23 MB used, 8077.43 MB total
[2014.12.20-15.14.50:987][  0]LogMemory: Virtual Memory: 278.64 MB used, 134217728.00 MB total
[2014.12.20-15.14.51:457][  0]LogD3D11RHI: Found D3D11 adapter 0: Intel(R) HD Graphics 4000 (Feature Level 11_0)
[2014.12.20-15.14.51:457][  0]LogD3D11RHI: Adapter has 1988MB of dedicated video memory, 0MB of dedicated system memory, and 2048MB of shared system memory, 1 output[s]
[2014.12.20-15.14.51:475][  0]LogD3D11RHI: Found D3D11 adapter 1: NVIDIA GeForce GT 740M    (Feature Level 11_0)
[2014.12.20-15.14.51:475][  0]LogD3D11RHI: Adapter has 1988MB of dedicated video memory, 0MB of dedicated system memory, and 2048MB of shared system memory, 0 output[s]
[2014.12.20-15.14.51:476][  0]LogD3D11RHI: Found D3D11 adapter 2: Microsoft Basic Render Driver (Feature Level 11_0)
[2014.12.20-15.14.51:476][  0]LogD3D11RHI: Adapter has 1988MB of dedicated video memory, 0MB of dedicated system memory, and 2048MB of shared system memory, 0 output[s]
[2014.12.20-15.14.51:476][  0]LogD3D11RHI: Chosen D3D11 Adapter Id = 0
[2014.12.20-15.14.51:482][  0]LogRHI: Texture pool is 1361 MB (70% of 1945 MB)
[2014.12.20-15.14.51:495][  0]LogD3D11RHI: Async texture creation enabled
[2014.12.20-15.14.51:543][  0]LogTextLocalizationManager: The requested culture ('ru_RU') has no localization data; falling back to 'en' for localization and internationalization data.
[2014.12.20-15.14.51:758][  0]LogContentStreaming: Texture pool size is 0.000000MB
[2014.12.20-15.14.57:957][  0]LogTargetPlatformManager:Display: Building Assets For Windows
[2014.12.20-15.14.58:608][  0]LogTargetPlatformManager:Display: Building Assets For Windows
[2014.12.20-15.14.58:688][  0]LogDerivedDataCache:Display: Max Cache Size: 512 MB
[2014.12.20-15.14.58:741][  0]LogDerivedDataCache: Loaded boot cache 0.05s 39MB C:/Users/Nikita/AppData/Local/UnrealEngine/4.5/DerivedDataCache/Boot.ddc.
[2014.12.20-15.14.58:741][  0]LogDerivedDataCache:Display: Loaded Boot cache: C:/Users/Nikita/AppData/Local/UnrealEngine/4.5/DerivedDataCache/Boot.ddc
[2014.12.20-15.14.58:741][  0]LogDerivedDataCache: FDerivedDataBackendGraph:  Pak pak cache file ../../../../Projects/MyProject/DerivedDataCache/DDC.ddp not found, will not use a pak cache.
[2014.12.20-15.14.58:741][  0]LogDerivedDataCache: Unable to find inner node Pak for hierarchical cache Hierarchy.
[2014.12.20-15.14.58:828][  0]LogDerivedDataCache:Display: Pak cache opened for reading ../../../Engine/DerivedDataCache/DDC.ddp.
[2014.12.20-15.14.58:841][  0]LogDerivedDataCache: Using Local data cache path C:/Users/Nikita/AppData/Local/UnrealEngine/Common/DerivedDataCache: Writable
[2014.12.20-15.14.59:050][  0]LogMeshUtilities: No automatic mesh reduction module available
[2014.12.20-15.14.59:050][  0]LogMeshUtilities: No automatic mesh merging module available
[2014.12.20-15.14.59:335][  0]LogLinker:Warning: Asset '../../../Engine/Content/Functions/Engine_MaterialFunctions02/Texturing/FlipBook.uasset' has been saved with empty engine version. The asset will be loaded but may be incompatible.
[2014.12.20-15.14.59:338][  0]LogLinker:Warning: Asset '../../../Engine/Content/Functions/Engine_MaterialFunctions02/ExampleContent/Textures/flipbook.uasset' has been saved with empty engine version. The asset will be loaded but may be incompatible.
[2014.12.20-15.14.59:555][  0]LogInit: WinSock: version 1.1 (2.2), MaxSocks=32767, MaxUdp=65467
[2014.12.20-15.15.06:335][  0]UdpMessaging: Initializing bridge on interface 0.0.0.0:0 to multicast group 230.0.0.1:6666.
[2014.12.20-15.15.06:767][  0]LogDirectoryWatcher:Warning: Failed to begin reading directory changes for F:/ExtraSoft/UnrealEngine/Projects/MyProject/Binaries/Win64. Error: 0
[2014.12.20-15.15.06:926][  0]SourceControl: Info Source control is disabled
[2014.12.20-15.15.06:926][  0]SourceControl: Info Source control is disabled
[2014.12.20-15.15.06:935][  0]SourceControl: Info Source control is disabled
[2014.12.20-15.15.07:198][  0]LogObj: 22915 objects as part of root set at end of initial load.
[2014.12.20-15.15.07:198][  0]LogUObjectAllocator: 4803544 out of 0 bytes used by permanent object pool.
[2014.12.20-15.15.07:265][  0]LogEngine: Initializing Engine...
[2014.12.20-15.15.07:439][  0]LogInit: XAudio2 using 'Headphones (High Definition Audio Device)' : 2 channels at 44.1 kHz using 16 bits per sample (channel mask 0x3)
[2014.12.20-15.15.07:449][  0]LogInit: FAudioDevice initialized.
[2014.12.20-15.15.07:473][  0]LogAIModule: Creating AISystem for world NewWorld
[2014.12.20-15.15.07:497][  0]LogDerivedDataCache: Saved boot cache 0.02s 39MB C:/Users/Nikita/AppData/Local/UnrealEngine/4.5/DerivedDataCache/Boot.ddc.
[2014.12.20-15.15.07:573][  0]LogInit: Texture streaming: Enabled
[2014.12.20-15.15.07:629][  0]LogInit: Transaction tracking system initialized
[2014.12.20-15.15.07:743][  0]BlueprintLog: New page: Editor Load
[2014.12.20-15.15.07:777][  0]LogAssetRegistry: FAssetRegistry took 0.0109 seconds to start up
[2014.12.20-15.15.07:777][  0]LogDirectoryWatcher:Warning: Failed to begin reading directory changes for ../../../Engine/Plugins/Experimental/CharacterAI/Content/. Error: 0
[2014.12.20-15.15.08:527][  0]LogTargetPlatformManager:Display: Building Assets For Windows
[2014.12.20-15.15.09:040][  0]LogTargetPlatformManager:Display: Building Assets For Windows
[2014.12.20-15.15.09:314][  0]LogConsoleResponse:Display: 
[2014.12.20-15.15.09:776][  0]SourceControl: Info Source control is disabled
[2014.12.20-15.15.09:776][  0]Cmd: MAP LOAD FILE="../../../../Projects/MyProject/Content/Maps/Example_Map.umap" TEMPLATE=0 SHOWPROGRESS=1
[2014.12.20-15.15.09:776][  0]LightingResults: New page: Lighting Build
[2014.12.20-15.15.09:788][  0]MapCheck: New page: Map Check
[2014.12.20-15.15.09:788][  0]LightingResults: New page: Lighting Build
[2014.12.20-15.15.09:810][  0]LogParticles: Destroying 0 GPU particle simulations for FXSystem 0x000000FCB5A0E840
[2014.12.20-15.15.10:245][  0]LogEditorServer: Finished looking for orphan Actors (0.000 secs)
[2014.12.20-15.15.10:246][  0]LogAIModule: Creating AISystem for world Example_Map
[2014.12.20-15.15.10:246][  0]Cmd: MAP CHECKDEP
[2014.12.20-15.15.10:247][  0]MapCheck: New page: Example_Map - Dec 20, 2014, 7:15:10 PM
[2014.12.20-15.15.10:367][  0]MapCheck: Info Map check complete: 0 Error(s), 0 Warning(s), took 120.4ms to complete.
[2014.12.20-15.15.10:367][  0]LogFileHelpers: Loading map 'Example_Map' took 0.592
[2014.12.20-15.15.10:471][  0]LogCollectionManager: Loaded 0 collections in 0.001690 seconds
[2014.12.20-15.15.10:616][  0]LogCrashTracker: Crashtracker disabled due to settings.
[2014.12.20-15.15.10:657][  0]LogUObjectGlobals:Warning: Failed to find object 'Class None.'
[2014.12.20-15.15.10:685][  0]LogLoad: Full Startup: 22.31 seconds (BP compile: 0.08 seconds)
[2014.12.20-15.15.10:701][  0]LogContentBrowser:Verbose: The content browser source was changed by the sources view to '/Game/Blueprints'
[2014.12.20-15.15.10:904][  0]LogRenderer:Warning: Reallocating scene render targets to support 808x592.
[2014.12.20-15.15.11:879][  5]LogAssetRegistry: Asset discovery search completed in 4.1126 seconds
[2014.12.20-15.15.36:707][730]Cmd: OBJ SAVEPACKAGE PACKAGE="/Game/Blueprints/MyCharacter" FILE="../../../../Projects/MyProject/Content/Blueprints/MyCharacter.uasset" SILENT=true
[2014.12.20-15.15.37:242][730]LogSavePackage: Save=515.404907ms
[2014.12.20-15.15.37:242][730]LogSavePackage: Moving '../../../../Projects/MyProject/Saved/MyCharacter45C755E34F1C3A480BA3579492D9D572.tmp' to '../../../../Projects/MyProject/Content/Blueprints/MyCharacter.uasset'
[2014.12.20-15.15.39:159][784]BlueprintLog: New page: Pre-PIE auto-recompile
[2014.12.20-15.15.39:229][784]LogActorComponent: UnregisterComponent: (/Engine/Transient.CharacterMovementComponent_0) Not registered. Aborting.
[2014.12.20-15.15.39:229][784]LogActorComponent: UnregisterComponent: (/Engine/Transient.ProjectileMovementComponent_0) Not registered. Aborting.
[2014.12.20-15.15.39:229][784]LogPlayLevel: [PIE] Compiling MyCharacter before PIE...
[2014.12.20-15.15.39:484][784]LogPlayLevel: [PIE] Compiling Tutorial_BP_MacroLib before PIE...
[2014.12.20-15.15.39:614][784]LogPlayLevel: PIE:  Blueprint regeneration took 454 ms (2 blueprints)
[2014.12.20-15.15.39:614][784]PIE: New page: PIE session: Example_Map (Dec 20, 2014, 7:15:39 PM)
[2014.12.20-15.15.39:659][784]LogPlayLevel: PIE: StaticDuplicateObject took: (0.045186s)
[2014.12.20-15.15.39:661][784]LogPlayLevel: PIE: World Init took: (0.001372s)
[2014.12.20-15.15.39:661][784]LogPlayLevel: PIE: Created PIE world by copying editor world from /Game/Maps/Example_Map.Example_Map to /Game/Maps/UEDPIE_0_Example_Map.Example_Map (0.046899s)
[2014.12.20-15.15.39:765][784]BlueprintLog:Warning: Warning Blueprint MyHUD has been migrated and requires re-saving to avoid import errors
[2014.12.20-15.15.39:766][784]BlueprintLog:Warning: Warning Blueprint MyGame has been migrated and requires re-saving to avoid import errors
[2014.12.20-15.15.39:767][784]LogWorld: Game class is 'MyGame_C'
[2014.12.20-15.15.39:768][784]LogAIModule: Creating AISystem for world Example_Map
[2014.12.20-15.15.40:164][784]LogWorld: Bringing World /Game/Maps/UEDPIE_0_Example_Map.Example_Map up for play (max tick rate 0) at 2014.12.20-17.15.40
[2014.12.20-15.15.40:164][784]LogWorld: Bringing up level for play took: 0.396274
[2014.12.20-15.15.40:167][784]PIE: Info Play in editor start time for /Game/Maps/UEDPIE_0_Example_Map 0.696
[2014.12.20-15.15.40:988][814]LogBlueprintUserMessages: X=14.975 Y=501.313 Z=338.621
[2014.12.20-15.15.41:890][831]LogBlueprintUserMessages: X=-15.316 Y=-1073.243 Z=302.099
[2014.12.20-15.15.42:722][848]LogBlueprintUserMessages: X=10.756 Y=-473.454 Z=439.690
[2014.12.20-15.15.43:470][866]LogBlueprintUserMessages: X=28.065 Y=467.415 Z=416.414
[2014.12.20-15.15.44:226][884]LogBlueprintUserMessages: X=3.241 Y=949.664 Z=453.537
[2014.12.20-15.15.44:856][900]LogBlueprintUserMessages: X=67.923 Y=31.445 Z=398.454
[2014.12.20-15.15.45:461][916]LogBlueprintUserMessages: X=30.366 Y=-91.458 Z=381.344
[2014.12.20-15.15.46:317][938]LogBlueprintUserMessages: X=38.381 Y=-92.500 Z=385.663
[2014.12.20-15.15.47:368][963]LogBlueprintUserMessages: X=45.664 Y=-62.841 Z=396.296
[2014.12.20-15.15.47:669][970]LogBlueprintUserMessages: X=18.151 Y=-60.282 Z=380.262
[2014.12.20-15.15.48:061][979]LogBlueprintUserMessages: X=18.473 Y=-60.321 Z=380.503
[2014.12.20-15.15.48:430][987]LogBlueprintUserMessages: X=52.560 Y=-63.346 Z=399.461
[2014.12.20-15.15.49:326][  7]LogBlueprintUserMessages: X=2101.493 Y=-102.990 Z=647.876
[2014.12.20-15.15.50:577][ 35]LogBlueprintUserMessages: X=1280.324 Y=-92.654 Z=583.106
[2014.12.20-15.15.52:058][ 68]LogBlueprintUserMessages: X=836.087 Y=-85.599 Z=538.900
[2014.12.20-15.15.53:147][108]LogActorComponent: UnregisterComponent: (/Engine/Transient.CharacterMovementComponent_1) Not registered. Aborting.
[2014.12.20-15.15.53:203][109]LogParticles: Destroying 0 GPU particle simulations for FXSystem 0x000000FCBDA463E0
[2014.12.20-15.15.58:884][262]Cmd: OBJ SAVEPACKAGE PACKAGE="/Game/Blueprints/MyCharacter" FILE="../../../../Projects/MyProject/Content/Blueprints/MyCharacter.uasset" SILENT=true
[2014.12.20-15.15.59:393][262]LogSavePackage: Save=492.172821ms
[2014.12.20-15.15.59:393][262]LogSavePackage: Moving '../../../../Projects/MyProject/Saved/MyCharacter9C723F3644F3A993C6A7668ADC41DCC1.tmp' to '../../../../Projects/MyProject/Content/Blueprints/MyCharacter.uasset'
[2014.12.20-15.16.06:934][461]LogActorComponent: UnregisterComponent: (/Engine/Transient.CharacterMovementComponent_2) Not registered. Aborting.
[2014.12.20-15.16.06:934][461]LogActorComponent: UnregisterComponent: (/Engine/Transient.ProjectileMovementComponent_1) Not registered. Aborting.
[2014.12.20-15.16.07:915][462]Cmd: QUIT_EDITOR
[2014.12.20-15.16.08:326][462]LogExit: Preparing to exit.
[2014.12.20-15.16.09:464][462]LogExit: Editor shut down
[2014.12.20-15.16.09:464][462]LogExit: Transaction tracking system shut down
[2014.12.20-15.16.09:465][462]LogParticles: Destroying 0 GPU particle simulations for FXSystem 0x000000FCAC6B6980
[2014.12.20-15.16.09:466][462]LogParticles: Destroying 0 GPU particle simulations for FXSystem 0x000000FCB55DB420
[2014.12.20-15.16.09:466][462]LogParticles: Destroying 0 GPU particle simulations for FXSystem 0x000000FCBFAE7EC0
[2014.12.20-15.16.09:466][462]LogParticles: Destroying 0 GPU particle simulations for FXSystem 0x000000FCB3D23C40
[2014.12.20-15.16.09:496][462]LogExit: Object subsystem successfully closed.
[2014.12.20-15.16.09:546][462]LogModuleManager: Shutting down and abandoning module AndroidDeviceDetection (166)
[2014.12.20-15.16.09:546][462]LogModuleManager: Shutting down and abandoning module CrashTracker (165)
[2014.12.20-15.16.09:546][462]LogModuleManager: Shutting down and abandoning module SuperSearch (164)
[2014.12.20-15.16.09:546][462]LogModuleManager: Shutting down and abandoning module SceneOutliner (163)
[2014.12.20-15.16.09:546][462]LogModuleManager: Shutting down and abandoning module EditorWidgets (162)
[2014.12.20-15.16.09:546][462]LogModuleManager: Shutting down and abandoning module CollectionManager (161)
[2014.12.20-15.16.09:546][462]LogModuleManager: Shutting down and abandoning module StatsViewer (160)
[2014.12.20-15.16.09:546][462]LogModuleManager: Shutting down and abandoning module FoliageEdit (159)
[2014.12.20-15.16.09:546][462]LogModuleManager: Shutting down and abandoning module LandscapeEditor (158)
[2014.12.20-15.16.09:546][462]LogModuleManager: Shutting down and abandoning module MeshPaint (157)
[2014.12.20-15.16.09:546][462]LogModuleManager: Shutting down and abandoning module ActorPickerMode (156)
[2014.12.20-15.16.09:546][462]LogModuleManager: Shutting down and abandoning module GeometryMode (155)
[2014.12.20-15.16.09:546][462]LogModuleManager: Shutting down and abandoning module TextureAlignMode (154)
[2014.12.20-15.16.09:546][462]LogModuleManager: Shutting down and abandoning module BspMode (153)
[2014.12.20-15.16.09:546][462]LogModuleManager: Shutting down and abandoning module PlacementMode (152)
[2014.12.20-15.16.09:546][462]LogModuleManager: Shutting down and abandoning module AutomationWorker (151)
[2014.12.20-15.16.09:546][462]LogModuleManager: Shutting down and abandoning module CharacterAI (150)
[2014.12.20-15.16.09:546][462]LogModuleManager: Shutting down and abandoning module GameProjectGeneration (149)
[2014.12.20-15.16.09:546][462]LogModuleManager: Shutting down and abandoning module IntroTutorials (148)
[2014.12.20-15.16.09:546][462]LogModuleManager: Shutting down and abandoning module EditorLiveStreaming (147)
[2014.12.20-15.16.09:546][462]LogModuleManager: Shutting down and abandoning module HardwareTargeting (146)
[2014.12.20-15.16.09:546][462]LogModuleManager: Shutting down and abandoning module BehaviorTreeEditor (145)
[2014.12.20-15.16.09:546][462]LogModuleManager: Shutting down and abandoning module DeviceProfileEditor (144)
[2014.12.20-15.16.09:546][462]LogModuleManager: Shutting down and abandoning module UndoHistory (143)
[2014.12.20-15.16.09:547][462]LogModuleManager: Shutting down and abandoning module GameplayTagsEditor (142)
[2014.12.20-15.16.09:547][462]LogModuleManager: Shutting down and abandoning module UserFeedback (141)
[2014.12.20-15.16.09:547][462]LogModuleManager: Shutting down and abandoning module XmlParser (140)
[2014.12.20-15.16.09:547][462]LogModuleManager: Shutting down and abandoning module Blutility (139)
[2014.12.20-15.16.09:547][462]LogModuleManager: Shutting down and abandoning module IOSPlatformEditor (138)
[2014.12.20-15.16.09:547][462]LogModuleManager: Shutting down and abandoning module IOSRuntimeSettings (137)
[2014.12.20-15.16.09:547][462]LogModuleManager: Shutting down and abandoning module AndroidPlatformEditor (136)
[2014.12.20-15.16.09:547][462]LogModuleManager: Shutting down and abandoning module AndroidRuntimeSettings (135)
[2014.12.20-15.16.09:547][462]LogModuleManager: Shutting down and abandoning module ProjectTargetPlatformEditor (134)
[2014.12.20-15.16.09:547][462]LogModuleManager: Shutting down and abandoning module ProjectSettingsViewer (133)
[2014.12.20-15.16.09:547][462]LogModuleManager: Shutting down and abandoning module InputBindingEditor (132)
[2014.12.20-15.16.09:547][462]LogModuleManager: Shutting down and abandoning module EditorSettingsViewer (131)
[2014.12.20-15.16.09:547][462]LogModuleManager: Shutting down and abandoning module SettingsEditor (130)
[2014.12.20-15.16.09:547][462]LogModuleManager: Shutting down and abandoning module ProjectLauncher (129)
[2014.12.20-15.16.09:547][462]LogModuleManager: Shutting down and abandoning module SessionFrontend (128)
[2014.12.20-15.16.09:547][462]LogModuleManager: Shutting down and abandoning module ProfilerClient (127)
[2014.12.20-15.16.09:547][462]LogModuleManager: Shutting down and abandoning module TargetDeviceServices (126)
[2014.12.20-15.16.09:547][462]LogModuleManager: Shutting down and abandoning module DeviceManager (125)
[2014.12.20-15.16.09:548][462]LogModuleManager: Shutting down and abandoning module AutomationController (124)
[2014.12.20-15.16.09:548][462]LogModuleManager: Shutting down and abandoning module AutomationWindow (123)
[2014.12.20-15.16.09:548][462]LogModuleManager: Shutting down and abandoning module Layers (122)
[2014.12.20-15.16.09:548][462]LogModuleManager: Shutting down and abandoning module ComponentVisualizers (121)
[2014.12.20-15.16.09:548][462]LogModuleManager: Shutting down and abandoning module DetailCustomizations (120)
[2014.12.20-15.16.09:548][462]LogModuleManager: Shutting down and abandoning module PackagesDialog (119)
[2014.12.20-15.16.09:548][462]LogModuleManager: Shutting down and abandoning module AssetRegistry (118)
[2014.12.20-15.16.09:585][462]LogModuleManager: Shutting down and abandoning module Persona (117)
[2014.12.20-15.16.09:585][462]LogModuleManager: Shutting down and abandoning module Kismet (116)
[2014.12.20-15.16.09:585][462]LogModuleManager: Shutting down and abandoning module GraphEditor (115)
[2014.12.20-15.16.09:585][462]LogModuleManager: Shutting down and abandoning module ClassViewer (114)
[2014.12.20-15.16.09:585][462]LogModuleManager: Shutting down and abandoning module Toolbox (113)
[2014.12.20-15.16.09:585][462]LogModuleManager: Shutting down and abandoning module ModuleUI (112)
[2014.12.20-15.16.09:585][462]LogModuleManager: Shutting down and abandoning module MovieSceneTools (111)
[2014.12.20-15.16.09:585][462]LogModuleManager: Shutting down and abandoning module OutputLog (110)
[2014.12.20-15.16.09:586][462]LogModuleManager: Shutting down and abandoning module GammaUI (109)
[2014.12.20-15.16.09:586][462]LogModuleManager: Shutting down and abandoning module Documentation (108)
[2014.12.20-15.16.09:586][462]LogModuleManager: Shutting down and abandoning module GameLiveStreaming (107)
[2014.12.20-15.16.09:586][462]LogModuleManager: Shutting down and abandoning module StreamingPauseRendering (106)
[2014.12.20-15.16.09:586][462]LogModuleManager: Shutting down and abandoning module HTTP (105)
[2014.12.20-15.16.09:586][462]LogModuleManager: Shutting down and abandoning module AnalyticsET (104)
[2014.12.20-15.16.09:586][462]LogModuleManager: Shutting down and abandoning module Analytics (103)
[2014.12.20-15.16.09:586][462]LogModuleManager: Shutting down and abandoning module GameplayDebugger (102)
[2014.12.20-15.16.09:586][462]LogModuleManager: Shutting down and abandoning module AIModule (101)
[2014.12.20-15.16.09:586][462]LogModuleManager: Shutting down and abandoning module ProfilerService (100)
[2014.12.20-15.16.09:772][462]LogModuleManager: Shutting down and abandoning module TaskGraph (99)
[2014.12.20-15.16.09:772][462]LogModuleManager: Shutting down and abandoning module SlateRemote (98)
[2014.12.20-15.16.09:772][462]LogModuleManager: Shutting down and abandoning module ScriptEditorPlugin (97)
[2014.12.20-15.16.09:772][462]LogModuleManager: Shutting down and abandoning module CustomMeshComponent (96)
[2014.12.20-15.16.09:772][462]LogModuleManager: Shutting down and abandoning module CableComponent (95)
[2014.12.20-15.16.09:772][462]LogModuleManager: Shutting down and abandoning module MessagingDebugger (94)
[2014.12.20-15.16.09:772][462]LogModuleManager: Shutting down and abandoning module MediaPlayerEditor (93)
[2014.12.20-15.16.09:772][462]LogModuleManager: Shutting down and abandoning module SpeedTreeImporter (92)
[2014.12.20-15.16.09:772][462]LogModuleManager: Shutting down and abandoning module PluginsEditor (91)
[2014.12.20-15.16.09:772][462]LogModuleManager: Shutting down and abandoning module EpicSurvey (90)
[2014.12.20-15.16.09:772][462]LogModuleManager: Shutting down and abandoning module DesktopPlatform (89)
[2014.12.20-15.16.09:772][462]LogModuleManager: Shutting down and abandoning module VisualStudioSourceCodeAccess (88)
[2014.12.20-15.16.09:772][462]LogModuleManager: Shutting down and abandoning module UObjectPlugin (87)
[2014.12.20-15.16.09:772][462]LogModuleManager: Shutting down and abandoning module SubversionSourceControl (86)
[2014.12.20-15.16.09:772][462]LogModuleManager: Shutting down and abandoning module SourceControl (85)
[2014.12.20-15.16.09:772][462]LogModuleManager: Shutting down and abandoning module PerforceSourceControl (84)
[2014.12.20-15.16.09:772][462]LogModuleManager: Shutting down and abandoning module BlankPlugin (83)
[2014.12.20-15.16.09:772][462]LogModuleManager: Shutting down and abandoning module SlateReflector (82)
[2014.12.20-15.16.09:772][462]LogModuleManager: Shutting down and abandoning module DirectoryWatcher (81)
[2014.12.20-15.16.09:773][462]LogModuleManager: Shutting down and abandoning module HotReload (80)
[2014.12.20-15.16.09:773][462]LogModuleManager: Shutting down and abandoning module MainFrame (79)
[2014.12.20-15.16.09:773][462]LogModuleManager: Shutting down and abandoning module LevelEditor (78)
[2014.12.20-15.16.09:775][462]LogModuleManager: Shutting down and abandoning module ViewportSnapping (77)
[2014.12.20-15.16.09:775][462]LogModuleManager: Shutting down and abandoning module SmartSnapping (76)
[2014.12.20-15.16.09:775][462]LogModuleManager: Shutting down and abandoning module PaperTiledImporter (75)
[2014.12.20-15.16.09:775][462]LogModuleManager: Shutting down and abandoning module PaperJsonImporter (74)
[2014.12.20-15.16.09:776][462]LogModuleManager: Shutting down and abandoning module ContentBrowser (73)
[2014.12.20-15.16.09:776][462]LogModuleManager: Shutting down and abandoning module PropertyEditor (72)
[2014.12.20-15.16.09:776][462]LogModuleManager: Shutting down and abandoning module Paper2DEditor (71)
[2014.12.20-15.16.09:776][462]LogModuleManager: Shutting down and abandoning module ScriptPlugin (70)
[2014.12.20-15.16.09:776][462]LogModuleManager: Shutting down and abandoning module UdpMessaging (69)
[2014.12.20-15.16.09:878][462]LogModuleManager: Shutting down and abandoning module Paper2D (68)
[2014.12.20-15.16.09:878][462]LogModuleManager: Shutting down and abandoning module WindowsMoviePlayer (67)
[2014.12.20-15.16.09:881][462]LogModuleManager: Shutting down and abandoning module Media (66)
[2014.12.20-15.16.09:881][462]LogModuleManager: Shutting down and abandoning module WmfMedia (65)
[2014.12.20-15.16.09:881][462]LogModuleManager: Shutting down and abandoning module OnlineBlueprintSupport (64)
[2014.12.20-15.16.09:881][462]LogModuleManager: Shutting down and abandoning module FunctionalTesting (63)
[2014.12.20-15.16.09:881][462]LogModuleManager: Shutting down and abandoning module CollisionAnalyzer (62)
[2014.12.20-15.16.09:881][462]LogModuleManager: Shutting down and abandoning module WorkspaceMenuStructure (61)
[2014.12.20-15.16.09:881][462]LogModuleManager: Shutting down and abandoning module MessageLog (60)
[2014.12.20-15.16.09:881][462]LogModuleManager: Shutting down and abandoning module Sequencer (59)
[2014.12.20-15.16.09:881][462]LogModuleManager: Shutting down and abandoning module AssetTools (58)
[2014.12.20-15.16.09:881][462]LogModuleManager: Shutting down and abandoning module UMGEditor (57)
[2014.12.20-15.16.09:881][462]LogModuleManager: Shutting down and abandoning module UMG (56)
[2014.12.20-15.16.09:881][462]LogModuleManager: Shutting down and abandoning module Slate (55)
[2014.12.20-15.16.09:881][462]LogModuleManager: Shutting down and abandoning module EditorStyle (54)
[2014.12.20-15.16.09:883][462]LogModuleManager: Shutting down and abandoning module SessionServices (53)
[2014.12.20-15.16.09:883][462]LogModuleManager: Shutting down and abandoning module SourceCodeAccess (52)
[2014.12.20-15.16.09:883][462]LogModuleManager: Shutting down and abandoning module HeadMountedDisplay (51)
[2014.12.20-15.16.09:883][462]LogModuleManager: Shutting down and abandoning module XAudio2 (50)
[2014.12.20-15.16.09:883][462]LogModuleManager: Shutting down and abandoning module Networking (48)
[2014.12.20-15.16.09:883][462]LogModuleManager: Shutting down and abandoning module Core (47)
[2014.12.20-15.16.09:883][462]LogModuleManager: Shutting down and abandoning module KismetCompiler (46)
[2014.12.20-15.16.09:883][462]LogModuleManager: Shutting down and abandoning module PhysXFormats (45)
[2014.12.20-15.16.09:883][462]LogModuleManager: Shutting down and abandoning module MeshUtilities (44)
[2014.12.20-15.16.09:883][462]LogModuleManager: Shutting down and abandoning module DerivedDataCache (43)
[2014.12.20-15.16.09:898][462]LogDerivedDataCache: Shutdown
[2014.12.20-15.16.09:898][462]LogModuleManager: Shutting down and abandoning module ShaderFormatOpenGL (42)
[2014.12.20-15.16.09:898][462]LogModuleManager: Shutting down and abandoning module ShaderFormatD3D (41)
[2014.12.20-15.16.09:898][462]LogModuleManager: Shutting down and abandoning module MetalShaderFormat (40)
[2014.12.20-15.16.09:898][462]LogModuleManager: Shutting down and abandoning module TextureFormatUncompressed (39)
[2014.12.20-15.16.09:898][462]LogModuleManager: Shutting down and abandoning module TextureFormatPVR (38)
[2014.12.20-15.16.09:898][462]LogModuleManager: Shutting down and abandoning module TextureFormatDXT (37)
[2014.12.20-15.16.09:898][462]LogModuleManager: Shutting down and abandoning module TextureFormatAndroid (36)
[2014.12.20-15.16.09:898][462]LogModuleManager: Shutting down and abandoning module AudioFormatOpus (35)
[2014.12.20-15.16.09:898][462]LogModuleManager: Shutting down and abandoning module AudioFormatOgg (34)
[2014.12.20-15.16.09:898][462]LogModuleManager: Shutting down and abandoning module AudioFormatADPCM (33)
[2014.12.20-15.16.09:898][462]LogModuleManager: Shutting down and abandoning module Messaging (32)
[2014.12.20-15.16.09:898][462]LogModuleManager: Shutting down and abandoning module IOSTargetPlatform (31)
[2014.12.20-15.16.09:898][462]LogModuleManager: Shutting down and abandoning module Android_PVRTCTargetPlatform (30)
[2014.12.20-15.16.09:898][462]LogModuleManager: Shutting down and abandoning module Android_ETC2TargetPlatform (29)
[2014.12.20-15.16.09:898][462]LogModuleManager: Shutting down and abandoning module Android_ETC1TargetPlatform (28)
[2014.12.20-15.16.09:898][462]LogModuleManager: Shutting down and abandoning module Android_DXTTargetPlatform (27)
[2014.12.20-15.16.09:898][462]LogModuleManager: Shutting down and abandoning module Android_ATCTargetPlatform (26)
[2014.12.20-15.16.09:898][462]LogModuleManager: Shutting down and abandoning module AndroidTargetPlatform (25)
[2014.12.20-15.16.09:898][462]LogModuleManager: Shutting down and abandoning module WindowsTargetPlatform (24)
[2014.12.20-15.16.09:898][462]LogModuleManager: Shutting down and abandoning module WindowsServerTargetPlatform (23)
[2014.12.20-15.16.09:898][462]LogModuleManager: Shutting down and abandoning module WindowsNoEditorTargetPlatform (22)
[2014.12.20-15.16.09:898][462]LogModuleManager: Shutting down and abandoning module WindowsClientTargetPlatform (21)
[2014.12.20-15.16.09:898][462]LogModuleManager: Shutting down and abandoning module TargetPlatform (20)
[2014.12.20-15.16.09:898][462]LogModuleManager: Shutting down and abandoning module InputCore (19)
[2014.12.20-15.16.09:898][462]LogModuleManager: Shutting down and abandoning module Settings (18)
[2014.12.20-15.16.09:899][462]LogModuleManager: Shutting down and abandoning module ImageWrapper (17)
[2014.12.20-15.16.09:899][462]LogModuleManager: Shutting down and abandoning module OculusRift (14)
[2014.12.20-15.16.09:899][462]LogModuleManager: Shutting down and abandoning module ExampleDeviceProfileSelector (13)
[2014.12.20-15.16.09:899][462]LogModuleManager: Shutting down and abandoning module TextureCompressor (12)
[2014.12.20-15.16.09:899][462]LogModuleManager: Shutting down and abandoning module ShaderCore (11)
[2014.12.20-15.16.09:899][462]LogModuleManager: Shutting down and abandoning module SlateRHIRenderer (10)
[2014.12.20-15.16.09:900][462]LogModuleManager: Shutting down and abandoning module OpenGLDrv (9)
[2014.12.20-15.16.09:900][462]LogModuleManager: Shutting down and abandoning module D3D11RHI (8)
[2014.12.20-15.16.09:900][462]LogModuleManager: Shutting down and abandoning module Renderer (7)
[2014.12.20-15.16.09:900][462]LogModuleManager: Shutting down and abandoning module Engine (6)
[2014.12.20-15.16.09:900][462]LogModuleManager: Shutting down and abandoning module CoreUObject (5)
[2014.12.20-15.16.09:900][462]LogModuleManager: Shutting down and abandoning module NetworkFile (4)
[2014.12.20-15.16.09:900][462]LogModuleManager: Shutting down and abandoning module StreamingFile (3)
[2014.12.20-15.16.09:900][462]LogModuleManager: Shutting down and abandoning module SandboxFile (2)
[2014.12.20-15.16.09:900][462]LogModuleManager: Shutting down and abandoning module PakFile (1)
[2014.12.20-15.16.09:900][462]LogExit: Exiting.
[2014.12.20-15.16.09:907][462]Log file closed, 12/20/14 17:16:09
