Log file open, 12/24/14 16:28:35
LogInit:Display: Running engine for game: MyProject
LogInit: Version: 4.5.1-2336687+++depot+UE4-Releases+4.5
LogInit: API Version: 2326478
LogInit: Compiled (64-bit): Oct 21 2014 22:32:40
LogInit: Compiled with Visual C++: 18.00.21005.01
LogInit: Build Configuration: Development
LogInit: Branch Name: ++depot+UE4-Releases+4.5
LogInit: Command line: 
LogInit: Base directory: F:/ExtraSoft/UnrealEngine/4.5/Engine/Binaries/Win64/
LogInit: Rocket: 1
[2014.12.24-14.28.35:580][  0]LogTaskGraph: Started task graph with 3 named threads and 4 total threads.
[2014.12.24-14.28.35:617][  0]LogOnline:Warning: No default platform service specified for OnlineSubsystem
[2014.12.24-14.28.35:788][  0]LogInit: Presizing for 0 objects not considered by GC, pre-allocating 0 bytes.
[2014.12.24-14.28.35:800][  0]LogInit: Object subsystem initialized
[2014.12.24-14.28.35:804][  0]LogConsoleResponse:Warning: Skipping Unknown console variable: 'UIScaleRule = ShortestSide'
[2014.12.24-14.28.35:804][  0]LogConsoleResponse:Warning:   Found in ini file 'F:/ExtraSoft/Git/Try1/Nikita(Boss)/MyProject/Saved/Config/Windows/Engine.ini', in section '[/Script/Engine.RendererSettings]'
[2014.12.24-14.28.35:804][  0]LogConsoleResponse:Warning: Skipping Unknown console variable: 'UIScaleCurve = (EditorCurveData=(Keys=((Time=480.000000,Value=0.444000),(Time=720.000000,Value=0.666000),(Time=1080.000000,Value=1.000000),(Time=8640.000000,Value=8.000000))),ExternalCurve=None)'
[2014.12.24-14.28.35:804][  0]LogConsoleResponse:Warning:   Found in ini file 'F:/ExtraSoft/Git/Try1/Nikita(Boss)/MyProject/Saved/Config/Windows/Engine.ini', in section '[/Script/Engine.RendererSettings]'
[2014.12.24-14.28.35:805][  0]LogInit: Selected Device Profile: [Windows]
[2014.12.24-14.28.35:805][  0]LogInit: Applying CVar settings loaded from the selected device profile: [Windows]
[2014.12.24-14.28.35:814][  0]LogInit: Computer: NIKPC
[2014.12.24-14.28.35:814][  0]LogInit: User: Nikita
[2014.12.24-14.28.35:817][  0]LogInit: CPU Page size=4096, Cores=2
[2014.12.24-14.28.35:817][  0]LogInit: High frequency timer resolution =1.753831 MHz
[2014.12.24-14.28.35:817][  0]LogMemory: Memory total: Physical=7.9GB (8GB approx) Virtual=131072.0GB
[2014.12.24-14.28.35:817][  0]LogMemory: Platform Memory Stats for Windows
[2014.12.24-14.28.35:817][  0]LogMemory: Process Physical Memory: 63.38 MB used, 63.38 MB peak
[2014.12.24-14.28.35:817][  0]LogMemory: Process Virtual Memory: 38.50 MB used, 38.50 MB peak
[2014.12.24-14.28.35:817][  0]LogMemory: Physical Memory: 3573.66 MB used, 8077.43 MB total
[2014.12.24-14.28.35:817][  0]LogMemory: Virtual Memory: 282.49 MB used, 134217728.00 MB total
[2014.12.24-14.28.36:469][  0]LogD3D11RHI: Found D3D11 adapter 0: Intel(R) HD Graphics 4000 (Feature Level 11_0)
[2014.12.24-14.28.36:469][  0]LogD3D11RHI: Adapter has 1988MB of dedicated video memory, 0MB of dedicated system memory, and 2048MB of shared system memory, 1 output[s]
[2014.12.24-14.28.36:485][  0]LogD3D11RHI: Found D3D11 adapter 1: NVIDIA GeForce GT 740M    (Feature Level 11_0)
[2014.12.24-14.28.36:485][  0]LogD3D11RHI: Adapter has 1988MB of dedicated video memory, 0MB of dedicated system memory, and 2048MB of shared system memory, 0 output[s]
[2014.12.24-14.28.36:487][  0]LogD3D11RHI: Found D3D11 adapter 2: Microsoft Basic Render Driver (Feature Level 11_0)
[2014.12.24-14.28.36:487][  0]LogD3D11RHI: Adapter has 1988MB of dedicated video memory, 0MB of dedicated system memory, and 2048MB of shared system memory, 0 output[s]
[2014.12.24-14.28.36:487][  0]LogD3D11RHI: Chosen D3D11 Adapter Id = 0
[2014.12.24-14.28.36:493][  0]LogRHI: Texture pool is 1361 MB (70% of 1945 MB)
[2014.12.24-14.28.36:505][  0]LogD3D11RHI: Async texture creation enabled
[2014.12.24-14.28.37:073][  0]LogTextLocalizationManager: The requested culture ('ru_RU') has no localization data; falling back to 'en' for localization and internationalization data.
[2014.12.24-14.28.37:287][  0]LogContentStreaming: Texture pool size is 0.000000MB
[2014.12.24-14.28.44:113][  0]LogTargetPlatformManager:Display: Building Assets For Windows
[2014.12.24-14.28.45:574][  0]LogTargetPlatformManager:Display: Building Assets For Windows
[2014.12.24-14.28.45:675][  0]LogDerivedDataCache:Display: Max Cache Size: 512 MB
[2014.12.24-14.28.46:218][  0]LogDerivedDataCache: Loaded boot cache 0.54s 39MB C:/Users/Nikita/AppData/Local/UnrealEngine/4.5/DerivedDataCache/Boot.ddc.
[2014.12.24-14.28.46:218][  0]LogDerivedDataCache:Display: Loaded Boot cache: C:/Users/Nikita/AppData/Local/UnrealEngine/4.5/DerivedDataCache/Boot.ddc
[2014.12.24-14.28.46:218][  0]LogDerivedDataCache: FDerivedDataBackendGraph:  Pak pak cache file ../../../../../Git/Try1/Nikita(Boss)/MyProject/DerivedDataCache/DDC.ddp not found, will not use a pak cache.
[2014.12.24-14.28.46:218][  0]LogDerivedDataCache: Unable to find inner node Pak for hierarchical cache Hierarchy.
[2014.12.24-14.28.46:353][  0]LogDerivedDataCache:Display: Pak cache opened for reading ../../../Engine/DerivedDataCache/DDC.ddp.
[2014.12.24-14.28.46:366][  0]LogDerivedDataCache: Using Local data cache path C:/Users/Nikita/AppData/Local/UnrealEngine/Common/DerivedDataCache: Writable
[2014.12.24-14.28.56:333][  0]LogMeshUtilities: No automatic mesh reduction module available
[2014.12.24-14.28.56:333][  0]LogMeshUtilities: No automatic mesh merging module available
[2014.12.24-14.28.56:599][  0]LogLinker:Warning: Asset '../../../Engine/Content/Functions/Engine_MaterialFunctions02/Texturing/FlipBook.uasset' has been saved with empty engine version. The asset will be loaded but may be incompatible.
[2014.12.24-14.28.56:603][  0]LogLinker:Warning: Asset '../../../Engine/Content/Functions/Engine_MaterialFunctions02/ExampleContent/Textures/flipbook.uasset' has been saved with empty engine version. The asset will be loaded but may be incompatible.
[2014.12.24-14.28.56:842][  0]LogInit: WinSock: version 1.1 (2.2), MaxSocks=32767, MaxUdp=65467
[2014.12.24-14.29.05:937][  0]UdpMessaging: Initializing bridge on interface 0.0.0.0:0 to multicast group 230.0.0.1:6666.
[2014.12.24-14.29.06:234][  0]LogDirectoryWatcher:Warning: Failed to begin reading directory changes for F:/ExtraSoft/Git/Try1/Nikita(Boss)/MyProject/Binaries/Win64. Error: 0
[2014.12.24-14.29.06:383][  0]SourceControl: Info Source control is disabled
[2014.12.24-14.29.06:383][  0]SourceControl: Info Source control is disabled
[2014.12.24-14.29.06:391][  0]SourceControl: Info Source control is disabled
[2014.12.24-14.29.06:720][  0]LogObj: 22915 objects as part of root set at end of initial load.
[2014.12.24-14.29.06:720][  0]LogUObjectAllocator: 4803544 out of 0 bytes used by permanent object pool.
[2014.12.24-14.29.06:784][  0]LogEngine: Initializing Engine...
[2014.12.24-14.29.06:982][  0]LogInit: XAudio2 using 'Headphones (High Definition Audio Device)' : 2 channels at 44.1 kHz using 16 bits per sample (channel mask 0x3)
[2014.12.24-14.29.06:991][  0]LogInit: FAudioDevice initialized.
[2014.12.24-14.29.07:014][  0]LogAIModule: Creating AISystem for world NewWorld
[2014.12.24-14.29.07:043][  0]LogDerivedDataCache: Saved boot cache 0.03s 39MB C:/Users/Nikita/AppData/Local/UnrealEngine/4.5/DerivedDataCache/Boot.ddc.
[2014.12.24-14.29.07:048][  0]LogInit: Texture streaming: Enabled
[2014.12.24-14.29.07:101][  0]LogInit: Transaction tracking system initialized
[2014.12.24-14.29.07:205][  0]BlueprintLog: New page: Editor Load
[2014.12.24-14.29.07:238][  0]LogAssetRegistry: FAssetRegistry took 0.0108 seconds to start up
[2014.12.24-14.29.07:238][  0]LogDirectoryWatcher:Warning: Failed to begin reading directory changes for ../../../Engine/Plugins/Experimental/CharacterAI/Content/. Error: 0
[2014.12.24-14.29.07:975][  0]LogTargetPlatformManager:Display: Building Assets For Windows
[2014.12.24-14.29.08:439][  0]LogTargetPlatformManager:Display: Building Assets For Windows
[2014.12.24-14.29.08:667][  0]LogConsoleResponse:Display: 
[2014.12.24-14.29.08:946][  0]SourceControl: Info Source control is disabled
[2014.12.24-14.29.08:946][  0]Cmd: MAP LOAD FILE="../../../../../Git/Try1/Nikita(Boss)/MyProject/Content/Maps/Example_Map.umap" TEMPLATE=0 SHOWPROGRESS=1
[2014.12.24-14.29.08:946][  0]LightingResults: New page: Lighting Build
[2014.12.24-14.29.08:956][  0]MapCheck: New page: Map Check
[2014.12.24-14.29.08:956][  0]LightingResults: New page: Lighting Build
[2014.12.24-14.29.08:976][  0]LogParticles: Destroying 0 GPU particle simulations for FXSystem 0x0000009C7BEF5A80
[2014.12.24-14.29.10:322][  0]LogEditorServer: Finished looking for orphan Actors (0.000 secs)
[2014.12.24-14.29.10:322][  0]LogAIModule: Creating AISystem for world Example_Map
[2014.12.24-14.29.10:323][  0]Cmd: MAP CHECKDEP
[2014.12.24-14.29.10:323][  0]MapCheck: New page: Example_Map - Dec 24, 2014, 6:29:10 PM
[2014.12.24-14.29.10:459][  0]MapCheck: Info Map check complete: 0 Error(s), 0 Warning(s), took 134.738ms to complete.
[2014.12.24-14.29.10:459][  0]LogFileHelpers: Loading map 'Example_Map' took 1.512
[2014.12.24-14.29.10:603][  0]LogCollectionManager: Loaded 0 collections in 0.001113 seconds
[2014.12.24-14.29.10:757][  0]LogCrashTracker: Crashtracker disabled due to settings.
[2014.12.24-14.29.10:859][  0]LogUObjectGlobals:Warning: Failed to find object 'Class None.'
[2014.12.24-14.29.10:886][  0]LogLoad: Full Startup: 39.46 seconds (BP compile: 0.44 seconds)
[2014.12.24-14.29.10:899][  0]LogContentBrowser:Verbose: The content browser source was changed by the sources view to '/Game/Blueprints'
[2014.12.24-14.29.11:167][  0]LogRenderer:Warning: Reallocating scene render targets to support 808x592.
[2014.12.24-14.29.12:156][  4]LogAssetRegistry: Asset discovery search completed in 4.9290 seconds
[2014.12.24-14.29.36:974][637]LogContentBrowser:Verbose: The content browser source was changed by the sources view to '/Game/Textures'
[2014.12.24-14.29.47:629][935]BlueprintLog: New page: Pre-PIE auto-recompile
[2014.12.24-14.29.47:629][935]LogPlayLevel: [PIE] Compiling Tutorial_BP_MacroLib before PIE...
[2014.12.24-14.29.47:738][935]LogActorComponent: UnregisterComponent: (/Engine/Transient.ProjectileMovementComponent_0) Not registered. Aborting.
[2014.12.24-14.29.47:738][935]LogActorComponent: UnregisterComponent: (/Engine/Transient.CharacterMovementComponent_0) Not registered. Aborting.
[2014.12.24-14.29.47:788][935]LogParticles: Destroying 0 GPU particle simulations for FXSystem 0x0000009C72F7CC20
[2014.12.24-14.29.47:788][935]LogParticles: Destroying 0 GPU particle simulations for FXSystem 0x0000009C72770C20
[2014.12.24-14.29.47:789][935]LogParticles: Destroying 0 GPU particle simulations for FXSystem 0x0000009C0586BE20
[2014.12.24-14.29.47:808][935]LogPlayLevel: PIE:  Blueprint regeneration took 178 ms (1 blueprints)
[2014.12.24-14.29.47:808][935]PIE: New page: PIE session: Example_Map (Dec 24, 2014, 6:29:47 PM)
[2014.12.24-14.29.47:853][935]LogPlayLevel: PIE: StaticDuplicateObject took: (0.044882s)
[2014.12.24-14.29.47:854][935]LogPlayLevel: PIE: World Init took: (0.001098s)
[2014.12.24-14.29.47:854][935]LogPlayLevel: PIE: Created PIE world by copying editor world from /Game/Maps/Example_Map.Example_Map to /Game/Maps/UEDPIE_0_Example_Map.Example_Map (0.046291s)
[2014.12.24-14.29.47:914][935]LogWorld: Game class is 'MyGame_C'
[2014.12.24-14.29.47:916][935]LogAIModule: Creating AISystem for world Example_Map
[2014.12.24-14.29.48:711][935]LogWorld: Bringing World /Game/Maps/UEDPIE_0_Example_Map.Example_Map up for play (max tick rate 0) at 2014.12.24-16.29.48
[2014.12.24-14.29.48:711][935]LogWorld: Bringing up level for play took: 0.795028
[2014.12.24-14.29.48:714][935]PIE: Info Play in editor start time for /Game/Maps/UEDPIE_0_Example_Map 1.172
[2014.12.24-14.29.53:127][117]LogParticles: Destroying 0 GPU particle simulations for FXSystem 0x0000009C04072AC0
[2014.12.24-14.30.05:014][328]LogPlayLevel: PIE:  No blueprints needed recompiling
[2014.12.24-14.30.05:014][328]PIE: New page: PIE session: Example_Map (Dec 24, 2014, 6:30:05 PM)
[2014.12.24-14.30.05:055][328]LogPlayLevel: PIE: StaticDuplicateObject took: (0.040885s)
[2014.12.24-14.30.05:056][328]LogPlayLevel: PIE: World Init took: (0.001074s)
[2014.12.24-14.30.05:056][328]LogPlayLevel: PIE: Created PIE world by copying editor world from /Game/Maps/Example_Map.Example_Map to /Game/Maps/UEDPIE_0_Example_Map.Example_Map (0.042365s)
[2014.12.24-14.30.05:104][328]LogWorld: Game class is 'MyGame_C'
[2014.12.24-14.30.05:106][328]LogAIModule: Creating AISystem for world Example_Map
[2014.12.24-14.30.05:112][328]LogWorld: Bringing World /Game/Maps/UEDPIE_0_Example_Map.Example_Map up for play (max tick rate 0) at 2014.12.24-16.30.05
[2014.12.24-14.30.05:113][328]LogWorld: Bringing up level for play took: 0.006768
[2014.12.24-14.30.05:116][328]PIE: Info Play in editor start time for /Game/Maps/UEDPIE_0_Example_Map -0.426
[2014.12.24-14.30.28:958][183]LogParticles: Destroying 0 GPU particle simulations for FXSystem 0x0000009C72D23C40
[2014.12.24-14.30.33:771][309]LogContentBrowser:Verbose: The content browser source was changed by the sources view to '/Game/Character'
[2014.12.24-14.30.34:223][317]LogContentBrowser:Verbose: The content browser source was changed by the sources view to '/Game/Blueprints'
[2014.12.24-14.31.06:569][107]BlueprintLog: New page: Pre-PIE auto-recompile
[2014.12.24-14.31.06:673][107]LogActorComponent: UnregisterComponent: (/Engine/Transient.ProjectileMovementComponent_1) Not registered. Aborting.
[2014.12.24-14.31.06:673][107]LogActorComponent: UnregisterComponent: (/Engine/Transient.CharacterMovementComponent_1) Not registered. Aborting.
[2014.12.24-14.31.06:673][107]LogPlayLevel: [PIE] Compiling MyCharacter before PIE...
[2014.12.24-14.31.07:106][107]LogPlayLevel: [PIE] Compiling ammo before PIE...
[2014.12.24-14.31.07:225][107]LogPlayLevel: [PIE] Compiling Hud before PIE...
[2014.12.24-14.31.07:368][107]LogPlayLevel: PIE:  Blueprint regeneration took 798 ms (3 blueprints)
[2014.12.24-14.31.07:368][107]PIE: New page: PIE session: Example_Map (Dec 24, 2014, 6:31:07 PM)
[2014.12.24-14.31.07:408][107]LogPlayLevel: PIE: StaticDuplicateObject took: (0.039862s)
[2014.12.24-14.31.07:409][107]LogPlayLevel: PIE: World Init took: (0.001108s)
[2014.12.24-14.31.07:410][107]LogPlayLevel: PIE: Created PIE world by copying editor world from /Game/Maps/Example_Map.Example_Map to /Game/Maps/UEDPIE_0_Example_Map.Example_Map (0.041293s)
[2014.12.24-14.31.07:460][107]LogWorld: Game class is 'MyGame_C'
[2014.12.24-14.31.07:461][107]LogAIModule: Creating AISystem for world Example_Map
[2014.12.24-14.31.07:466][107]LogWorld: Bringing World /Game/Maps/UEDPIE_0_Example_Map.Example_Map up for play (max tick rate 0) at 2014.12.24-16.31.07
[2014.12.24-14.31.07:466][107]LogWorld: Bringing up level for play took: 0.004778
[2014.12.24-14.31.07:468][107]PIE: Info Play in editor start time for /Game/Maps/UEDPIE_0_Example_Map -0.074
[2014.12.24-14.31.44:522][436]LogActorComponent: UnregisterComponent: (/Engine/Transient.CharacterMovementComponent_2) Not registered. Aborting.
[2014.12.24-14.31.44:579][437]LogParticles: Destroying 0 GPU particle simulations for FXSystem 0x0000009C0778C900
[2014.12.24-14.31.52:180][474]LogEditorViewport: Clicking on Actor (LMB): StaticMeshActor (LargeCube)
[2014.12.24-14.31.54:202][535]LogPlayLevel: PIE:  No blueprints needed recompiling
[2014.12.24-14.31.54:202][535]PIE: New page: PIE session: Example_Map (Dec 24, 2014, 6:31:54 PM)
[2014.12.24-14.31.54:243][535]LogPlayLevel: PIE: StaticDuplicateObject took: (0.039898s)
[2014.12.24-14.31.54:244][535]LogPlayLevel: PIE: World Init took: (0.001041s)
[2014.12.24-14.31.54:244][535]LogPlayLevel: PIE: Created PIE world by copying editor world from /Game/Maps/Example_Map.Example_Map to /Game/Maps/UEDPIE_0_Example_Map.Example_Map (0.041233s)
[2014.12.24-14.31.54:289][535]LogWorld: Game class is 'MyGame_C'
[2014.12.24-14.31.54:290][535]LogAIModule: Creating AISystem for world Example_Map
[2014.12.24-14.31.54:295][535]LogWorld: Bringing World /Game/Maps/UEDPIE_0_Example_Map.Example_Map up for play (max tick rate 0) at 2014.12.24-16.31.54
[2014.12.24-14.31.54:295][535]LogWorld: Bringing up level for play took: 0.004390
[2014.12.24-14.31.54:299][535]PIE: Info Play in editor start time for /Game/Maps/UEDPIE_0_Example_Map 0.757
[2014.12.24-14.32.11:286][250]LogActorComponent: UnregisterComponent: (/Engine/Transient.ProjectileMovementComponent_2) Not registered. Aborting.
[2014.12.24-14.32.11:286][250]LogActorComponent: UnregisterComponent: (/Engine/Transient.CharacterMovementComponent_3) Not registered. Aborting.
[2014.12.24-14.32.11:314][250]LogParticles: Destroying 0 GPU particle simulations for FXSystem 0x0000009C109F0220
[2014.12.24-14.34.49:715][505]Cmd: OBJ SAVEPACKAGE PACKAGE="/Game/Blueprints/MyProjectile" FILE="../../../../../Git/Try1/Nikita(Boss)/MyProject/Content/Blueprints/MyProjectile.uasset" SILENT=true
[2014.12.24-14.34.50:312][505]LogSavePackage: Save=566.136047ms
[2014.12.24-14.34.50:312][505]LogSavePackage: Moving '../../../../../Git/Try1/Nikita(Boss)/MyProject/Saved/MyProjectile048E633142A0AA27867DBBB36477FC3F.tmp' to '../../../../../Git/Try1/Nikita(Boss)/MyProject/Content/Blueprints/MyProjectile.uasset'
[2014.12.24-14.34.53:060][569]BlueprintLog: New page: Pre-PIE auto-recompile
[2014.12.24-14.34.53:085][569]LogActorComponent: UnregisterComponent: (/Engine/Transient.ProjectileMovementComponent_3) Not registered. Aborting.
[2014.12.24-14.34.53:085][569]LogActorComponent: UnregisterComponent: (/Engine/Transient.CharacterMovementComponent_4) Not registered. Aborting.
[2014.12.24-14.34.53:085][569]LogPlayLevel: [PIE] Compiling MyProjectile before PIE...
[2014.12.24-14.34.53:355][569]LogPlayLevel: [PIE] Compiling MyCharacter before PIE...
[2014.12.24-14.34.53:761][569]LogPlayLevel: [PIE] Compiling ammo before PIE...
[2014.12.24-14.34.53:872][569]LogPlayLevel: [PIE] Compiling Hud before PIE...
[2014.12.24-14.34.54:009][569]LogPlayLevel: PIE:  Blueprint regeneration took 948 ms (4 blueprints)
[2014.12.24-14.34.54:009][569]PIE: New page: PIE session: Example_Map (Dec 24, 2014, 6:34:54 PM)
[2014.12.24-14.34.54:047][569]LogPlayLevel: PIE: StaticDuplicateObject took: (0.038161s)
[2014.12.24-14.34.54:048][569]LogPlayLevel: PIE: World Init took: (0.001070s)
[2014.12.24-14.34.54:048][569]LogPlayLevel: PIE: Created PIE world by copying editor world from /Game/Maps/Example_Map.Example_Map to /Game/Maps/UEDPIE_0_Example_Map.Example_Map (0.039594s)
[2014.12.24-14.34.54:093][569]LogWorld: Game class is 'MyGame_C'
[2014.12.24-14.34.54:095][569]LogAIModule: Creating AISystem for world Example_Map
[2014.12.24-14.34.54:100][569]LogWorld: Bringing World /Game/Maps/UEDPIE_0_Example_Map.Example_Map up for play (max tick rate 0) at 2014.12.24-16.34.54
[2014.12.24-14.34.54:100][569]LogWorld: Bringing up level for play took: 0.005429
[2014.12.24-14.34.54:103][569]PIE: Info Play in editor start time for /Game/Maps/UEDPIE_0_Example_Map 0.561
[2014.12.24-14.34.56:666][662]LogActorComponent: UnregisterComponent: (/Engine/Transient.ProjectileMovementComponent_4) Not registered. Aborting.
[2014.12.24-14.34.56:666][662]LogActorComponent: UnregisterComponent: (/Engine/Transient.CharacterMovementComponent_5) Not registered. Aborting.
[2014.12.24-14.34.56:725][663]LogParticles: Destroying 0 GPU particle simulations for FXSystem 0x0000009C025A7920
[2014.12.24-14.35.05:373][719]LogEditorViewport: Clicking on Actor (LMB): BP_Sky_Sphere_C (SkySphereBlueprint)
[2014.12.24-14.35.06:473][742]LogPlayLevel: PIE:  No blueprints needed recompiling
[2014.12.24-14.35.06:473][742]PIE: New page: PIE session: Example_Map (Dec 24, 2014, 6:35:06 PM)
[2014.12.24-14.35.06:510][742]LogPlayLevel: PIE: StaticDuplicateObject took: (0.036717s)
[2014.12.24-14.35.06:511][742]LogPlayLevel: PIE: World Init took: (0.000997s)
[2014.12.24-14.35.06:511][742]LogPlayLevel: PIE: Created PIE world by copying editor world from /Game/Maps/Example_Map.Example_Map to /Game/Maps/UEDPIE_0_Example_Map.Example_Map (0.038024s)
[2014.12.24-14.35.06:556][742]LogWorld: Game class is 'MyGame_C'
[2014.12.24-14.35.06:557][742]LogAIModule: Creating AISystem for world Example_Map
[2014.12.24-14.35.06:562][742]LogWorld: Bringing World /Game/Maps/UEDPIE_0_Example_Map.Example_Map up for play (max tick rate 0) at 2014.12.24-16.35.06
[2014.12.24-14.35.06:562][742]LogWorld: Bringing up level for play took: 0.005054
[2014.12.24-14.35.06:565][742]PIE: Info Play in editor start time for /Game/Maps/UEDPIE_0_Example_Map 1.023
[2014.12.24-14.35.19:503][252]LogParticles: Destroying 0 GPU particle simulations for FXSystem 0x0000009C025A5B20
[2014.12.24-14.35.32:108][553]Cmd: OBJ SAVEPACKAGE PACKAGE="/Game/Blueprints/MyProjectile" FILE="../../../../../Git/Try1/Nikita(Boss)/MyProject/Content/Blueprints/MyProjectile.uasset" SILENT=true
[2014.12.24-14.35.32:707][553]LogSavePackage: Save=576.882813ms
[2014.12.24-14.35.32:707][553]LogSavePackage: Moving '../../../../../Git/Try1/Nikita(Boss)/MyProject/Saved/MyProjectile42D7B7284EB802082AF7FCAB904960A8.tmp' to '../../../../../Git/Try1/Nikita(Boss)/MyProject/Content/Blueprints/MyProjectile.uasset'
[2014.12.24-14.35.34:922][620]BlueprintLog: New page: Pre-PIE auto-recompile
[2014.12.24-14.35.34:945][620]LogActorComponent: UnregisterComponent: (/Engine/Transient.ProjectileMovementComponent_5) Not registered. Aborting.
[2014.12.24-14.35.34:946][620]LogPlayLevel: [PIE] Compiling MyProjectile before PIE...
[2014.12.24-14.35.35:211][620]LogPlayLevel: [PIE] Compiling MyCharacter before PIE...
[2014.12.24-14.35.35:608][620]LogPlayLevel: [PIE] Compiling ammo before PIE...
[2014.12.24-14.35.35:714][620]LogPlayLevel: [PIE] Compiling Hud before PIE...
[2014.12.24-14.35.35:855][620]LogPlayLevel: PIE:  Blueprint regeneration took 933 ms (4 blueprints)
[2014.12.24-14.35.35:855][620]PIE: New page: PIE session: Example_Map (Dec 24, 2014, 6:35:35 PM)
[2014.12.24-14.35.35:895][620]LogPlayLevel: PIE: StaticDuplicateObject took: (0.039385s)
[2014.12.24-14.35.35:896][620]LogPlayLevel: PIE: World Init took: (0.000969s)
[2014.12.24-14.35.35:896][620]LogPlayLevel: PIE: Created PIE world by copying editor world from /Game/Maps/Example_Map.Example_Map to /Game/Maps/UEDPIE_0_Example_Map.Example_Map (0.040678s)
[2014.12.24-14.35.35:940][620]LogWorld: Game class is 'MyGame_C'
[2014.12.24-14.35.35:941][620]LogAIModule: Creating AISystem for world Example_Map
[2014.12.24-14.35.35:946][620]LogWorld: Bringing World /Game/Maps/UEDPIE_0_Example_Map.Example_Map up for play (max tick rate 0) at 2014.12.24-16.35.35
[2014.12.24-14.35.35:946][620]LogWorld: Bringing up level for play took: 0.004466
[2014.12.24-14.35.35:949][620]PIE: Info Play in editor start time for /Game/Maps/UEDPIE_0_Example_Map 0.406
[2014.12.24-14.35.45:591][987]LogActorComponent: UnregisterComponent: (/Engine/Transient.ProjectileMovementComponent_6) Not registered. Aborting.
[2014.12.24-14.35.45:591][987]LogActorComponent: UnregisterComponent: (/Engine/Transient.CharacterMovementComponent_6) Not registered. Aborting.
[2014.12.24-14.35.45:654][988]LogParticles: Destroying 0 GPU particle simulations for FXSystem 0x0000009C12923A60
[2014.12.24-14.35.52:310][ 70]LogPlayLevel: PIE:  No blueprints needed recompiling
[2014.12.24-14.35.52:311][ 70]PIE: New page: PIE session: Example_Map (Dec 24, 2014, 6:35:52 PM)
[2014.12.24-14.35.52:351][ 70]LogPlayLevel: PIE: StaticDuplicateObject took: (0.039767s)
[2014.12.24-14.35.52:352][ 70]LogPlayLevel: PIE: World Init took: (0.001163s)
[2014.12.24-14.35.52:352][ 70]LogPlayLevel: PIE: Created PIE world by copying editor world from /Game/Maps/Example_Map.Example_Map to /Game/Maps/UEDPIE_0_Example_Map.Example_Map (0.041427s)
[2014.12.24-14.35.52:398][ 70]LogWorld: Game class is 'MyGame_C'
[2014.12.24-14.35.52:400][ 70]LogAIModule: Creating AISystem for world Example_Map
[2014.12.24-14.35.52:405][ 70]LogWorld: Bringing World /Game/Maps/UEDPIE_0_Example_Map.Example_Map up for play (max tick rate 0) at 2014.12.24-16.35.52
[2014.12.24-14.35.52:405][ 70]LogWorld: Bringing up level for play took: 0.005558
[2014.12.24-14.35.52:408][ 70]PIE: Info Play in editor start time for /Game/Maps/UEDPIE_0_Example_Map 0.866
[2014.12.24-14.36.39:115][495]LogCharacterMovement: MyCharacter_C_7 is stuck and failed to move!
[2014.12.24-14.37.01:082][920]LogParticles: Destroying 0 GPU particle simulations for FXSystem 0x0000009C025A6CA0
[2014.12.24-14.37.03:051][976]LogPlayLevel: PIE:  No blueprints needed recompiling
[2014.12.24-14.37.03:051][976]PIE: New page: PIE session: Example_Map (Dec 24, 2014, 6:37:03 PM)
[2014.12.24-14.37.03:092][976]LogPlayLevel: PIE: StaticDuplicateObject took: (0.039958s)
[2014.12.24-14.37.03:093][976]LogPlayLevel: PIE: World Init took: (0.001260s)
[2014.12.24-14.37.03:094][976]LogPlayLevel: PIE: Created PIE world by copying editor world from /Game/Maps/Example_Map.Example_Map to /Game/Maps/UEDPIE_0_Example_Map.Example_Map (0.041574s)
[2014.12.24-14.37.03:138][976]LogWorld: Game class is 'MyGame_C'
[2014.12.24-14.37.03:139][976]LogAIModule: Creating AISystem for world Example_Map
[2014.12.24-14.37.03:144][976]LogWorld: Bringing World /Game/Maps/UEDPIE_0_Example_Map.Example_Map up for play (max tick rate 0) at 2014.12.24-16.37.03
[2014.12.24-14.37.03:144][976]LogWorld: Bringing up level for play took: 0.004842
[2014.12.24-14.37.03:147][976]PIE: Info Play in editor start time for /Game/Maps/UEDPIE_0_Example_Map -0.395
[2014.12.24-14.37.25:867][799]LogCharacterMovement: MyCharacter_C_8 is stuck and failed to move!
[2014.12.24-14.37.25:926][800]LogCharacterMovement: MyCharacter_C_8 is stuck and failed to move!
[2014.12.24-14.37.26:933][822]LogCharacterMovement: MyCharacter_C_8 is stuck and failed to move!
[2014.12.24-14.37.26:969][823]LogCharacterMovement: MyCharacter_C_8 is stuck and failed to move!
[2014.12.24-14.37.27:869][844]LogCharacterMovement: MyCharacter_C_8 is stuck and failed to move!
[2014.12.24-14.37.29:390][868]LogCharacterMovement: MyCharacter_C_8 is stuck and failed to move!
[2014.12.24-14.37.30:038][877]LogCharacterMovement: MyCharacter_C_8 is stuck and failed to move!
[2014.12.24-14.37.30:038][877]LogCharacterMovement: MyCharacter_C_8 is stuck and failed to move!
[2014.12.24-14.37.30:106][878]LogCharacterMovement: MyCharacter_C_8 is stuck and failed to move!
[2014.12.24-14.37.30:459][883]LogCharacterMovement: MyCharacter_C_8 is stuck and failed to move!
[2014.12.24-14.37.31:056][891]LogCharacterMovement: MyCharacter_C_8 is stuck and failed to move!
[2014.12.24-14.37.31:982][901]LogParticles: Destroying 0 GPU particle simulations for FXSystem 0x0000009C108027A0
[2014.12.24-14.37.33:270][931]LogPlayLevel: PIE:  No blueprints needed recompiling
[2014.12.24-14.37.33:270][931]PIE: New page: PIE session: Example_Map (Dec 24, 2014, 6:37:33 PM)
[2014.12.24-14.37.33:312][931]LogPlayLevel: PIE: StaticDuplicateObject took: (0.041619s)
[2014.12.24-14.37.33:313][931]LogPlayLevel: PIE: World Init took: (0.001632s)
[2014.12.24-14.37.33:314][931]LogPlayLevel: PIE: Created PIE world by copying editor world from /Game/Maps/Example_Map.Example_Map to /Game/Maps/UEDPIE_0_Example_Map.Example_Map (0.043650s)
[2014.12.24-14.37.33:354][931]LogWorld: Game class is 'MyGame_C'
[2014.12.24-14.37.33:355][931]LogAIModule: Creating AISystem for world Example_Map
[2014.12.24-14.37.33:360][931]LogWorld: Bringing World /Game/Maps/UEDPIE_0_Example_Map.Example_Map up for play (max tick rate 0) at 2014.12.24-16.37.33
[2014.12.24-14.37.33:361][931]LogWorld: Bringing up level for play took: 0.005225
[2014.12.24-14.37.33:363][931]PIE: Info Play in editor start time for /Game/Maps/UEDPIE_0_Example_Map -0.179
[2014.12.24-14.38.42:851][ 21]LogCharacterMovement: MyCharacter_C_9 is stuck and failed to move!
[2014.12.24-14.38.46:563][ 96]LogCharacterMovement: MyCharacter_C_9 is stuck and failed to move!
[2014.12.24-14.38.46:844][101]LogCharacterMovement: MyCharacter_C_9 is stuck and failed to move!
[2014.12.24-14.38.47:228][109]LogCharacterMovement: MyCharacter_C_9 is stuck and failed to move!
[2014.12.24-14.38.47:329][111]LogCharacterMovement: MyCharacter_C_9 is stuck and failed to move!
[2014.12.24-14.38.47:839][120]LogCharacterMovement: MyCharacter_C_9 is stuck and failed to move!
[2014.12.24-14.38.52:711][207]LogCharacterMovement: MyCharacter_C_9 is stuck and failed to move!
[2014.12.24-14.39.09:669][676]LogCharacterMovement: MyCharacter_C_9 is stuck and failed to move!
[2014.12.24-14.39.11:817][723]LogCharacterMovement: MyCharacter_C_9 is stuck and failed to move!
[2014.12.24-14.39.16:421][843]LogParticles: Destroying 0 GPU particle simulations for FXSystem 0x0000009C070BC360
[2014.12.24-14.39.22:419][952]Cmd: OBJ SAVEPACKAGE PACKAGE="/Game/Blueprints/MyCharacter" FILE="../../../../../Git/Try1/Nikita(Boss)/MyProject/Content/Blueprints/MyCharacter.uasset" SILENT=true
[2014.12.24-14.39.23:143][952]LogSavePackage: Save=683.037292ms
[2014.12.24-14.39.23:143][952]LogSavePackage: Moving '../../../../../Git/Try1/Nikita(Boss)/MyProject/Saved/MyCharacter86EF51DB4F00F7B3458ECABD51835F53.tmp' to '../../../../../Git/Try1/Nikita(Boss)/MyProject/Content/Blueprints/MyCharacter.uasset'
[2014.12.24-14.39.24:679][977]LogPlayLevel: PIE:  No blueprints needed recompiling
[2014.12.24-14.39.24:679][977]PIE: New page: PIE session: Example_Map (Dec 24, 2014, 6:39:24 PM)
[2014.12.24-14.39.24:726][977]LogPlayLevel: PIE: StaticDuplicateObject took: (0.046991s)
[2014.12.24-14.39.24:727][977]LogPlayLevel: PIE: World Init took: (0.000864s)
[2014.12.24-14.39.24:727][977]LogPlayLevel: PIE: Created PIE world by copying editor world from /Game/Maps/Example_Map.Example_Map to /Game/Maps/UEDPIE_0_Example_Map.Example_Map (0.048141s)
[2014.12.24-14.39.24:784][977]LogWorld: Game class is 'MyGame_C'
[2014.12.24-14.39.24:786][977]LogAIModule: Creating AISystem for world Example_Map
[2014.12.24-14.39.24:793][977]LogWorld: Bringing World /Game/Maps/UEDPIE_0_Example_Map.Example_Map up for play (max tick rate 0) at 2014.12.24-16.39.24
[2014.12.24-14.39.24:793][977]LogWorld: Bringing up level for play took: 0.007054
[2014.12.24-14.39.24:797][977]PIE: Info Play in editor start time for /Game/Maps/UEDPIE_0_Example_Map -0.744
[2014.12.24-14.40.24:546][235]LogActorComponent: UnregisterComponent: (/Engine/Transient.CharacterMovementComponent_7) Not registered. Aborting.
[2014.12.24-14.40.24:586][235]LogParticles: Destroying 0 GPU particle simulations for FXSystem 0x0000009C10304D60
[2014.12.24-14.40.24:587][235]LogParticles: Destroying 0 GPU particle simulations for FXSystem 0x0000009C72FA6FC0
[2014.12.24-14.41.15:130][765]LogCharacterMovement: MyCharacter_C_14 is stuck and failed to move!
[2014.12.24-14.41.15:207][767]LogCharacterMovement: MyCharacter_C_14 is stuck and failed to move!
[2014.12.24-14.41.16:735][802]LogCharacterMovement: MyCharacter_C_14 is stuck and failed to move!
[2014.12.24-14.41.17:012][808]LogCharacterMovement: MyCharacter_C_14 is stuck and failed to move!
[2014.12.24-14.42.50:242][753]LogCharacterMovement: MyCharacter_C_14 is stuck and failed to move!
[2014.12.24-14.42.50:417][757]LogCharacterMovement: MyCharacter_C_14 is stuck and failed to move!
[2014.12.24-14.42.53:221][826]LogCharacterMovement: MyCharacter_C_14 is stuck and failed to move!
[2014.12.24-14.43.02:651][119]LogParticles: Destroying 0 GPU particle simulations for FXSystem 0x0000009C0E0E11C0
[2014.12.24-14.43.08:595][282]LogPlayLevel: PIE:  No blueprints needed recompiling
[2014.12.24-14.43.08:596][282]PIE: New page: PIE session: Example_Map (Dec 24, 2014, 6:43:08 PM)
[2014.12.24-14.43.08:634][282]LogPlayLevel: PIE: StaticDuplicateObject took: (0.037648s)
[2014.12.24-14.43.08:636][282]LogPlayLevel: PIE: World Init took: (0.001132s)
[2014.12.24-14.43.08:636][282]LogPlayLevel: PIE: Created PIE world by copying editor world from /Game/Maps/Example_Map.Example_Map to /Game/Maps/UEDPIE_0_Example_Map.Example_Map (0.039136s)
[2014.12.24-14.43.08:676][282]LogWorld: Game class is 'MyGame_C'
[2014.12.24-14.43.08:678][282]LogAIModule: Creating AISystem for world Example_Map
[2014.12.24-14.43.08:684][282]LogWorld: Bringing World /Game/Maps/UEDPIE_0_Example_Map.Example_Map up for play (max tick rate 0) at 2014.12.24-16.43.08
[2014.12.24-14.43.08:684][282]LogWorld: Bringing up level for play took: 0.006395
[2014.12.24-14.43.08:688][282]PIE: Info Play in editor start time for /Game/Maps/UEDPIE_0_Example_Map -0.854
[2014.12.24-14.43.18:648][642]LogCharacterMovement: MyCharacter_C_15 is stuck and failed to move!
[2014.12.24-14.43.18:719][643]LogCharacterMovement: MyCharacter_C_15 is stuck and failed to move!
[2014.12.24-14.43.21:679][703]LogCharacterMovement: MyCharacter_C_15 is stuck and failed to move!
[2014.12.24-14.43.21:735][704]LogCharacterMovement: MyCharacter_C_15 is stuck and failed to move!
[2014.12.24-14.43.21:830][706]LogCharacterMovement: MyCharacter_C_15 is stuck and failed to move!
[2014.12.24-14.43.21:924][708]LogCharacterMovement: MyCharacter_C_15 is stuck and failed to move!
[2014.12.24-14.43.28:193][855]LogCharacterMovement: MyCharacter_C_15 is stuck and failed to move!
[2014.12.24-14.43.30:531][902]LogParticles: Destroying 0 GPU particle simulations for FXSystem 0x0000009C725FB100
[2014.12.24-14.43.52:174][548]LogEditorViewport: Clicking on Actor (LMB): DestructibleActor (cube_destractible_first)
[2014.12.24-14.44.16:455][265]LogPlayLevel: PIE:  No blueprints needed recompiling
[2014.12.24-14.44.16:455][265]PIE: New page: PIE session: Example_Map (Dec 24, 2014, 6:44:16 PM)
[2014.12.24-14.44.16:491][265]LogPlayLevel: PIE: StaticDuplicateObject took: (0.036582s)
[2014.12.24-14.44.16:493][265]LogPlayLevel: PIE: World Init took: (0.001224s)
[2014.12.24-14.44.16:493][265]LogPlayLevel: PIE: Created PIE world by copying editor world from /Game/Maps/Example_Map.Example_Map to /Game/Maps/UEDPIE_0_Example_Map.Example_Map (0.038258s)
[2014.12.24-14.44.16:536][265]LogWorld: Game class is 'MyGame_C'
[2014.12.24-14.44.16:538][265]LogAIModule: Creating AISystem for world Example_Map
[2014.12.24-14.44.16:543][265]LogWorld: Bringing World /Game/Maps/UEDPIE_0_Example_Map.Example_Map up for play (max tick rate 0) at 2014.12.24-16.44.16
[2014.12.24-14.44.16:543][265]LogWorld: Bringing up level for play took: 0.005287
[2014.12.24-14.44.16:546][265]PIE: Info Play in editor start time for /Game/Maps/UEDPIE_0_Example_Map 1.004
[2014.12.24-14.44.36:942][974]LogParticles: Destroying 0 GPU particle simulations for FXSystem 0x0000009C026687C0
[2014.12.24-14.45.11:350][182]LogPlayLevel: PIE:  No blueprints needed recompiling
[2014.12.24-14.45.11:350][182]PIE: New page: PIE session: Example_Map (Dec 24, 2014, 6:45:11 PM)
[2014.12.24-14.45.11:387][182]LogPlayLevel: PIE: StaticDuplicateObject took: (0.037128s)
[2014.12.24-14.45.11:389][182]LogPlayLevel: PIE: World Init took: (0.001236s)
[2014.12.24-14.45.11:389][182]LogPlayLevel: PIE: Created PIE world by copying editor world from /Game/Maps/Example_Map.Example_Map to /Game/Maps/UEDPIE_0_Example_Map.Example_Map (0.038718s)
[2014.12.24-14.45.11:436][182]LogWorld: Game class is 'MyGame_C'
[2014.12.24-14.45.11:437][182]LogAIModule: Creating AISystem for world Example_Map
[2014.12.24-14.45.11:442][182]LogWorld: Bringing World /Game/Maps/UEDPIE_0_Example_Map.Example_Map up for play (max tick rate 0) at 2014.12.24-16.45.11
[2014.12.24-14.45.11:443][182]LogWorld: Bringing up level for play took: 0.005401
[2014.12.24-14.45.11:445][182]PIE: Info Play in editor start time for /Game/Maps/UEDPIE_0_Example_Map -0.097
[2014.12.24-14.46.13:556][328]LogParticles: Destroying 0 GPU particle simulations for FXSystem 0x0000009C08FAA200
[2014.12.24-14.47.01:557][544]LogPlayLevel: PIE:  No blueprints needed recompiling
[2014.12.24-14.47.01:558][544]PIE: New page: PIE session: Example_Map (Dec 24, 2014, 6:47:01 PM)
[2014.12.24-14.47.01:600][544]LogPlayLevel: PIE: StaticDuplicateObject took: (0.041942s)
[2014.12.24-14.47.01:601][544]LogPlayLevel: PIE: World Init took: (0.001299s)
[2014.12.24-14.47.01:601][544]LogPlayLevel: PIE: Created PIE world by copying editor world from /Game/Maps/Example_Map.Example_Map to /Game/Maps/UEDPIE_0_Example_Map.Example_Map (0.043618s)
[2014.12.24-14.47.01:649][544]LogWorld: Game class is 'MyGame_C'
[2014.12.24-14.47.01:650][544]LogAIModule: Creating AISystem for world Example_Map
[2014.12.24-14.47.01:655][544]LogWorld: Bringing World /Game/Maps/UEDPIE_0_Example_Map.Example_Map up for play (max tick rate 0) at 2014.12.24-16.47.01
[2014.12.24-14.47.01:655][544]LogWorld: Bringing up level for play took: 0.004823
[2014.12.24-14.47.01:658][544]PIE: Info Play in editor start time for /Game/Maps/UEDPIE_0_Example_Map 0.116
[2014.12.24-14.47.21:712][151]LogActorComponent: UnregisterComponent: (/Engine/Transient.ProjectileMovementComponent_7) Not registered. Aborting.
[2014.12.24-14.47.21:712][151]LogActorComponent: UnregisterComponent: (/Engine/Transient.CharacterMovementComponent_8) Not registered. Aborting.
[2014.12.24-14.47.21:743][151]LogParticles: Destroying 0 GPU particle simulations for FXSystem 0x0000009C01570D60
[2014.12.24-14.47.31:606][473]LogEditorViewport: Clicking on Actor (LMB): BP_Sky_Sphere_C (SkySphereBlueprint)
[2014.12.24-14.47.51:189][ 46]LogPlayLevel: PIE:  No blueprints needed recompiling
[2014.12.24-14.47.51:189][ 46]PIE: New page: PIE session: Example_Map (Dec 24, 2014, 6:47:51 PM)
[2014.12.24-14.47.51:228][ 46]LogPlayLevel: PIE: StaticDuplicateObject took: (0.039364s)
[2014.12.24-14.47.51:230][ 46]LogPlayLevel: PIE: World Init took: (0.001152s)
[2014.12.24-14.47.51:230][ 46]LogPlayLevel: PIE: Created PIE world by copying editor world from /Game/Maps/Example_Map.Example_Map to /Game/Maps/UEDPIE_0_Example_Map.Example_Map (0.040850s)
[2014.12.24-14.47.51:278][ 46]LogWorld: Game class is 'MyGame_C'
[2014.12.24-14.47.51:281][ 46]LogAIModule: Creating AISystem for world Example_Map
[2014.12.24-14.47.51:287][ 46]LogWorld: Bringing World /Game/Maps/UEDPIE_0_Example_Map.Example_Map up for play (max tick rate 0) at 2014.12.24-16.47.51
[2014.12.24-14.47.51:288][ 46]LogWorld: Bringing up level for play took: 0.007441
[2014.12.24-14.47.51:292][ 46]PIE: Info Play in editor start time for /Game/Maps/UEDPIE_0_Example_Map -0.25
[2014.12.24-14.48.11:938][710]LogActorComponent: UnregisterComponent: (/Engine/Transient.ProjectileMovementComponent_8) Not registered. Aborting.
[2014.12.24-14.48.11:939][710]LogActorComponent: UnregisterComponent: (/Engine/Transient.CharacterMovementComponent_9) Not registered. Aborting.
[2014.12.24-14.48.11:970][710]LogParticles: Destroying 0 GPU particle simulations for FXSystem 0x0000009C0DE0BE20
[2014.12.24-14.48.15:004][766]LogContentBrowser:Verbose: The content browser source was changed by the sources view to '/Game/Character'
[2014.12.24-14.48.35:983][160]LogPlayLevel: PIE:  No blueprints needed recompiling
[2014.12.24-14.48.35:984][160]PIE: New page: PIE session: Example_Map (Dec 24, 2014, 6:48:35 PM)
[2014.12.24-14.48.36:030][160]LogPlayLevel: PIE: StaticDuplicateObject took: (0.045938s)
[2014.12.24-14.48.36:031][160]LogPlayLevel: PIE: World Init took: (0.001093s)
[2014.12.24-14.48.36:031][160]LogPlayLevel: PIE: Created PIE world by copying editor world from /Game/Maps/Example_Map.Example_Map to /Game/Maps/UEDPIE_0_Example_Map.Example_Map (0.047359s)
[2014.12.24-14.48.36:075][160]LogWorld: Game class is 'MyGame_C'
[2014.12.24-14.48.36:077][160]LogAIModule: Creating AISystem for world Example_Map
[2014.12.24-14.48.36:083][160]LogWorld: Bringing World /Game/Maps/UEDPIE_0_Example_Map.Example_Map up for play (max tick rate 0) at 2014.12.24-16.48.36
[2014.12.24-14.48.36:083][160]LogWorld: Bringing up level for play took: 0.006580
[2014.12.24-14.48.36:087][160]PIE: Info Play in editor start time for /Game/Maps/UEDPIE_0_Example_Map 0.545
[2014.12.24-14.48.46:068][405]LogCharacterMovement: MyCharacter_C_20 is stuck and failed to move!
[2014.12.24-14.48.46:127][406]LogCharacterMovement: MyCharacter_C_20 is stuck and failed to move!
[2014.12.24-14.48.46:177][407]LogCharacterMovement: MyCharacter_C_20 is stuck and failed to move!
[2014.12.24-14.48.46:234][408]LogCharacterMovement: MyCharacter_C_20 is stuck and failed to move!
[2014.12.24-14.48.46:273][409]LogCharacterMovement: MyCharacter_C_20 is stuck and failed to move!
[2014.12.24-14.48.46:320][410]LogCharacterMovement: MyCharacter_C_20 is stuck and failed to move!
[2014.12.24-14.48.46:437][413]LogCharacterMovement: MyCharacter_C_20 is stuck and failed to move!
[2014.12.24-14.48.46:553][416]LogCharacterMovement: MyCharacter_C_20 is stuck and failed to move!
[2014.12.24-14.48.46:594][417]LogCharacterMovement: MyCharacter_C_20 is stuck and failed to move!
[2014.12.24-14.48.46:637][418]LogCharacterMovement: MyCharacter_C_20 is stuck and failed to move!
[2014.12.24-14.48.46:672][419]LogCharacterMovement: MyCharacter_C_20 is stuck and failed to move!
[2014.12.24-14.48.46:716][420]LogCharacterMovement: MyCharacter_C_20 is stuck and failed to move!
[2014.12.24-14.48.56:983][664]LogActorComponent: UnregisterComponent: (/Engine/Transient.ProjectileMovementComponent_9) Not registered. Aborting.
[2014.12.24-14.48.56:983][664]LogActorComponent: UnregisterComponent: (/Engine/Transient.CharacterMovementComponent_10) Not registered. Aborting.
[2014.12.24-14.48.57:020][664]LogParticles: Destroying 0 GPU particle simulations for FXSystem 0x0000009C72D22DE0
[2014.12.24-14.49.05:405][795]LogPlayLevel: PIE:  No blueprints needed recompiling
[2014.12.24-14.49.05:405][795]PIE: New page: PIE session: Example_Map (Dec 24, 2014, 6:49:05 PM)
[2014.12.24-14.49.05:444][795]LogPlayLevel: PIE: StaticDuplicateObject took: (0.038695s)
[2014.12.24-14.49.05:445][795]LogPlayLevel: PIE: World Init took: (0.001071s)
[2014.12.24-14.49.05:446][795]LogPlayLevel: PIE: Created PIE world by copying editor world from /Game/Maps/Example_Map.Example_Map to /Game/Maps/UEDPIE_0_Example_Map.Example_Map (0.040138s)
[2014.12.24-14.49.05:488][795]LogWorld: Game class is 'MyGame_C'
[2014.12.24-14.49.05:490][795]LogAIModule: Creating AISystem for world Example_Map
[2014.12.24-14.49.05:497][795]LogWorld: Bringing World /Game/Maps/UEDPIE_0_Example_Map.Example_Map up for play (max tick rate 0) at 2014.12.24-16.49.05
[2014.12.24-14.49.05:497][795]LogWorld: Bringing up level for play took: 0.007386
[2014.12.24-14.49.05:501][795]PIE: Info Play in editor start time for /Game/Maps/UEDPIE_0_Example_Map -0.041
[2014.12.24-14.49.49:120][982]LogCharacterMovement: MyCharacter_C_21 is stuck and failed to move!
[2014.12.24-14.50.00:871][275]LogCharacterMovement: MyCharacter_C_21 is stuck and failed to move!
[2014.12.24-14.50.07:137][389]LogScript:Warning: Accessed None 'K2Node_DynamicCast_AsMyCharacter_C'
	Hud_C /Game/Maps/UEDPIE_0_Example_Map.Example_Map:PersistentLevel.Hud_C_11
	Function /Game/Blueprints/Hud.Hud_C:ExecuteUbergraph_Hud:032A
[2014.12.24-14.50.07:167][389]PIE:Error: Error Accessed None 'K2Node_DynamicCast_AsMyCharacter_C' from node Construction Script in blueprint Hud
[2014.12.24-14.50.07:229][390]LogScript:Warning: Accessed None 'K2Node_DynamicCast_AsMyCharacter_C'
	Hud_C /Game/Maps/UEDPIE_0_Example_Map.Example_Map:PersistentLevel.Hud_C_11
	Function /Game/Blueprints/Hud.Hud_C:ExecuteUbergraph_Hud:032A
[2014.12.24-14.50.07:229][390]PIE:Error: Error Accessed None 'K2Node_DynamicCast_AsMyCharacter_C' from node Construction Script in blueprint Hud
[2014.12.24-14.50.07:290][391]LogScript:Warning: Accessed None 'K2Node_DynamicCast_AsMyCharacter_C'
	Hud_C /Game/Maps/UEDPIE_0_Example_Map.Example_Map:PersistentLevel.Hud_C_11
	Function /Game/Blueprints/Hud.Hud_C:ExecuteUbergraph_Hud:032A
[2014.12.24-14.50.07:292][391]PIE:Error: Error Accessed None 'K2Node_DynamicCast_AsMyCharacter_C' from node Construction Script in blueprint Hud
[2014.12.24-14.50.07:345][392]LogScript:Warning: Accessed None 'K2Node_DynamicCast_AsMyCharacter_C'
	Hud_C /Game/Maps/UEDPIE_0_Example_Map.Example_Map:PersistentLevel.Hud_C_11
	Function /Game/Blueprints/Hud.Hud_C:ExecuteUbergraph_Hud:032A
[2014.12.24-14.50.07:346][392]PIE:Error: Error Accessed None 'K2Node_DynamicCast_AsMyCharacter_C' from node Construction Script in blueprint Hud
[2014.12.24-14.50.07:402][393]LogScript:Warning: Accessed None 'K2Node_DynamicCast_AsMyCharacter_C'
	Hud_C /Game/Maps/UEDPIE_0_Example_Map.Example_Map:PersistentLevel.Hud_C_11
	Function /Game/Blueprints/Hud.Hud_C:ExecuteUbergraph_Hud:032A
[2014.12.24-14.50.07:402][393]PIE:Error: Error Accessed None 'K2Node_DynamicCast_AsMyCharacter_C' from node Construction Script in blueprint Hud
[2014.12.24-14.50.07:455][394]LogScript:Warning: Accessed None 'K2Node_DynamicCast_AsMyCharacter_C'
	Hud_C /Game/Maps/UEDPIE_0_Example_Map.Example_Map:PersistentLevel.Hud_C_11
	Function /Game/Blueprints/Hud.Hud_C:ExecuteUbergraph_Hud:032A
[2014.12.24-14.50.07:455][394]PIE:Error: Error Accessed None 'K2Node_DynamicCast_AsMyCharacter_C' from node Construction Script in blueprint Hud
[2014.12.24-14.50.07:513][395]LogScript:Warning: Accessed None 'K2Node_DynamicCast_AsMyCharacter_C'
	Hud_C /Game/Maps/UEDPIE_0_Example_Map.Example_Map:PersistentLevel.Hud_C_11
	Function /Game/Blueprints/Hud.Hud_C:ExecuteUbergraph_Hud:032A
[2014.12.24-14.50.07:514][395]PIE:Error: Error Accessed None 'K2Node_DynamicCast_AsMyCharacter_C' from node Construction Script in blueprint Hud
[2014.12.24-14.50.07:566][396]LogScript:Warning: Accessed None 'K2Node_DynamicCast_AsMyCharacter_C'
	Hud_C /Game/Maps/UEDPIE_0_Example_Map.Example_Map:PersistentLevel.Hud_C_11
	Function /Game/Blueprints/Hud.Hud_C:ExecuteUbergraph_Hud:032A
[2014.12.24-14.50.07:566][396]PIE:Error: Error Accessed None 'K2Node_DynamicCast_AsMyCharacter_C' from node Construction Script in blueprint Hud
[2014.12.24-14.50.07:624][397]LogScript:Warning: Accessed None 'K2Node_DynamicCast_AsMyCharacter_C'
	Hud_C /Game/Maps/UEDPIE_0_Example_Map.Example_Map:PersistentLevel.Hud_C_11
	Function /Game/Blueprints/Hud.Hud_C:ExecuteUbergraph_Hud:032A
[2014.12.24-14.50.07:625][397]PIE:Error: Error Accessed None 'K2Node_DynamicCast_AsMyCharacter_C' from node Construction Script in blueprint Hud
[2014.12.24-14.50.07:678][398]LogScript:Warning: Accessed None 'K2Node_DynamicCast_AsMyCharacter_C'
	Hud_C /Game/Maps/UEDPIE_0_Example_Map.Example_Map:PersistentLevel.Hud_C_11
	Function /Game/Blueprints/Hud.Hud_C:ExecuteUbergraph_Hud:032A
[2014.12.24-14.50.07:678][398]PIE:Error: Error Accessed None 'K2Node_DynamicCast_AsMyCharacter_C' from node Construction Script in blueprint Hud
[2014.12.24-14.50.07:738][399]LogScript:Warning: Accessed None 'K2Node_DynamicCast_AsMyCharacter_C'
	Hud_C /Game/Maps/UEDPIE_0_Example_Map.Example_Map:PersistentLevel.Hud_C_11
	Function /Game/Blueprints/Hud.Hud_C:ExecuteUbergraph_Hud:032A
[2014.12.24-14.50.07:739][399]PIE:Error: Error Accessed None 'K2Node_DynamicCast_AsMyCharacter_C' from node Construction Script in blueprint Hud
[2014.12.24-14.50.07:806][400]LogScript:Warning: Accessed None 'K2Node_DynamicCast_AsMyCharacter_C'
	Hud_C /Game/Maps/UEDPIE_0_Example_Map.Example_Map:PersistentLevel.Hud_C_11
	Function /Game/Blueprints/Hud.Hud_C:ExecuteUbergraph_Hud:032A
[2014.12.24-14.50.07:806][400]PIE:Error: Error Accessed None 'K2Node_DynamicCast_AsMyCharacter_C' from node Construction Script in blueprint Hud
[2014.12.24-14.50.07:859][401]LogScript:Warning: Accessed None 'K2Node_DynamicCast_AsMyCharacter_C'
	Hud_C /Game/Maps/UEDPIE_0_Example_Map.Example_Map:PersistentLevel.Hud_C_11
	Function /Game/Blueprints/Hud.Hud_C:ExecuteUbergraph_Hud:032A
[2014.12.24-14.50.07:859][401]PIE:Error: Error Accessed None 'K2Node_DynamicCast_AsMyCharacter_C' from node Construction Script in blueprint Hud
[2014.12.24-14.50.07:919][402]LogScript:Warning: Accessed None 'K2Node_DynamicCast_AsMyCharacter_C'
	Hud_C /Game/Maps/UEDPIE_0_Example_Map.Example_Map:PersistentLevel.Hud_C_11
	Function /Game/Blueprints/Hud.Hud_C:ExecuteUbergraph_Hud:032A
[2014.12.24-14.50.07:919][402]PIE:Error: Error Accessed None 'K2Node_DynamicCast_AsMyCharacter_C' from node Construction Script in blueprint Hud
[2014.12.24-14.50.07:971][403]LogScript:Warning: Accessed None 'K2Node_DynamicCast_AsMyCharacter_C'
	Hud_C /Game/Maps/UEDPIE_0_Example_Map.Example_Map:PersistentLevel.Hud_C_11
	Function /Game/Blueprints/Hud.Hud_C:ExecuteUbergraph_Hud:032A
[2014.12.24-14.50.07:971][403]PIE:Error: Error Accessed None 'K2Node_DynamicCast_AsMyCharacter_C' from node Construction Script in blueprint Hud
[2014.12.24-14.50.08:097][404]LogParticles: Destroying 0 GPU particle simulations for FXSystem 0x0000009C05821A80
[2014.12.24-14.50.22:439][656]LogPlayLevel: PIE:  No blueprints needed recompiling
[2014.12.24-14.50.22:440][656]PIE: New page: PIE session: Example_Map (Dec 24, 2014, 6:50:22 PM)
[2014.12.24-14.50.22:480][656]LogPlayLevel: PIE: StaticDuplicateObject took: (0.040858s)
[2014.12.24-14.50.22:482][656]LogPlayLevel: PIE: World Init took: (0.001030s)
[2014.12.24-14.50.22:482][656]LogPlayLevel: PIE: Created PIE world by copying editor world from /Game/Maps/Example_Map.Example_Map to /Game/Maps/UEDPIE_0_Example_Map.Example_Map (0.042297s)
[2014.12.24-14.50.22:527][656]LogWorld: Game class is 'MyGame_C'
[2014.12.24-14.50.22:529][656]LogAIModule: Creating AISystem for world Example_Map
[2014.12.24-14.50.22:535][656]LogWorld: Bringing World /Game/Maps/UEDPIE_0_Example_Map.Example_Map up for play (max tick rate 0) at 2014.12.24-16.50.22
[2014.12.24-14.50.22:535][656]LogWorld: Bringing up level for play took: 0.006438
[2014.12.24-14.50.22:537][656]PIE: Info Play in editor start time for /Game/Maps/UEDPIE_0_Example_Map 0.996
[2014.12.24-14.50.51:855][659]LogParticles: Destroying 0 GPU particle simulations for FXSystem 0x0000009C11914F40
[2014.12.24-14.50.51:855][659]LogParticles: Destroying 0 GPU particle simulations for FXSystem 0x0000009C0D4E8D60
[2014.12.24-14.50.51:855][659]LogParticles: Destroying 0 GPU particle simulations for FXSystem 0x0000009C070BC5E0
[2014.12.24-14.50.51:907][660]LogParticles: Destroying 0 GPU particle simulations for FXSystem 0x0000009C7E7640E0
[2014.12.24-14.50.59:691][785]Cmd: QUIT_EDITOR
[2014.12.24-14.51.00:127][785]LogExit: Preparing to exit.
[2014.12.24-14.51.00:969][785]LogExit: Editor shut down
[2014.12.24-14.51.00:970][785]LogExit: Transaction tracking system shut down
[2014.12.24-14.51.00:972][785]LogParticles: Destroying 0 GPU particle simulations for FXSystem 0x0000009C7E28EE80
[2014.12.24-14.51.00:973][785]LogParticles: Destroying 0 GPU particle simulations for FXSystem 0x0000009C015725C0
[2014.12.24-14.51.00:973][785]LogParticles: Destroying 0 GPU particle simulations for FXSystem 0x0000009C04D07B00
[2014.12.24-14.51.00:973][785]LogParticles: Destroying 0 GPU particle simulations for FXSystem 0x0000009C04D07740
[2014.12.24-14.51.00:973][785]LogParticles: Destroying 0 GPU particle simulations for FXSystem 0x0000009C04D07560
[2014.12.24-14.51.01:012][785]LogParticles: Destroying 0 GPU particle simulations for FXSystem 0x0000009C73EA47C0
[2014.12.24-14.51.01:012][785]LogExit: Object subsystem successfully closed.
[2014.12.24-14.51.01:067][785]LogModuleManager: Shutting down and abandoning module AndroidDeviceDetection (166)
[2014.12.24-14.51.01:067][785]LogModuleManager: Shutting down and abandoning module CrashTracker (165)
[2014.12.24-14.51.01:067][785]LogModuleManager: Shutting down and abandoning module SuperSearch (164)
[2014.12.24-14.51.01:067][785]LogModuleManager: Shutting down and abandoning module SceneOutliner (163)
[2014.12.24-14.51.01:067][785]LogModuleManager: Shutting down and abandoning module EditorWidgets (162)
[2014.12.24-14.51.01:067][785]LogModuleManager: Shutting down and abandoning module CollectionManager (161)
[2014.12.24-14.51.01:067][785]LogModuleManager: Shutting down and abandoning module StatsViewer (160)
[2014.12.24-14.51.01:067][785]LogModuleManager: Shutting down and abandoning module FoliageEdit (159)
[2014.12.24-14.51.01:067][785]LogModuleManager: Shutting down and abandoning module LandscapeEditor (158)
[2014.12.24-14.51.01:068][785]LogModuleManager: Shutting down and abandoning module MeshPaint (157)
[2014.12.24-14.51.01:068][785]LogModuleManager: Shutting down and abandoning module ActorPickerMode (156)
[2014.12.24-14.51.01:068][785]LogModuleManager: Shutting down and abandoning module GeometryMode (155)
[2014.12.24-14.51.01:068][785]LogModuleManager: Shutting down and abandoning module TextureAlignMode (154)
[2014.12.24-14.51.01:068][785]LogModuleManager: Shutting down and abandoning module BspMode (153)
[2014.12.24-14.51.01:068][785]LogModuleManager: Shutting down and abandoning module PlacementMode (152)
[2014.12.24-14.51.01:068][785]LogModuleManager: Shutting down and abandoning module AutomationWorker (151)
[2014.12.24-14.51.01:068][785]LogModuleManager: Shutting down and abandoning module CharacterAI (150)
[2014.12.24-14.51.01:068][785]LogModuleManager: Shutting down and abandoning module GameProjectGeneration (149)
[2014.12.24-14.51.01:068][785]LogModuleManager: Shutting down and abandoning module IntroTutorials (148)
[2014.12.24-14.51.01:068][785]LogModuleManager: Shutting down and abandoning module EditorLiveStreaming (147)
[2014.12.24-14.51.01:068][785]LogModuleManager: Shutting down and abandoning module HardwareTargeting (146)
[2014.12.24-14.51.01:068][785]LogModuleManager: Shutting down and abandoning module BehaviorTreeEditor (145)
[2014.12.24-14.51.01:068][785]LogModuleManager: Shutting down and abandoning module DeviceProfileEditor (144)
[2014.12.24-14.51.01:068][785]LogModuleManager: Shutting down and abandoning module UndoHistory (143)
[2014.12.24-14.51.01:068][785]LogModuleManager: Shutting down and abandoning module GameplayTagsEditor (142)
[2014.12.24-14.51.01:068][785]LogModuleManager: Shutting down and abandoning module UserFeedback (141)
[2014.12.24-14.51.01:068][785]LogModuleManager: Shutting down and abandoning module XmlParser (140)
[2014.12.24-14.51.01:068][785]LogModuleManager: Shutting down and abandoning module Blutility (139)
[2014.12.24-14.51.01:068][785]LogModuleManager: Shutting down and abandoning module IOSPlatformEditor (138)
[2014.12.24-14.51.01:068][785]LogModuleManager: Shutting down and abandoning module IOSRuntimeSettings (137)
[2014.12.24-14.51.01:068][785]LogModuleManager: Shutting down and abandoning module AndroidPlatformEditor (136)
[2014.12.24-14.51.01:068][785]LogModuleManager: Shutting down and abandoning module AndroidRuntimeSettings (135)
[2014.12.24-14.51.01:068][785]LogModuleManager: Shutting down and abandoning module ProjectTargetPlatformEditor (134)
[2014.12.24-14.51.01:068][785]LogModuleManager: Shutting down and abandoning module ProjectSettingsViewer (133)
[2014.12.24-14.51.01:068][785]LogModuleManager: Shutting down and abandoning module InputBindingEditor (132)
[2014.12.24-14.51.01:068][785]LogModuleManager: Shutting down and abandoning module EditorSettingsViewer (131)
[2014.12.24-14.51.01:069][785]LogModuleManager: Shutting down and abandoning module SettingsEditor (130)
[2014.12.24-14.51.01:069][785]LogModuleManager: Shutting down and abandoning module ProjectLauncher (129)
[2014.12.24-14.51.01:069][785]LogModuleManager: Shutting down and abandoning module SessionFrontend (128)
[2014.12.24-14.51.01:069][785]LogModuleManager: Shutting down and abandoning module ProfilerClient (127)
[2014.12.24-14.51.01:069][785]LogModuleManager: Shutting down and abandoning module TargetDeviceServices (126)
[2014.12.24-14.51.01:069][785]LogModuleManager: Shutting down and abandoning module DeviceManager (125)
[2014.12.24-14.51.01:069][785]LogModuleManager: Shutting down and abandoning module AutomationController (124)
[2014.12.24-14.51.01:069][785]LogModuleManager: Shutting down and abandoning module AutomationWindow (123)
[2014.12.24-14.51.01:069][785]LogModuleManager: Shutting down and abandoning module Layers (122)
[2014.12.24-14.51.01:069][785]LogModuleManager: Shutting down and abandoning module ComponentVisualizers (121)
[2014.12.24-14.51.01:069][785]LogModuleManager: Shutting down and abandoning module DetailCustomizations (120)
[2014.12.24-14.51.01:069][785]LogModuleManager: Shutting down and abandoning module PackagesDialog (119)
[2014.12.24-14.51.01:069][785]LogModuleManager: Shutting down and abandoning module AssetRegistry (118)
[2014.12.24-14.51.01:148][785]LogModuleManager: Shutting down and abandoning module Persona (117)
[2014.12.24-14.51.01:148][785]LogModuleManager: Shutting down and abandoning module Kismet (116)
[2014.12.24-14.51.01:149][785]LogModuleManager: Shutting down and abandoning module GraphEditor (115)
[2014.12.24-14.51.01:149][785]LogModuleManager: Shutting down and abandoning module ClassViewer (114)
[2014.12.24-14.51.01:149][785]LogModuleManager: Shutting down and abandoning module Toolbox (113)
[2014.12.24-14.51.01:149][785]LogModuleManager: Shutting down and abandoning module ModuleUI (112)
[2014.12.24-14.51.01:149][785]LogModuleManager: Shutting down and abandoning module MovieSceneTools (111)
[2014.12.24-14.51.01:149][785]LogModuleManager: Shutting down and abandoning module OutputLog (110)
[2014.12.24-14.51.01:149][785]LogModuleManager: Shutting down and abandoning module GammaUI (109)
[2014.12.24-14.51.01:149][785]LogModuleManager: Shutting down and abandoning module Documentation (108)
[2014.12.24-14.51.01:149][785]LogModuleManager: Shutting down and abandoning module GameLiveStreaming (107)
[2014.12.24-14.51.01:149][785]LogModuleManager: Shutting down and abandoning module StreamingPauseRendering (106)
[2014.12.24-14.51.01:149][785]LogModuleManager: Shutting down and abandoning module HTTP (105)
[2014.12.24-14.51.01:149][785]LogModuleManager: Shutting down and abandoning module AnalyticsET (104)
[2014.12.24-14.51.01:149][785]LogModuleManager: Shutting down and abandoning module Analytics (103)
[2014.12.24-14.51.01:149][785]LogModuleManager: Shutting down and abandoning module GameplayDebugger (102)
[2014.12.24-14.51.01:149][785]LogModuleManager: Shutting down and abandoning module AIModule (101)
[2014.12.24-14.51.01:149][785]LogModuleManager: Shutting down and abandoning module ProfilerService (100)
[2014.12.24-14.51.01:203][785]LogModuleManager: Shutting down and abandoning module TaskGraph (99)
[2014.12.24-14.51.01:203][785]LogModuleManager: Shutting down and abandoning module SlateRemote (98)
[2014.12.24-14.51.01:203][785]LogModuleManager: Shutting down and abandoning module ScriptEditorPlugin (97)
[2014.12.24-14.51.01:203][785]LogModuleManager: Shutting down and abandoning module CustomMeshComponent (96)
[2014.12.24-14.51.01:203][785]LogModuleManager: Shutting down and abandoning module CableComponent (95)
[2014.12.24-14.51.01:203][785]LogModuleManager: Shutting down and abandoning module MessagingDebugger (94)
[2014.12.24-14.51.01:203][785]LogModuleManager: Shutting down and abandoning module MediaPlayerEditor (93)
[2014.12.24-14.51.01:203][785]LogModuleManager: Shutting down and abandoning module SpeedTreeImporter (92)
[2014.12.24-14.51.01:203][785]LogModuleManager: Shutting down and abandoning module PluginsEditor (91)
[2014.12.24-14.51.01:203][785]LogModuleManager: Shutting down and abandoning module EpicSurvey (90)
[2014.12.24-14.51.01:203][785]LogModuleManager: Shutting down and abandoning module DesktopPlatform (89)
[2014.12.24-14.51.01:203][785]LogModuleManager: Shutting down and abandoning module VisualStudioSourceCodeAccess (88)
[2014.12.24-14.51.01:203][785]LogModuleManager: Shutting down and abandoning module UObjectPlugin (87)
[2014.12.24-14.51.01:203][785]LogModuleManager: Shutting down and abandoning module SubversionSourceControl (86)
[2014.12.24-14.51.01:203][785]LogModuleManager: Shutting down and abandoning module SourceControl (85)
[2014.12.24-14.51.01:203][785]LogModuleManager: Shutting down and abandoning module PerforceSourceControl (84)
[2014.12.24-14.51.01:203][785]LogModuleManager: Shutting down and abandoning module BlankPlugin (83)
[2014.12.24-14.51.01:203][785]LogModuleManager: Shutting down and abandoning module SlateReflector (82)
[2014.12.24-14.51.01:203][785]LogModuleManager: Shutting down and abandoning module DirectoryWatcher (81)
[2014.12.24-14.51.01:203][785]LogModuleManager: Shutting down and abandoning module HotReload (80)
[2014.12.24-14.51.01:203][785]LogModuleManager: Shutting down and abandoning module MainFrame (79)
[2014.12.24-14.51.01:204][785]LogModuleManager: Shutting down and abandoning module LevelEditor (78)
[2014.12.24-14.51.01:205][785]LogModuleManager: Shutting down and abandoning module ViewportSnapping (77)
[2014.12.24-14.51.01:205][785]LogModuleManager: Shutting down and abandoning module SmartSnapping (76)
[2014.12.24-14.51.01:205][785]LogModuleManager: Shutting down and abandoning module PaperTiledImporter (75)
[2014.12.24-14.51.01:205][785]LogModuleManager: Shutting down and abandoning module PaperJsonImporter (74)
[2014.12.24-14.51.01:205][785]LogModuleManager: Shutting down and abandoning module ContentBrowser (73)
[2014.12.24-14.51.01:205][785]LogModuleManager: Shutting down and abandoning module PropertyEditor (72)
[2014.12.24-14.51.01:205][785]LogModuleManager: Shutting down and abandoning module Paper2DEditor (71)
[2014.12.24-14.51.01:205][785]LogModuleManager: Shutting down and abandoning module ScriptPlugin (70)
[2014.12.24-14.51.01:205][785]LogModuleManager: Shutting down and abandoning module UdpMessaging (69)
[2014.12.24-14.51.01:306][785]LogModuleManager: Shutting down and abandoning module Paper2D (68)
[2014.12.24-14.51.01:306][785]LogModuleManager: Shutting down and abandoning module WindowsMoviePlayer (67)
[2014.12.24-14.51.01:309][785]LogModuleManager: Shutting down and abandoning module Media (66)
[2014.12.24-14.51.01:309][785]LogModuleManager: Shutting down and abandoning module WmfMedia (65)
[2014.12.24-14.51.01:349][785]LogModuleManager: Shutting down and abandoning module OnlineBlueprintSupport (64)
[2014.12.24-14.51.01:349][785]LogModuleManager: Shutting down and abandoning module FunctionalTesting (63)
[2014.12.24-14.51.01:349][785]LogModuleManager: Shutting down and abandoning module CollisionAnalyzer (62)
[2014.12.24-14.51.01:349][785]LogModuleManager: Shutting down and abandoning module WorkspaceMenuStructure (61)
[2014.12.24-14.51.01:349][785]LogModuleManager: Shutting down and abandoning module MessageLog (60)
[2014.12.24-14.51.01:349][785]LogModuleManager: Shutting down and abandoning module Sequencer (59)
[2014.12.24-14.51.01:349][785]LogModuleManager: Shutting down and abandoning module AssetTools (58)
[2014.12.24-14.51.01:349][785]LogModuleManager: Shutting down and abandoning module UMGEditor (57)
[2014.12.24-14.51.01:349][785]LogModuleManager: Shutting down and abandoning module UMG (56)
[2014.12.24-14.51.01:349][785]LogModuleManager: Shutting down and abandoning module Slate (55)
[2014.12.24-14.51.01:349][785]LogModuleManager: Shutting down and abandoning module EditorStyle (54)
[2014.12.24-14.51.01:351][785]LogModuleManager: Shutting down and abandoning module SessionServices (53)
[2014.12.24-14.51.01:351][785]LogModuleManager: Shutting down and abandoning module SourceCodeAccess (52)
[2014.12.24-14.51.01:351][785]LogModuleManager: Shutting down and abandoning module HeadMountedDisplay (51)
[2014.12.24-14.51.01:351][785]LogModuleManager: Shutting down and abandoning module XAudio2 (50)
[2014.12.24-14.51.01:351][785]LogModuleManager: Shutting down and abandoning module Networking (48)
[2014.12.24-14.51.01:351][785]LogModuleManager: Shutting down and abandoning module Core (47)
[2014.12.24-14.51.01:351][785]LogModuleManager: Shutting down and abandoning module KismetCompiler (46)
[2014.12.24-14.51.01:351][785]LogModuleManager: Shutting down and abandoning module PhysXFormats (45)
[2014.12.24-14.51.01:351][785]LogModuleManager: Shutting down and abandoning module MeshUtilities (44)
[2014.12.24-14.51.01:351][785]LogModuleManager: Shutting down and abandoning module DerivedDataCache (43)
[2014.12.24-14.51.01:410][785]LogDerivedDataCache: Shutdown
[2014.12.24-14.51.01:410][785]LogModuleManager: Shutting down and abandoning module ShaderFormatOpenGL (42)
[2014.12.24-14.51.01:410][785]LogModuleManager: Shutting down and abandoning module ShaderFormatD3D (41)
[2014.12.24-14.51.01:410][785]LogModuleManager: Shutting down and abandoning module MetalShaderFormat (40)
[2014.12.24-14.51.01:410][785]LogModuleManager: Shutting down and abandoning module TextureFormatUncompressed (39)
[2014.12.24-14.51.01:410][785]LogModuleManager: Shutting down and abandoning module TextureFormatPVR (38)
[2014.12.24-14.51.01:410][785]LogModuleManager: Shutting down and abandoning module TextureFormatDXT (37)
[2014.12.24-14.51.01:410][785]LogModuleManager: Shutting down and abandoning module TextureFormatAndroid (36)
[2014.12.24-14.51.01:410][785]LogModuleManager: Shutting down and abandoning module AudioFormatOpus (35)
[2014.12.24-14.51.01:410][785]LogModuleManager: Shutting down and abandoning module AudioFormatOgg (34)
[2014.12.24-14.51.01:410][785]LogModuleManager: Shutting down and abandoning module AudioFormatADPCM (33)
[2014.12.24-14.51.01:410][785]LogModuleManager: Shutting down and abandoning module Messaging (32)
[2014.12.24-14.51.01:410][785]LogModuleManager: Shutting down and abandoning module IOSTargetPlatform (31)
[2014.12.24-14.51.01:410][785]LogModuleManager: Shutting down and abandoning module Android_PVRTCTargetPlatform (30)
[2014.12.24-14.51.01:410][785]LogModuleManager: Shutting down and abandoning module Android_ETC2TargetPlatform (29)
[2014.12.24-14.51.01:410][785]LogModuleManager: Shutting down and abandoning module Android_ETC1TargetPlatform (28)
[2014.12.24-14.51.01:410][785]LogModuleManager: Shutting down and abandoning module Android_DXTTargetPlatform (27)
[2014.12.24-14.51.01:410][785]LogModuleManager: Shutting down and abandoning module Android_ATCTargetPlatform (26)
[2014.12.24-14.51.01:410][785]LogModuleManager: Shutting down and abandoning module AndroidTargetPlatform (25)
[2014.12.24-14.51.01:410][785]LogModuleManager: Shutting down and abandoning module WindowsTargetPlatform (24)
[2014.12.24-14.51.01:410][785]LogModuleManager: Shutting down and abandoning module WindowsServerTargetPlatform (23)
[2014.12.24-14.51.01:410][785]LogModuleManager: Shutting down and abandoning module WindowsNoEditorTargetPlatform (22)
[2014.12.24-14.51.01:410][785]LogModuleManager: Shutting down and abandoning module WindowsClientTargetPlatform (21)
[2014.12.24-14.51.01:410][785]LogModuleManager: Shutting down and abandoning module TargetPlatform (20)
[2014.12.24-14.51.01:410][785]LogModuleManager: Shutting down and abandoning module InputCore (19)
[2014.12.24-14.51.01:410][785]LogModuleManager: Shutting down and abandoning module Settings (18)
[2014.12.24-14.51.01:410][785]LogModuleManager: Shutting down and abandoning module ImageWrapper (17)
[2014.12.24-14.51.01:410][785]LogModuleManager: Shutting down and abandoning module OculusRift (14)
[2014.12.24-14.51.01:410][785]LogModuleManager: Shutting down and abandoning module ExampleDeviceProfileSelector (13)
[2014.12.24-14.51.01:410][785]LogModuleManager: Shutting down and abandoning module TextureCompressor (12)
[2014.12.24-14.51.01:410][785]LogModuleManager: Shutting down and abandoning module ShaderCore (11)
[2014.12.24-14.51.01:410][785]LogModuleManager: Shutting down and abandoning module SlateRHIRenderer (10)
[2014.12.24-14.51.01:412][785]LogModuleManager: Shutting down and abandoning module OpenGLDrv (9)
[2014.12.24-14.51.01:412][785]LogModuleManager: Shutting down and abandoning module D3D11RHI (8)
[2014.12.24-14.51.01:412][785]LogModuleManager: Shutting down and abandoning module Renderer (7)
[2014.12.24-14.51.01:412][785]LogModuleManager: Shutting down and abandoning module Engine (6)
[2014.12.24-14.51.01:412][785]LogModuleManager: Shutting down and abandoning module CoreUObject (5)
[2014.12.24-14.51.01:412][785]LogModuleManager: Shutting down and abandoning module NetworkFile (4)
[2014.12.24-14.51.01:412][785]LogModuleManager: Shutting down and abandoning module StreamingFile (3)
[2014.12.24-14.51.01:412][785]LogModuleManager: Shutting down and abandoning module SandboxFile (2)
[2014.12.24-14.51.01:412][785]LogModuleManager: Shutting down and abandoning module PakFile (1)
[2014.12.24-14.51.01:413][785]LogExit: Exiting.
[2014.12.24-14.51.01:419][785]Log file closed, 12/24/14 16:51:01
