Log file open, 12/20/14 01:59:28
LogInit:Display: Running engine for game: MyProject
LogInit: Version: 4.5.1-2336687+++depot+UE4-Releases+4.5
LogInit: API Version: 2326478
LogInit: Compiled (64-bit): Oct 21 2014 22:32:40
LogInit: Compiled with Visual C++: 18.00.21005.01
LogInit: Build Configuration: Development
LogInit: Branch Name: ++depot+UE4-Releases+4.5
LogInit: Command line: 
LogInit: Base directory: F:/ExtraSoft/UnrealEngine/4.5/Engine/Binaries/Win64/
LogInit: Rocket: 1
[2014.12.19-23.59.28:781][  0]LogTaskGraph: Started task graph with 3 named threads and 4 total threads.
[2014.12.19-23.59.28:813][  0]LogOnline:Warning: No default platform service specified for OnlineSubsystem
[2014.12.19-23.59.28:834][  0]LogInit: Presizing for 0 objects not considered by GC, pre-allocating 0 bytes.
[2014.12.19-23.59.28:848][  0]LogInit: Object subsystem initialized
[2014.12.19-23.59.28:852][  0]LogConsoleResponse:Warning: Skipping Unknown console variable: 'UIScaleRule = ShortestSide'
[2014.12.19-23.59.28:852][  0]LogConsoleResponse:Warning:   Found in ini file 'F:/ExtraSoft/UnrealEngine/Projects/MyProject/Saved/Config/Windows/Engine.ini', in section '[/Script/Engine.RendererSettings]'
[2014.12.19-23.59.28:852][  0]LogConsoleResponse:Warning: Skipping Unknown console variable: 'UIScaleCurve = (EditorCurveData=(Keys=((Time=480.000000,Value=0.444000),(Time=720.000000,Value=0.666000),(Time=1080.000000,Value=1.000000),(Time=8640.000000,Value=8.000000))),ExternalCurve=None)'
[2014.12.19-23.59.28:852][  0]LogConsoleResponse:Warning:   Found in ini file 'F:/ExtraSoft/UnrealEngine/Projects/MyProject/Saved/Config/Windows/Engine.ini', in section '[/Script/Engine.RendererSettings]'
[2014.12.19-23.59.28:853][  0]LogInit: Selected Device Profile: [Windows]
[2014.12.19-23.59.28:853][  0]LogInit: Applying CVar settings loaded from the selected device profile: [Windows]
[2014.12.19-23.59.28:860][  0]LogInit: Computer: NIKPC
[2014.12.19-23.59.28:860][  0]LogInit: User: Nikita
[2014.12.19-23.59.28:862][  0]LogInit: CPU Page size=4096, Cores=2
[2014.12.19-23.59.28:862][  0]LogInit: High frequency timer resolution =1.753825 MHz
[2014.12.19-23.59.28:862][  0]LogMemory: Memory total: Physical=7.9GB (8GB approx) Virtual=131072.0GB
[2014.12.19-23.59.28:863][  0]LogMemory: Platform Memory Stats for Windows
[2014.12.19-23.59.28:863][  0]LogMemory: Process Physical Memory: 63.30 MB used, 63.30 MB peak
[2014.12.19-23.59.28:863][  0]LogMemory: Process Virtual Memory: 38.57 MB used, 38.57 MB peak
[2014.12.19-23.59.28:863][  0]LogMemory: Physical Memory: 3816.14 MB used, 8077.43 MB total
[2014.12.19-23.59.28:863][  0]LogMemory: Virtual Memory: 278.64 MB used, 134217728.00 MB total
[2014.12.19-23.59.29:341][  0]LogD3D11RHI: Found D3D11 adapter 0: Intel(R) HD Graphics 4000 (Feature Level 11_0)
[2014.12.19-23.59.29:341][  0]LogD3D11RHI: Adapter has 1988MB of dedicated video memory, 0MB of dedicated system memory, and 2048MB of shared system memory, 1 output[s]
[2014.12.19-23.59.29:358][  0]LogD3D11RHI: Found D3D11 adapter 1: NVIDIA GeForce GT 740M    (Feature Level 11_0)
[2014.12.19-23.59.29:358][  0]LogD3D11RHI: Adapter has 1988MB of dedicated video memory, 0MB of dedicated system memory, and 2048MB of shared system memory, 0 output[s]
[2014.12.19-23.59.29:359][  0]LogD3D11RHI: Found D3D11 adapter 2: Microsoft Basic Render Driver (Feature Level 11_0)
[2014.12.19-23.59.29:359][  0]LogD3D11RHI: Adapter has 1988MB of dedicated video memory, 0MB of dedicated system memory, and 2048MB of shared system memory, 0 output[s]
[2014.12.19-23.59.29:359][  0]LogD3D11RHI: Chosen D3D11 Adapter Id = 0
[2014.12.19-23.59.29:364][  0]LogRHI: Texture pool is 1361 MB (70% of 1945 MB)
[2014.12.19-23.59.29:378][  0]LogD3D11RHI: Async texture creation enabled
[2014.12.19-23.59.29:425][  0]LogTextLocalizationManager: The requested culture ('ru_RU') has no localization data; falling back to 'en' for localization and internationalization data.
[2014.12.19-23.59.29:636][  0]LogContentStreaming: Texture pool size is 0.000000MB
[2014.12.19-23.59.35:668][  0]LogTargetPlatformManager:Display: Building Assets For Windows
[2014.12.19-23.59.36:293][  0]LogTargetPlatformManager:Display: Building Assets For Windows
[2014.12.19-23.59.36:358][  0]LogDerivedDataCache:Display: Max Cache Size: 512 MB
[2014.12.19-23.59.36:412][  0]LogDerivedDataCache: Loaded boot cache 0.05s 39MB C:/Users/Nikita/AppData/Local/UnrealEngine/4.5/DerivedDataCache/Boot.ddc.
[2014.12.19-23.59.36:412][  0]LogDerivedDataCache:Display: Loaded Boot cache: C:/Users/Nikita/AppData/Local/UnrealEngine/4.5/DerivedDataCache/Boot.ddc
[2014.12.19-23.59.36:412][  0]LogDerivedDataCache: FDerivedDataBackendGraph:  Pak pak cache file ../../../../Projects/MyProject/DerivedDataCache/DDC.ddp not found, will not use a pak cache.
[2014.12.19-23.59.36:412][  0]LogDerivedDataCache: Unable to find inner node Pak for hierarchical cache Hierarchy.
[2014.12.19-23.59.36:499][  0]LogDerivedDataCache:Display: Pak cache opened for reading ../../../Engine/DerivedDataCache/DDC.ddp.
[2014.12.19-23.59.36:511][  0]LogDerivedDataCache: Using Local data cache path C:/Users/Nikita/AppData/Local/UnrealEngine/Common/DerivedDataCache: Writable
[2014.12.19-23.59.36:729][  0]LogMeshUtilities: No automatic mesh reduction module available
[2014.12.19-23.59.36:729][  0]LogMeshUtilities: No automatic mesh merging module available
[2014.12.19-23.59.37:009][  0]LogLinker:Warning: Asset '../../../Engine/Content/Functions/Engine_MaterialFunctions02/Texturing/FlipBook.uasset' has been saved with empty engine version. The asset will be loaded but may be incompatible.
[2014.12.19-23.59.37:014][  0]LogLinker:Warning: Asset '../../../Engine/Content/Functions/Engine_MaterialFunctions02/ExampleContent/Textures/flipbook.uasset' has been saved with empty engine version. The asset will be loaded but may be incompatible.
[2014.12.19-23.59.37:228][  0]LogInit: WinSock: version 1.1 (2.2), MaxSocks=32767, MaxUdp=65467
[2014.12.19-23.59.38:191][  0]UdpMessaging: Initializing bridge on interface 0.0.0.0:0 to multicast group 230.0.0.1:6666.
[2014.12.19-23.59.38:379][  0]LogDirectoryWatcher:Warning: Failed to begin reading directory changes for F:/ExtraSoft/UnrealEngine/Projects/MyProject/Binaries/Win64. Error: 0
[2014.12.19-23.59.38:546][  0]SourceControl: Info Source control is disabled
[2014.12.19-23.59.38:546][  0]SourceControl: Info Source control is disabled
[2014.12.19-23.59.38:556][  0]SourceControl: Info Source control is disabled
[2014.12.19-23.59.38:687][  0]LogObj: 22915 objects as part of root set at end of initial load.
[2014.12.19-23.59.38:687][  0]LogUObjectAllocator: 4803544 out of 0 bytes used by permanent object pool.
[2014.12.19-23.59.38:755][  0]LogEngine: Initializing Engine...
[2014.12.19-23.59.38:930][  0]LogInit: XAudio2 using 'Headphones (High Definition Audio Device)' : 2 channels at 44.1 kHz using 16 bits per sample (channel mask 0x3)
[2014.12.19-23.59.38:941][  0]LogInit: FAudioDevice initialized.
[2014.12.19-23.59.38:965][  0]LogAIModule: Creating AISystem for world NewWorld
[2014.12.19-23.59.38:989][  0]LogDerivedDataCache: Saved boot cache 0.02s 39MB C:/Users/Nikita/AppData/Local/UnrealEngine/4.5/DerivedDataCache/Boot.ddc.
[2014.12.19-23.59.39:069][  0]LogInit: Texture streaming: Enabled
[2014.12.19-23.59.39:122][  0]LogInit: Transaction tracking system initialized
[2014.12.19-23.59.39:227][  0]BlueprintLog: New page: Editor Load
[2014.12.19-23.59.39:262][  0]LogAssetRegistry: FAssetRegistry took 0.0112 seconds to start up
[2014.12.19-23.59.39:262][  0]LogDirectoryWatcher:Warning: Failed to begin reading directory changes for ../../../Engine/Plugins/Experimental/CharacterAI/Content/. Error: 0
[2014.12.19-23.59.40:044][  0]LogTargetPlatformManager:Display: Building Assets For Windows
[2014.12.19-23.59.40:549][  0]LogTargetPlatformManager:Display: Building Assets For Windows
[2014.12.19-23.59.40:837][  0]LogConsoleResponse:Display: 
[2014.12.19-23.59.41:094][  0]SourceControl: Info Source control is disabled
[2014.12.19-23.59.41:094][  0]Cmd: MAP LOAD FILE="../../../../Projects/MyProject/Content/Maps/Example_Map.umap" TEMPLATE=0 SHOWPROGRESS=1
[2014.12.19-23.59.41:095][  0]LightingResults: New page: Lighting Build
[2014.12.19-23.59.41:110][  0]MapCheck: New page: Map Check
[2014.12.19-23.59.41:110][  0]LightingResults: New page: Lighting Build
[2014.12.19-23.59.41:132][  0]LogParticles: Destroying 0 GPU particle simulations for FXSystem 0x0000004A4330E840
[2014.12.19-23.59.41:527][  0]LogEditorServer: Finished looking for orphan Actors (0.000 secs)
[2014.12.19-23.59.41:527][  0]LogAIModule: Creating AISystem for world Example_Map
[2014.12.19-23.59.41:528][  0]Cmd: MAP CHECKDEP
[2014.12.19-23.59.41:528][  0]MapCheck: New page: Example_Map - Dec 20, 2014, 3:59:41 AM
[2014.12.19-23.59.41:659][  0]MapCheck: Info Map check complete: 0 Error(s), 0 Warning(s), took 130.848ms to complete.
[2014.12.19-23.59.41:659][  0]LogFileHelpers: Loading map 'Example_Map' took 0.565
[2014.12.19-23.59.41:749][  0]LogCollectionManager: Loaded 0 collections in 0.001534 seconds
[2014.12.19-23.59.41:895][  0]LogCrashTracker: Crashtracker disabled due to settings.
[2014.12.19-23.59.41:934][  0]LogUObjectGlobals:Warning: Failed to find object 'Class None.'
[2014.12.19-23.59.41:966][  0]LogLoad: Full Startup: 15.72 seconds (BP compile: 0.09 seconds)
[2014.12.19-23.59.41:980][  0]LogContentBrowser:Verbose: The content browser source was changed by the sources view to '/Game/Blueprints'
[2014.12.19-23.59.42:162][  0]LogRenderer:Warning: Reallocating scene render targets to support 808x592.
[2014.12.19-23.59.43:636][  5]LogAssetRegistry: Asset discovery search completed in 4.3854 seconds
[2014.12.20-00.00.56:128][632]BlueprintLog: New page: Pre-PIE auto-recompile
[2014.12.20-00.00.56:128][632]LogPlayLevel: [PIE] Compiling Tutorial_BP_MacroLib before PIE...
[2014.12.20-00.00.56:240][632]LogPlayLevel: PIE:  Blueprint regeneration took 111 ms (1 blueprints)
[2014.12.20-00.00.56:240][632]PIE: New page: PIE session: Example_Map (Dec 20, 2014, 4:00:56 AM)
[2014.12.20-00.00.56:280][632]LogPlayLevel: PIE: StaticDuplicateObject took: (0.040009s)
[2014.12.20-00.00.56:282][632]LogPlayLevel: PIE: World Init took: (0.001099s)
[2014.12.20-00.00.56:282][632]LogPlayLevel: PIE: Created PIE world by copying editor world from /Game/Maps/Example_Map.Example_Map to /Game/Maps/UEDPIE_0_Example_Map.Example_Map (0.041470s)
[2014.12.20-00.00.56:834][632]BlueprintLog:Warning: Warning Blueprint MyHUD has been migrated and requires re-saving to avoid import errors
[2014.12.20-00.00.56:835][632]BlueprintLog:Warning: Warning Blueprint MyGame has been migrated and requires re-saving to avoid import errors
[2014.12.20-00.00.56:837][632]LogWorld: Game class is 'MyGame_C'
[2014.12.20-00.00.56:839][632]LogAIModule: Creating AISystem for world Example_Map
[2014.12.20-00.00.57:274][632]LogWorld: Bringing World /Game/Maps/UEDPIE_0_Example_Map.Example_Map up for play (max tick rate 0) at 2014.12.20-02.00.57
[2014.12.20-00.00.57:274][632]LogWorld: Bringing up level for play took: 0.434303
[2014.12.20-00.00.57:279][632]PIE: Info Play in editor start time for /Game/Maps/UEDPIE_0_Example_Map 1.195
[2014.12.20-00.01.48:032][ 49]LogActorComponent: UnregisterComponent: (/Engine/Transient.CharacterMovementComponent_0) Not registered. Aborting.
[2014.12.20-00.01.48:032][ 49]LogActorComponent: UnregisterComponent: (/Engine/Transient.ProjectileMovementComponent_0) Not registered. Aborting.
[2014.12.20-00.01.48:067][ 49]LogParticles: Destroying 0 GPU particle simulations for FXSystem 0x0000004A3C4B4220
[2014.12.20-00.01.48:068][ 49]LogParticles: Destroying 0 GPU particle simulations for FXSystem 0x0000004A47F7CC20
[2014.12.20-00.02.01:157][334]Cmd: OBJ SAVEPACKAGE PACKAGE="/Game/Blueprints/MyCharacter" FILE="../../../../Projects/MyProject/Content/Blueprints/MyCharacter.uasset" SILENT=true
[2014.12.20-00.02.01:720][334]LogSavePackage: Save=545.302979ms
[2014.12.20-00.02.01:720][334]LogSavePackage: Moving '../../../../Projects/MyProject/Saved/MyCharacterF2885AF2415D28704CB1E8834609058E.tmp' to '../../../../Projects/MyProject/Content/Blueprints/MyCharacter.uasset'
[2014.12.20-00.02.07:135][468]BlueprintLog: New page: Pre-PIE auto-recompile
[2014.12.20-00.02.07:135][468]LogPlayLevel: [PIE] Compiling MyCharacter before PIE...
[2014.12.20-00.02.07:253][468]LogActorComponent: UnregisterComponent: (/Engine/Transient.CharacterMovementComponent_1) Not registered. Aborting.
[2014.12.20-00.02.07:282][468]LogParticles: Destroying 0 GPU particle simulations for FXSystem 0x0000004A3A160720
[2014.12.20-00.02.07:287][468]LogPlayLevel: PIE:  Blueprint regeneration took 152 ms (1 blueprints)
[2014.12.20-00.02.07:287][468]PIE: New page: PIE session: Example_Map (Dec 20, 2014, 4:02:07 AM)
[2014.12.20-00.02.07:331][468]LogPlayLevel: PIE: StaticDuplicateObject took: (0.043015s)
[2014.12.20-00.02.07:332][468]LogPlayLevel: PIE: World Init took: (0.001070s)
[2014.12.20-00.02.07:332][468]LogPlayLevel: PIE: Created PIE world by copying editor world from /Game/Maps/Example_Map.Example_Map to /Game/Maps/UEDPIE_0_Example_Map.Example_Map (0.044384s)
[2014.12.20-00.02.07:380][468]LogWorld: Game class is 'MyGame_C'
[2014.12.20-00.02.07:381][468]LogAIModule: Creating AISystem for world Example_Map
[2014.12.20-00.02.07:385][468]LogWorld: Bringing World /Game/Maps/UEDPIE_0_Example_Map.Example_Map up for play (max tick rate 0) at 2014.12.20-02.02.07
[2014.12.20-00.02.07:386][468]LogWorld: Bringing up level for play took: 0.004676
[2014.12.20-00.02.07:389][468]PIE: Info Play in editor start time for /Game/Maps/UEDPIE_0_Example_Map -0.695
[2014.12.20-00.02.13:671][681]LogActorComponent: UnregisterComponent: (/Engine/Transient.CharacterMovementComponent_2) Not registered. Aborting.
[2014.12.20-00.02.13:735][682]LogParticles: Destroying 0 GPU particle simulations for FXSystem 0x0000004A3B3A9BC0
[2014.12.20-00.02.44:416][565]LogEditorViewport: Clicking on Actor (LMB): LightmassImportanceVolume (LightmassImportanceVolume)
[2014.12.20-00.02.54:904][776]Cmd: OBJ SAVEPACKAGE PACKAGE="/Game/Blueprints/MyCharacter" FILE="../../../../Projects/MyProject/Content/Blueprints/MyCharacter.uasset" SILENT=true
[2014.12.20-00.02.55:423][776]LogSavePackage: Save=502.501099ms
[2014.12.20-00.02.55:423][776]LogSavePackage: Moving '../../../../Projects/MyProject/Saved/MyCharacter2FE815B244F9E49C2539829B4EEF7DCD.tmp' to '../../../../Projects/MyProject/Content/Blueprints/MyCharacter.uasset'
[2014.12.20-00.02.58:358][850]BlueprintLog: New page: Pre-PIE auto-recompile
[2014.12.20-00.02.58:460][850]LogActorComponent: UnregisterComponent: (/Engine/Transient.CharacterMovementComponent_3) Not registered. Aborting.
[2014.12.20-00.02.58:460][850]LogActorComponent: UnregisterComponent: (/Engine/Transient.ProjectileMovementComponent_1) Not registered. Aborting.
[2014.12.20-00.02.58:460][850]LogPlayLevel: [PIE] Compiling MyCharacter before PIE...
[2014.12.20-00.02.58:838][850]LogPlayLevel: PIE:  Blueprint regeneration took 480 ms (1 blueprints)
[2014.12.20-00.02.58:839][850]PIE: New page: PIE session: Example_Map (Dec 20, 2014, 4:02:58 AM)
[2014.12.20-00.02.58:885][850]LogPlayLevel: PIE: StaticDuplicateObject took: (0.046645s)
[2014.12.20-00.02.58:887][850]LogPlayLevel: PIE: World Init took: (0.001103s)
[2014.12.20-00.02.58:887][850]LogPlayLevel: PIE: Created PIE world by copying editor world from /Game/Maps/Example_Map.Example_Map to /Game/Maps/UEDPIE_0_Example_Map.Example_Map (0.048098s)
[2014.12.20-00.02.58:931][850]LogWorld: Game class is 'MyGame_C'
[2014.12.20-00.02.58:933][850]LogAIModule: Creating AISystem for world Example_Map
[2014.12.20-00.02.58:937][850]LogWorld: Bringing World /Game/Maps/UEDPIE_0_Example_Map.Example_Map up for play (max tick rate 0) at 2014.12.20-02.02.58
[2014.12.20-00.02.58:938][850]LogWorld: Bringing up level for play took: 0.004473
[2014.12.20-00.02.58:941][850]PIE: Info Play in editor start time for /Game/Maps/UEDPIE_0_Example_Map 0.858
[2014.12.20-00.03.06:715][121]LogActorComponent: UnregisterComponent: (/Engine/Transient.CharacterMovementComponent_4) Not registered. Aborting.
[2014.12.20-00.03.06:782][122]LogParticles: Destroying 0 GPU particle simulations for FXSystem 0x0000004A49460C20
[2014.12.20-00.07.48:343][493]LogWindows: LaunchURL https://docs.unrealengine.com/latest/INT/Resources/ContentExamples/Volumes/index.html
[2014.12.20-00.08.05:442][578]LogActorComponent: UnregisterComponent: (/Engine/Transient.CharacterMovementComponent_5) Not registered. Aborting.
[2014.12.20-00.08.05:442][578]LogActorComponent: UnregisterComponent: (/Engine/Transient.ProjectileMovementComponent_2) Not registered. Aborting.
[2014.12.20-00.08.05:470][578]LogParticles: Destroying 0 GPU particle simulations for FXSystem 0x0000004A4B754AE0
[2014.12.20-00.08.06:339][579]Cmd: QUIT_EDITOR
[2014.12.20-00.08.06:794][579]LogExit: Preparing to exit.
[2014.12.20-00.08.07:599][579]LogExit: Editor shut down
[2014.12.20-00.08.07:600][579]LogExit: Transaction tracking system shut down
[2014.12.20-00.08.07:601][579]LogParticles: Destroying 0 GPU particle simulations for FXSystem 0x0000004A3B15A980
[2014.12.20-00.08.07:602][579]LogParticles: Destroying 0 GPU particle simulations for FXSystem 0x0000004A39B01120
[2014.12.20-00.08.07:602][579]LogParticles: Destroying 0 GPU particle simulations for FXSystem 0x0000004A4DEB13A0
[2014.12.20-00.08.07:630][579]LogExit: Object subsystem successfully closed.
[2014.12.20-00.08.07:685][579]LogModuleManager: Shutting down and abandoning module ExternalImagePicker (167)
[2014.12.20-00.08.07:685][579]LogModuleManager: Shutting down and abandoning module AndroidDeviceDetection (166)
[2014.12.20-00.08.07:685][579]LogModuleManager: Shutting down and abandoning module CrashTracker (165)
[2014.12.20-00.08.07:685][579]LogModuleManager: Shutting down and abandoning module SuperSearch (164)
[2014.12.20-00.08.07:685][579]LogModuleManager: Shutting down and abandoning module SceneOutliner (163)
[2014.12.20-00.08.07:685][579]LogModuleManager: Shutting down and abandoning module EditorWidgets (162)
[2014.12.20-00.08.07:685][579]LogModuleManager: Shutting down and abandoning module CollectionManager (161)
[2014.12.20-00.08.07:685][579]LogModuleManager: Shutting down and abandoning module StatsViewer (160)
[2014.12.20-00.08.07:685][579]LogModuleManager: Shutting down and abandoning module FoliageEdit (159)
[2014.12.20-00.08.07:685][579]LogModuleManager: Shutting down and abandoning module LandscapeEditor (158)
[2014.12.20-00.08.07:686][579]LogModuleManager: Shutting down and abandoning module MeshPaint (157)
[2014.12.20-00.08.07:686][579]LogModuleManager: Shutting down and abandoning module ActorPickerMode (156)
[2014.12.20-00.08.07:686][579]LogModuleManager: Shutting down and abandoning module GeometryMode (155)
[2014.12.20-00.08.07:686][579]LogModuleManager: Shutting down and abandoning module TextureAlignMode (154)
[2014.12.20-00.08.07:686][579]LogModuleManager: Shutting down and abandoning module BspMode (153)
[2014.12.20-00.08.07:686][579]LogModuleManager: Shutting down and abandoning module PlacementMode (152)
[2014.12.20-00.08.07:686][579]LogModuleManager: Shutting down and abandoning module AutomationWorker (151)
[2014.12.20-00.08.07:686][579]LogModuleManager: Shutting down and abandoning module CharacterAI (150)
[2014.12.20-00.08.07:686][579]LogModuleManager: Shutting down and abandoning module GameProjectGeneration (149)
[2014.12.20-00.08.07:686][579]LogModuleManager: Shutting down and abandoning module IntroTutorials (148)
[2014.12.20-00.08.07:686][579]LogModuleManager: Shutting down and abandoning module EditorLiveStreaming (147)
[2014.12.20-00.08.07:686][579]LogModuleManager: Shutting down and abandoning module HardwareTargeting (146)
[2014.12.20-00.08.07:686][579]LogModuleManager: Shutting down and abandoning module BehaviorTreeEditor (145)
[2014.12.20-00.08.07:686][579]LogModuleManager: Shutting down and abandoning module DeviceProfileEditor (144)
[2014.12.20-00.08.07:686][579]LogModuleManager: Shutting down and abandoning module UndoHistory (143)
[2014.12.20-00.08.07:686][579]LogModuleManager: Shutting down and abandoning module GameplayTagsEditor (142)
[2014.12.20-00.08.07:686][579]LogModuleManager: Shutting down and abandoning module UserFeedback (141)
[2014.12.20-00.08.07:686][579]LogModuleManager: Shutting down and abandoning module XmlParser (140)
[2014.12.20-00.08.07:686][579]LogModuleManager: Shutting down and abandoning module Blutility (139)
[2014.12.20-00.08.07:686][579]LogModuleManager: Shutting down and abandoning module IOSPlatformEditor (138)
[2014.12.20-00.08.07:686][579]LogModuleManager: Shutting down and abandoning module IOSRuntimeSettings (137)
[2014.12.20-00.08.07:686][579]LogModuleManager: Shutting down and abandoning module AndroidPlatformEditor (136)
[2014.12.20-00.08.07:686][579]LogModuleManager: Shutting down and abandoning module AndroidRuntimeSettings (135)
[2014.12.20-00.08.07:686][579]LogModuleManager: Shutting down and abandoning module ProjectTargetPlatformEditor (134)
[2014.12.20-00.08.07:686][579]LogModuleManager: Shutting down and abandoning module ProjectSettingsViewer (133)
[2014.12.20-00.08.07:686][579]LogModuleManager: Shutting down and abandoning module InputBindingEditor (132)
[2014.12.20-00.08.07:686][579]LogModuleManager: Shutting down and abandoning module EditorSettingsViewer (131)
[2014.12.20-00.08.07:686][579]LogModuleManager: Shutting down and abandoning module SettingsEditor (130)
[2014.12.20-00.08.07:686][579]LogModuleManager: Shutting down and abandoning module ProjectLauncher (129)
[2014.12.20-00.08.07:687][579]LogModuleManager: Shutting down and abandoning module SessionFrontend (128)
[2014.12.20-00.08.07:687][579]LogModuleManager: Shutting down and abandoning module ProfilerClient (127)
[2014.12.20-00.08.07:687][579]LogModuleManager: Shutting down and abandoning module TargetDeviceServices (126)
[2014.12.20-00.08.07:687][579]LogModuleManager: Shutting down and abandoning module DeviceManager (125)
[2014.12.20-00.08.07:687][579]LogModuleManager: Shutting down and abandoning module AutomationController (124)
[2014.12.20-00.08.07:687][579]LogModuleManager: Shutting down and abandoning module AutomationWindow (123)
[2014.12.20-00.08.07:687][579]LogModuleManager: Shutting down and abandoning module Layers (122)
[2014.12.20-00.08.07:687][579]LogModuleManager: Shutting down and abandoning module ComponentVisualizers (121)
[2014.12.20-00.08.07:687][579]LogModuleManager: Shutting down and abandoning module DetailCustomizations (120)
[2014.12.20-00.08.07:687][579]LogModuleManager: Shutting down and abandoning module PackagesDialog (119)
[2014.12.20-00.08.07:687][579]LogModuleManager: Shutting down and abandoning module AssetRegistry (118)
[2014.12.20-00.08.07:726][579]LogModuleManager: Shutting down and abandoning module Persona (117)
[2014.12.20-00.08.07:726][579]LogModuleManager: Shutting down and abandoning module Kismet (116)
[2014.12.20-00.08.07:726][579]LogModuleManager: Shutting down and abandoning module GraphEditor (115)
[2014.12.20-00.08.07:726][579]LogModuleManager: Shutting down and abandoning module ClassViewer (114)
[2014.12.20-00.08.07:726][579]LogModuleManager: Shutting down and abandoning module Toolbox (113)
[2014.12.20-00.08.07:726][579]LogModuleManager: Shutting down and abandoning module ModuleUI (112)
[2014.12.20-00.08.07:726][579]LogModuleManager: Shutting down and abandoning module MovieSceneTools (111)
[2014.12.20-00.08.07:726][579]LogModuleManager: Shutting down and abandoning module OutputLog (110)
[2014.12.20-00.08.07:726][579]LogModuleManager: Shutting down and abandoning module GammaUI (109)
[2014.12.20-00.08.07:726][579]LogModuleManager: Shutting down and abandoning module Documentation (108)
[2014.12.20-00.08.07:726][579]LogModuleManager: Shutting down and abandoning module GameLiveStreaming (107)
[2014.12.20-00.08.07:726][579]LogModuleManager: Shutting down and abandoning module StreamingPauseRendering (106)
[2014.12.20-00.08.07:726][579]LogModuleManager: Shutting down and abandoning module HTTP (105)
[2014.12.20-00.08.07:726][579]LogModuleManager: Shutting down and abandoning module AnalyticsET (104)
[2014.12.20-00.08.07:726][579]LogModuleManager: Shutting down and abandoning module Analytics (103)
[2014.12.20-00.08.07:726][579]LogModuleManager: Shutting down and abandoning module GameplayDebugger (102)
[2014.12.20-00.08.07:726][579]LogModuleManager: Shutting down and abandoning module AIModule (101)
[2014.12.20-00.08.07:726][579]LogModuleManager: Shutting down and abandoning module ProfilerService (100)
[2014.12.20-00.08.07:746][579]LogModuleManager: Shutting down and abandoning module TaskGraph (99)
[2014.12.20-00.08.07:746][579]LogModuleManager: Shutting down and abandoning module SlateRemote (98)
[2014.12.20-00.08.07:746][579]LogModuleManager: Shutting down and abandoning module ScriptEditorPlugin (97)
[2014.12.20-00.08.07:746][579]LogModuleManager: Shutting down and abandoning module CustomMeshComponent (96)
[2014.12.20-00.08.07:746][579]LogModuleManager: Shutting down and abandoning module CableComponent (95)
[2014.12.20-00.08.07:746][579]LogModuleManager: Shutting down and abandoning module MessagingDebugger (94)
[2014.12.20-00.08.07:746][579]LogModuleManager: Shutting down and abandoning module MediaPlayerEditor (93)
[2014.12.20-00.08.07:746][579]LogModuleManager: Shutting down and abandoning module SpeedTreeImporter (92)
[2014.12.20-00.08.07:746][579]LogModuleManager: Shutting down and abandoning module PluginsEditor (91)
[2014.12.20-00.08.07:746][579]LogModuleManager: Shutting down and abandoning module EpicSurvey (90)
[2014.12.20-00.08.07:746][579]LogModuleManager: Shutting down and abandoning module DesktopPlatform (89)
[2014.12.20-00.08.07:746][579]LogModuleManager: Shutting down and abandoning module VisualStudioSourceCodeAccess (88)
[2014.12.20-00.08.07:746][579]LogModuleManager: Shutting down and abandoning module UObjectPlugin (87)
[2014.12.20-00.08.07:746][579]LogModuleManager: Shutting down and abandoning module SubversionSourceControl (86)
[2014.12.20-00.08.07:746][579]LogModuleManager: Shutting down and abandoning module SourceControl (85)
[2014.12.20-00.08.07:746][579]LogModuleManager: Shutting down and abandoning module PerforceSourceControl (84)
[2014.12.20-00.08.07:746][579]LogModuleManager: Shutting down and abandoning module BlankPlugin (83)
[2014.12.20-00.08.07:746][579]LogModuleManager: Shutting down and abandoning module SlateReflector (82)
[2014.12.20-00.08.07:746][579]LogModuleManager: Shutting down and abandoning module DirectoryWatcher (81)
[2014.12.20-00.08.07:746][579]LogModuleManager: Shutting down and abandoning module HotReload (80)
[2014.12.20-00.08.07:746][579]LogModuleManager: Shutting down and abandoning module MainFrame (79)
[2014.12.20-00.08.07:747][579]LogModuleManager: Shutting down and abandoning module LevelEditor (78)
[2014.12.20-00.08.07:748][579]LogModuleManager: Shutting down and abandoning module ViewportSnapping (77)
[2014.12.20-00.08.07:748][579]LogModuleManager: Shutting down and abandoning module SmartSnapping (76)
[2014.12.20-00.08.07:748][579]LogModuleManager: Shutting down and abandoning module PaperTiledImporter (75)
[2014.12.20-00.08.07:748][579]LogModuleManager: Shutting down and abandoning module PaperJsonImporter (74)
[2014.12.20-00.08.07:748][579]LogModuleManager: Shutting down and abandoning module ContentBrowser (73)
[2014.12.20-00.08.07:748][579]LogModuleManager: Shutting down and abandoning module PropertyEditor (72)
[2014.12.20-00.08.07:748][579]LogModuleManager: Shutting down and abandoning module Paper2DEditor (71)
[2014.12.20-00.08.07:748][579]LogModuleManager: Shutting down and abandoning module ScriptPlugin (70)
[2014.12.20-00.08.07:748][579]LogModuleManager: Shutting down and abandoning module UdpMessaging (69)
[2014.12.20-00.08.07:849][579]LogModuleManager: Shutting down and abandoning module Paper2D (68)
[2014.12.20-00.08.07:849][579]LogModuleManager: Shutting down and abandoning module WindowsMoviePlayer (67)
[2014.12.20-00.08.07:852][579]LogModuleManager: Shutting down and abandoning module Media (66)
[2014.12.20-00.08.07:852][579]LogModuleManager: Shutting down and abandoning module WmfMedia (65)
[2014.12.20-00.08.07:852][579]LogModuleManager: Shutting down and abandoning module OnlineBlueprintSupport (64)
[2014.12.20-00.08.07:852][579]LogModuleManager: Shutting down and abandoning module FunctionalTesting (63)
[2014.12.20-00.08.07:853][579]LogModuleManager: Shutting down and abandoning module CollisionAnalyzer (62)
[2014.12.20-00.08.07:853][579]LogModuleManager: Shutting down and abandoning module WorkspaceMenuStructure (61)
[2014.12.20-00.08.07:853][579]LogModuleManager: Shutting down and abandoning module MessageLog (60)
[2014.12.20-00.08.07:853][579]LogModuleManager: Shutting down and abandoning module Sequencer (59)
[2014.12.20-00.08.07:853][579]LogModuleManager: Shutting down and abandoning module AssetTools (58)
[2014.12.20-00.08.07:853][579]LogModuleManager: Shutting down and abandoning module UMGEditor (57)
[2014.12.20-00.08.07:853][579]LogModuleManager: Shutting down and abandoning module UMG (56)
[2014.12.20-00.08.07:853][579]LogModuleManager: Shutting down and abandoning module Slate (55)
[2014.12.20-00.08.07:853][579]LogModuleManager: Shutting down and abandoning module EditorStyle (54)
[2014.12.20-00.08.07:855][579]LogModuleManager: Shutting down and abandoning module SessionServices (53)
[2014.12.20-00.08.07:855][579]LogModuleManager: Shutting down and abandoning module SourceCodeAccess (52)
[2014.12.20-00.08.07:855][579]LogModuleManager: Shutting down and abandoning module HeadMountedDisplay (51)
[2014.12.20-00.08.07:855][579]LogModuleManager: Shutting down and abandoning module XAudio2 (50)
[2014.12.20-00.08.07:855][579]LogModuleManager: Shutting down and abandoning module Networking (48)
[2014.12.20-00.08.07:855][579]LogModuleManager: Shutting down and abandoning module Core (47)
[2014.12.20-00.08.07:855][579]LogModuleManager: Shutting down and abandoning module KismetCompiler (46)
[2014.12.20-00.08.07:855][579]LogModuleManager: Shutting down and abandoning module PhysXFormats (45)
[2014.12.20-00.08.07:855][579]LogModuleManager: Shutting down and abandoning module MeshUtilities (44)
[2014.12.20-00.08.07:855][579]LogModuleManager: Shutting down and abandoning module DerivedDataCache (43)
[2014.12.20-00.08.07:892][579]LogDerivedDataCache: Shutdown
[2014.12.20-00.08.07:892][579]LogModuleManager: Shutting down and abandoning module ShaderFormatOpenGL (42)
[2014.12.20-00.08.07:892][579]LogModuleManager: Shutting down and abandoning module ShaderFormatD3D (41)
[2014.12.20-00.08.07:892][579]LogModuleManager: Shutting down and abandoning module MetalShaderFormat (40)
[2014.12.20-00.08.07:892][579]LogModuleManager: Shutting down and abandoning module TextureFormatUncompressed (39)
[2014.12.20-00.08.07:892][579]LogModuleManager: Shutting down and abandoning module TextureFormatPVR (38)
[2014.12.20-00.08.07:892][579]LogModuleManager: Shutting down and abandoning module TextureFormatDXT (37)
[2014.12.20-00.08.07:892][579]LogModuleManager: Shutting down and abandoning module TextureFormatAndroid (36)
[2014.12.20-00.08.07:892][579]LogModuleManager: Shutting down and abandoning module AudioFormatOpus (35)
[2014.12.20-00.08.07:892][579]LogModuleManager: Shutting down and abandoning module AudioFormatOgg (34)
[2014.12.20-00.08.07:892][579]LogModuleManager: Shutting down and abandoning module AudioFormatADPCM (33)
[2014.12.20-00.08.07:892][579]LogModuleManager: Shutting down and abandoning module Messaging (32)
[2014.12.20-00.08.07:892][579]LogModuleManager: Shutting down and abandoning module IOSTargetPlatform (31)
[2014.12.20-00.08.07:892][579]LogModuleManager: Shutting down and abandoning module Android_PVRTCTargetPlatform (30)
[2014.12.20-00.08.07:892][579]LogModuleManager: Shutting down and abandoning module Android_ETC2TargetPlatform (29)
[2014.12.20-00.08.07:892][579]LogModuleManager: Shutting down and abandoning module Android_ETC1TargetPlatform (28)
[2014.12.20-00.08.07:892][579]LogModuleManager: Shutting down and abandoning module Android_DXTTargetPlatform (27)
[2014.12.20-00.08.07:892][579]LogModuleManager: Shutting down and abandoning module Android_ATCTargetPlatform (26)
[2014.12.20-00.08.07:892][579]LogModuleManager: Shutting down and abandoning module AndroidTargetPlatform (25)
[2014.12.20-00.08.07:892][579]LogModuleManager: Shutting down and abandoning module WindowsTargetPlatform (24)
[2014.12.20-00.08.07:892][579]LogModuleManager: Shutting down and abandoning module WindowsServerTargetPlatform (23)
[2014.12.20-00.08.07:892][579]LogModuleManager: Shutting down and abandoning module WindowsNoEditorTargetPlatform (22)
[2014.12.20-00.08.07:892][579]LogModuleManager: Shutting down and abandoning module WindowsClientTargetPlatform (21)
[2014.12.20-00.08.07:892][579]LogModuleManager: Shutting down and abandoning module TargetPlatform (20)
[2014.12.20-00.08.07:892][579]LogModuleManager: Shutting down and abandoning module InputCore (19)
[2014.12.20-00.08.07:892][579]LogModuleManager: Shutting down and abandoning module Settings (18)
[2014.12.20-00.08.07:892][579]LogModuleManager: Shutting down and abandoning module ImageWrapper (17)
[2014.12.20-00.08.07:892][579]LogModuleManager: Shutting down and abandoning module OculusRift (14)
[2014.12.20-00.08.07:892][579]LogModuleManager: Shutting down and abandoning module ExampleDeviceProfileSelector (13)
[2014.12.20-00.08.07:892][579]LogModuleManager: Shutting down and abandoning module TextureCompressor (12)
[2014.12.20-00.08.07:892][579]LogModuleManager: Shutting down and abandoning module ShaderCore (11)
[2014.12.20-00.08.07:892][579]LogModuleManager: Shutting down and abandoning module SlateRHIRenderer (10)
[2014.12.20-00.08.07:893][579]LogModuleManager: Shutting down and abandoning module OpenGLDrv (9)
[2014.12.20-00.08.07:893][579]LogModuleManager: Shutting down and abandoning module D3D11RHI (8)
[2014.12.20-00.08.07:893][579]LogModuleManager: Shutting down and abandoning module Renderer (7)
[2014.12.20-00.08.07:893][579]LogModuleManager: Shutting down and abandoning module Engine (6)
[2014.12.20-00.08.07:893][579]LogModuleManager: Shutting down and abandoning module CoreUObject (5)
[2014.12.20-00.08.07:893][579]LogModuleManager: Shutting down and abandoning module NetworkFile (4)
[2014.12.20-00.08.07:893][579]LogModuleManager: Shutting down and abandoning module StreamingFile (3)
[2014.12.20-00.08.07:893][579]LogModuleManager: Shutting down and abandoning module SandboxFile (2)
[2014.12.20-00.08.07:893][579]LogModuleManager: Shutting down and abandoning module PakFile (1)
[2014.12.20-00.08.07:894][579]LogExit: Exiting.
[2014.12.20-00.08.07:899][579]Log file closed, 12/20/14 02:08:07
