Log file open, 12/24/14 20:29:50
LogInit:Display: Running engine for game: MyProject
LogInit: Version: 4.5.1-2336687+++depot+UE4-Releases+4.5
LogInit: API Version: 2326478
LogInit: Compiled (64-bit): Oct 21 2014 22:32:40
LogInit: Compiled with Visual C++: 18.00.21005.01
LogInit: Build Configuration: Development
LogInit: Branch Name: ++depot+UE4-Releases+4.5
LogInit: Command line: 
LogInit: Base directory: F:/ExtraSoft/UnrealEngine/4.5/Engine/Binaries/Win64/
LogInit: Rocket: 1
[2014.12.24-18.29.50:371][  0]LogTaskGraph: Started task graph with 3 named threads and 4 total threads.
[2014.12.24-18.29.50:419][  0]LogOnline:Warning: No default platform service specified for OnlineSubsystem
[2014.12.24-18.29.50:441][  0]LogInit: Presizing for 0 objects not considered by GC, pre-allocating 0 bytes.
[2014.12.24-18.29.50:452][  0]LogInit: Object subsystem initialized
[2014.12.24-18.29.50:456][  0]LogConsoleResponse:Warning: Skipping Unknown console variable: 'UIScaleRule = ShortestSide'
[2014.12.24-18.29.50:456][  0]LogConsoleResponse:Warning:   Found in ini file 'F:/ExtraSoft/Git/Try1/Nikita(Boss)/MyProject/Saved/Config/Windows/Engine.ini', in section '[/Script/Engine.RendererSettings]'
[2014.12.24-18.29.50:456][  0]LogConsoleResponse:Warning: Skipping Unknown console variable: 'UIScaleCurve = (EditorCurveData=(Keys=((Time=480.000000,Value=0.444000),(Time=720.000000,Value=0.666000),(Time=1080.000000,Value=1.000000),(Time=8640.000000,Value=8.000000))),ExternalCurve=None)'
[2014.12.24-18.29.50:456][  0]LogConsoleResponse:Warning:   Found in ini file 'F:/ExtraSoft/Git/Try1/Nikita(Boss)/MyProject/Saved/Config/Windows/Engine.ini', in section '[/Script/Engine.RendererSettings]'
[2014.12.24-18.29.50:456][  0]LogInit: Selected Device Profile: [Windows]
[2014.12.24-18.29.50:456][  0]LogInit: Applying CVar settings loaded from the selected device profile: [Windows]
[2014.12.24-18.29.50:464][  0]LogInit: Computer: NIKPC
[2014.12.24-18.29.50:464][  0]LogInit: User: Nikita
[2014.12.24-18.29.50:466][  0]LogInit: CPU Page size=4096, Cores=2
[2014.12.24-18.29.50:466][  0]LogInit: High frequency timer resolution =1.753831 MHz
[2014.12.24-18.29.50:467][  0]LogMemory: Memory total: Physical=7.9GB (8GB approx) Virtual=131072.0GB
[2014.12.24-18.29.50:467][  0]LogMemory: Platform Memory Stats for Windows
[2014.12.24-18.29.50:467][  0]LogMemory: Process Physical Memory: 63.34 MB used, 63.34 MB peak
[2014.12.24-18.29.50:467][  0]LogMemory: Process Virtual Memory: 38.50 MB used, 38.50 MB peak
[2014.12.24-18.29.50:467][  0]LogMemory: Physical Memory: 3768.84 MB used, 8077.43 MB total
[2014.12.24-18.29.50:467][  0]LogMemory: Virtual Memory: 282.49 MB used, 134217728.00 MB total
[2014.12.24-18.29.50:941][  0]LogD3D11RHI: Found D3D11 adapter 0: Intel(R) HD Graphics 4000 (Feature Level 11_0)
[2014.12.24-18.29.50:941][  0]LogD3D11RHI: Adapter has 1988MB of dedicated video memory, 0MB of dedicated system memory, and 2048MB of shared system memory, 1 output[s]
[2014.12.24-18.29.50:958][  0]LogD3D11RHI: Found D3D11 adapter 1: NVIDIA GeForce GT 740M    (Feature Level 11_0)
[2014.12.24-18.29.50:958][  0]LogD3D11RHI: Adapter has 1988MB of dedicated video memory, 0MB of dedicated system memory, and 2048MB of shared system memory, 0 output[s]
[2014.12.24-18.29.50:960][  0]LogD3D11RHI: Found D3D11 adapter 2: Microsoft Basic Render Driver (Feature Level 11_0)
[2014.12.24-18.29.50:960][  0]LogD3D11RHI: Adapter has 1988MB of dedicated video memory, 0MB of dedicated system memory, and 2048MB of shared system memory, 0 output[s]
[2014.12.24-18.29.50:960][  0]LogD3D11RHI: Chosen D3D11 Adapter Id = 0
[2014.12.24-18.29.50:965][  0]LogRHI: Texture pool is 1361 MB (70% of 1945 MB)
[2014.12.24-18.29.50:979][  0]LogD3D11RHI: Async texture creation enabled
[2014.12.24-18.29.51:040][  0]LogTextLocalizationManager: The requested culture ('ru_RU') has no localization data; falling back to 'en' for localization and internationalization data.
[2014.12.24-18.29.51:251][  0]LogContentStreaming: Texture pool size is 0.000000MB
[2014.12.24-18.29.57:106][  0]LogTargetPlatformManager:Display: Building Assets For Windows
[2014.12.24-18.29.57:677][  0]LogTargetPlatformManager:Display: Building Assets For Windows
[2014.12.24-18.29.57:738][  0]LogDerivedDataCache:Display: Max Cache Size: 512 MB
[2014.12.24-18.29.57:794][  0]LogDerivedDataCache: Loaded boot cache 0.06s 39MB C:/Users/Nikita/AppData/Local/UnrealEngine/4.5/DerivedDataCache/Boot.ddc.
[2014.12.24-18.29.57:794][  0]LogDerivedDataCache:Display: Loaded Boot cache: C:/Users/Nikita/AppData/Local/UnrealEngine/4.5/DerivedDataCache/Boot.ddc
[2014.12.24-18.29.57:794][  0]LogDerivedDataCache: FDerivedDataBackendGraph:  Pak pak cache file ../../../../../Git/Try1/Nikita(Boss)/MyProject/DerivedDataCache/DDC.ddp not found, will not use a pak cache.
[2014.12.24-18.29.57:794][  0]LogDerivedDataCache: Unable to find inner node Pak for hierarchical cache Hierarchy.
[2014.12.24-18.29.57:890][  0]LogDerivedDataCache:Display: Pak cache opened for reading ../../../Engine/DerivedDataCache/DDC.ddp.
[2014.12.24-18.29.57:903][  0]LogDerivedDataCache: Using Local data cache path C:/Users/Nikita/AppData/Local/UnrealEngine/Common/DerivedDataCache: Writable
[2014.12.24-18.29.58:121][  0]LogMeshUtilities: No automatic mesh reduction module available
[2014.12.24-18.29.58:121][  0]LogMeshUtilities: No automatic mesh merging module available
[2014.12.24-18.29.58:397][  0]LogLinker:Warning: Asset '../../../Engine/Content/Functions/Engine_MaterialFunctions02/Texturing/FlipBook.uasset' has been saved with empty engine version. The asset will be loaded but may be incompatible.
[2014.12.24-18.29.58:403][  0]LogLinker:Warning: Asset '../../../Engine/Content/Functions/Engine_MaterialFunctions02/ExampleContent/Textures/flipbook.uasset' has been saved with empty engine version. The asset will be loaded but may be incompatible.
[2014.12.24-18.29.58:615][  0]LogInit: WinSock: version 1.1 (2.2), MaxSocks=32767, MaxUdp=65467
[2014.12.24-18.29.59:576][  0]UdpMessaging: Initializing bridge on interface 0.0.0.0:0 to multicast group 230.0.0.1:6666.
[2014.12.24-18.29.59:753][  0]LogDirectoryWatcher:Warning: Failed to begin reading directory changes for F:/ExtraSoft/Git/Try1/Nikita(Boss)/MyProject/Binaries/Win64. Error: 0
[2014.12.24-18.29.59:905][  0]SourceControl: Info Source control is disabled
[2014.12.24-18.29.59:905][  0]SourceControl: Info Source control is disabled
[2014.12.24-18.29.59:914][  0]SourceControl: Info Source control is disabled
[2014.12.24-18.30.00:042][  0]LogObj: 22915 objects as part of root set at end of initial load.
[2014.12.24-18.30.00:042][  0]LogUObjectAllocator: 4803544 out of 0 bytes used by permanent object pool.
[2014.12.24-18.30.00:104][  0]LogEngine: Initializing Engine...
[2014.12.24-18.30.00:269][  0]LogInit: XAudio2 using 'Headphones (High Definition Audio Device)' : 2 channels at 44.1 kHz using 16 bits per sample (channel mask 0x3)
[2014.12.24-18.30.00:279][  0]LogInit: FAudioDevice initialized.
[2014.12.24-18.30.00:302][  0]LogAIModule: Creating AISystem for world NewWorld
[2014.12.24-18.30.00:326][  0]LogDerivedDataCache: Saved boot cache 0.02s 39MB C:/Users/Nikita/AppData/Local/UnrealEngine/4.5/DerivedDataCache/Boot.ddc.
[2014.12.24-18.30.00:331][  0]LogInit: Texture streaming: Enabled
[2014.12.24-18.30.00:393][  0]LogInit: Transaction tracking system initialized
[2014.12.24-18.30.00:510][  0]BlueprintLog: New page: Editor Load
[2014.12.24-18.30.00:542][  0]LogAssetRegistry: FAssetRegistry took 0.0105 seconds to start up
[2014.12.24-18.30.00:542][  0]LogDirectoryWatcher:Warning: Failed to begin reading directory changes for ../../../Engine/Plugins/Experimental/CharacterAI/Content/. Error: 0
[2014.12.24-18.30.01:206][  0]LogTargetPlatformManager:Display: Building Assets For Windows
[2014.12.24-18.30.01:659][  0]LogTargetPlatformManager:Display: Building Assets For Windows
[2014.12.24-18.30.01:881][  0]LogConsoleResponse:Display: 
[2014.12.24-18.30.02:102][  0]SourceControl: Info Source control is disabled
[2014.12.24-18.30.02:102][  0]Cmd: MAP LOAD FILE="../../../../../Git/Try1/Nikita(Boss)/MyProject/Content/Maps/Example_Map.umap" TEMPLATE=0 SHOWPROGRESS=1
[2014.12.24-18.30.02:102][  0]LightingResults: New page: Lighting Build
[2014.12.24-18.30.02:113][  0]MapCheck: New page: Map Check
[2014.12.24-18.30.02:113][  0]LightingResults: New page: Lighting Build
[2014.12.24-18.30.02:143][  0]LogParticles: Destroying 0 GPU particle simulations for FXSystem 0x000000B51A305A80
[2014.12.24-18.30.03:248][  0]LogEditorServer: Finished looking for orphan Actors (0.000 secs)
[2014.12.24-18.30.03:249][  0]LogAIModule: Creating AISystem for world Example_Map
[2014.12.24-18.30.03:249][  0]Cmd: MAP CHECKDEP
[2014.12.24-18.30.03:249][  0]MapCheck: New page: Example_Map - Dec 24, 2014, 10:30:03 PM
[2014.12.24-18.30.03:383][  0]MapCheck: Info Map check complete: 0 Error(s), 0 Warning(s), took 133.938ms to complete.
[2014.12.24-18.30.03:383][  0]LogFileHelpers: Loading map 'Example_Map' took 1.281
[2014.12.24-18.30.03:492][  0]LogCollectionManager: Loaded 0 collections in 0.001132 seconds
[2014.12.24-18.30.03:624][  0]LogCrashTracker: Crashtracker disabled due to settings.
[2014.12.24-18.30.03:714][  0]LogUObjectGlobals:Warning: Failed to find object 'Class None.'
[2014.12.24-18.30.03:744][  0]LogLoad: Full Startup: 15.89 seconds (BP compile: 0.42 seconds)
[2014.12.24-18.30.03:758][  0]LogContentBrowser:Verbose: The content browser source was changed by the sources view to '/Game/Character'
[2014.12.24-18.30.03:937][  0]LogRenderer:Warning: Reallocating scene render targets to support 808x592.
[2014.12.24-18.30.04:816][  4]LogAssetRegistry: Asset discovery search completed in 4.2850 seconds
[2014.12.24-18.30.59:730][448]LogContentBrowser:Verbose: The content browser source was changed by the sources view to '/Game/Blueprints'
[2014.12.24-18.31.14:411][796]LogRenderer:Warning: Reallocating scene render targets to support 872x592.
[2014.12.24-18.31.25:429][994]LogActorComponent: UnregisterComponent: (/Engine/Transient.ProjectileMovementComponent_0) Not registered. Aborting.
[2014.12.24-18.31.25:429][994]LogActorComponent: UnregisterComponent: (/Engine/Transient.CharacterMovementComponent_0) Not registered. Aborting.
[2014.12.24-18.31.33:133][138]LogActorComponent: UnregisterComponent: (/Engine/Transient.ProjectileMovementComponent_1) Not registered. Aborting.
[2014.12.24-18.31.33:201][138]Cmd: OBJ SAVEPACKAGE PACKAGE="/Game/Blueprints/MyProjectile" FILE="../../../../../Git/Try1/Nikita(Boss)/MyProject/Content/Blueprints/MyProjectile.uasset" SILENT=true
[2014.12.24-18.31.33:804][138]LogSavePackage: Save=573.714905ms
[2014.12.24-18.31.33:804][138]LogSavePackage: Moving '../../../../../Git/Try1/Nikita(Boss)/MyProject/Saved/MyProjectile15C8342A444324C65F34FE92DA5D3E97.tmp' to '../../../../../Git/Try1/Nikita(Boss)/MyProject/Content/Blueprints/MyProjectile.uasset'
[2014.12.24-18.31.35:347][178]BlueprintLog: New page: Pre-PIE auto-recompile
[2014.12.24-18.31.35:351][178]LogActorComponent: UnregisterComponent: (/Engine/Transient.ProjectileMovementComponent_2) Not registered. Aborting.
[2014.12.24-18.31.35:352][178]LogPlayLevel: [PIE] Compiling MyProjectile before PIE...
[2014.12.24-18.31.35:489][178]LogPlayLevel: [PIE] Compiling Tutorial_BP_MacroLib before PIE...
[2014.12.24-18.31.35:579][178]LogPlayLevel: [PIE] Compiling MyCharacter before PIE...
[2014.12.24-18.31.35:874][178]LogPlayLevel: [PIE] Compiling ammo before PIE...
[2014.12.24-18.31.36:081][178]LogParticles: Destroying 0 GPU particle simulations for FXSystem 0x000000B521EA9260
[2014.12.24-18.31.36:102][178]LogPlayLevel: PIE:  Blueprint regeneration took 754 ms (4 blueprints)
[2014.12.24-18.31.36:102][178]PIE: New page: PIE session: Example_Map (Dec 24, 2014, 10:31:36 PM)
[2014.12.24-18.31.36:146][178]LogPlayLevel: PIE: StaticDuplicateObject took: (0.043896s)
[2014.12.24-18.31.36:147][178]LogPlayLevel: PIE: World Init took: (0.001011s)
[2014.12.24-18.31.36:148][178]LogPlayLevel: PIE: Created PIE world by copying editor world from /Game/Maps/Example_Map.Example_Map to /Game/Maps/UEDPIE_0_Example_Map.Example_Map (0.045299s)
[2014.12.24-18.31.36:302][178]LogWorld: Game class is 'MyGame_C'
[2014.12.24-18.31.36:303][178]LogAIModule: Creating AISystem for world Example_Map
[2014.12.24-18.31.37:096][178]LogWorld: Bringing World /Game/Maps/UEDPIE_0_Example_Map.Example_Map up for play (max tick rate 0) at 2014.12.24-20.31.37
[2014.12.24-18.31.37:096][178]LogWorld: Bringing up level for play took: 0.792375
[2014.12.24-18.31.37:099][178]PIE: Info Play in editor start time for /Game/Maps/UEDPIE_0_Example_Map 1.557
[2014.12.24-18.32.03:191][ 72]LogActorComponent: UnregisterComponent: (/Engine/Transient.ProjectileMovementComponent_3) Not registered. Aborting.
[2014.12.24-18.32.03:191][ 72]LogActorComponent: UnregisterComponent: (/Engine/Transient.CharacterMovementComponent_1) Not registered. Aborting.
[2014.12.24-18.32.03:263][ 73]LogParticles: Destroying 0 GPU particle simulations for FXSystem 0x000000B5282976A0
[2014.12.24-18.32.05:660][154]LogPlayLevel: PIE:  No blueprints needed recompiling
[2014.12.24-18.32.05:660][154]PIE: New page: PIE session: Example_Map (Dec 24, 2014, 10:32:05 PM)
[2014.12.24-18.32.05:695][154]LogPlayLevel: PIE: StaticDuplicateObject took: (0.034785s)
[2014.12.24-18.32.05:697][154]LogPlayLevel: PIE: World Init took: (0.001318s)
[2014.12.24-18.32.05:697][154]LogPlayLevel: PIE: Created PIE world by copying editor world from /Game/Maps/Example_Map.Example_Map to /Game/Maps/UEDPIE_0_Example_Map.Example_Map (0.036398s)
[2014.12.24-18.32.05:741][154]LogWorld: Game class is 'MyGame_C'
[2014.12.24-18.32.05:742][154]LogAIModule: Creating AISystem for world Example_Map
[2014.12.24-18.32.05:747][154]LogWorld: Bringing World /Game/Maps/UEDPIE_0_Example_Map.Example_Map up for play (max tick rate 0) at 2014.12.24-20.32.05
[2014.12.24-18.32.05:747][154]LogWorld: Bringing up level for play took: 0.005105
[2014.12.24-18.32.05:749][154]PIE: Info Play in editor start time for /Game/Maps/UEDPIE_0_Example_Map 0.208
[2014.12.24-18.32.16:578][472]LogParticles: Destroying 0 GPU particle simulations for FXSystem 0x000000B521EAA7A0
[2014.12.24-18.32.29:826][752]Cmd: OBJ SAVEPACKAGE PACKAGE="/Game/Blueprints/MyProjectile" FILE="../../../../../Git/Try1/Nikita(Boss)/MyProject/Content/Blueprints/MyProjectile.uasset" SILENT=true
[2014.12.24-18.32.30:401][752]LogSavePackage: Save=552.882263ms
[2014.12.24-18.32.30:401][752]LogSavePackage: Moving '../../../../../Git/Try1/Nikita(Boss)/MyProject/Saved/MyProjectileD9FC839C4AD90F68211433B0A7D8D666.tmp' to '../../../../../Git/Try1/Nikita(Boss)/MyProject/Content/Blueprints/MyProjectile.uasset'
[2014.12.24-18.32.31:847][792]BlueprintLog: New page: Pre-PIE auto-recompile
[2014.12.24-18.32.31:852][792]LogActorComponent: UnregisterComponent: (/Engine/Transient.ProjectileMovementComponent_4) Not registered. Aborting.
[2014.12.24-18.32.31:852][792]LogPlayLevel: [PIE] Compiling MyProjectile before PIE...
[2014.12.24-18.32.31:956][792]LogPlayLevel: [PIE] Compiling MyCharacter before PIE...
[2014.12.24-18.32.32:218][792]LogPlayLevel: [PIE] Compiling ammo before PIE...
[2014.12.24-18.32.32:320][792]LogPlayLevel: [PIE] Compiling Hud before PIE...
[2014.12.24-18.32.32:460][792]LogPlayLevel: PIE:  Blueprint regeneration took 613 ms (4 blueprints)
[2014.12.24-18.32.32:460][792]PIE: New page: PIE session: Example_Map (Dec 24, 2014, 10:32:32 PM)
[2014.12.24-18.32.32:498][792]LogPlayLevel: PIE: StaticDuplicateObject took: (0.037687s)
[2014.12.24-18.32.32:499][792]LogPlayLevel: PIE: World Init took: (0.001051s)
[2014.12.24-18.32.32:500][792]LogPlayLevel: PIE: Created PIE world by copying editor world from /Game/Maps/Example_Map.Example_Map to /Game/Maps/UEDPIE_0_Example_Map.Example_Map (0.039074s)
[2014.12.24-18.32.32:543][792]LogWorld: Game class is 'MyGame_C'
[2014.12.24-18.32.32:545][792]LogAIModule: Creating AISystem for world Example_Map
[2014.12.24-18.32.32:549][792]LogWorld: Bringing World /Game/Maps/UEDPIE_0_Example_Map.Example_Map up for play (max tick rate 0) at 2014.12.24-20.32.32
[2014.12.24-18.32.32:549][792]LogWorld: Bringing up level for play took: 0.004628
[2014.12.24-18.32.32:552][792]PIE: Info Play in editor start time for /Game/Maps/UEDPIE_0_Example_Map 1.01
[2014.12.24-18.33.12:490][303]LogActorComponent: UnregisterComponent: (/Engine/Transient.ProjectileMovementComponent_5) Not registered. Aborting.
[2014.12.24-18.33.12:490][303]LogActorComponent: UnregisterComponent: (/Engine/Transient.CharacterMovementComponent_2) Not registered. Aborting.
[2014.12.24-18.33.12:572][304]LogParticles: Destroying 0 GPU particle simulations for FXSystem 0x000000B528297BA0
[2014.12.24-18.33.14:871][383]LogEditorViewport: Clicking on Actor (LMB): DestructibleActor (TemplateCube_Rounded_DM)
[2014.12.24-18.33.26:670][699]LogPlayLevel: PIE:  No blueprints needed recompiling
[2014.12.24-18.33.26:670][699]PIE: New page: PIE session: Example_Map (Dec 24, 2014, 10:33:26 PM)
[2014.12.24-18.33.26:708][699]LogPlayLevel: PIE: StaticDuplicateObject took: (0.038309s)
[2014.12.24-18.33.26:709][699]LogPlayLevel: PIE: World Init took: (0.001046s)
[2014.12.24-18.33.26:710][699]LogPlayLevel: PIE: Created PIE world by copying editor world from /Game/Maps/Example_Map.Example_Map to /Game/Maps/UEDPIE_0_Example_Map.Example_Map (0.039685s)
[2014.12.24-18.33.26:757][699]LogWorld: Game class is 'MyGame_C'
[2014.12.24-18.33.26:759][699]LogAIModule: Creating AISystem for world Example_Map
[2014.12.24-18.33.26:763][699]LogWorld: Bringing World /Game/Maps/UEDPIE_0_Example_Map.Example_Map up for play (max tick rate 0) at 2014.12.24-20.33.26
[2014.12.24-18.33.26:763][699]LogWorld: Bringing up level for play took: 0.004529
[2014.12.24-18.33.26:766][699]PIE: Info Play in editor start time for /Game/Maps/UEDPIE_0_Example_Map -0.776
[2014.12.24-18.33.38:604][121]LogParticles: Destroying 0 GPU particle simulations for FXSystem 0x000000B51336C0E0
[2014.12.24-18.33.39:182][136]LogPlayLevel: PIE:  No blueprints needed recompiling
[2014.12.24-18.33.39:182][136]PIE: New page: PIE session: Example_Map (Dec 24, 2014, 10:33:39 PM)
[2014.12.24-18.33.39:219][136]LogPlayLevel: PIE: StaticDuplicateObject took: (0.036526s)
[2014.12.24-18.33.39:220][136]LogPlayLevel: PIE: World Init took: (0.001002s)
[2014.12.24-18.33.39:220][136]LogPlayLevel: PIE: Created PIE world by copying editor world from /Game/Maps/Example_Map.Example_Map to /Game/Maps/UEDPIE_0_Example_Map.Example_Map (0.037840s)
[2014.12.24-18.33.39:266][136]LogWorld: Game class is 'MyGame_C'
[2014.12.24-18.33.39:267][136]LogAIModule: Creating AISystem for world Example_Map
[2014.12.24-18.33.39:273][136]LogWorld: Bringing World /Game/Maps/UEDPIE_0_Example_Map.Example_Map up for play (max tick rate 0) at 2014.12.24-20.33.39
[2014.12.24-18.33.39:273][136]LogWorld: Bringing up level for play took: 0.005751
[2014.12.24-18.33.39:276][136]PIE: Info Play in editor start time for /Game/Maps/UEDPIE_0_Example_Map -0.266
[2014.12.24-18.33.46:291][380]LogParticles: Destroying 0 GPU particle simulations for FXSystem 0x000000B511EAC180
[2014.12.24-18.33.49:110][430]LogContentBrowser:Verbose: The content browser source was changed by the sources view to '/Game/Textures'
[2014.12.24-18.33.55:399][609]LogPlayLevel: PIE:  No blueprints needed recompiling
[2014.12.24-18.33.55:399][609]PIE: New page: PIE session: Example_Map (Dec 24, 2014, 10:33:55 PM)
[2014.12.24-18.33.55:437][609]LogPlayLevel: PIE: StaticDuplicateObject took: (0.037464s)
[2014.12.24-18.33.55:438][609]LogPlayLevel: PIE: World Init took: (0.001263s)
[2014.12.24-18.33.55:438][609]LogPlayLevel: PIE: Created PIE world by copying editor world from /Game/Maps/Example_Map.Example_Map to /Game/Maps/UEDPIE_0_Example_Map.Example_Map (0.039033s)
[2014.12.24-18.33.55:483][609]LogWorld: Game class is 'MyGame_C'
[2014.12.24-18.33.55:484][609]LogAIModule: Creating AISystem for world Example_Map
[2014.12.24-18.33.55:490][609]LogWorld: Bringing World /Game/Maps/UEDPIE_0_Example_Map.Example_Map up for play (max tick rate 0) at 2014.12.24-20.33.55
[2014.12.24-18.33.55:490][609]LogWorld: Bringing up level for play took: 0.006067
[2014.12.24-18.33.55:493][609]PIE: Info Play in editor start time for /Game/Maps/UEDPIE_0_Example_Map -0.049
[2014.12.24-18.34.07:750][961]LogActorComponent: UnregisterComponent: (/Engine/Transient.ProjectileMovementComponent_6) Not registered. Aborting.
[2014.12.24-18.34.07:750][961]LogActorComponent: UnregisterComponent: (/Engine/Transient.CharacterMovementComponent_3) Not registered. Aborting.
[2014.12.24-18.34.07:792][961]LogParticles: Destroying 0 GPU particle simulations for FXSystem 0x000000B51175CC20
[2014.12.24-18.34.07:792][961]LogParticles: Destroying 0 GPU particle simulations for FXSystem 0x000000B5110DA340
[2014.12.24-18.34.40:018][116]Cmd: SELECT NONE
[2014.12.24-18.34.44:006][232]LogContentBrowser:Verbose: The content browser source was changed by the sources view to '/Game/Blueprints'
[2014.12.24-18.35.03:080][649]LogActorComponent: UnregisterComponent: (/Engine/Transient.ProjectileMovementComponent_7) Not registered. Aborting.
[2014.12.24-18.35.03:080][649]LogActorComponent: UnregisterComponent: (/Engine/Transient.CharacterMovementComponent_4) Not registered. Aborting.
[2014.12.24-18.35.03:195][650]Cmd: OBJ SAVEPACKAGE PACKAGE="/Game/Blueprints/MyProjectile" FILE="../../../../../Git/Try1/Nikita(Boss)/MyProject/Content/Blueprints/MyProjectile.uasset" SILENT=true
[2014.12.24-18.35.03:797][650]LogSavePackage: Save=575.766418ms
[2014.12.24-18.35.03:797][650]LogSavePackage: Moving '../../../../../Git/Try1/Nikita(Boss)/MyProject/Saved/MyProjectileFE9C822C47B0D77C53BB11AA1F3C5B64.tmp' to '../../../../../Git/Try1/Nikita(Boss)/MyProject/Content/Blueprints/MyProjectile.uasset'
[2014.12.24-18.35.05:530][697]BlueprintLog: New page: Pre-PIE auto-recompile
[2014.12.24-18.35.05:535][697]LogActorComponent: UnregisterComponent: (/Engine/Transient.ProjectileMovementComponent_8) Not registered. Aborting.
[2014.12.24-18.35.05:535][697]LogPlayLevel: [PIE] Compiling MyProjectile before PIE...
[2014.12.24-18.35.05:645][697]LogPlayLevel: [PIE] Compiling MyCharacter before PIE...
[2014.12.24-18.35.05:926][697]LogPlayLevel: [PIE] Compiling ammo before PIE...
[2014.12.24-18.35.06:034][697]LogPlayLevel: [PIE] Compiling Hud before PIE...
[2014.12.24-18.35.06:189][697]LogPlayLevel: PIE:  Blueprint regeneration took 657 ms (4 blueprints)
[2014.12.24-18.35.06:189][697]PIE: New page: PIE session: Example_Map (Dec 24, 2014, 10:35:06 PM)
[2014.12.24-18.35.06:228][697]LogPlayLevel: PIE: StaticDuplicateObject took: (0.038819s)
[2014.12.24-18.35.06:229][697]LogPlayLevel: PIE: World Init took: (0.000977s)
[2014.12.24-18.35.06:229][697]LogPlayLevel: PIE: Created PIE world by copying editor world from /Game/Maps/Example_Map.Example_Map to /Game/Maps/UEDPIE_0_Example_Map.Example_Map (0.040079s)
[2014.12.24-18.35.06:272][697]LogWorld: Game class is 'MyGame_C'
[2014.12.24-18.35.06:274][697]LogAIModule: Creating AISystem for world Example_Map
[2014.12.24-18.35.06:278][697]LogWorld: Bringing World /Game/Maps/UEDPIE_0_Example_Map.Example_Map up for play (max tick rate 0) at 2014.12.24-20.35.06
[2014.12.24-18.35.06:279][697]LogWorld: Bringing up level for play took: 0.004732
[2014.12.24-18.35.06:281][697]PIE: Info Play in editor start time for /Game/Maps/UEDPIE_0_Example_Map 0.739
[2014.12.24-18.35.30:877][690]LogActorComponent: UnregisterComponent: (/Engine/Transient.ProjectileMovementComponent_9) Not registered. Aborting.
[2014.12.24-18.35.30:877][690]LogActorComponent: UnregisterComponent: (/Engine/Transient.CharacterMovementComponent_5) Not registered. Aborting.
[2014.12.24-18.35.30:945][691]LogParticles: Destroying 0 GPU particle simulations for FXSystem 0x000000B511EADC60
[2014.12.24-18.35.51:509][238]BlueprintLog: New page: Pre-PIE auto-recompile
[2014.12.24-18.35.51:625][238]LogActorComponent: UnregisterComponent: (/Engine/Transient.ProjectileMovementComponent_10) Not registered. Aborting.
[2014.12.24-18.35.51:625][238]LogActorComponent: UnregisterComponent: (/Engine/Transient.CharacterMovementComponent_6) Not registered. Aborting.
[2014.12.24-18.35.51:625][238]LogPlayLevel: [PIE] Compiling MyCharacter before PIE...
[2014.12.24-18.35.52:013][238]LogPlayLevel: [PIE] Compiling ammo before PIE...
[2014.12.24-18.35.52:119][238]LogPlayLevel: [PIE] Compiling Hud before PIE...
[2014.12.24-18.35.52:268][238]LogPlayLevel: PIE:  Blueprint regeneration took 759 ms (3 blueprints)
[2014.12.24-18.35.52:268][238]PIE: New page: PIE session: Example_Map (Dec 24, 2014, 10:35:52 PM)
[2014.12.24-18.35.52:308][238]LogPlayLevel: PIE: StaticDuplicateObject took: (0.039218s)
[2014.12.24-18.35.52:309][238]LogPlayLevel: PIE: World Init took: (0.000984s)
[2014.12.24-18.35.52:309][238]LogPlayLevel: PIE: Created PIE world by copying editor world from /Game/Maps/Example_Map.Example_Map to /Game/Maps/UEDPIE_0_Example_Map.Example_Map (0.040506s)
[2014.12.24-18.35.52:352][238]LogWorld: Game class is 'MyGame_C'
[2014.12.24-18.35.52:354][238]LogAIModule: Creating AISystem for world Example_Map
[2014.12.24-18.35.52:359][238]LogWorld: Bringing World /Game/Maps/UEDPIE_0_Example_Map.Example_Map up for play (max tick rate 0) at 2014.12.24-20.35.52
[2014.12.24-18.35.52:359][238]LogWorld: Bringing up level for play took: 0.005457
[2014.12.24-18.35.52:362][238]PIE: Info Play in editor start time for /Game/Maps/UEDPIE_0_Example_Map 0.821
[2014.12.24-18.36.05:707][768]LogActorComponent: UnregisterComponent: (/Engine/Transient.CharacterMovementComponent_7) Not registered. Aborting.
[2014.12.24-18.36.05:775][769]LogParticles: Destroying 0 GPU particle simulations for FXSystem 0x000000B511EAE160
[2014.12.24-18.36.30:553][514]BlueprintLog: New page: Pre-PIE auto-recompile
[2014.12.24-18.36.30:635][514]LogActorComponent: UnregisterComponent: (/Engine/Transient.CharacterMovementComponent_8) Not registered. Aborting.
[2014.12.24-18.36.30:635][514]LogPlayLevel: [PIE] Compiling MyCharacter before PIE...
[2014.12.24-18.36.31:026][514]LogPlayLevel: [PIE] Compiling ammo before PIE...
[2014.12.24-18.36.31:133][514]LogPlayLevel: [PIE] Compiling Hud before PIE...
[2014.12.24-18.36.31:277][514]LogPlayLevel: PIE:  Blueprint regeneration took 724 ms (3 blueprints)
[2014.12.24-18.36.31:277][514]PIE: New page: PIE session: Example_Map (Dec 24, 2014, 10:36:31 PM)
[2014.12.24-18.36.31:317][514]LogPlayLevel: PIE: StaticDuplicateObject took: (0.039649s)
[2014.12.24-18.36.31:318][514]LogPlayLevel: PIE: World Init took: (0.000966s)
[2014.12.24-18.36.31:318][514]LogPlayLevel: PIE: Created PIE world by copying editor world from /Game/Maps/Example_Map.Example_Map to /Game/Maps/UEDPIE_0_Example_Map.Example_Map (0.040904s)
[2014.12.24-18.36.31:371][514]LogWorld: Game class is 'MyGame_C'
[2014.12.24-18.36.31:372][514]LogAIModule: Creating AISystem for world Example_Map
[2014.12.24-18.36.31:377][514]LogWorld: Bringing World /Game/Maps/UEDPIE_0_Example_Map.Example_Map up for play (max tick rate 0) at 2014.12.24-20.36.31
[2014.12.24-18.36.31:377][514]LogWorld: Bringing up level for play took: 0.004811
[2014.12.24-18.36.31:379][514]PIE: Info Play in editor start time for /Game/Maps/UEDPIE_0_Example_Map -0.162
[2014.12.24-18.36.58:548][597]LogActorComponent: UnregisterComponent: (/Engine/Transient.CharacterMovementComponent_9) Not registered. Aborting.
[2014.12.24-18.36.58:616][598]LogParticles: Destroying 0 GPU particle simulations for FXSystem 0x000000B511675300
[2014.12.24-18.37.34:298][703]LogSlate:Warning: GetFontFace failed to load or process 'Roboto-Regular'
[2014.12.24-18.37.34:299][703]LogSlate:Warning: GetFontFace failed to load or process 'Roboto-Regular'
[2014.12.24-18.37.34:301][703]LogSlate:Warning: GetFontFace failed to load or process 'Roboto-Regular'
[2014.12.24-18.37.34:301][703]LogSlate:Warning: GetFontFace failed to load or process 'Roboto-Regular'
[2014.12.24-18.37.34:301][703]LogSlate:Warning: GetFontFace failed to load or process 'Roboto-Regular'
[2014.12.24-18.37.34:302][703]LogSlate:Warning: GetFontFace failed to load or process 'Roboto-Regular'
[2014.12.24-18.37.34:302][703]LogSlate:Warning: GetFontFace failed to load or process 'Roboto-Regular'
[2014.12.24-18.37.34:302][703]LogSlate:Warning: GetFontFace failed to load or process 'Roboto-Regular'
[2014.12.24-18.37.34:302][703]LogSlate:Warning: GetFontFace failed to load or process 'Roboto-Regular'
[2014.12.24-18.37.34:302][703]LogSlate:Warning: GetFontFace failed to load or process 'Roboto-Regular'
[2014.12.24-18.37.34:302][703]LogSlate:Warning: GetFontFace failed to load or process 'Roboto-Regular'
[2014.12.24-18.37.34:302][703]LogSlate:Warning: GetFontFace failed to load or process 'Roboto-Regular'
[2014.12.24-18.37.34:302][703]LogSlate:Warning: GetFontFace failed to load or process 'Roboto-Regular'
[2014.12.24-18.37.34:302][703]LogSlate:Warning: GetFontFace failed to load or process 'Roboto-Regular'
[2014.12.24-18.37.34:302][703]LogSlate:Warning: GetFontFace failed to load or process 'Roboto-Regular'
[2014.12.24-18.37.34:302][703]LogSlate:Warning: GetFontFace failed to load or process 'Roboto-Regular'
[2014.12.24-18.37.34:303][703]LogSlate:Warning: GetFontFace failed to load or process 'Roboto-Regular'
[2014.12.24-18.37.34:303][703]LogSlate:Warning: GetFontFace failed to load or process 'Roboto-Regular'
[2014.12.24-18.37.34:303][703]LogSlate:Warning: GetFontFace failed to load or process 'Roboto-Regular'
[2014.12.24-18.37.52:295][268]LogSlate:Warning: GetFontFace failed to load or process 'Roboto-Regular'
[2014.12.24-18.37.52:295][268]LogSlate:Warning: GetFontFace failed to load or process 'Roboto-Regular'
[2014.12.24-18.37.52:295][268]LogSlate:Warning: GetFontFace failed to load or process 'Roboto-Regular'
[2014.12.24-18.37.52:295][268]LogSlate:Warning: GetFontFace failed to load or process 'Roboto-Regular'
[2014.12.24-18.37.52:296][268]LogSlate:Warning: GetFontFace failed to load or process 'Roboto-Regular'
[2014.12.24-18.37.52:296][268]LogSlate:Warning: GetFontFace failed to load or process 'Roboto-Regular'
[2014.12.24-18.37.52:296][268]LogSlate:Warning: GetFontFace failed to load or process 'Roboto-Regular'
[2014.12.24-18.37.52:296][268]LogSlate:Warning: GetFontFace failed to load or process 'Roboto-Regular'
[2014.12.24-18.37.52:296][268]LogSlate:Warning: GetFontFace failed to load or process 'Roboto-Regular'
[2014.12.24-18.38.47:280][ 77]LogSlate:Warning: GetFontFace failed to load or process 'Roboto-Regular'
[2014.12.24-18.39.20:444][146]BlueprintLog: New page: Compile MyCharacter
[2014.12.24-18.39.20:789][146]LogActorComponent: UnregisterComponent: (/Engine/Transient.CharacterMovementComponent_10) Not registered. Aborting.
[2014.12.24-18.39.20:981][146]BlueprintEditorCompileResults: Info [0572.86] Compile of MyCharacter successful! [in 113 ms]
[2014.12.24-18.39.23:318][210]BlueprintLog: New page: Pre-PIE auto-recompile
[2014.12.24-18.39.23:318][210]LogPlayLevel: [PIE] Compiling ammo before PIE...
[2014.12.24-18.39.23:419][210]LogPlayLevel: [PIE] Compiling Hud before PIE...
[2014.12.24-18.39.23:516][210]LogActorComponent: UnregisterComponent: (/Engine/Transient.CharacterMovementComponent_11) Not registered. Aborting.
[2014.12.24-18.39.23:566][210]LogPlayLevel: PIE:  Blueprint regeneration took 248 ms (2 blueprints)
[2014.12.24-18.39.23:567][210]PIE: New page: PIE session: Example_Map (Dec 24, 2014, 10:39:23 PM)
[2014.12.24-18.39.23:609][210]LogPlayLevel: PIE: StaticDuplicateObject took: (0.041929s)
[2014.12.24-18.39.23:610][210]LogPlayLevel: PIE: World Init took: (0.001008s)
[2014.12.24-18.39.23:610][210]LogPlayLevel: PIE: Created PIE world by copying editor world from /Game/Maps/Example_Map.Example_Map to /Game/Maps/UEDPIE_0_Example_Map.Example_Map (0.043181s)
[2014.12.24-18.39.23:657][210]LogWorld: Game class is 'MyGame_C'
[2014.12.24-18.39.23:659][210]LogAIModule: Creating AISystem for world Example_Map
[2014.12.24-18.39.23:663][210]LogWorld: Bringing World /Game/Maps/UEDPIE_0_Example_Map.Example_Map up for play (max tick rate 0) at 2014.12.24-20.39.23
[2014.12.24-18.39.23:664][210]LogWorld: Bringing up level for play took: 0.004781
[2014.12.24-18.39.23:666][210]PIE: Info Play in editor start time for /Game/Maps/UEDPIE_0_Example_Map 0.124
[2014.12.24-18.39.38:872][818]LogParticles: Destroying 0 GPU particle simulations for FXSystem 0x000000B517A3EB60
[2014.12.24-18.39.44:457][968]BlueprintLog: New page: Pre-PIE auto-recompile
[2014.12.24-18.39.44:529][968]LogActorComponent: UnregisterComponent: (/Engine/Transient.CharacterMovementComponent_12) Not registered. Aborting.
[2014.12.24-18.39.44:529][968]LogPlayLevel: [PIE] Compiling MyCharacter before PIE...
[2014.12.24-18.39.44:925][968]LogPlayLevel: [PIE] Compiling ammo before PIE...
[2014.12.24-18.39.45:031][968]LogPlayLevel: [PIE] Compiling Hud before PIE...
[2014.12.24-18.39.45:177][968]LogPlayLevel: PIE:  Blueprint regeneration took 720 ms (3 blueprints)
[2014.12.24-18.39.45:177][968]PIE: New page: PIE session: Example_Map (Dec 24, 2014, 10:39:45 PM)
[2014.12.24-18.39.45:218][968]LogPlayLevel: PIE: StaticDuplicateObject took: (0.040897s)
[2014.12.24-18.39.45:219][968]LogPlayLevel: PIE: World Init took: (0.000998s)
[2014.12.24-18.39.45:220][968]LogPlayLevel: PIE: Created PIE world by copying editor world from /Game/Maps/Example_Map.Example_Map to /Game/Maps/UEDPIE_0_Example_Map.Example_Map (0.042238s)
[2014.12.24-18.39.45:275][968]LogWorld: Game class is 'MyGame_C'
[2014.12.24-18.39.45:276][968]LogAIModule: Creating AISystem for world Example_Map
[2014.12.24-18.39.45:280][968]LogWorld: Bringing World /Game/Maps/UEDPIE_0_Example_Map.Example_Map up for play (max tick rate 0) at 2014.12.24-20.39.45
[2014.12.24-18.39.45:280][968]LogWorld: Bringing up level for play took: 0.004454
[2014.12.24-18.39.45:283][968]PIE: Info Play in editor start time for /Game/Maps/UEDPIE_0_Example_Map 1.741
[2014.12.24-18.39.55:532][345]LogActorComponent: UnregisterComponent: (/Engine/Transient.CharacterMovementComponent_13) Not registered. Aborting.
[2014.12.24-18.39.55:600][346]LogParticles: Destroying 0 GPU particle simulations for FXSystem 0x000000B52107F920
[2014.12.24-18.40.04:148][593]LogUObjectGlobals:Warning: Failed to find object 'Object None.'
[2014.12.24-18.40.11:145][792]BlueprintLog: New page: Pre-PIE auto-recompile
[2014.12.24-18.40.11:219][792]LogActorComponent: UnregisterComponent: (/Engine/Transient.CharacterMovementComponent_14) Not registered. Aborting.
[2014.12.24-18.40.11:219][792]LogPlayLevel: [PIE] Compiling MyCharacter before PIE...
[2014.12.24-18.40.11:616][792]LogPlayLevel: [PIE] Compiling ammo before PIE...
[2014.12.24-18.40.11:719][792]LogPlayLevel: [PIE] Compiling Hud before PIE...
[2014.12.24-18.40.11:871][792]LogPlayLevel: PIE:  Blueprint regeneration took 727 ms (3 blueprints)
[2014.12.24-18.40.11:872][792]PIE: New page: PIE session: Example_Map (Dec 24, 2014, 10:40:11 PM)
[2014.12.24-18.40.11:911][792]LogPlayLevel: PIE: StaticDuplicateObject took: (0.038993s)
[2014.12.24-18.40.11:912][792]LogPlayLevel: PIE: World Init took: (0.000912s)
[2014.12.24-18.40.11:912][792]LogPlayLevel: PIE: Created PIE world by copying editor world from /Game/Maps/Example_Map.Example_Map to /Game/Maps/UEDPIE_0_Example_Map.Example_Map (0.040240s)
[2014.12.24-18.40.11:960][792]LogWorld: Game class is 'MyGame_C'
[2014.12.24-18.40.11:962][792]LogAIModule: Creating AISystem for world Example_Map
[2014.12.24-18.40.11:966][792]LogWorld: Bringing World /Game/Maps/UEDPIE_0_Example_Map.Example_Map up for play (max tick rate 0) at 2014.12.24-20.40.11
[2014.12.24-18.40.11:966][792]LogWorld: Bringing up level for play took: 0.004413
[2014.12.24-18.40.11:968][792]PIE: Info Play in editor start time for /Game/Maps/UEDPIE_0_Example_Map 0.427
[2014.12.24-18.40.23:741][249]LogActorComponent: UnregisterComponent: (/Engine/Transient.CharacterMovementComponent_15) Not registered. Aborting.
[2014.12.24-18.40.23:808][250]LogParticles: Destroying 0 GPU particle simulations for FXSystem 0x000000B529F42DE0
[2014.12.24-18.40.29:871][414]LogUObjectGlobals:Warning: Failed to find object 'Object None.'
[2014.12.24-18.40.35:694][580]BlueprintLog: New page: Pre-PIE auto-recompile
[2014.12.24-18.40.35:771][580]LogActorComponent: UnregisterComponent: (/Engine/Transient.CharacterMovementComponent_16) Not registered. Aborting.
[2014.12.24-18.40.35:771][580]LogPlayLevel: [PIE] Compiling MyCharacter before PIE...
[2014.12.24-18.40.36:196][580]LogPlayLevel: [PIE] Compiling ammo before PIE...
[2014.12.24-18.40.36:303][580]LogPlayLevel: [PIE] Compiling Hud bef