Log file open, 12/24/14 02:34:55
LogInit:Display: Running engine for game: MyProject
LogInit: Version: 4.5.1-2336687+++depot+UE4-Releases+4.5
LogInit: API Version: 2326478
LogInit: Compiled (64-bit): Oct 21 2014 22:32:40
LogInit: Compiled with Visual C++: 18.00.21005.01
LogInit: Build Configuration: Development
LogInit: Branch Name: ++depot+UE4-Releases+4.5
LogInit: Command line: 
LogInit: Base directory: F:/ExtraSoft/UnrealEngine/4.5/Engine/Binaries/Win64/
LogInit: Rocket: 1
[2014.12.24-00.34.55:038][  0]LogTaskGraph: Started task graph with 3 named threads and 4 total threads.
[2014.12.24-00.34.55:181][  0]LogOnline:Warning: No default platform service specified for OnlineSubsystem
[2014.12.24-00.34.55:432][  0]LogInit: Presizing for 0 objects not considered by GC, pre-allocating 0 bytes.
[2014.12.24-00.34.55:459][  0]LogInit: Object subsystem initialized
[2014.12.24-00.34.55:494][  0]LogConsoleResponse:Warning: Skipping Unknown console variable: 'UIScaleRule = ShortestSide'
[2014.12.24-00.34.55:494][  0]LogConsoleResponse:Warning:   Found in ini file 'F:/ExtraSoft/Git/Try1/Nikita(Boss)/MyProject/Saved/Config/Windows/Engine.ini', in section '[/Script/Engine.RendererSettings]'
[2014.12.24-00.34.55:494][  0]LogConsoleResponse:Warning: Skipping Unknown console variable: 'UIScaleCurve = (EditorCurveData=(Keys=((Time=480.000000,Value=0.444000),(Time=720.000000,Value=0.666000),(Time=1080.000000,Value=1.000000),(Time=8640.000000,Value=8.000000))),ExternalCurve=None)'
[2014.12.24-00.34.55:494][  0]LogConsoleResponse:Warning:   Found in ini file 'F:/ExtraSoft/Git/Try1/Nikita(Boss)/MyProject/Saved/Config/Windows/Engine.ini', in section '[/Script/Engine.RendererSettings]'
[2014.12.24-00.34.55:502][  0]LogInit: Selected Device Profile: [Windows]
[2014.12.24-00.34.55:502][  0]LogInit: Applying CVar settings loaded from the selected device profile: [Windows]
[2014.12.24-00.34.55:530][  0]LogInit: Computer: NIKPC
[2014.12.24-00.34.55:530][  0]LogInit: User: Nikita
[2014.12.24-00.34.55:533][  0]LogInit: CPU Page size=4096, Cores=2
[2014.12.24-00.34.55:533][  0]LogInit: High frequency timer resolution =1.753831 MHz
[2014.12.24-00.34.55:533][  0]LogMemory: Memory total: Physical=7.9GB (8GB approx) Virtual=131072.0GB
[2014.12.24-00.34.55:534][  0]LogMemory: Platform Memory Stats for Windows
[2014.12.24-00.34.55:534][  0]LogMemory: Process Physical Memory: 63.23 MB used, 63.31 MB peak
[2014.12.24-00.34.55:534][  0]LogMemory: Process Virtual Memory: 38.41 MB used, 39.24 MB peak
[2014.12.24-00.34.55:534][  0]LogMemory: Physical Memory: 3232.18 MB used, 8077.43 MB total
[2014.12.24-00.34.55:534][  0]LogMemory: Virtual Memory: 282.49 MB used, 134217728.00 MB total
[2014.12.24-00.34.56:068][  0]LogD3D11RHI: Found D3D11 adapter 0: Intel(R) HD Graphics 4000 (Feature Level 11_0)
[2014.12.24-00.34.56:068][  0]LogD3D11RHI: Adapter has 1988MB of dedicated video memory, 0MB of dedicated system memory, and 2048MB of shared system memory, 1 output[s]
[2014.12.24-00.34.56:096][  0]LogD3D11RHI: Found D3D11 adapter 1: NVIDIA GeForce GT 740M    (Feature Level 11_0)
[2014.12.24-00.34.56:096][  0]LogD3D11RHI: Adapter has 1988MB of dedicated video memory, 0MB of dedicated system memory, and 2048MB of shared system memory, 0 output[s]
[2014.12.24-00.34.56:097][  0]LogD3D11RHI: Found D3D11 adapter 2: Microsoft Basic Render Driver (Feature Level 11_0)
[2014.12.24-00.34.56:097][  0]LogD3D11RHI: Adapter has 1988MB of dedicated video memory, 0MB of dedicated system memory, and 2048MB of shared system memory, 0 output[s]
[2014.12.24-00.34.56:097][  0]LogD3D11RHI: Chosen D3D11 Adapter Id = 0
[2014.12.24-00.34.56:144][  0]LogRHI: Texture pool is 1361 MB (70% of 1945 MB)
[2014.12.24-00.34.56:156][  0]LogD3D11RHI: Async texture creation enabled
[2014.12.24-00.34.56:784][  0]LogTextLocalizationManager: The requested culture ('ru_RU') has no localization data; falling back to 'en' for localization and internationalization data.
[2014.12.24-00.34.57:195][  0]LogContentStreaming: Texture pool size is 0.000000MB
[2014.12.24-00.35.05:648][  0]LogTargetPlatformManager:Display: Building Assets For Windows
[2014.12.24-00.35.06:814][  0]LogTargetPlatformManager:Display: Building Assets For Windows
[2014.12.24-00.35.06:902][  0]LogDerivedDataCache:Display: Max Cache Size: 512 MB
[2014.12.24-00.35.08:148][  0]LogDerivedDataCache: Loaded boot cache 1.25s 67MB C:/Users/Nikita/AppData/Local/UnrealEngine/4.5/DerivedDataCache/Boot.ddc.
[2014.12.24-00.35.08:148][  0]LogDerivedDataCache:Display: Loaded Boot cache: C:/Users/Nikita/AppData/Local/UnrealEngine/4.5/DerivedDataCache/Boot.ddc
[2014.12.24-00.35.08:149][  0]LogDerivedDataCache: FDerivedDataBackendGraph:  Pak pak cache file ../../../../../Git/Try1/Nikita(Boss)/MyProject/DerivedDataCache/DDC.ddp not found, will not use a pak cache.
[2014.12.24-00.35.08:149][  0]LogDerivedDataCache: Unable to find inner node Pak for hierarchical cache Hierarchy.
[2014.12.24-00.35.08:328][  0]LogDerivedDataCache:Display: Pak cache opened for reading ../../../Engine/DerivedDataCache/DDC.ddp.
[2014.12.24-00.35.08:341][  0]LogDerivedDataCache: Using Local data cache path C:/Users/Nikita/AppData/Local/UnrealEngine/Common/DerivedDataCache: Writable
[2014.12.24-00.35.14:591][  0]LogMeshUtilities: No automatic mesh reduction module available
[2014.12.24-00.35.14:591][  0]LogMeshUtilities: No automatic mesh merging module available
[2014.12.24-00.35.15:815][  0]LogLinker:Warning: Asset '../../../Engine/Content/Functions/Engine_MaterialFunctions02/Texturing/FlipBook.uasset' has been saved with empty engine version. The asset will be loaded but may be incompatible.
[2014.12.24-00.35.15:850][  0]LogLinker:Warning: Asset '../../../Engine/Content/Functions/Engine_MaterialFunctions02/ExampleContent/Textures/flipbook.uasset' has been saved with empty engine version. The asset will be loaded but may be incompatible.
[2014.12.24-00.35.17:912][  0]LogInit: WinSock: version 1.1 (2.2), MaxSocks=32767, MaxUdp=65467
[2014.12.24-00.35.31:374][  0]UdpMessaging: Initializing bridge on interface 0.0.0.0:0 to multicast group 230.0.0.1:6666.
[2014.12.24-00.35.32:579][  0]LogDirectoryWatcher:Warning: Failed to begin reading directory changes for F:/ExtraSoft/Git/Try1/Nikita(Boss)/MyProject/Binaries/Win64. Error: 0
[2014.12.24-00.35.33:865][  0]SourceControl: Info Source control is disabled
[2014.12.24-00.35.33:865][  0]SourceControl: Info Source control is disabled
[2014.12.24-00.35.33:873][  0]SourceControl: Info Source control is disabled
[2014.12.24-00.35.34:792][  0]LogObj: 22915 objects as part of root set at end of initial load.
[2014.12.24-00.35.34:792][  0]LogUObjectAllocator: 4803544 out of 0 bytes used by permanent object pool.
[2014.12.24-00.35.35:669][  0]LogEngine: Initializing Engine...
[2014.12.24-00.35.36:197][  0]LogInit: XAudio2 using 'Headphones (High Definition Audio Device)' : 2 channels at 44.1 kHz using 16 bits per sample (channel mask 0x3)
[2014.12.24-00.35.36:258][  0]LogInit: FAudioDevice initialized.
[2014.12.24-00.35.36:483][  0]LogAIModule: Creating AISystem for world NewWorld
[2014.12.24-00.35.36:530][  0]LogDerivedDataCache: Saved boot cache 0.04s 39MB C:/Users/Nikita/AppData/Local/UnrealEngine/4.5/DerivedDataCache/Boot.ddc.
[2014.12.24-00.35.36:562][  0]LogInit: Texture streaming: Enabled
[2014.12.24-00.35.36:741][  0]LogInit: Transaction tracking system initialized
[2014.12.24-00.35.37:397][  0]BlueprintLog: New page: Editor Load
[2014.12.24-00.35.37:506][  0]LogAssetRegistry: FAssetRegistry took 0.0112 seconds to start up
[2014.12.24-00.35.37:506][  0]LogDirectoryWatcher:Warning: Failed to begin reading directory changes for ../../../Engine/Plugins/Experimental/CharacterAI/Content/. Error: 0
[2014.12.24-00.35.39:432][  0]LogTargetPlatformManager:Display: Building Assets For Windows
[2014.12.24-00.35.39:934][  0]LogTargetPlatformManager:Display: Building Assets For Windows
[2014.12.24-00.35.40:995][  0]LogConsoleResponse:Display: 
[2014.12.24-00.35.43:409][  0]SourceControl: Info Source control is disabled
[2014.12.24-00.35.43:430][  0]Cmd: MAP LOAD FILE="../../../../../Git/Try1/Nikita(Boss)/MyProject/Content/Maps/Example_Map.umap" TEMPLATE=0 SHOWPROGRESS=1
[2014.12.24-00.35.43:439][  0]LightingResults: New page: Lighting Build
[2014.12.24-00.35.43:465][  0]MapCheck: New page: Map Check
[2014.12.24-00.35.43:465][  0]LightingResults: New page: Lighting Build
[2014.12.24-00.35.43:495][  0]LogParticles: Destroying 0 GPU particle simulations for FXSystem 0x000000136A152980
[2014.12.24-00.35.44:895][  0]LogEditorServer: Finished looking for orphan Actors (0.000 secs)
[2014.12.24-00.35.44:896][  0]LogAIModule: Creating AISystem for world Example_Map
[2014.12.24-00.35.44:914][  0]Cmd: MAP CHECKDEP
[2014.12.24-00.35.44:914][  0]MapCheck: New page: Example_Map - Dec 24, 2014, 4:35:44 AM
[2014.12.24-00.35.45:028][  0]MapCheck: Info Map check complete: 0 Error(s), 0 Warning(s), took 114.373ms to complete.
[2014.12.24-00.35.45:029][  0]LogFileHelpers: Loading map 'Example_Map' took 1.606
[2014.12.24-00.35.45:384][  0]LogCollectionManager: Loaded 0 collections in 0.001596 seconds
[2014.12.24-00.35.45:713][  0]LogCrashTracker: Crashtracker disabled due to settings.
[2014.12.24-00.35.45:844][  0]LogUObjectGlobals:Warning: Failed to find object 'Class None.'
[2014.12.24-00.35.45:961][  0]LogLoad: Full Startup: 54.16 seconds (BP compile: 0.08 seconds)
[2014.12.24-00.35.45:976][  0]LogContentBrowser:Verbose: The content browser source was changed by the sources view to '/Game/Character'
[2014.12.24-00.35.46:721][  0]LogRenderer:Warning: Reallocating scene render targets to support 808x592.
[2014.12.24-00.35.48:485][  4]LogAssetRegistry: Asset discovery search completed in 10.9912 seconds
[2014.12.24-00.35.53:921][140]LogPlayLevel: PIE:  No blueprints needed recompiling
[2014.12.24-00.35.53:921][140]PIE: New page: PIE session: Example_Map (Dec 24, 2014, 4:35:53 AM)
[2014.12.24-00.35.53:961][140]LogPlayLevel: PIE: StaticDuplicateObject took: (0.039190s)
[2014.12.24-00.35.53:962][140]LogPlayLevel: PIE: World Init took: (0.001165s)
[2014.12.24-00.35.53:962][140]LogPlayLevel: PIE: Created PIE world by copying editor world from /Game/Maps/Example_Map.Example_Map to /Game/Maps/UEDPIE_0_Example_Map.Example_Map (0.040672s)
[2014.12.24-00.35.54:641][140]LogLinker:Warning: Can't find file '/Game/Blueprints/ReadyToShoot'
[2014.12.24-00.35.54:641][140]LoadErrors: Info Failed to load /Game/Blueprints/MyCharacter.MyCharacter_C Referenced by MyCharacter Property /Script/Engine.Blueprint:BPInterfaceDescription.Interface
[2014.12.24-00.35.54:641][140]LogLinker:Warning: Can't find file for asset '/Game/Blueprints/ReadyToShoot' while loading ../../../../../Git/Try1/Nikita(Boss)/MyProject/Content/Blueprints/MyCharacter.uasset.
[2014.12.24-00.35.54:641][140]LoadErrors:Error: Error /Game/Blueprints/MyCharacter : Can't find file for asset. /Game/Blueprints/ReadyToShoot
[2014.12.24-00.35.54:671][140]LogLinker:Warning: Can't find file '/Game/Blueprints/spear'
[2014.12.24-00.35.54:671][140]LoadErrors: Info Failed to load /Game/Blueprints/MyCharacter.MyCharacter_C Referenced by K2Node_VariableGet_1143 Property /Script/BlueprintGraph.K2Node:MemberReference.MemberParentClass
[2014.12.24-00.35.54:671][140]LogLinker:Warning: Can't find file for asset '/Game/Blueprints/spear' while loading ../../../../../Git/Try1/Nikita(Boss)/MyProject/Content/Blueprints/MyCharacter.uasset.
[2014.12.24-00.35.54:671][140]LoadErrors:Error: Error /Game/Blueprints/MyCharacter : Can't find file for asset. /Game/Blueprints/spear
[2014.12.24-00.35.54:672][140]LogLinker:Warning: Can't find file '/Game/Blueprints/spear'
[2014.12.24-00.35.54:672][140]LoadErrors: Info Failed to load /Game/Blueprints/MyCharacter.MyCharacter_C Referenced by EdGraphPin_6683 Property /Script/Engine.EdGraphPin:PinType
[2014.12.24-00.35.54:672][140]LogLinker:Warning: Can't find file for asset '/Game/Blueprints/spear' while loading ../../../../../Git/Try1/Nikita(Boss)/MyProject/Content/Blueprints/MyCharacter.uasset.
[2014.12.24-00.35.54:786][140]LogBlueprint:Warning: [MyCharacter] CreatePinForVariable: 'ProjectileMovement1' variable not found. Base class was probably changed.
[2014.12.24-00.35.54:858][140]LogBlueprint:Warning: [compiler] Warning InputAction Event references unknown Action 'Crouch' for  InputAction Crouch 
[2014.12.24-00.35.54:858][140]LogBlueprint:Warning: [compiler] Warning Unable to find variable with name 'ProjectileMovement1' for  Get ProjectileMovement1 
[2014.12.24-00.35.54:877][140]LogBlueprint:Warning: [compiler] Warning [0063.07] Compile of MyCharacter successful, but with 2 Warning(s) [in 57 ms]
[2014.12.24-00.35.54:885][140]LogLinker:Warning: Can't find file '/Game/Blueprints/Arial72'
[2014.12.24-00.35.54:885][140]LoadErrors: Info Failed to load /Game/Blueprints/MyCharacter.MyCharacter_C Referenced by EdGraphPin_9084 Property /Script/Engine.EdGraphPin:DefaultObject
[2014.12.24-00.35.54:885][140]LogLinker:Warning: Can't find file for asset '/Game/Blueprints/Arial72' while loading ../../../../../Git/Try1/Nikita(Boss)/MyProject/Content/Blueprints/MyCharacter.uasset.
[2014.12.24-00.35.54:886][140]LoadErrors:Error: Error /Game/Blueprints/MyCharacter : Can't find file for asset. /Game/Blueprints/Arial72
[2014.12.24-00.35.54:886][140]LogLinker:Warning: Can't find file '/Game/Blueprints/Arial72'
[2014.12.24-00.35.54:886][140]LoadErrors: Info Failed to load /Game/Blueprints/MyCharacter.MyCharacter_C Referenced by EdGraphPin_9123 Property /Script/Engine.EdGraphPin:DefaultObject
[2014.12.24-00.35.54:887][140]LogLinker:Warning: Can't find file for asset '/Game/Blueprints/Arial72' while loading ../../../../../Git/Try1/Nikita(Boss)/MyProject/Content/Blueprints/MyCharacter.uasset.
[2014.12.24-00.35.54:928][140]LogLinker:Warning: Can't find file '/Game/Blueprints/ReadyToShoot'
[2014.12.24-00.35.54:928][140]LoadErrors: Info Failed to load /Game/Blueprints/MyCharacter.MyCharacter_C Referenced by MyCharacter_C
[2014.12.24-00.35.54:928][140]LogLinker:Warning: Can't find file for asset '/Game/Blueprints/ReadyToShoot' while loading ../../../../../Git/Try1/Nikita(Boss)/MyProject/Content/Blueprints/MyCharacter.uasset.
[2014.12.24-00.35.54:972][140]LogBlueprint:Warning: [compiler] Warning InputAction Event references unknown Action 'Crouch' for  InputAction Crouch 
[2014.12.24-00.35.54:972][140]LogBlueprint:Warning: [compiler] Warning Unable to find variable with name 'ProjectileMovement1' for  Get ProjectileMovement1 
[2014.12.24-00.35.54:990][140]LogBlueprint:Warning: [compiler] Warning [0063.19] Compile of MyCharacter successful, but with 2 Warning(s) [in 37 ms]
[2014.12.24-00.35.55:010][140]LogLinker:Warning: Can't find file '/Game/Blueprints/ReadyToShoot'
[2014.12.24-00.35.55:010][140]LogLinker:Warning: Can't find file for asset '/Game/Blueprints/ReadyToShoot' while loading ../../../../../Git/Try1/Nikita(Boss)/MyProject/Content/Blueprints/MyCharacter.uasset.
[2014.12.24-00.35.55:010][140]LogLinker:Warning: Can't find file '/Game/Blueprints/spear'
[2014.12.24-00.35.55:010][140]LogLinker:Warning: Can't find file for asset '/Game/Blueprints/spear' while loading ../../../../../Git/Try1/Nikita(Boss)/MyProject/Content/Blueprints/MyCharacter.uasset.
[2014.12.24-00.35.55:013][140]LogLinker:Warning: Can't find file '/Game/Blueprints/ReadyToShoot'
[2014.12.24-00.35.55:013][140]LogLinker:Warning: Can't find file for asset '/Game/Blueprints/ReadyToShoot' while loading ../../../../../Git/Try1/Nikita(Boss)/MyProject/Content/Blueprints/MyCharacter.uasset.
[2014.12.24-00.35.55:014][140]LogLinker:Warning: Can't find file '/Game/Blueprints/spear'
[2014.12.24-00.35.55:014][140]LogLinker:Warning: Can't find file for asset '/Game/Blueprints/spear' while loading ../../../../../Git/Try1/Nikita(Boss)/MyProject/Content/Blueprints/MyCharacter.uasset.
[2014.12.24-00.35.55:016][140]LogLinker:Warning: Can't find file '/Game/Blueprints/Arial72'
[2014.12.24-00.35.55:016][140]LogLinker:Warning: Can't find file for asset '/Game/Blueprints/Arial72' while loading ../../../../../Git/Try1/Nikita(Boss)/MyProject/Content/Blueprints/Hud.uasset.
[2014.12.24-00.35.55:016][140]LoadErrors:Error: Error /Game/Blueprints/Hud : Can't find file for asset. /Game/Blueprints/Arial72
[2014.12.24-00.35.55:016][140]LogLinker:Warning: Can't find file '/Game/Blueprints/Arial72'
[2014.12.24-00.35.55:017][140]LogLinker:Warning: Can't find file for asset '/Game/Blueprints/Arial72' while loading ../../../../../Git/Try1/Nikita(Boss)/MyProject/Content/Blueprints/Hud.uasset.
[2014.12.24-00.35.55:017][140]LogLinker:Warning: Can't find file '/Game/Blueprints/ReadyToShoot'
[2014.12.24-00.35.55:018][140]LogLinker:Warning: Can't find file for asset '/Game/Blueprints/ReadyToShoot' while loading ../../../../../Git/Try1/Nikita(Boss)/MyProject/Content/Blueprints/MyGame.uasset.
[2014.12.24-00.35.55:018][140]LoadErrors:Error: Error /Game/Blueprints/MyGame : Can't find file for asset. /Game/Blueprints/ReadyToShoot
[2014.12.24-00.35.55:019][140]LogLinker:Warning: Can't find file '/Game/Blueprints/ReadyToShoot'
[2014.12.24-00.35.55:019][140]LogLinker:Warning: Can't find file for asset '/Game/Blueprints/ReadyToShoot' while loading ../../../../../Git/Try1/Nikita(Boss)/MyProject/Content/Blueprints/MyGame.uasset.
[2014.12.24-00.35.55:020][140]LogLinker:Warning: Can't find file '/Game/Blueprints/ReadyToShoot'
[2014.12.24-00.35.55:020][140]LoadErrors: Info Failed to load /Game/Blueprints/ReadyToShoot.ReadyToShoot_C Referenced by MyGame_C
[2014.12.24-00.35.55:021][140]LogLinker:Warning: Can't find file for asset '/Game/Blueprints/ReadyToShoot' while loading NULL.
[2014.12.24-00.35.55:021][140]LogLinker:Warning: Can't find file '/Game/Blueprints/ReadyToShoot'
[2014.12.24-00.35.55:022][140]LoadErrors: Info Failed to load /Game/Blueprints/ReadyToShoot.ReadyToShoot_C Referenced by MyGame Property /Script/Engine.Blueprint:BPInterfaceDescription.Interface
[2014.12.24-00.35.55:022][140]LogLinker:Warning: Can't find file for asset '/Game/Blueprints/ReadyToShoot' while loading NULL.
[2014.12.24-00.35.55:023][140]LogLinker:Warning: Can't find file '/Game/Blueprints/ReadyToShoot'
[2014.12.24-00.35.55:023][140]LoadErrors: Info Failed to load /Game/Blueprints/ReadyToShoot.ReadyToShoot_C Referenced by K2Node_Message_251 Property /Script/BlueprintGraph.K2Node:MemberReference.MemberParentClass
[2014.12.24-00.35.55:023][140]LogLinker:Warning: Can't find file for asset '/Game/Blueprints/ReadyToShoot' while loading NULL.
[2014.12.24-00.35.55:032][140]LogBlueprint:Error: [compiler] Error Message node  Invalid Message Node  has an invalid interface.
[2014.12.24-00.35.55:033][140]LogBlueprint:Warning: [compiler] Warning Type mismatch between pins  Out Actors  and  Target 
[2014.12.24-00.35.55:033][140]LogBlueprint:Warning: [compiler] Warning Type mismatch between pins  Target  and  Out Actors 
[2014.12.24-00.35.55:033][140]LogBlueprint:Warning: [compiler] Warning Unable to find function with name 'ReadyToShoot?' for  Invalid Message Node 
[2014.12.24-00.35.55:034][140]LogBlueprint:Warning: [compiler] Warning [0063.23] Compile of MyGame failed. 1 Fatal Issue(s) 3 Warning(s) [in 2 ms]
[2014.12.24-00.35.55:570][140]LogWorld: Game class is 'MyGame_C'
[2014.12.24-00.35.55:656][140]LogAIModule: Creating AISystem for world Example_Map
[2014.12.24-00.35.56:471][140]LogWorld: Bringing World /Game/Maps/UEDPIE_0_Example_Map.Example_Map up for play (max tick rate 0) at 2014.12.24-02.35.56
[2014.12.24-00.35.56:472][140]LogWorld: Bringing up level for play took: 0.815442
[2014.12.24-00.35.56:500][140]PIE: Info Play in editor start time for /Game/Maps/UEDPIE_0_Example_Map 2.943
[2014.12.24-00.36.08:938][556]LogParticles: Destroying 0 GPU particle simulations for FXSystem 0x000000136D5C2D40
[2014.12.24-00.36.12:034][628]LogContentBrowser:Verbose: The content browser source was changed by the sources view to '/Game/Blueprints'
[2014.12.24-00.36.13:173][661]LogContentBrowser:Verbose: The content browser source was changed by the sources view to '/Game/Maps'
[2014.12.24-00.36.14:036][704]LogContentBrowser:Verbose: The content browser source was changed by the sources view to '/Game/Meshes'
[2014.12.24-00.36.16:584][752]LogContentBrowser:Verbose: The content browser source was changed by the sources view to '/Game/Textures'
[2014.12.24-00.36.33:464][200]BlueprintLog: New page: Pre-PIE auto-recompile
[2014.12.24-00.36.33:464][200]LogPlayLevel: [PIE] Compiling Tutorial_BP_MacroLib before PIE...
[2014.12.24-00.36.33:522][200]LogActorComponent: UnregisterComponent: (/Engine/Transient.ProjectileMovementComponent_0) Not registered. Aborting.
[2014.12.24-00.36.33:522][200]LogActorComponent: UnregisterComponent: (/Engine/Transient.CharacterMovementComponent_0) Not registered. Aborting.
[2014.12.24-00.36.33:562][200]LogPlayLevel: PIE:  Blueprint regeneration took 98 ms (1 blueprints)
[2014.12.24-00.36.46:266][251]LogContentBrowser:Verbose: The content browser source was changed by the sources view to '/Game/Blueprints'
[2014.12.24-00.37.07:172][866]BlueprintLog: New page: Pre-PIE auto-recompile
[2014.12.24-00.37.07:180][866]LogPlayLevel: [PIE] Compiling MyGame before PIE...
[2014.12.24-00.37.07:214][866]LogBlueprint:Warning: [compiler] Warning Unable to find function with name 'ReadyToShoot?' for  Invalid Message Node 
[2014.12.24-00.37.07:214][866]LogBlueprint:Warning: [compiler] Warning [0135.41] Compile of MyGame successful, but with 1 Warning(s) [in 1 ms]
[2014.12.24-00.37.07:279][866]LogActorComponent: UnregisterComponent: (/Engine/Transient.ProjectileMovementComponent_1) Not registered. Aborting.
[2014.12.24-00.37.07:279][866]LogActorComponent: UnregisterComponent: (/Engine/Transient.CharacterMovementComponent_1) Not registered. Aborting.
[2014.12.24-00.37.07:321][866]LogPlayLevel: PIE:  Blueprint regeneration took 148 ms (1 blueprints)
[2014.12.24-00.37.07:321][866]PIE: New page: PIE session: Example_Map (Dec 24, 2014, 4:37:07 AM)
[2014.12.24-00.37.07:362][866]LogPlayLevel: PIE: StaticDuplicateObject took: (0.040966s)
[2014.12.24-00.37.07:363][866]LogPlayLevel: PIE: World Init took: (0.001240s)
[2014.12.24-00.37.07:363][866]LogPlayLevel: PIE: Created PIE world by copying editor world from /Game/Maps/Example_Map.Example_Map to /Game/Maps/UEDPIE_0_Example_Map.Example_Map (0.042507s)
[2014.12.24-00.37.07:416][866]LogLinker:Warning: Can't find file '/Game/Blueprints/ReadyToShoot'
[2014.12.24-00.37.07:416][866]LogLinker:Warning: Can't find file for asset '/Game/Blueprints/ReadyToShoot' while loading ../../../../../Git/Try1/Nikita(Boss)/MyProject/Content/Blueprints/MyGame.uasset.
[2014.12.24-00.37.07:418][866]LogLinker:Warning: Can't find file '/Game/Blueprints/ReadyToShoot'
[2014.12.24-00.37.07:418][866]LogLinker:Warning: Can't find file for asset '/Game/Blueprints/ReadyToShoot' while loading ../../../../../Git/Try1/Nikita(Boss)/MyProject/Content/Blueprints/MyGame.uasset.
[2014.12.24-00.37.07:418][866]LogWorld: Game class is 'MyGame_C'
[2014.12.24-00.37.07:420][866]LogAIModule: Creating AISystem for world Example_Map
[2014.12.24-00.37.07:424][866]LogWorld: Bringing World /Game/Maps/UEDPIE_0_Example_Map.Example_Map up for play (max tick rate 0) at 2014.12.24-02.37.07
[2014.12.24-00.37.07:424][866]LogWorld: Bringing up level for play took: 0.004271
[2014.12.24-00.37.07:426][866]PIE: Info Play in editor start time for /Game/Maps/UEDPIE_0_Example_Map -0.13
[2014.12.24-00.37.16:919][179]LogParticles: Destroying 0 GPU particle simulations for FXSystem 0x0000001373BA7A60
[2014.12.24-00.37.57:911][341]LogSlate:Warning: GetFontFace failed to load or process 'Roboto-Regular'
[2014.12.24-00.37.57:911][341]LogSlate:Warning: GetFontFace failed to load or process 'Roboto-Regular'
[2014.12.24-00.37.57:973][341]LogSlate:Warning: GetFontFace failed to load or process 'Roboto-Regular'
[2014.12.24-00.37.57:973][341]LogSlate:Warning: GetFontFace failed to load or process 'Roboto-Regular'
[2014.12.24-00.37.57:974][341]LogSlate:Warning: GetFontFace failed to load or process 'Roboto-Regular'
[2014.12.24-00.37.57:974][341]LogSlate:Warning: GetFontFace failed to load or process 'Roboto-Regular'
[2014.12.24-00.37.57:974][341]LogSlate:Warning: GetFontFace failed to load or process 'Roboto-Regular'
[2014.12.24-00.37.57:974][341]LogSlate:Warning: GetFontFace failed to load or process 'Roboto-Regular'
[2014.12.24-00.37.57:974][341]LogSlate:Warning: GetFontFace failed to load or process 'Roboto-Regular'
[2014.12.24-00.37.57:974][341]LogSlate:Warning: GetFontFace failed to load or process 'Roboto-Regular'
[2014.12.24-00.37.57:974][341]LogSlate:Warning: GetFontFace failed to load or process 'Roboto-Regular'
[2014.12.24-00.37.57:974][341]LogSlate:Warning: GetFontFace failed to load or process 'Roboto-Regular'
[2014.12.24-00.37.57:974][341]LogSlate:Warning: GetFontFace failed to load or process 'Roboto-Regular'
[2014.12.24-00.37.57:974][341]LogSlate:Warning: GetFontFace failed to load or process 'Roboto-Regular'
[2014.12.24-00.37.57:974][341]LogSlate:Warning: GetFontFace failed to load or process 'Roboto-Regular'
[2014.12.24-00.37.57:974][341]LogSlate:Warning: GetFontFace failed to load or process 'Roboto-Regular'
[2014.12.24-00.37.57:975][341]LogSlate:Warning: GetFontFace failed to load or process 'Roboto-Regular'
[2014.12.24-00.37.57:975][341]LogSlate:Warning: GetFontFace failed to load or process 'Roboto-Regular'
[2014.12.24-00.37.57:975][341]LogSlate:Warning: GetFontFace failed to load or process 'Roboto-Regular'
[2014.12.24-00.38.01:620][429]LogWindowsTextInputMethodSystem:Error: Deactivating a context failed while setting focus to the disabled TSF document manager.
[2014.12.24-00.38.10:312][647]LogActorComponent: UnregisterComponent: (/Engine/Transient.ProjectileMovementComponent_2) Not registered. Aborting.
[2014.12.24-00.38.10:312][647]LogActorComponent: UnregisterComponent: (/Engine/Transient.CharacterMovementComponent_2) Not registered. Aborting.
[2014.12.24-00.38.24:196][ 63]LogActorComponent: UnregisterComponent: (/Engine/Transient.CharacterMovementComponent_3) Not registered. Aborting.
[2014.12.24-00.38.24:243][ 63]LogWindowsTextInputMethodSystem:Error: Deactivating a context failed while setting focus to the disabled TSF document manager.
[2014.12.24-00.38.33:661][304]LogUObjectGlobals:Warning: Failed to find object 'Object None.'
[2014.12.24-00.38.44:171][582]LogWindowsTextInputMethodSystem:Error: Deactivating a context failed while setting focus to the disabled TSF document manager.
[2014.12.24-00.38.44:409][585]LogActorComponent: UnregisterComponent: (/Engine/Transient.CharacterMovementComponent_4) Not registered. Aborting.
[2014.12.24-00.38.50:695][728]LogUObjectGlobals:Warning: Failed to find object 'Object None.'
[2014.12.24-00.39.06:694][166]BlueprintLog: New page: Compile MyCharacter
[2014.12.24-00.39.06:874][166]LogBlueprint:Warning: [compiler] Warning InputAction Event references unknown Action 'Crouch' for  InputAction Crouch 
[2014.12.24-00.39.06:874][166]LogBlueprint:Warning: [compiler] Warning Unable to find variable with name 'ProjectileMovement1' for  Get ProjectileMovement1 
[2014.12.24-00.39.06:951][166]LogBlueprint:Warning: [compiler] Warning [0255.15] Compile of MyCharacter successful, but with 2 Warning(s) [in 98 ms]
[2014.12.24-00.39.07:035][166]LogActorComponent: UnregisterComponent: (/Engine/Transient.CharacterMovementComponent_5) Not registered. Aborting.
[2014.12.24-00.39.07:223][166]BlueprintEditorCompileResults:Warning: Warning InputAction Event references unknown Action 'Crouch' for  InputAction Crouch 
[2014.12.24-00.39.07:223][166]BlueprintEditorCompileResults:Warning: Warning Unable to find variable with name 'ProjectileMovement1' for  Get ProjectileMovement1 
[2014.12.24-00.39.07:223][166]BlueprintEditorCompileResults:Warning: Warning [0255.15] Compile of MyCharacter successful, but with 2 Warning(s) [in 98 ms]
[2014.12.24-00.39.34:394][938]LogWindowsTextInputMethodSystem:Error: Deactivating a context failed while setting focus to the disabled TSF document manager.
[2014.12.24-00.39.43:386][141]LogWindowsTextInputMethodSystem:Error: Deactivating a context failed while setting focus to the disabled TSF document manager.
[2014.12.24-00.39.53:103][371]LogSlate:Warning: GetFontFace failed to load or process 'Roboto-Regular'
[2014.12.24-00.39.53:104][371]LogSlate:Warning: GetFontFace failed to load or process 'Roboto-Regular'
[2014.12.24-00.39.53:104][371]LogSlate:Warning: GetFontFace failed to load or process 'Roboto-Regular'
[2014.12.24-00.39.53:104][371]LogSlate:Warning: GetFontFace failed to load or process 'Roboto-Regular'
[2014.12.24-00.39.53:104][371]LogSlate:Warning: GetFontFace failed to load or process 'Roboto-Regular'
[2014.12.24-00.39.53:962][390]LogWindowsTextInputMethodSystem:Error: Deactivating a context failed while setting focus to the disabled TSF document manager.
[2014.12.24-00.40.23:346][106]LogUObjectGlobals:Warning: Failed to find object 'Object None.'
[2014.12.24-00.41.08:831][275]LogSlate:Warning: GetFontFace failed to load or process 'Roboto-Regular'
[2014.12.24-00.41.08:831][275]LogSlate:Warning: GetFontFace failed to load or process 'Roboto-Regular'
[2014.12.24-00.41.08:831][275]LogSlate:Warning: GetFontFace failed to load or process 'Roboto-Regular'
[2014.12.24-00.41.12:831][378]LogWindowsTextInputMethodSystem:Error: Deactivating a context failed while setting focus to the disabled TSF document manager.
[2014.12.24-00.42.10:540][914]Cmd: OBJ SAVEPACKAGE PACKAGE="/Game/Blueprints/MyCharacter" FILE="../../../../../Git/Try1/Nikita(Boss)/MyProject/Content/Blueprints/MyCharacter.uasset" SILENT=true
[2014.12.24-00.42.11:149][914]LogSavePackage: Save=555.672668ms
[2014.12.24-00.42.11:149][914]LogSavePackage: Moving '../../../../../Git/Try1/Nikita(Boss)/MyProject/Saved/MyCharacter934870AB40DF0A07C31368BC53F010FA.tmp' to '../../../../../Git/Try1/Nikita(Boss)/MyProject/Content/Blueprints/MyCharacter.uasset'
[2014.12.24-00.42.11:968][933]BlueprintLog: New page: Pre-PIE auto-recompile
[2014.12.24-00.42.11:968][933]LogPlayLevel: [PIE] Compiling Hud before PIE...
[2014.12.24-00.42.12:161][933]LogActorComponent: UnregisterComponent: (/Engine/Transient.CharacterMovementComponent_6) Not registered. Aborting.
[2014.12.24-00.42.12:161][933]LogPlayLevel: [PIE] Compiling MyCharacter before PIE...
[2014.12.24-00.42.12:318][933]LogBlueprint:Warning: [compiler] Warning InputAction Event references unknown Action 'Crouch' for  InputAction Crouch 
[2014.12.24-00.42.12:318][933]LogBlueprint:Warning: [compiler] Warning Unable to find variable with name 'ProjectileMovement1' for  Get ProjectileMovement1 
[2014.12.24-00.42.12:397][933]LogBlueprint:Warning: [compiler] Warning [0440.59] Compile of MyCharacter successful, but with 2 Warning(s) [in 98 ms]
[2014.12.24-00.42.12:585][933]LogPlayLevel: PIE:  Blueprint regeneration took 617 ms (2 blueprints)
[2014.12.24-00.42.12:585][933]PIE: New page: PIE session: Example_Map (Dec 24, 2014, 4:42:12 AM)
[2014.12.24-00.42.12:629][933]LogPlayLevel: PIE: StaticDuplicateObject took: (0.042972s)
[2014.12.24-00.42.12:630][933]LogPlayLevel: PIE: World Init took: (0.001140s)
[2014.12.24-00.42.12:630][933]LogPlayLevel: PIE: Created PIE world by copying editor world from /Game/Maps/Example_Map.Example_Map to /Game/Maps/UEDPIE_0_Example_Map.Example_Map (0.044468s)
[2014.12.24-00.42.12:675][933]LogWorld: Game class is 'MyGame_C'
[2014.12.24-00.42.12:677][933]LogAIModule: Creating AISystem for world Example_Map
[2014.12.24-00.42.12:681][933]LogWorld: Bringing World /Game/Maps/UEDPIE_0_Example_Map.Example_Map up for play (max tick rate 0) at 2014.12.24-02.42.12
[2014.12.24-00.42.12:681][933]LogWorld: Bringing up level for play took: 0.004420
[2014.12.24-00.42.12:683][933]PIE: Info Play in editor start time for /Game/Maps/UEDPIE_0_Example_Map 1.127
[2014.12.24-00.42.45:217][183]LogActorComponent: UnregisterComponent: (/Engine/Transient.CharacterMovementComponent_7) Not registered. Aborting.
[2014.12.24-00.42.45:307][184]LogParticles: Destroying 0 GPU particle simulations for FXSystem 0x000000137785FA60
[2014.12.24-00.42.59:901][359]Cmd: OBJ SAVEPACKAGE PACKAGE="/Game/Blueprints/MyCharacter" FILE="../../../../../Git/Try1/Nikita(Boss)/MyProject/Content/Blueprints/MyCharacter.uasset" SILENT=true
[2014.12.24-00.43.00:500][359]LogSavePackage: Save=567.562683ms
[2014.12.24-00.43.00:500][359]LogSavePackage: Moving '../../../../../Git/Try1/Nikita(Boss)/MyProject/Saved/MyCharacter20189E864178D02BFA0165ABF7EC98D3.tmp' to '../../../../../Git/Try1/Nikita(Boss)/MyProject/Content/Blueprints/MyCharacter.uasset'
[2014.12.24-00.43.08:202][569]Cmd: OBJ SAVEPACKAGE PACKAGE="/Game/Blueprints/MyGame" FILE="../../../../../Git/Try1/Nikita(Boss)/MyProject/Content/Blueprints/MyGame.uasset" SILENT=true
[2014.12.24-00.43.08:289][569]LogSavePackage: Save=33.417702ms
[2014.12.24-00.43.08:289][569]LogSavePackage: Moving '../../../../../Git/Try1/Nikita(Boss)/MyProject/Saved/MyGame125D3B5A491546E2A4A2F89D8B5416CD.tmp' to '../../../../../Git/Try1/Nikita(Boss)/MyProject/Content/Blueprints/MyGame.uasset'
[2014.12.24-00.43.40:217][582]LogSlate:Warning: GetFontFace failed to load or process 'Roboto-Regular'
[2014.12.24-00.43.40:217][582]LogSlate:Warning: GetFontFace failed to load or process 'Roboto-Regular'
[2014.12.24-00.43.40:217][582]LogSlate:Warning: GetFontFace failed to load or process 'Roboto-Regular'
[2014.12.24-00.43.40:217][582]LogSlate:Warning: GetFontFace failed to load or process 'Roboto-Regular'
[2014.12.24-00.43.51:510][983]LogWindowsTextInputMethodSystem:Error: Deactivating a context failed while setting focus to the disabled TSF document manager.
[2014.12.24-00.44.06:597][552]LogWindowsTextInputMethodSystem:Error: Deactivating a context failed while setting focus to the disabled TSF document manager.
[2014.12.24-00.44.24:266][125]LogUObjectGlobals:Warning: Failed to find object 'Object None.'
[2014.12.24-00.44.45:847][754]LogWindowsTextInputMethodSystem:Error: Deactivating a context failed while setting focus to the disabled TSF document manager.
[2014.12.24-00.44.53:915][968]LogWindowsTextInputMethodSystem:Error: Deactivating a context failed while setting focus to the disabled TSF document manager.
[2014.12.24-00.45.01:741][252]LogUObjectGlobals:Warning: Failed to find object 'Object None.'
[2014.12.24-00.45.27:561][  7]LogWindowsTextInputMethodSystem:Error: Deactivating a context failed while setting focus to the disabled TSF document manager.
[2014.12.24-00.45.27:709][  9]Cmd: OBJ SAVEPACKAGE PACKAGE="/Game/Blueprints/Hud" FILE="../../../../../Git/Try1/Nikita(Boss)/MyProject/Content/Blueprints/Hud.uasset" SILENT=true
[2014.12.24-00.45.27:793][  9]LogSavePackage: Save=39.683414ms
[2014.12.24-00.45.27:793][  9]LogSavePackage: Moving '../../../../../Git/Try1/Nikita(Boss)/MyProject/Saved/Hud62D497BC4D7BCEBB33D71397227999E4.tmp' to '../../../../../Git/Try1/Nikita(Boss)/MyProject/Content/Blueprints/Hud.uasset'
[2014.12.24-00.45.30:722][103]MapCheck: New page: Map Check
[2014.12.24-00.45.30:756][103]Cmd: MAP REBUILD ALLVISIBLE
[2014.12.24-00.45.30:757][103]LogEditorServer: Rebuildmap Clear paths rebuilt
[2014.12.24-00.45.30:860][103]LightingResults: New page: Lighting Build - Dec 24, 2014, 4:45:30 AM
[2014.12.24-00.45.34:956][103]LogStaticLightingSystem: Running Lightmass w/ ImmediateImport mode ENABLED
[2014.12.24-00.45.34:956][103]LogStaticLightingSystem: Running Lightmass w/ ImmediateProcess mode ENABLED
[2014.12.24-00.45.34:956][103]LogStaticLightingSystem: Running Lightmass w/ Sorting mode ENABLED
[2014.12.24-00.45.34:956][103]LogStaticLightingSystem: Running Lightmass w/ Mapping paddings ENABLED
[2014.12.24-00.45.34:956][103]LogStaticLightingSystem: Running Lightmass w/ Mapping debug paddings DISABLED
[2014.12.24-00.45.35:088][103]LogEditorBuildUtils: Build time 0:00:04
[2014.12.24-00.45.35:739][111]LogActorComponent: UnregisterComponent: (/Engine/Transient.ProjectileMovementComponent_3) Not registered. Aborting.
[2014.12.24-00.45.35:739][111]LogActorComponent: UnregisterComponent: (/Engine/Transient.CharacterMovementComponent_8) Not registered. Aborting.
[2014.12.24-00.45.43:782][291]Job is a success!
[2014.12.24-00.45.44:112][292]LogTexture:Display: Building textures: HQ_Lightmap0_1 (AutoDXT)
[2014.12.24-00.45.44:418][292]LogTexture:Display: Building textures: LQ_Lightmap_1_3 (DXT1)
[2014.12.24-00.45.44:428][292]LogTexture:Display: Building textures: HQ_Lightmap1_3 (AutoDXT)
[2014.12.24-00.45.44:454][292]LogTexture:Display: Building textures: LQ_Lightmap_1_2 (DXT1)
[2014.12.24-00.45.44:467][292]LogTexture:Display: Building textures: HQ_Lightmap1_2 (AutoDXT)
[2014.12.24-00.45.44:492][292]LogTexture:Display: Building textures: LQ_Lightmap_0_1 (DXT1)
[2014.12.24-00.45.44:780][292]LogTexture:Display: Building textures: ShadowMapTexture2D_0 (BGRA8)
[2014.12.24-00.45.44:824][292]LogTexture:Display: Building textures: ShadowMapTexture2D_3 (BGRA8)
[2014.12.24-00.45.44:858][292]LogTexture:Display: Building textures: ShadowMapTexture2D_4 (BGRA8)
[2014.12.24-00.45.44:950][292]Lightmass on NIKPC: 4.11 sec total, 1.12 sec importing, 1 ms setup, 335 ms photons, 2.63 sec processing, 0 ms extra exporting [26/26 mappings]. Threads: 10.4 sec total, 3.97 sec processing.
[2014.12.24-00.45.44:987][292]LogStaticLightingSystem:Warning: Illumination: 14.0 sec (909 ms encoding lightmaps)
[2014.12.24-00.45.44:987][292]LogStaticLightingSystem: Lightmap texture memory:  1.4 MB (0.0 MB streaming, 1.3 MB non-streaming), 6 textures
[2014.12.24-00.45.44:987][292]LogStaticLightingSystem: Shadowmap texture memory: 0.0 MB (0.0 MB streaming, 0.0 MB non-streaming), 3 textures
[2014.12.24-00.45.45:924][293]Cmd: MAP CHECK NOTIFYRESULTS
[2014.12.24-00.45.45:924][293]MapCheck: New page: Example_Map - Dec 24, 2014, 4:45:45 AM
[2014.12.24-00.45.46:114][293]MapCheck: Info Map check complete: 0 Error(s), 0 Warning(s), took 190.248ms to complete.
[2014.12.24-00.45.48:065][343]BlueprintLog: New page: Pre-PIE auto-recompile
[2014.12.24-00.45.48:079][343]LogPlayLevel: [PIE] Compiling Hud before PIE...
[2014.12.24-00.45.48:234][343]LogPlayLevel: PIE:  Blueprint regeneration took 168 ms (1 blueprints)
[2014.12.24-00.45.48:234][343]PIE: New page: PIE session: Example_Map (Dec 24, 2014, 4:45:48 AM)
[2014.12.24-00.45.48:273][343]LogPlayLevel: PIE: StaticDuplicateObject took: (0.039062s)
[2014.12.24-00.45.48:275][343]LogPlayLevel: PIE: World Init took: (0.001435s)
[2014.12.24-00.45.48:275][343]LogPlayLevel: PIE: Created PIE world by copying editor world from /Game/Maps/Example_Map.Example_Map to /Game/Maps/UEDPIE_0_Example_Map.Example_Map (0.041113s)
[2014.12.24-00.45.48:340][343]LogWorld: Game class is 'MyGame_C'
[2014.12.24-00.45.48:341][343]LogAIModule: Creating AISystem for world Example_Map
[2014.12.24-00.45.48:345][343]LogWorld: Bringing World /Game/Maps/UEDPIE_0_Example_Map.Example_Map up for play (max tick rate 0) at 2014.12.24-02.45.48
[2014.12.24-00.45.48:346][343]LogWorld: Bringing up level for play took: 0.004943
[2014.12.24-00.45.48:348][343]PIE: Info Play in editor start time for /Game/Maps/UEDPIE_0_Example_Map 0.791
[2014.12.24-00.46.37:286][119]LogParticles: Destroying 0 GPU particle simulations for FXSystem 0x000000130590B560
[2014.12.24-00.47.12:655][391]LogWindowsTextInputMethodSystem:Error: Deactivating a context failed while setting focus to the disabled TSF document manager.
[2014.12.24-00.47.33:104][143]LogWindowsTextInputMethodSystem:Error: Deactivating a context failed while setting focus to the disabled TSF document manager.
[2014.12.24-00.47.45:326][585]LogWindowsTextInputMethodSystem:Error: Deactivating a context failed while setting focus to the disabled TSF document manager.
[2014.12.24-00.47.46:200][606]Cmd: OBJ SAVEPACKAGE PACKAGE="/Game/Maps/Example_Map" FILE="../../../../../Git/Try1/Nikita(Boss)/MyProject/Saved/Autosaves/Game/Maps/Example_Map_Auto1.umap" SILENT=true AUTOSAVING=true KEEPDIRTY=false
[2014.12.24-00.47.46:719][606]LogSavePackage: Save=374.377014ms
[2014.12.24-00.47.46:719][606]LogSavePackage: Moving '../../../../../Git/Try1/Nikita(Boss)/MyProject/Saved/Example_Map_Auto1940249B042F04FD09FBA12A8B6A12225.tmp' to '../../../../../Git/Try1/Nikita(Boss)/MyProject/Saved/Autosaves/Game/Maps/Example_Map_Auto1.umap'
[2014.12.24-00.47.46:729][606]LogFileHelpers: Editor autosave (incl. sublevels) for '/Game/Maps/Example_Map' took 0.601
[2014.12.24-00.47.46:729][606]LogFileHelpers: Editor autosave (incl. sublevels) for all levels took 0.601
[2014.12.24-00.47.46:738][606]OBJ SavePackage: Generating thumbnails for [0] asset(s) in package [/Game/Blueprints/Hud] ([1] browsable assets)...
[2014.12.24-00.47.46:757][606]OBJ SavePackage: Finished generating thumbnails for package [/Game/Blueprints/Hud]
[2014.12.24-00.47.46:762][606]Cmd: OBJ SAVEPACKAGE PACKAGE="/Game/Blueprints/Hud" FILE="../../../../../Git/Try1/Nikita(Boss)/MyProject/Saved/Autosaves/Game/Blueprints/Hud_Auto1.uasset" SILENT=false AUTOSAVING=true
[2014.12.24-00.47.46:832][606]LogSavePackage: Save=38.645683ms
[2014.12.24-00.47.46:832][606]LogSavePackage: Moving '../../../../../Git/Try1/Nikita(Boss)/MyProject/Saved/Hud_Auto182231E0144F0E5F7A494129BAAC68F2A.tmp' to '../../../../../Git/Try1/Nikita(Boss)/MyProject/Saved/Autosaves/Game/Blueprints/Hud_Auto1.uasset'
[2014.12.24-00.47.46:840][606]LogFileHelpers: Auto-saving content packages took 0.111
[2014.12.24-00.47.47:482][626]LogTexture:Warning: Failed to stream mip data from the derived data cache for /Game/Maps/Example_Map.HQ_Lightmap0_2. Streaming mips will be recached.
[2014.12.24-00.47.47:518][626]LogTexture:Display: Building textures: HQ_Lightmap0_2 (AutoDXT)
[2014.12.24-00.49.48:484][782]LogWindowsTextInputMethodSystem:Error: Deactivating a context failed while setting focus to the disabled TSF document manager.
[2014.12.24-00.50.00:566][198]Cmd: OBJ SAVEPACKAGE PACKAGE="/Game/Blueprints/Hud" FILE="../../../../../Git/Try1/Nikita(Boss)/MyProject/Content/Blueprints/Hud.uasset" SILENT=true
[2014.12.24-00.50.00:628][198]LogSavePackage: Save=35.281620ms
[2014.12.24-00.50.00:628][198]LogSavePackage: Moving '../../../../../Git/Try1/Nikita(Boss)/MyProject/Saved/HudFD536D2044264D5F8891B889031EEDE0.tmp' to '../../../../../Git/Try1/Nikita(Boss)/MyProject/Content/Blueprints/Hud.uasset'
[2014.12.24-00.50.01:976][233]BlueprintLog: New page: Pre-PIE auto-recompile
[2014.12.24-00.50.01:989][233]LogPlayLevel: [PIE] Compiling Hud before PIE...
[2014.12.24-00.50.02:128][233]LogPlayLevel: PIE:  Blueprint regeneration took 152 ms (1 blueprints)
[2014.12.24-00.50.02:128][233]PIE: New page: PIE session: Example_Map (Dec 24, 2014, 4:50:02 AM)
[2014.12.24-00.50.02:189][233]LogPlayLevel: PIE: StaticDuplicateObject took: (0.060952s)
[2014.12.24-00.50.02:191][233]LogPlayLevel: PIE: World Init took: (0.001643s)
[2014.12.24-00.50.02:191][233]LogPlayLevel: PIE: Created PIE world by copying editor world from /Game/Maps/Example_Map.Example_Map to /Game/Maps/UEDPIE_0_Example_Map.Example_Map (0.062902s)
[2014.12.24-00.50.02:238][233]LogWorld: Game class is 'MyGame_C'
[2014.12.24-00.50.02:239][233]LogAIModule: Creating AISystem for world Example_Map
[2014.12.24-00.50.02:244][233]LogWorld: Bringing World /Game/Maps/UEDPIE_0_Example_Map.Example_Map up for play (max tick rate 0) at 2014.12.24-02.50.02
[2014.12.24-00.50.02:244][233]LogWorld: Bringing up level for play took: 0.004939
[2014.12.24-00.50.02:247][233]PIE: Info Play in editor start time for /Game/Maps/UEDPIE_0_Example_Map 0.69
[2014.12.24-00.50.24:895][  7]LogCharacterMovement: MyCharacter_C_2 is stuck and failed to move!
[2014.12.24-00.50.24:971][  9]LogCharacterMovement: MyCharacter_C_2 is stuck and failed to move!
[2014.12.24-00.50.25:008][ 10]LogCharacterMovement: MyCharacter_C_2 is stuck and failed to move!
[2014.12.24-00.50.55:342][946]LogParticles: Destroying 0 GPU particle simulations for FXSystem 0x000000130770AD40
[2014.12.24-00.51.05:039][202]Cmd: OBJ SAVEPACKAGE PACKAGE="/Game/Blueprints/Hud" FILE="../../../../../Git/Try1/Nikita(Boss)/MyProject/Content/Blueprints/Hud.uasset" SILENT=true
[2014.12.24-00.51.05:104][202]LogSavePackage: Save=33.234673ms
[2014.12.24-00.51.05:104][202]LogSavePackage: Moving '../../../../../Git/Try1/Nikita(Boss)/MyProject/Saved/Hud8E3FE19340884F0F67112A9C1D6A2D9E.tmp' to '../../../../../Git/Try1/Nikita(Boss)/MyProject/Content/Blueprints/Hud.uasset'
[2014.12.24-00.52.17:443][528]LogWindowsTextInputMethodSystem:Error: Deactivating a context failed while setting focus to the disabled TSF document manager.
[2014.12.24-00.52.24:728][726]LogWindowsTextInputMethodSystem:Error: Deactivating a context failed while setting focus to the disabled TSF document manager.
[2014.12.24-00.53.52:044][177]LogUObjectGlobals:Warning: Failed to find object 'Object None.'
[2014.12.24-00.53.52:044][177]LogUObjectGlobals:Warning: Failed to find object 'Object None.'
[2014.12.24-00.53.52:044][177]LogUObjectGlobals:Warning: Failed to find object 'Object None.'
[2014.12.24-00.53.52:045][177]LogUObjectGlobals:Warning: Failed to find object 'Object None.'
[2014.12.24-00.53.52:045][177]LogUObjectGlobals:Warning: Failed to find object 'Object None.'
[2014.12.24-00.53.52:045][177]LogUObjectGlobals:Warning: Failed to find object 'Object None.'
[2014.12.24-00.53.52:045][177]LogUObjectGlobals:Warning: Failed to find object 'Object None.'
[2014.12.24-00.53.52:045][177]LogUObjectGlobals:Warning: Failed to find object 'Object None.'
[2014.12.24-00.53.52:046][177]LogUObjectGlobals:Warning: Failed to find object 'Object None.'
[2014.12.24-00.53.52:046][177]LogUObjectGlobals:Warning: Failed to find object 'Object None.'
[2014.12.24-00.53.52:046][177]LogUObjectGlobals:Warning: Failed to find object 'Object None.'
[2014.12.24-00.53.52:046][177]LogUObjectGlobals:Warning: Failed to find object 'Object None.'
[2014.12.24-00.53.52:046][177]LogUObjectGlobals:Warning: Failed to find object 'Object None.'
[2014.12.24-00.53.52:046][177]LogUObjectGlobals:Warning: Failed to find object 'Object None.'
[2014.12.24-00.53.52:047][177]LogUObjectGlobals:Warning: Failed to find object 'Object None.'
[2014.12.24-00.53.52:047][177]LogUObjectGlobals:Warning: Failed to find object 'Object None.'
[2014.12.24-00.53.52:047][177]LogUObjectGlobals:Warning: Failed to find object 'Object None.'
[2014.12.24-00.53.52:049][177]LogUObjectHash:Warning: Ambiguous search, could be K2Node_CommutativeAssociativeBinaryOperator /Game/Blueprints/MyCharacter.MyCharacter:shoot.K2Node_CommutativeAssociativeBinaryOperator_5039 or K2Node_CommutativeAssociativeBinaryOperator /Game/Blueprints/MyCharacter.MyCharacter:EventGraph.K2Node_CommutativeAssociativeBinaryOperator_5039
[2014.12.24-00.53.52:049][177]LogUObjectHash:Warning: Ambiguous search, could be K2Node_CommutativeAssociativeBinaryOperator /Game/Blueprints/MyCharacter.MyCharacter:shoot.K2Node_CommutativeAssociativeBinaryOperator_292 or K2Node_CommutativeAssociativeBinaryOperator /Game/Blueprints/MyCharacter.MyCharacter:EventGraph.K2Node_CommutativeAssociativeBinaryOperator_292
[2014.12.24-00.53.52:049][177]LogUObjectHash:Warning: Ambiguous search, could be K2Node_CommutativeAssociativeBinaryOperator /Game/Blueprints/MyCharacter.MyCharacter:shoot.K2Node_CommutativeAssociativeBinaryOperator_543 or K2Node_CommutativeAssociativeBinaryOperator /Game/Blueprints/MyCharacter.MyCharacter:EventGraph.K2Node_CommutativeAssociativeBinaryOperator_543
[2014.12.24-00.53.52:051][177]LogUObjectHash:Warning: Ambiguous search, could be K2Node_CommutativeAssociativeBinaryOperator /Game/Blueprints/MyCharacter.MyCharacter:shoot.K2Node_CommutativeAssociativeBinaryOperator_5039 or K2Node_CommutativeAssociativeBinaryOperator /Game/Blueprints/MyCharacter.MyCharacter:EventGraph.K2Node_CommutativeAssociativeBinaryOperator_5039
[2014.12.24-00.53.52:080][177]LogUObjectHash:Warning: Ambiguous search, could be K2Node_CallFunction /Game/Blueprints/MyCharacter.MyCharacter:shoot.K2Node_CallFunction_87829 or K2Node_CallFunction /Game/Blueprints/MyCharacter.MyCharacter:EventGraph.K2Node_CallFunction_87829
[2014.12.24-00.53.52:081][177]LogUObjectHash:Warning: Ambiguous search, could be K2Node_CommutativeAssociativeBinaryOperator /Game/Blueprints/MyCharacter.MyCharacter:shoot.K2Node_CommutativeAssociativeBinaryOperator_4920 or K2Node_CommutativeAssociativeBinaryOperator /Game/Blueprints/MyCharacter.MyCharacter:EventGraph.K2Node_CommutativeAssociativeBinaryOperator_4920
[2014.12.24-00.53.52:082][177]LogUObjectHash:Warning: Ambiguous search, could be K2Node_CallFunction /Game/Blueprints/MyCharacter.MyCharacter:shoot.K2Node_CallFunction_87829 or K2Node_CallFunction /Game/Blueprints/MyCharacter.MyCharacter:EventGraph.K2Node_CallFunction_87829
[2014.12.24-00.53.52:082][177]LogUObjectHash:Warning: Ambiguous search, could be K2Node_CommutativeAssociativeBinaryOperator /Game/Blueprints/MyCharacter.MyCharacter:shoot.K2Node_CommutativeAssociativeBinaryOperator_292 or K2Node_CommutativeAssociativeBinaryOperator /Game/Blueprints/MyCharacter.MyCharacter:EventGraph.K2Node_CommutativeAssociativeBinaryOperator_292
[2014.12.24-00.53.52:083][177]LogUObjectHash:Warning: Ambiguous search, could be K2Node_CallFunction /Game/Blueprints/MyCharacter.MyCharacter:shoot.K2Node_CallFunction_76415 or K2Node_CallFunction /Game/Blueprints/MyCharacter.MyCharacter:EventGraph.K2Node_CallFunction_76415
[2014.12.24-00.53.52:084][177]LogUObjectHash:Warning: Ambiguous search, could be K2Node_CallFunction /Game/Blueprints/MyCharacter.MyCharacter:shoot.K2Node_CallFunction_88685 or K2Node_CallFunction /Game/Blueprints/MyCharacter.MyCharacter:EventGraph.K2Node_CallFunction_88685
[2014.12.24-00.53.52:084][177]LogUObjectHash:Warning: Ambiguous search, could be K2Node_CallFunction /Game/Blueprints/MyCharacter.MyCharacter:shoot.K2Node_CallFunction_88527 or K2Node_CallFunction /Game/Blueprints/MyCharacter.MyCharacter:EventGraph.K2Node_CallFunction_88527
[2014.12.24-00.53.52:084][177]LogUObjectHash:Warning: Ambiguous search, could be K2Node_CommutativeAssociativeBinaryOperator /Game/Blueprints/MyCharacter.MyCharacter:shoot.K2Node_CommutativeAssociativeBinaryOperator_543 or K2Node_CommutativeAssociativeBinaryOperator /Game/Blueprints/MyCharacter.MyCharacter:EventGraph.K2Node_CommutativeAssociativeBinaryOperator_543
[2014.12.24-00.53.52:085][177]LogUObjectHash:Warning: Ambiguous search, could be K2Node_CallFunction /Game/Blueprints/MyCharacter.MyCharacter:shoot.K2Node_CallFunction_88685 or K2Node_CallFunction /Game/Blueprints/MyCharacter.MyCharacter:EventGraph.K2Node_CallFunction_88685
[2014.12.24-00.53.52:085][177]LogUObjectHash:Warning: Ambiguous search, could be K2Node_CallFunction /Game/Blueprints/MyCharacter.MyCharacter:shoot.K2Node_CallFunction_88527 or K2Node_CallFunction /Game/Blueprints/MyCharacter.MyCharacter:EventGraph.K2Node_CallFunction_88527
[2014.12.24-00.53.52:085][177]LogUObjectHash:Warning: Ambiguous search, could be K2Node_CallFunction /Game/Blueprints/MyCharacter.MyCharacter:shoot.K2Node_CallFunction_87829 or K2Node_CallFunction /Game/Blueprints/MyCharacter.MyCharacter:EventGraph.K2Node_CallFunction_87829
[2014.12.24-00.53.52:089][177]LogUObjectHash:Warning: Ambiguous search, could be K2Node_CommutativeAssociativeBinaryOperator /Game/Blueprints/MyCharacter.MyCharacter:shoot.K2Node_CommutativeAssociativeBinaryOperator_630 or K2Node_CommutativeAssociativeBinaryOperator /Game/Blueprints/MyCharacter.MyCharacter:EventGraph.K2Node_CommutativeAssociativeBinaryOperator_630
[2014.12.24-00.53.52:090][177]LogUObjectHash:Warning: Ambiguous search, could be K2Node_CommutativeAssociativeBinaryOperator /Game/Blueprints/MyCharacter.MyCharacter:shoot.K2Node_CommutativeAssociativeBinaryOperator_621 or K2Node_CommutativeAssociativeBinaryOperator /Game/Blueprints/MyCharacter.MyCharacter:EdGraph_236.K2Node_CommutativeAssociativeBinaryOperator_621
[2014.12.24-00.53.52:090][177]LogUObjectHash:Warning: Ambiguous search, could be K2Node_CommutativeAssociativeBinaryOperator /Game/Blueprints/MyCharacter.MyCharacter:shoot.K2Node_CommutativeAssociativeBinaryOperator_621 or K2Node_CommutativeAssociativeBinaryOperator /Game/Blueprints/MyCharacter.MyCharacter:EventGraph.K2Node_CommutativeAssociativeBinaryOperator_621
[2014.12.24-00.53.52:091][177]LogUObjectHash:Warning: Ambiguous search, could be K2Node_CommutativeAssociativeBinaryOperator /Game/Blueprints/MyCharacter.MyCharacter:shoot.K2Node_CommutativeAssociativeBinaryOperator_621 or K2Node_CommutativeAssociativeBinaryOperator /Game/Blueprints/MyCharacter.MyCharacter:EdGraph_236.K2Node_CommutativeAssociativeBinaryOperator_621
[2014.12.24-00.53.52:091][177]LogUObjectHash:Warning: Ambiguous search, could be K2Node_CommutativeAssociativeBinaryOperator /Game/Blueprints/MyCharacter.MyCharacter:shoot.K2Node_CommutativeAssociativeBinaryOperator_621 or K2Node_CommutativeAssociativeBinaryOperator /Game/Blueprints/MyCharacter.MyCharacter:EventGraph.K2Node_CommutativeAssociativeBinaryOperator_621
[2014.12.24-00.53.52:093][177]LogUObjectHash:Warning: Ambiguous search, could be K2Node_CommutativeAssociativeBinaryOperator /Game/Blueprints/MyCharacter.MyCharacter:shoot.K2Node_CommutativeAssociativeBinaryOperator_630 or K2Node_CommutativeAssociativeBinaryOperator /Game/Blueprints/MyCharacter.MyCharacter:EventGraph.K2Node_CommutativeAssociativeBinaryOperator_630
[2014.12.24-00.54.00:638][428]LogWindowsTextInputMethodSystem:Error: Deactivating a context failed while setting focus to the disabled TSF document manager.
[2014.12.24-00.54.39:013][833]LogActorComponent: UnregisterComponent: (/Engine/Transient.CharacterMovementComponent_9) Not registered. Aborting.
[2014.12.24-00.54.48:081][126]Cmd: OBJ SAVEPACKAGE PACKAGE="/Game/Blueprints/MyCharacter" FILE="../../../../../Git/Try1/Nikita(Boss)/MyProject/Content/Blueprints/MyCharacter.uasset" SILENT=true
[2014.12.24-00.54.48:664][126]LogSavePackage: Save=539.842224ms
[2014.12.24-00.54.48:664][126]LogSavePackage: Moving '../../../../../Git/Try1/Nikita(Boss)/MyProject/Saved/MyCharacterE3D494174329F127BC9E64B5272CA8DA.tmp' to '../../../../../Git/Try1/Nikita(Boss)/MyProject/Content/Blueprints/MyCharacter.uasset'
[2014.12.24-00.54.49:356][147]BlueprintLog: New page: Compile MyCharacter
[2014.12.24-00.54.49:526][147]LogBlueprint:Warning: [compiler] Warning InputAction Event references unknown Action 'Crouch' for  InputAction Crouch 
[2014.12.24-00.54.49:526][147]LogBlueprint:Warning: [compiler] Warning Unable to find variable with name 'ProjectileMovement1' for  Get ProjectileMovement1 
[2014.12.24-00.54.49:611][147]LogBlueprint:Warning: [compiler] Warning [1197.81] Compile of MyCharacter successful, but with 2 Warning(s) [in 105 ms]
[2014.12.24-00.54.49:680][147]LogActorComponent: UnregisterComponent: (/Engine/Transient.CharacterMovementComponent_10) Not registered. Aborting.
[2014.12.24-00.54.49:826][147]BlueprintEditorCompileResults:Warning: Warning InputAction Event references unknown Action 'Crouch' for  InputAction Crouch 
[2014.12.24-00.54.49:826][147]BlueprintEditorCompileResults:Warning: Warning Unable to find variable with name 'ProjectileMovement1' for  Get ProjectileMovement1 
[2014.12.24-00.54.49:827][147]BlueprintEditorCompileResults:Warning: Warning [1197.81] Compile of MyCharacter successful, but with 2 Warning(s) [in 105 ms]
[2014.12.24-00.54.55:223][309]BlueprintLog: New page: Pre-PIE auto-recompile
[2014.12.24-00.54.55:227][309]LogPlayLevel: [PIE] Compiling Hud before PIE...
[2014.12.24-00.54.55:315][309]LogActorComponent: UnregisterComponent: (/Engine/Transient.CharacterMovementComponent_11) Not registered. Aborting.
[2014.12.24-00.54.55:367][309]LogPlayLevel: PIE:  Blueprint regeneration took 144 ms (1 blueprints)
[2014.12.24-00.54.55:367][309]PIE: New page: PIE session: Example_Map (Dec 24, 2014, 4:54:55 AM)
[2014.12.24-00.54.55:410][309]LogPlayLevel: PIE: StaticDuplicateObject took: (0.043053s)
[2014.12.24-00.54.55:411][309]LogPlayLevel: PIE: World Init took: (0.001010s)
[2014.12.24-00.54.55:412][309]LogPlayLevel: PIE: Created PIE world by copying editor world from /Game/Maps/Example_Map.Example_Map to /Game/Maps/UEDPIE_0_Example_Map.Example_Map (0.044386s)
[2014.12.24-00.54.55:462][309]LogWorld: Game class is 'MyGame_C'
[2014.12.24-00.54.55:463][309]LogAIModule: Creating AISystem for world Example_Map
[2014.12.24-00.54.55:468][309]LogWorld: Bringing World /Game/Maps/UEDPIE_0_Example_Map.Example_Map up for play (max tick rate 0) at 2014.12.24-02.54.55
[2014.12.24-00.54.55:469][309]LogWorld: Bringing up level for play took: 0.005011
[2014.12.24-00.54.55:472][309]PIE: Info Play in editor start time for /Game/Maps/UEDPIE_0_Example_Map -0.085
[2014.12.24-00.55.07:601][773]LogCharacterMovement: MyCharacter_C_0 is stuck and failed to move!
[2014.12.24-00.55.07:644][774]LogCharacterMovement: MyCharacter_C_0 is stuck and failed to move!
[2014.12.24-00.55.07:683][775]LogCharacterMovement: MyCharacter_C_0 is stuck and failed to move!
[2014.12.24-00.55.07:723][776]LogCharacterMovement: MyCharacter_C_0 is stuck and failed to move!
[2014.12.24-00.55.07:763][777]LogCharacterMovement: MyCharacter_C_0 is stuck and failed to move!
[2014.12.24-00.55.07:804][778]LogCharacterMovement: MyCharacter_C_0 is stuck and failed to move!
[2014.12.24-00.55.07:844][779]LogCharacterMovement: MyCharacter_C_0 is stuck and failed to move!
[2014.12.24-00.55.31:608][539]LogParticles: Destroying 0 GPU particle simulations for FXSystem 0x0000001308963F60
[2014.12.24-00.55.33:486][609]LogPlayLevel: PIE:  No blueprints needed recompiling
[2014.12.24-00.55.33:487][609]PIE: New page: PIE session: Example_Map (Dec 24, 2014, 4:55:33 AM)
[2014.12.24-00.55.33:525][609]LogPlayLevel: PIE: StaticDuplicateObject took: (0.038208s)
[2014.12.24-00.55.33:526][609]LogPlayLevel: PIE: World Init took: (0.000989s)
[2014.12.24-00.55.33:526][609]LogPlayLevel: PIE: Created PIE world by copying editor world from /Game/Maps/Example_Map.Example_Map to /Game/Maps/UEDPIE_0_Example_Map.Example_Map (0.039482s)
[2014.12.24-00.55.33:573][609]LogWorld: Game class is 'MyGame_C'
[2014.12.24-00.55.33:574][609]LogAIModule: Creating AISystem for world Example_Map
[2014.12.24-00.55.33:578][609]LogWorld: Bringing World /Game/Maps/UEDPIE_0_Example_Map.Example_Map up for play (max tick rate 0) at 2014.12.24-02.55.33
[2014.12.24-00.55.33:579][609]LogWorld: Bringing up level for play took: 0.004210
[2014.12.24-00.55.33:581][609]PIE: Info Play in editor start time for /Game/Maps/UEDPIE_0_Example_Map 0.024
[2014.12.24-00.56.51:920][649]LogParticles: Destroying 0 GPU particle simulations for FXSystem 0x00000013700D13A0
[2014.12.24-00.56.53:759][715]Cmd: OBJ SAVEPACKAGE PACKAGE="/Game/Maps/Example_Map" FILE="../../../../../Git/Try1/Nikita(Boss)/MyProject/Content/Maps/Example_Map.umap" SILENT=true AUTOSAVING=false KEEPDIRTY=false
[2014.12.24-00.56.54:186][715]LogSavePackage: Save=331.356323ms
[2014.12.24-00.56.54:186][715]LogSavePackage: Moving '../../../../../Git/Try1/Nikita(Boss)/MyProject/Saved/Example_MapDADE4A3C44C2FD6591B42CBECA3D15DE.tmp' to '../../../../../Git/Try1/Nikita(Boss)/MyProject/Content/Maps/Example_Map.umap'
[2014.12.24-00.57.09:807][132]Cmd: OBJ SAVEPACKAGE PACKAGE="/Game/Blueprints/MyCharacter" FILE="../../../../../Git/Try1/Nikita(Boss)/MyProject/Content/Blueprints/MyCharacter.uasset" SILENT=true
[2014.12.24-00.57.10:444][132]LogSavePackage: Save=603.205200ms
[2014.12.24-00.57.10:445][132]LogSavePackage: Moving '../../../../../Git/Try1/Nikita(Boss)/MyProject/Saved/MyCharacter81E033AB4F5886F9335495A52E220A7C.tmp' to '../../../../../Git/Try1/Nikita(Boss)/MyProject/Content/Blueprints/MyCharacter.uasset'
[2014.12.24-00.57.11:236][149]LogContentBrowser:Verbose: The content browser source was changed by the sources view to 'None'
[2014.12.24-00.57.11:236][149]LogContentBrowser:Verbose: The content browser source was changed by the sources view to '/Game/Blueprints'
[2014.12.24-00.57.27:367][617]LogContentBrowser:Verbose: The content browser source was changed by the sources view to 'None'
[2014.12.24-00.57.27:368][617]LogContentBrowser:Verbose: The content browser source was changed by the sources view to '/Game/Blueprints'
[2014.12.24-00.58.09:502][972]LogWindowsTextInputMethodSystem:Error: Deactivating a context failed while setting focus to the disabled TSF document manager.
[2014.12.24-00.58.23:419][349]LogPropertyNode:Warning: UI Min (0) >= UI Max () for Ranged Numeric
[2014.12.24-00.58.23:451][350]LogPropertyNode:Warning: UI Min (0) >= UI Max () for Ranged Numeric
[2014.12.24-00.58.23:612][355]LogPropertyNode:Warning: UI Min (0) >= UI Max () for Ranged Numeric
[2014.12.24-00.58.23:613][355]LogPropertyNode:Warning: UI Min (0) >= UI Max () for Ranged Numeric
[2014.12.24-00.58.23:643][356]LogPropertyNode:Warning: UI Min (0) >= UI Max () for Ranged Numeric
[2014.12.24-00.58.23:644][356]LogPropertyNode:Warning: UI Min (0) >= UI Max () for Ranged Numeric
[2014.12.24-00.58.23:673][357]LogPropertyNode:Warning: UI Min (0) >= UI Max () for Ranged Numeric
[2014.12.24-00.58.23:674][357]LogPropertyNode:Warning: UI Min (0) >= UI Max () for Ranged Numeric
[2014.12.24-00.58.23:704][358]LogPropertyNode:Warning: UI Min (0) >= UI Max () for Ranged Numeric
[2014.12.24-00.58.23:705][358]LogPropertyNode:Warning: UI Min (0) >= UI Max () for Ranged Numeric
[2014.12.24-00.58.25:434][413]LogPropertyNode:Warning: UI Min (0) >= UI Max () for Ranged Numeric
[2014.12.24-00.58.25:435][413]LogPropertyNode:Warning: UI Min (0) >= UI Max () for Ranged Numeric
[2014.12.24-00.58.25:527][416]LogPropertyNode:Warning: UI Min (0) >= UI Max () for Ranged Numeric
[2014.12.24-00.58.26:493][447]LogPropertyNode:Warning: UI Min (0) >= UI Max () for Ranged Numeric
[2014.12.24-00.58.26:567][449]LogPropertyNode:Warning: UI Min (0) >= UI Max () for Ranged Numeric
[2014.12.24-00.58.26:783][456]LogPropertyNode:Warning: UI Min (0) >= UI Max () for Ranged Numeric
[2014.12.24-00.58.29:547][543]LogPropertyNode:Warning: UI Min (0) >= UI Max () for Ranged Numeric
[2014.12.24-00.58.29:576][544]LogPropertyNode:Warning: UI Min (0) >= UI Max () for Ranged Numeric
[2014.12.24-00.58.30:144][562]LogPropertyNode:Warning: UI Min (0) >= UI Max () for Ranged Numeric
[2014.12.24-00.59.47:118][895]LogWindowsTextInputMethodSystem:Error: Deactivating a context failed while setting focus to the disabled TSF document manager.
[2014.12.24-01.00.02:705][375]LogWindowsTextInputMethodSystem:Error: Deactivating a context failed while setting focus to the disabled TSF document manager.
[2014.12.24-01.00.09:143][570]LogPlayLevel: PIE:  No blueprints needed recompiling
[2014.12.24-01.00.09:143][570]PIE: New page: PIE session: Example_Map (Dec 24, 2014, 5:00:09 AM)
[2014.12.24-01.00.09:189][570]LogPlayLevel: PIE: StaticDuplicateObject took: (0.045312s)
[2014.12.24-01.00.09:190][570]LogPlayLevel: PIE: World Init took: (0.001130s)
[2014.12.24-01.00.09:190][570]LogPlayLevel: PIE: Created PIE world by copying editor world from /Game/Maps/Example_Map.Example_Map to /Game/Maps/UEDPIE_0_Example_Map.Example_Map (0.046760s)
[2014.12.24-01.00.09:237][570]LogWorld: Game class is 'MyGame_C'
[2014.12.24-01.00.09:238][570]LogAIModule: Creating AISystem for world Example_Map
[2014.12.24-01.00.09:243][570]LogWorld: Bringing World /Game/Maps/UEDPIE_0_Example_Map.Example_Map up for play (max tick rate 0) at 2014.12.24-03.00.09
[2014.12.24-01.00.09:244][570]LogWorld: Bringing up level for play took: 0.005137
[2014.12.24-01.00.09:246][570]PIE: Info Play in editor start time for /Game/Maps/UEDPIE_0_Example_Map -0.311
[2014.12.24-01.00.12:279][690]LogActorComponent: UnregisterComponent: (/Engine/Transient.CharacterMovementComponent_12) Not registered. Aborting.
[2014.12.24-01.00.12:280][690]LogActorComponent: UnregisterComponent: (/Engine/Transient.ProjectileMovementComponent_4) Not registered. Aborting.
[2014.12.24-01.00.12:325][690]LogParticles: Destroying 0 GPU particle simulations for FXSystem 0x0000001370069A80
[2014.12.24-01.00.18:529][855]BlueprintLog: New page: Compile MyCharacter
[2014.12.24-01.00.18:665][855]LogBlueprint:Warning: [compiler] Warning Unable to find variable with name 'ProjectileMovement1' for  Get ProjectileMovement1 
[2014.12.24-01.00.18:745][855]LogBlueprint:Warning: [compiler] Warning [1526.94] Compile of MyCharacter successful, but with 1 Warning(s) [in 101 ms]
[2014.12.24-01.00.18:927][855]BlueprintEditorCompileResults:Warning: Warning Unable to find variable with name 'ProjectileMovement1' for  Get ProjectileMovement1 
[2014.12.24-01.00.18:927][855]BlueprintEditorCompileResults:Warning: Warning [1526.94] Compile of MyCharacter successful, but with 1 Warning(s) [in 101 ms]
[2014.12.24-01.01.03:866][736]LogWindowsTextInputMethodSystem:Error: Deactivating a context failed while setting focus to the disabled TSF document manager.
[2014.12.24-01.01.09:746][987]LogWindowsTextInputMethodSystem:Error: Deactivating a context failed while setting focus to the disabled TSF document manager.
[2014.12.24-01.01.21:187][558]BlueprintLog: New page: Pre-PIE auto-recompile
[2014.12.24-01.01.21:192][558]LogPlayLevel: [PIE] Compiling Hud before PIE...
[2014.12.24-01.01.21:283][558]LogActorComponent: UnregisterComponent: (/Engine/Transient.CharacterMovementComponent_13) Not registered. Aborting.
[2014.12.24-01.01.21:334][558]LogPlayLevel: PIE:  Blueprint regeneration took 146 ms (1 blueprints)
[2014.12.24-01.01.21:334][558]PIE: New page: PIE session: Example_Map (Dec 24, 2014, 5:01:21 AM)
[2014.12.24-01.01.21:375][558]LogPlayLevel: PIE: StaticDuplicateObject took: (0.040312s)
[2014.12.24-01.01.21:376][558]LogPlayLevel: PIE: World Init took: (0.001101s)
[2014.12.24-01.01.21:376][558]LogPlayLevel: PIE: Created PIE world by copying editor world from /Game/Maps/Example_Map.Example_Map to /Game/Maps/UEDPIE_0_Example_Map.Example_Map (0.041750s)
[2014.12.24-01.01.21:423][558]LogWorld: Game class is 'MyGame_C'
[2014.12.24-01.01.21:425][558]LogAIModule: Creating AISystem for world Example_Map
[2014.12.24-01.01.21:430][558]LogWorld: Bringing World /Game/Maps/UEDPIE_0_Example_Map.Example_Map up for play (max tick rate 0) at 2014.12.24-03.01.21
[2014.12.24-01.01.21:431][558]LogWorld: Bringing up level for play took: 0.006319
[2014.12.24-01.01.21:434][558]PIE: Info Play in editor start time for /Game/Maps/UEDPIE_0_Example_Map -0.122
[2014.12.24-01.01.28:563][791]LogParticles: Destroying 0 GPU particle simulations for FXSystem 0x000000137A42E160
[2014.12.24-01.01.32:134][913]Cmd: OBJ SAVEPACKAGE PACKAGE="/Game/Maps/Example_Map" FILE="../../../../../Git/Try1/Nikita(Boss)/MyProject/Content/Maps/Example_Map.umap" SILENT=true AUTOSAVING=false KEEPDIRTY=false
[2014.12.24-01.01.32:140][913]LogActorComponent: UnregisterComponent: (/Engine/Transient.ProjectileMovementComponent_5) Not registered. Aborting.
[2014.12.24-01.01.32:140][913]LogActorComponent: UnregisterComponent: (/Engine/Transient.CharacterMovementComponent_14) Not registered. Aborting.
[2014.12.24-01.01.32:560][913]LogSavePackage: Save=343.720123ms
[2014.12.24-01.01.32:560][913]LogSavePackage: Moving '../../../../../Git/Try1/Nikita(Boss)/MyProject/Saved/Example_Map964339A44784F8145EE7BEB0AB2EE130.tmp' to '../../../../../Git/Try1/Nikita(Boss)/MyProject/Content/Maps/Example_Map.umap'
[2014.12.24-01.01.36:333][987]Cmd: QUIT_EDITOR
[2014.12.24-01.01.36:760][987]LogExit: Preparing to exit.
[2014.12.24-01.01.37:649][987]LogExit: Editor shut down
[2014.12.24-01.01.37:649][987]LogExit: Transaction tracking system shut down
[2014.12.24-01.01.37:650][987]LogParticles: Destroying 0 GPU particle simulations for FXSystem 0x000000135F209D00
[2014.12.24-01.01.37:651][987]LogParticles: Destroying 0 GPU particle simulations for FXSystem 0x00000013677820C0
[2014.12.24-01.01.37:651][987]LogParticles: Destroying 0 GPU particle simulations for FXSystem 0x0000001367781D00
[2014.12.24-01.01.37:651][987]LogParticles: Destroying 0 GPU particle simulations for FXSystem 0x0000001367781B20
[2014.12.24-01.01.37:651][987]LogParticles: Destroying 0 GPU particle simulations for FXSystem 0x00000013076D4C20
[2014.12.24-01.01.37:652][987]LogParticles: Destroying 0 GPU particle simulations for FXSystem 0x000000137A5E45E0
[2014.12.24-01.01.37:652][987]LogParticles: Destroying 0 GPU particle simulations for FXSystem 0x00000013717C4D60
[2014.12.24-01.01.37:684][987]LogParticles: Destroying 0 GPU particle simulations for FXSystem 0x0000001375A5D3A0
[2014.12.24-01.01.37:684][987]LogParticles: Destroying 0 GPU particle simulations for FXSystem 0x0000001361DC89A0
[2014.12.24-01.01.37:684][987]LogExit: Object subsystem successfully closed.
[2014.12.24-01.01.37:750][987]LogModuleManager: Shutting down and abandoning module ExternalImagePicker (167)
[2014.12.24-01.01.37:750][987]LogModuleManager: Shutting down and abandoning module AndroidDeviceDetection (166)
[2014.12.24-01.01.37:750][987]LogModuleManager: Shutting down and abandoning module CrashTracker (165)
[2014.12.24-01.01.37:750][987]LogModuleManager: Shutting down and abandoning module SuperSearch (164)
[2014.12.24-01.01.37:750][987]LogModuleManager: Shutting down and abandoning module SceneOutliner (163)
[2014.12.24-01.01.37:750][987]LogModuleManager: Shutting down and abandoning module EditorWidgets (162)
[2014.12.24-01.01.37:750][987]LogModuleManager: Shutting down and abandoning module CollectionManager (161)
[2014.12.24-01.01.37:750][987]LogModuleManager: Shutting down and abandoning module StatsViewer (160)
[2014.12.24-01.01.37:750][987]LogModuleManager: Shutting down and abandoning module FoliageEdit (159)
[2014.12.24-01.01.37:750][987]LogModuleManager: Shutting down and abandoning module LandscapeEditor (158)
[2014.12.24-01.01.37:750][987]LogModuleManager: Shutting down and abandoning module MeshPaint (157)
[2014.12.24-01.01.37:750][987]LogModuleManager: Shutting down and abandoning module ActorPickerMode (156)
[2014.12.24-01.01.37:750][987]LogModuleManager: Shutting down and abandoning module GeometryMode (155)
[2014.12.24-01.01.37:750][987]LogModuleManager: Shutting down and abandoning module TextureAlignMode (154)
[2014.12.24-01.01.37:750][987]LogModuleManager: Shutting down and abandoning module BspMode (153)
[2014.12.24-01.01.37:750][987]LogModuleManager: Shutting down and abandoning module PlacementMode (152)
[2014.12.24-01.01.37:750][987]LogModuleManager: Shutting down and abandoning module AutomationWorker (151)
[2014.12.24-01.01.37:750][987]LogModuleManager: Shutting down and abandoning module CharacterAI (150)
[2014.12.24-01.01.37:750][987]LogModuleManager: Shutting down and abandoning module GameProjectGeneration (149)
[2014.12.24-01.01.37:750][987]LogModuleManager: Shutting down and abandoning module IntroTutorials (148)
[2014.12.24-01.01.37:750][987]LogModuleManager: Shutting down and abandoning module EditorLiveStreaming (147)
[2014.12.24-01.01.37:750][987]LogModuleManager: Shutting down and abandoning module HardwareTargeting (146)
[2014.12.24-01.01.37:750][987]LogModuleManager: Shutting down and abandoning module BehaviorTreeEditor (145)
[2014.12.24-01.01.37:751][987]LogModuleManager: Shutting down and abandoning module DeviceProfileEditor (144)
[2014.12.24-01.01.37:751][987]LogModuleManager: Shutting down and abandoning module UndoHistory (143)
[2014.12.24-01.01.37:751][987]LogModuleManager: Shutting down and abandoning module GameplayTagsEditor (142)
[2014.12.24-01.01.37:751][987]LogModuleManager: Shutting down and abandoning module UserFeedback (141)
[2014.12.24-01.01.37:751][987]LogModuleManager: Shutting down and abandoning module XmlParser (140)
[2014.12.24-01.01.37:751][987]LogModuleManager: Shutting down and abandoning module Blutility (139)
[2014.12.24-01.01.37:751][987]LogModuleManager: Shutting down and abandoning module IOSPlatformEditor (138)
[2014.12.24-01.01.37:751][987]LogModuleManager: Shutting down and abandoning module IOSRuntimeSettings (137)
[2014.12.24-01.01.37:751][987]LogModuleManager: Shutting down and abandoning module AndroidPlatformEditor (136)
[2014.12.24-01.01.37:751][987]LogModuleManager: Shutting down and abandoning module AndroidRuntimeSettings (135)
[2014.12.24-01.01.37:751][987]LogModuleManager: Shutting down and abandoning module ProjectTargetPlatformEditor (134)
[2014.12.24-01.01.37:751][987]LogModuleManager: Shutting down and abandoning module ProjectSettingsViewer (133)
[2014.12.24-01.01.37:751][987]LogModuleManager: Shutting down and abandoning module InputBindingEditor (132)
[2014.12.24-01.01.37:751][987]LogModuleManager: Shutting down and abandoning module EditorSettingsViewer (131)
[2014.12.24-01.01.37:751][987]LogModuleManager: Shutting down and abandoning module SettingsEditor (130)
[2014.12.24-01.01.37:751][987]LogModuleManager: Shutting down and abandoning module ProjectLauncher (129)
[2014.12.24-01.01.37:759][987]LogModuleManager: Shutting down and abandoning module SessionFrontend (128)
[2014.12.24-01.01.37:767][987]LogModuleManager: Shutting down and abandoning module ProfilerClient (127)
[2014.12.24-01.01.37:774][987]LogModuleManager: Shutting down and abandoning module TargetDeviceServices (126)
[2014.12.24-01.01.37:774][987]LogModuleManager: Shutting down and abandoning module DeviceManager (125)
[2014.12.24-01.01.37:790][987]LogModuleManager: Shutting down and abandoning module AutomationController (124)
[2014.12.24-01.01.37:790][987]LogModuleManager: Shutting down and abandoning module AutomationWindow (123)
[2014.12.24-01.01.37:802][987]LogModuleManager: Shutting down and abandoning module Layers (122)
[2014.12.24-01.01.37:813][987]LogModuleManager: Shutting down and abandoning module ComponentVisualizers (121)
[2014.12.24-01.01.37:813][987]LogModuleManager: Shutting down and abandoning module DetailCustomizations (120)
[2014.12.24-01.01.37:813][987]LogModuleManager: Shutting down and abandoning module PackagesDialog (119)
[2014.12.24-01.01.37:813][987]LogModuleManager: Shutting down and abandoning module AssetRegistry (118)
[2014.12.24-01.01.37:894][987]LogModuleManager: Shutting down and abandoning module Persona (117)
[2014.12.24-01.01.37:894][987]LogModuleManager: Shutting down and abandoning module Kismet (116)
[2014.12.24-01.01.37:895][987]LogModuleManager: Shutting down and abandoning module GraphEditor (115)
[2014.12.24-01.01.37:895][987]LogModuleManager: Shutting down and abandoning module ClassViewer (114)
[2014.12.24-01.01.37:895][987]LogModuleManager: Shutting down and abandoning module Toolbox (113)
[2014.12.24-01.01.37:895][987]LogModuleManager: Shutting down and abandoning module ModuleUI (112)
[2014.12.24-01.01.37:911][987]LogModuleManager: Shutting down and abandoning module MovieSceneTools (111)
[2014.12.24-01.01.37:929][987]LogModuleManager: Shutting down and abandoning module OutputLog (110)
[2014.12.24-01.01.37:929][987]LogModuleManager: Shutting down and abandoning module GammaUI (109)
[2014.12.24-01.01.37:937][987]LogModuleManager: Shutting down and abandoning module Documentation (108)
[2014.12.24-01.01.37:937][987]LogModuleManager: Shutting down and abandoning module GameLiveStreaming (107)
[2014.12.24-01.01.37:937][987]LogModuleManager: Shutting down and abandoning module StreamingPauseRendering (106)
[2014.12.24-01.01.37:937][987]LogModuleManager: Shutting down and abandoning module HTTP (105)
[2014.12.24-01.01.37:937][987]LogModuleManager: Shutting down and abandoning module AnalyticsET (104)
[2014.12.24-01.01.37:937][987]LogModuleManager: Shutting down and abandoning module Analytics (103)
[2014.12.24-01.01.37:937][987]LogModuleManager: Shutting down and abandoning module GameplayDebugger (102)
[2014.12.24-01.01.37:937][987]LogModuleManager: Shutting down and abandoning module AIModule (101)
[2014.12.24-01.01.37:937][987]LogModuleManager: Shutting down and abandoning module ProfilerService (100)
[2014.12.24-01.01.38:029][987]LogModuleManager: Shutting down and abandoning module TaskGraph (99)
[2014.12.24-01.01.38:029][987]LogModuleManager: Shutting down and abandoning module SlateRemote (98)
[2014.12.24-01.01.38:029][987]LogModuleManager: Shutting down and abandoning module ScriptEditorPlugin (97)
[2014.12.24-01.01.38:030][987]LogModuleManager: Shutting down and abandoning module CustomMeshComponent (96)
[2014.12.24-01.01.38:030][987]LogModuleManager: Shutting down and abandoning module CableComponent (95)
[2014.12.24-01.01.38:030][987]LogModuleManager: Shutting down and abandoning module MessagingDebugger (94)
[2014.12.24-01.01.38:059][987]LogModuleManager: Shutting down and abandoning module MediaPlayerEditor (93)
[2014.12.24-01.01.38:059][987]LogModuleManager: Shutting down and abandoning module SpeedTreeImporter (92)
[2014.12.24-01.01.38:059][987]LogModuleManager: Shutting down and abandoning module PluginsEditor (91)
[2014.12.24-01.01.38:060][987]LogModuleManager: Shutting down and abandoning module EpicSurvey (90)
[2014.12.24-01.01.38:060][987]LogModuleManager: Shutting down and abandoning module DesktopPlatform (89)
[2014.12.24-01.01.38:060][987]LogModuleManager: Shutting down and abandoning module VisualStudioSourceCodeAccess (88)
[2014.12.24-01.01.38:060][987]LogModuleManager: Shutting down and abandoning module UObjectPlugin (87)
[2014.12.24-01.01.38:060][987]LogModuleManager: Shutting down and abandoning module SubversionSourceControl (86)
[2014.12.24-01.01.38:060][987]LogModuleManager: Shutting down and abandoning module SourceControl (85)
[2014.12.24-01.01.38:060][987]LogModuleManager: Shutting down and abandoning module PerforceSourceControl (84)
[2014.12.24-01.01.38:060][987]LogModuleManager: Shutting down and abandoning module BlankPlugin (83)
[2014.12.24-01.01.38:060][987]LogModuleManager: Shutting down and abandoning module SlateReflector (82)
[2014.12.24-01.01.38:060][987]LogModuleManager: Shutting down and abandoning module DirectoryWatcher (81)
[2014.12.24-01.01.38:061][987]LogModuleManager: Shutting down and abandoning module HotReload (80)
[2014.12.24-01.01.38:061][987]LogModuleManager: Shutting down and abandoning module MainFrame (79)
[2014.12.24-01.01.38:061][987]LogModuleManager: Shutting down and abandoning module LevelEditor (78)
[2014.12.24-01.01.38:063][987]LogModuleManager: Shutting down and abandoning module ViewportSnapping (77)
[2014.12.24-01.01.38:063][987]LogModuleManager: Shutting down and abandoning module SmartSnapping (76)
[2014.12.24-01.01.38:063][987]LogModuleManager: Shutting down and abandoning module PaperTiledImporter (75)
[2014.12.24-01.01.38:063][987]LogModuleManager: Shutting down and abandoning module PaperJsonImporter (74)
[2014.12.24-01.01.38:063][987]LogModuleManager: Shutting down and abandoning module ContentBrowser (73)
[2014.12.24-01.01.38:063][987]LogModuleManager: Shutting down and abandoning module PropertyEditor (72)
[2014.12.24-01.01.38:063][987]LogModuleManager: Shutting down and abandoning module Paper2DEditor (71)
[2014.12.24-01.01.38:063][987]LogModuleManager: Shutting down and abandoning module ScriptPlugin (70)
[2014.12.24-01.01.38:063][987]LogModuleManager: Shutting down and abandoning module UdpMessaging (69)
[2014.12.24-01.01.38:165][987]LogModuleManager: Shutting down and abandoning module Paper2D (68)
[2014.12.24-01.01.38:165][987]LogModuleManager: Shutting down and abandoning module WindowsMoviePlayer (67)
[2014.12.24-01.01.38:172][987]LogModuleManager: Shutting down and abandoning module Media (66)
[2014.12.24-01.01.38:172][987]LogModuleManager: Shutting down and abandoning module WmfMedia (65)
[2014.12.24-01.01.38:213][987]LogModuleManager: Shutting down and abandoning module OnlineBlueprintSupport (64)
[2014.12.24-01.01.38:213][987]LogModuleManager: Shutting down and abandoning module FunctionalTesting (63)
[2014.12.24-01.01.38:213][987]LogModuleManager: Shutting down and abandoning module CollisionAnalyzer (62)
[2014.12.24-01.01.38:213][987]LogModuleManager: Shutting down and abandoning module WorkspaceMenuStructure (61)
[2014.12.24-01.01.38:213][987]LogModuleManager: Shutting down and abandoning module MessageLog (60)
[2014.12.24-01.01.38:213][987]LogModuleManager: Shutting down and abandoning module Sequencer (59)
[2014.12.24-01.01.38:230][987]LogModuleManager: Shutting down and abandoning module AssetTools (58)
[2014.12.24-01.01.38:230][987]LogModuleManager: Shutting down and abandoning module UMGEditor (57)
[2014.12.24-01.01.38:230][987]LogModuleManager: Shutting down and abandoning module UMG (56)
[2014.12.24-01.01.38:230][987]LogModuleManager: Shutting down and abandoning module Slate (55)
[2014.12.24-01.01.38:231][987]LogModuleManager: Shutting down and abandoning module EditorStyle (54)
[2014.12.24-01.01.38:234][987]LogModuleManager: Shutting down and abandoning module SessionServices (53)
[2014.12.24-01.01.38:234][987]LogModuleManager: Shutting down and abandoning module SourceCodeAccess (52)
[2014.12.24-01.01.38:234][987]LogModuleManager: Shutting down and abandoning module HeadMountedDisplay (51)
[2014.12.24-01.01.38:234][987]LogModuleManager: Shutting down and abandoning module XAudio2 (50)
[2014.12.24-01.01.38:234][987]LogModuleManager: Shutting down and abandoning module Networking (48)
[2014.12.24-01.01.38:234][987]LogModuleManager: Shutting down and abandoning module Core (47)
[2014.12.24-01.01.38:235][987]LogModuleManager: Shutting down and abandoning module KismetCompiler (46)
[2014.12.24-01.01.38:235][987]LogModuleManager: Shutting down and abandoning module PhysXFormats (45)
[2014.12.24-01.01.38:235][987]LogModuleManager: Shutting down and abandoning module MeshUtilities (44)
[2014.12.24-01.01.38:252][987]LogModuleManager: Shutting down and abandoning module DerivedDataCache (43)
[2014.12.24-01.01.38:289][987]LogDerivedDataCache: Shutdown
[2014.12.24-01.01.38:289][987]LogModuleManager: Shutting down and abandoning module ShaderFormatOpenGL (42)
[2014.12.24-01.01.38:304][987]LogModuleManager: Shutting down and abandoning module ShaderFormatD3D (41)
[2014.12.24-01.01.38:305][987]LogModuleManager: Shutting down and abandoning module MetalShaderFormat (40)
[2014.12.24-01.01.38:315][987]LogModuleManager: Shutting down and abandoning module TextureFormatUncompressed (39)
[2014.12.24-01.01.38:315][987]LogModuleManager: Shutting down and abandoning module TextureFormatPVR (38)
[2014.12.24-01.01.38:315][987]LogModuleManager: Shutting down and abandoning module TextureFormatDXT (37)
[2014.12.24-01.01.38:315][987]LogModuleManager: Shutting down and abandoning module TextureFormatAndroid (36)
[2014.12.24-01.01.38:315][987]LogModuleManager: Shutting down and abandoning module AudioFormatOpus (35)
[2014.12.24-01.01.38:315][987]LogModuleManager: Shutting down and abandoning module AudioFormatOgg (34)
[2014.12.24-01.01.38:315][987]LogModuleManager: Shutting down and abandoning module AudioFormatADPCM (33)
[2014.12.24-01.01.38:315][987]LogModuleManager: Shutting down and abandoning module Messaging (32)
[2014.12.24-01.01.38:316][987]LogModuleManager: Shutting down and abandoning module IOSTargetPlatform (31)
[2014.12.24-01.01.38:316][987]LogModuleManager: Shutting down and abandoning module Android_PVRTCTargetPlatform (30)
[2014.12.24-01.01.38:316][987]LogModuleManager: Shutting down and abandoning module Android_ETC2TargetPlatform (29)
[2014.12.24-01.01.38:316][987]LogModuleManager: Shutting down and abandoning module Android_ETC1TargetPlatform (28)
[2014.12.24-01.01.38:316][987]LogModuleManager: Shutting down and abandoning module Android_DXTTargetPlatform (27)
[2014.12.24-01.01.38:316][987]LogModuleManager: Shutting down and abandoning module Android_ATCTargetPlatform (26)
[2014.12.24-01.01.38:316][987]LogModuleManager: Shutting down and abandoning module AndroidTargetPlatform (25)
[2014.12.24-01.01.38:316][987]LogModuleManager: Shutting down and abandoning module WindowsTargetPlatform (24)
[2014.12.24-01.01.38:316][987]LogModuleManager: Shutting down and abandoning module WindowsServerTargetPlatform (23)
[2014.12.24-01.01.38:316][987]LogModuleManager: Shutting down and abandoning module WindowsNoEditorTargetPlatform (22)
[2014.12.24-01.01.38:316][987]LogModuleManager: Shutting down and abandoning module WindowsClientTargetPlatform (21)
[2014.12.24-01.01.38:316][987]LogModuleManager: Shutting down and abandoning module TargetPlatform (20)
[2014.12.24-01.01.38:316][987]LogModuleManager: Shutting down and abandoning module InputCore (19)
[2014.12.24-01.01.38:316][987]LogModuleManager: Shutting down and abandoning module Settings (18)
[2014.12.24-01.01.38:316][987]LogModuleManager: Shutting down and abandoning module ImageWrapper (17)
[2014.12.24-01.01.38:316][987]LogModuleManager: Shutting down and abandoning module OculusRift (14)
[2014.12.24-01.01.38:316][987]LogModuleManager: Shutting down and abandoning module ExampleDeviceProfileSelector (13)
[2014.12.24-01.01.38:316][987]LogModuleManager: Shutting down and abandoning module TextureCompressor (12)
[2014.12.24-01.01.38:316][987]LogModuleManager: Shutting down and abandoning module ShaderCore (11)
[2014.12.24-01.01.38:316][987]LogModuleManager: Shutting down and abandoning module SlateRHIRenderer (10)
[2014.12.24-01.01.38:322][987]LogModuleManager: Shutting down and abandoning module OpenGLDrv (9)
[2014.12.24-01.01.38:322][987]LogModuleManager: Shutting down and abandoning module D3D11RHI (8)
[2014.12.24-01.01.38:322][987]LogModuleManager: Shutting down and abandoning module Renderer (7)
[2014.12.24-01.01.38:322][987]LogModuleManager: Shutting down and abandoning module Engine (6)
[2014.12.24-01.01.38:322][987]LogModuleManager: Shutting down and abandoning module CoreUObject (5)
[2014.12.24-01.01.38:322][987]LogModuleManager: Shutting down and abandoning module NetworkFile (4)
[2014.12.24-01.01.38:335][987]LogModuleManager: Shutting down and abandoning module StreamingFile (3)
[2014.12.24-01.01.38:335][987]LogModuleManager: Shutting down and abandoning module SandboxFile (2)
[2014.12.24-01.01.38:344][987]LogModuleManager: Shutting down and abandoning module PakFile (1)
[2014.12.24-01.01.38:357][987]LogExit: Exiting.
[2014.12.24-01.01.38:473][987]Log file closed, 12/24/14 03:01:38
