Log file open, 01/04/15 14:49:44
LogInit:Display: Running engine for game: SmartProjectFPS
LogInit: Version: 4.5.1-2336687+++depot+UE4-Releases+4.5
LogInit: API Version: 2326478
LogInit: Compiled (64-bit): Oct 21 2014 22:32:40
LogInit: Compiled with Visual C++: 18.00.21005.01
LogInit: Build Configuration: Development
LogInit: Branch Name: ++depot+UE4-Releases+4.5
LogInit: Command line: 
LogInit: Base directory: F:/ExtraSoft/UnrealEngine/4.5/Engine/Binaries/Win64/
LogInit: Rocket: 1
[2015.01.04-12.49.44:402][  0]LogTaskGraph: Started task graph with 3 named threads and 4 total threads.
[2015.01.04-12.49.44:433][  0]LogOnline:Warning: No default platform service specified for OnlineSubsystem
[2015.01.04-12.49.44:971][  0]LogInit: Presizing for 0 objects not considered by GC, pre-allocating 0 bytes.
[2015.01.04-12.49.44:983][  0]LogInit: Object subsystem initialized
[2015.01.04-12.49.44:986][  0]LogConsoleResponse:Warning: Skipping Unknown console variable: 'UIScaleRule = ShortestSide'
[2015.01.04-12.49.44:986][  0]LogConsoleResponse:Warning:   Found in ini file 'F:/ExtraSoft/Git/Try1/Nikita(Boss)/SmartProjectFPS/Saved/Config/Windows/Engine.ini', in section '[/Script/Engine.RendererSettings]'
[2015.01.04-12.49.44:986][  0]LogConsoleResponse:Warning: Skipping Unknown console variable: 'UIScaleCurve = (EditorCurveData=(Keys=((Time=480.000000,Value=0.444000),(Time=720.000000,Value=0.666000),(Time=1080.000000,Value=1.000000),(Time=8640.000000,Value=8.000000))),ExternalCurve=None)'
[2015.01.04-12.49.44:986][  0]LogConsoleResponse:Warning:   Found in ini file 'F:/ExtraSoft/Git/Try1/Nikita(Boss)/SmartProjectFPS/Saved/Config/Windows/Engine.ini', in section '[/Script/Engine.RendererSettings]'
[2015.01.04-12.49.44:987][  0]LogInit: Selected Device Profile: [Windows]
[2015.01.04-12.49.44:987][  0]LogInit: Applying CVar settings loaded from the selected device profile: [Windows]
[2015.01.04-12.49.44:999][  0]LogInit: Computer: NIKPC
[2015.01.04-12.49.44:999][  0]LogInit: User: Nikita
[2015.01.04-12.49.45:001][  0]LogInit: CPU Page size=4096, Cores=2
[2015.01.04-12.49.45:001][  0]LogInit: High frequency timer resolution =1.753831 MHz
[2015.01.04-12.49.45:001][  0]LogMemory: Memory total: Physical=7.9GB (8GB approx) Virtual=131072.0GB
[2015.01.04-12.49.45:001][  0]LogMemory: Platform Memory Stats for Windows
[2015.01.04-12.49.45:001][  0]LogMemory: Process Physical Memory: 63.34 MB used, 63.34 MB peak
[2015.01.04-12.49.45:001][  0]LogMemory: Process Virtual Memory: 38.58 MB used, 41.93 MB peak
[2015.01.04-12.49.45:001][  0]LogMemory: Physical Memory: 3186.18 MB used, 8077.43 MB total
[2015.01.04-12.49.45:001][  0]LogMemory: Virtual Memory: 282.49 MB used, 134217728.00 MB total
[2015.01.04-12.49.46:690][  0]LogD3D11RHI: Found D3D11 adapter 0: Intel(R) HD Graphics 4000 (Feature Level 11_0)
[2015.01.04-12.49.46:690][  0]LogD3D11RHI: Adapter has 1988MB of dedicated video memory, 0MB of dedicated system memory, and 2048MB of shared system memory, 1 output[s]
[2015.01.04-12.49.46:706][  0]LogD3D11RHI: Found D3D11 adapter 1: NVIDIA GeForce GT 740M    (Feature Level 11_0)
[2015.01.04-12.49.46:706][  0]LogD3D11RHI: Adapter has 1988MB of dedicated video memory, 0MB of dedicated system memory, and 2048MB of shared system memory, 0 output[s]
[2015.01.04-12.49.46:707][  0]LogD3D11RHI: Found D3D11 adapter 2: Microsoft Basic Render Driver (Feature Level 11_0)
[2015.01.04-12.49.46:707][  0]LogD3D11RHI: Adapter has 1988MB of dedicated video memory, 0MB of dedicated system memory, and 2048MB of shared system memory, 0 output[s]
[2015.01.04-12.49.46:707][  0]LogD3D11RHI: Chosen D3D11 Adapter Id = 0
[2015.01.04-12.49.46:712][  0]LogRHI: Texture pool is 1361 MB (70% of 1945 MB)
[2015.01.04-12.49.46:725][  0]LogD3D11RHI: Async texture creation enabled
[2015.01.04-12.49.47:384][  0]LogTextLocalizationManager: The requested culture ('ru_RU') has no localization data; falling back to 'en' for localization and internationalization data.
[2015.01.04-12.49.47:602][  0]LogContentStreaming: Texture pool size is 0.000000MB
[2015.01.04-12.49.55:702][  0]LogTargetPlatformManager:Display: Building Assets For Windows
[2015.01.04-12.49.57:054][  0]LogTargetPlatformManager:Display: Building Assets For Windows
[2015.01.04-12.49.57:163][  0]LogDerivedDataCache:Display: Max Cache Size: 512 MB
[2015.01.04-12.49.57:214][  0]LogDerivedDataCache: Loaded boot cache 0.05s 39MB C:/Users/Nikita/AppData/Local/UnrealEngine/4.5/DerivedDataCache/Boot.ddc.
[2015.01.04-12.49.57:214][  0]LogDerivedDataCache:Display: Loaded Boot cache: C:/Users/Nikita/AppData/Local/UnrealEngine/4.5/DerivedDataCache/Boot.ddc
[2015.01.04-12.49.57:214][  0]LogDerivedDataCache: FDerivedDataBackendGraph:  Pak pak cache file ../../../../../Git/Try1/Nikita(Boss)/SmartProjectFPS/DerivedDataCache/DDC.ddp not found, will not use a pak cache.
[2015.01.04-12.49.57:214][  0]LogDerivedDataCache: Unable to find inner node Pak for hierarchical cache Hierarchy.
[2015.01.04-12.49.57:361][  0]LogDerivedDataCache:Display: Pak cache opened for reading ../../../Engine/DerivedDataCache/DDC.ddp.
[2015.01.04-12.49.57:373][  0]LogDerivedDataCache: Using Local data cache path C:/Users/Nikita/AppData/Local/UnrealEngine/Common/DerivedDataCache: Writable
[2015.01.04-12.50.09:876][  0]LogMeshUtilities: No automatic mesh reduction module available
[2015.01.04-12.50.09:876][  0]LogMeshUtilities: No automatic mesh merging module available
[2015.01.04-12.50.10:615][  0]LogLinker:Warning: Asset '../../../Engine/Content/Functions/Engine_MaterialFunctions02/Texturing/FlipBook.uasset' has been saved with empty engine version. The asset will be loaded but may be incompatible.
[2015.01.04-12.50.10:650][  0]LogLinker:Warning: Asset '../../../Engine/Content/Functions/Engine_MaterialFunctions02/ExampleContent/Textures/flipbook.uasset' has been saved with empty engine version. The asset will be loaded but may be incompatible.
[2015.01.04-12.50.11:676][  0]LogInit: WinSock: version 1.1 (2.2), MaxSocks=32767, MaxUdp=65467
[2015.01.04-12.50.13:442][  0]UdpMessaging: Initializing bridge on interface 0.0.0.0:0 to multicast group 230.0.0.1:6666.
[2015.01.04-12.50.13:635][  0]LogDirectoryWatcher:Warning: Failed to begin reading directory changes for F:/ExtraSoft/Git/Try1/Nikita(Boss)/SmartProjectFPS/Binaries/Win64. Error: 0
[2015.01.04-12.50.14:471][  0]SourceControl: Info Source control is disabled
[2015.01.04-12.50.14:471][  0]SourceControl: Info Source control is disabled
[2015.01.04-12.50.14:483][  0]SourceControl: Info Source control is disabled
[2015.01.04-12.50.14:637][  0]LogObj: 22915 objects as part of root set at end of initial load.
[2015.01.04-12.50.14:637][  0]LogUObjectAllocator: 4803536 out of 0 bytes used by permanent object pool.
[2015.01.04-12.50.14:706][  0]LogEngine: Initializing Engine...
[2015.01.04-12.50.15:278][  0]LogInit: XAudio2 using 'Headphones (High Definition Audio Device)' : 2 channels at 44.1 kHz using 16 bits per sample (channel mask 0x3)
[2015.01.04-12.50.15:288][  0]LogInit: FAudioDevice initialized.
[2015.01.04-12.50.15:313][  0]LogAIModule: Creating AISystem for world NewWorld
[2015.01.04-12.50.15:342][  0]LogDerivedDataCache: Saved boot cache 0.03s 39MB C:/Users/Nikita/AppData/Local/UnrealEngine/4.5/DerivedDataCache/Boot.ddc.
[2015.01.04-12.50.15:347][  0]LogInit: Texture streaming: Enabled
[2015.01.04-12.50.15:404][  0]LogInit: Transaction tracking system initialized
[2015.01.04-12.50.15:513][  0]BlueprintLog: New page: Editor Load
[2015.01.04-12.50.15:547][  0]LogAssetRegistry: FAssetRegistry took 0.0106 seconds to start up
[2015.01.04-12.50.15:547][  0]LogDirectoryWatcher:Warning: Failed to begin reading directory changes for ../../../Engine/Plugins/Experimental/CharacterAI/Content/. Error: 0
[2015.01.04-12.50.16:279][  0]LogTargetPlatformManager:Display: Building Assets For Windows
[2015.01.04-12.50.16:769][  0]LogTargetPlatformManager:Display: Building Assets For Windows
[2015.01.04-12.50.17:076][  0]LogConsoleResponse:Display: 
[2015.01.04-12.50.17:751][  0]SourceControl: Info Source control is disabled
[2015.01.04-12.50.17:751][  0]Cmd: MAP LOAD FILE=