Log file open, 01/07/15 01:52:48
LogInit:Display: Running engine for game: SmartProjectFPS
LogInit: Version: 4.5.1-2336687+++depot+UE4-Releases+4.5
LogInit: API Version: 2326478
LogInit: Compiled (64-bit): Oct 21 2014 22:32:40
LogInit: Compiled with Visual C++: 18.00.21005.01
LogInit: Build Configuration: Development
LogInit: Branch Name: ++depot+UE4-Releases+4.5
LogInit: Command line: 
LogInit: Base directory: F:/ExtraSoft/UnrealEngine/4.5/Engine/Binaries/Win64/
LogInit: Rocket: 1
[2015.01.06-23.52.48:236][  0]LogTaskGraph: Started task graph with 3 named threads and 4 total threads.
[2015.01.06-23.52.48:288][  0]LogOnline:Warning: No default platform service specified for OnlineSubsystem
[2015.01.06-23.52.48:313][  0]LogInit: Presizing for 0 objects not considered by GC, pre-allocating 0 bytes.
[2015.01.06-23.52.48:326][  0]LogInit: Object subsystem initialized
[2015.01.06-23.52.48:331][  0]LogConsoleResponse:Warning: Skipping Unknown console variable: 'UIScaleRule = ShortestSide'
[2015.01.06-23.52.48:331][  0]LogConsoleResponse:Warning:   Found in ini file 'F:/ExtraSoft/Git/Try1/Nikita(Boss)/SmartProjectFPS/Saved/Config/Windows/Engine.ini', in section '[/Script/Engine.RendererSettings]'
[2015.01.06-23.52.48:331][  0]LogConsoleResponse:Warning: Skipping Unknown console variable: 'UIScaleCurve = (EditorCurveData=(Keys=((Time=480.000000,Value=0.444000),(Time=720.000000,Value=0.666000),(Time=1080.000000,Value=1.000000),(Time=8640.000000,Value=8.000000))),ExternalCurve=None)'
[2015.01.06-23.52.48:331][  0]LogConsoleResponse:Warning:   Found in ini file 'F:/ExtraSoft/Git/Try1/Nikita(Boss)/SmartProjectFPS/Saved/Config/Windows/Engine.ini', in section '[/Script/Engine.RendererSettings]'
[2015.01.06-23.52.48:332][  0]LogInit: Selected Device Profile: [Windows]
[2015.01.06-23.52.48:332][  0]LogInit: Applying CVar settings loaded from the selected device profile: [Windows]
[2015.01.06-23.52.48:364][  0]LogInit: Computer: NIKPC
[2015.01.06-23.52.48:364][  0]LogInit: User: Nikita
[2015.01.06-23.52.48:366][  0]LogInit: CPU Page size=4096, Cores=2
[2015.01.06-23.52.48:366][  0]LogInit: High frequency timer resolution =1.753830 MHz
[2015.01.06-23.52.48:366][  0]LogMemory: Memory total: Physical=7.9GB (8GB approx) Virtual=131072.0GB
[2015.01.06-23.52.48:366][  0]LogMemory: Platform Memory Stats for Windows
[2015.01.06-23.52.48:366][  0]LogMemory: Process Physical Memory: 63.26 MB used, 66.50 MB peak
[2015.01.06-23.52.48:366][  0]LogMemory: Process Virtual Memory: 38.43 MB used, 43.47 MB peak
[2015.01.06-23.52.48:366][  0]LogMemory: Physical Memory: 3048.50 MB used, 8077.32 MB total
[2015.01.06-23.52.48:366][  0]LogMemory: Virtual Memory: 282.49 MB used, 134217728.00 MB total
[2015.01.06-23.52.48:841][  0]LogD3D11RHI: Found D3D11 adapter 0: Intel(R) HD Graphics 4000 (Feature Level 11_0)
[2015.01.06-23.52.48:841][  0]LogD3D11RHI: Adapter has 1988MB of dedicated video memory, 0MB of dedicated system memory, and 2048MB of shared system memory, 2 output[s]
[2015.01.06-23.52.48:856][  0]LogD3D11RHI: Found D3D11 adapter 1: NVIDIA GeForce GT 740M    (Feature Level 11_0)
[2015.01.06-23.52.48:856][  0]LogD3D11RHI: Adapter has 1988MB of dedicated video memory, 0MB of dedicated system memory, and 2048MB of shared system memory, 0 output[s]
[2015.01.06-23.52.48:857][  0]LogD3D11RHI: Found D3D11 adapter 2: Microsoft Basic Render Driver (Feature Level 11_0)
[2015.01.06-23.52.48:857][  0]LogD3D11RHI: Adapter has 1988MB of dedicated video memory, 0MB of dedicated system memory, and 2048MB of shared system memory, 0 output[s]
[2015.01.06-23.52.48:857][  0]LogD3D11RHI: Chosen D3D11 Adapter Id = 0
[2015.01.06-23.52.48:862][  0]LogRHI: Texture pool is 1361 MB (70% of 1945 MB)
[2015.01.06-23.52.48:873][  0]LogD3D11RHI: Async texture creation enabled
[2015.01.06-23.52.49:709][  0]LogTextLocalizationManager: The requested culture ('ru_RU') has no localization data; falling back to 'en' for localization and internationalization data.
[2015.01.06-23.52.50:055][  0]LogContentStreaming: Texture pool size is 0.000000MB
[2015.01.06-23.52.59:585][  0]LogTargetPlatformManager:Display: Building Assets For Windows
[2015.01.06-23.53.00:792][  0]LogTargetPlatformManager:Display: Building Assets For Windows
[2015.01.06-23.53.00:912][  0]LogDerivedDataCache:Display: Max Cache Size: 512 MB
[2015.01.06-23.53.01:598][  0]LogDerivedDataCache: Loaded boot cache 0.69s 39MB C:/Users/Nikita/AppData/Local/UnrealEngine/4.5/DerivedDataCache/Boot.ddc.
[2015.01.06-23.53.01:598][  0]LogDerivedDataCache:Display: Loaded Boot cache: C:/Users/Nikita/AppData/Local/UnrealEngine/4.5/DerivedDataCache/Boot.ddc
[2015.01.06-23.53.01:598][  0]LogDerivedDataCache: FDerivedDataBackendGraph:  Pak pak cache file ../../../../../Git/Try1/Nikita(Boss)/SmartProjectFPS/DerivedDataCache/DDC.ddp not found, will not use a pak cache.
[2015.01.06-23.53.01:598][  0]LogDerivedDataCache: Unable to find inner node Pak for hierarchical cache Hierarchy.
[2015.01.06-23.53.01:733][  0]LogDerivedDataCache:Display: Pak cache opened for reading ../../../Engine/DerivedDataCache/DDC.ddp.
[2015.01.06-23.53.01:746][  0]LogDerivedDataCache: Using Local data cache path C:/Users/Nikita/AppData/Local/UnrealEngine/Common/DerivedDataCache: Writable
[2015.01.06-23.53.09:656][  0]LogMeshUtilities: No automatic mesh reduction module available
[2015.01.06-23.53.09:656][  0]LogMeshUtilities: No automatic mesh merging module available
[2015.01.06-23.53.14:416][  0]LogLinker:Warning: Asset '../../../Engine/Content/Functions/Engine_MaterialFunctions02/Texturing/FlipBook.uasset' has been saved with empty engine version. The asset will be loaded but may be incompatible.
[2015.01.06-23.53.14:444][  0]LogLinker:Warning: Asset '../../../Engine/Content/Functions/Engine_MaterialFunctions02/ExampleContent/Textures/flipbook.uasset' has been saved with empty engine version. The asset will be loaded but may be incompatible.
[2015.01.06-23.53.16:206][  0]LogInit: WinSock: version 1.1 (2.2), MaxSocks=32767, MaxUdp=65467
[2015.01.06-23.53.31:980][  0]UdpMessaging: Initializing bridge on interface 0.0.0.0:0 to multicast group 230.0.0.1:6666.
[2015.01.06-23.53.34:691][  0]LogDirectoryWatcher:Warning: Failed to begin reading directory changes for F:/ExtraSoft/Git/Try1/Nikita(Boss)/SmartProjectFPS/Binaries/Win64. Error: 0
[2015.01.06-23.53.35:721][  0]SourceControl: Info Source control is disabled
[2015.01.06-23.53.35:721][  0]SourceControl: Info Source control is disabled
[2015.01.06-23.53.35:733][  0]SourceControl: Info Source control is disabled
[2015.01.06-23.53.36:723][  0]LogObj: 22915 objects as part of root set at end of initial load.
[2015.01.06-23.53.36:723][  0]LogUObjectAllocator: 4803536 out of 0 bytes used by permanent object pool.
[2015.01.06-23.53.37:653][  0]LogEngine: Initializing Engine...
[2015.01.06-23.53.38:375][  0]LogInit: XAudio2 using 'Headphones (High Definition Audio Device)' : 2 channels at 44.1 kHz using 16 bits per sample (channel mask 0x3)
[2015.01.06-23.53.38:442][  0]LogInit: FAudioDevice initialized.
[2015.01.06-23.53.38:731][  0]LogAIModule: Creating AISystem for world NewWorld
[2015.01.06-23.53.38:778][  0]LogDerivedDataCache: Saved boot cache 0.03s 39MB C:/Users/Nikita/AppData/Local/UnrealEngine/4.5/DerivedDataCache/Boot.ddc.
[2015.01.06-23.53.38:785][  0]LogInit: Texture streaming: Enabled
[2015.01.06-23.53.40:495][  0]LogInit: Transaction tracking system initialized
[2015.01.06-23.53.41:989][  0]BlueprintLog: New page: Editor Load
[2015.01.06-23.53.42:207][  0]LogAssetRegistry: FAssetRegistry took 0.0104 seconds to start up
[2015.01.06-23.53.42:207][  0]LogDirectoryWatcher:Warning: Failed to begin reading directory changes for ../../../Engine/Plugins/Experimental/CharacterAI/Content/. Error: 0
[2015.01.06-23.53.45:542][  0]LogTargetPlatformManager:Display: Building Assets For Windows
[2015.01.06-23.53.46:277][  0]LogTargetPlatformManager:Display: Building Assets For Windows
[2015.01.06-23.53.47:682][  0]LogConsoleResponse:Display: 
[2015.01.06-23.53.50:314][  0]SourceControl: Info Source control is disabled
[2015.01.06-23.53.50:338][  0]Cmd: MAP LOAD FILE="../../../../../Git/Try1/Nikita(Boss)/SmartProjectFPS/Content/Maps/Example_Map.umap" TEMPLATE=0 SHOWPROGRESS=1
[2015.01.06-23.53.50:411][  0]LightingResults: New page: Lighting Build
[2015.01.06-23.53.50:611][  0]MapCheck: New page: Map Check
[2015.01.06-23.53.50:611][  0]LightingResults: New page: Lighting Build
[2015.01.06-23.53.50:644][  0]LogParticles: Destroying 0 GPU particle simulations for FXSystem 0x0000006B0516A840
[2015.01.06-23.53.57:626][  0]LogEditorServer: Finished looking for orphan Actors (0.000 secs)
[2015.01.06-23.53.57:646][  0]LogAIModule: Creating AISystem for world Example_Map
[2015.01.06-23.53.57:685][  0]Cmd: MAP CHECKDEP
[2015.01.06-23.53.57:685][  0]MapCheck: New page: Example_Map - Jan 7, 2015, 3:53:57 AM
[2015.01.06-23.53.57:849][  0]MapCheck: Info Map check complete: 0 Error(s), 0 Warning(s), took 164.639ms to complete.
[2015.01.06-23.53.57:849][  0]LogFileHelpers: Loading map 'Example_Map' took 7.521
[2015.01.06-23.53.58:802][  0]LogCollectionManager: Loaded 0 collections in 0.002352 seconds
[2015.01.06-23.53.59:796][  0]LogCrashTracker: Crashtracker disabled due to settings.
[2015.01.06-23.54.00:217][  0]LogUObjectGlobals:Warning: Failed to find object 'Class None.'
[2015.01.06-23.54.00:394][  0]LogLoad: Full Startup: 75.18 seconds (BP compile: 1.22 seconds)
[2015.01.06-23.54.00:749][  0]LogContentBrowser:Verbose: The content browser source was changed by the sources view to '/Game/StarterContent/Particles'
[2015.01.06-23.54.01:853][  0]LogRenderer:Warning: Reallocating scene render targets to support 848x568.
[2015.01.06-23.54.04:012][  5]LogAssetRegistry: Asset discovery search completed in 21.8148 seconds
[2015.01.06-23.57.17:185][747]LogContentBrowser:Verbose: The content browser source was changed by the sources view to '/Game/Maps'
[2015.01.06-23.57.22:292][807]LogParticles:Warning: InitializeSystem called on an unregistered component. Template=/Game/StarterContent/Particles/P_Steam_Lit.P_Steam_Lit Component=/Game/Maps/Level4.Level4:PersistentLevel.P_Steam_Lit_2.ParticleSystemComponent0
[2015.01.06-23.57.22:482][807]Cmd: MAP LOAD FILE="../../../../../Git/Try1/Nikita(Boss)/SmartProjectFPS/Content/Maps/Level4.umap" TEMPLATE=0 SHOWPROGRESS=1
[2015.01.06-23.57.22:482][807]LightingResults: New page: Lighting Build
[2015.01.06-23.57.22:529][807]LoadErrors: New page: Loading map: Level4.umap
[2015.01.06-23.57.22:531][807]MapCheck: New page: Map Check
[2015.01.06-23.57.22:531][807]LightingResults: New page: Lighting Build
[2015.01.06-23.57.22:575][807]LogParticles: Destroying 0 GPU particle simulations for FXSystem 0x0000006B0741BA60
[2015.01.06-23.57.22:607][807]LogEditorServer: Finished looking for orphan Actors (0.000 secs)
[2015.01.06-23.57.22:608][807]LogAIModule: Creating AISystem for world Level4
[2015.01.06-23.57.22:919][807]Cmd: MAP CHECKDEP
[2015.01.06-23.57.22:919][807]MapCheck: New page: Level4 - Jan 7, 2015, 3:57:22 AM
[2015.01.06-23.57.23:047][807]MapCheck: Info Map check complete: 0 Error(s), 0 Warning(s), took 128.283ms to complete.
[2015.01.06-23.57.23:047][807]LogFileHelpers: Loading map 'Level4' took 0.569
[2015.01.06-23.58.24:995][382]LogContentBrowser:Verbose: The content browser source was changed by the sources view to '/Game/Blueprints'
[2015.01.06-23.58.35:110][512]LogRenderer:Warning: Reallocating scene render targets to support 856x568.
[2015.01.06-23.58.40:688][680]Cmd: OBJ SAVEPACKAGE PACKAGE="/Game/Blueprints/SmartAIDummy" FILE="../../../../../Git/Try1/Nikita(Boss)/SmartProjectFPS/Content/Blueprints/SmartAIDummy.uasset" SILENT=true
[2015.01.06-23.58.41:506][680]LogSavePackage: Save=544.482056ms
[2015.01.06-23.58.41:506][680]LogSavePackage: Moving '../../../../../Git/Try1/Nikita(Boss)/SmartProjectFPS/Saved/SmartAIDummy51AB2CD1488E77C1C3D7DAADE411DFC7.tmp' to '../../../../../Git/Try1/Nikita(Boss)/SmartProjectFPS/Content/Blueprints/SmartAIDummy.uasset'
[2015.01.06-23.58.42:155][697]BlueprintLog: New page: Pre-PIE auto-recompile
[2015.01.06-23.58.42:155][697]LogPlayLevel: [PIE] Compiling Tutorial_BP_MacroLib before PIE...
[2015.01.06-23.58.42:310][697]LogPlayLevel: [PIE] Compiling Level4 before PIE...
[2015.01.06-23.58.42:440][697]LogActorComponent: UnregisterComponent: (/Engine/Transient.CharacterMovementComponent_0) Not registered. Aborting.
[2015.01.06-23.58.42:440][697]LogActorComponent: UnregisterComponent: (/Engine/Transient.PawnSensingComponent_0) Not registered. Aborting.
[2015.01.06-23.58.42:440][697]LogActorComponent: UnregisterComponent: (/Engine/Transient.ProjectileMovementComponent_0) Not registered. Aborting.
[2015.01.06-23.58.42:440][697]LogActorComponent: UnregisterComponent: (/Engine/Transient.CharacterMovementComponent_1) Not registered. Aborting.
[2015.01.06-23.58.42:440][697]LogActorComponent: UnregisterComponent: (/Engine/Transient.ProjectileMovementComponent_1) Not registered. Aborting.
[2015.01.06-23.58.42:440][697]LogActorComponent: UnregisterComponent: (/Engine/Transient.CharacterMovementComponent_2) Not registered. Aborting.
[2015.01.06-23.58.42:441][697]LogActorComponent: UnregisterComponent: (/Engine/Transient.PawnSensingComponent_1) Not registered. Aborting.
[2015.01.06-23.58.42:441][697]LogActorComponent: UnregisterComponent: (/Engine/Transient.ProjectileMovementComponent_2) Not registered. Aborting.
[2015.01.06-23.58.42:495][697]LogPlayLevel: PIE:  Blueprint regeneration took 340 ms (2 blueprints)
[2015.01.06-23.58.42:495][697]PIE: New page: SIE session: Level4 (Jan 7, 2015, 3:58:42 AM)
[2015.01.06-23.58.42:639][697]LogPlayLevel: PIE: StaticDuplicateObject took: (0.143117s)
[2015.01.06-23.58.42:640][697]LogPlayLevel: PIE: World Init took: (0.001124s)
[2015.01.06-23.58.42:640][697]LogPlayLevel: PIE: Created PIE world by copying editor world from /Game/Maps/Level4.Level4 to /Game/Maps/UEDPIE_0_Level4.Level4 (0.144559s)
[2015.01.06-23.58.43:160][697]LogWorld: Game class is 'MyGame_C'
[2015.01.06-23.58.43:180][697]LogAIModule: Creating AISystem for world Level4
[2015.01.06-23.58.43:183][697]LogWorld:Warning: *** WARNING - PATHS MAY NOT BE VALID ***
[2015.01.06-23.58.43:183][697]LogWorld: Bringing World /Game/Maps/UEDPIE_0_Level4.Level4 up for play (max tick rate 0) at 2015.01.07-01.58.43
[2015.01.06-23.58.43:184][697]LogWorld: Bringing up level for play took: 0.003802
[2015.01.06-23.58.43:201][697]LogArray:Warning: Attempted to get an item from array CallFunc_GetAllActorsOfClass_OutActors out of bounds [1/0]!
[2015.01.06-23.58.43:202][697]PIE: Info Play in editor start time for /Game/Maps/UEDPIE_0_Level4 1.606
[2015.01.06-23.58.47:113][778]LogScript:Warning: Attempt to take Sqrt() of negative number - returning 0.
[2015.01.06-23.58.47:113][778]LogScript:Warning: Attempt to take Sqrt() of negative number - returning 0.
[2015.01.06-23.58.50:409][849]LogScript:Warning: Attempt to take Sqrt() of negative number - returning 0.
[2015.01.06-23.58.50:409][849]LogScript:Warning: Attempt to take Sqrt() of negative number - returning 0.
[2015.01.06-23.58.50:500][851]LogScript:Warning: Attempt to take Sqrt() of negative number - returning 0.
[2015.01.06-23.58.50:500][851]LogScript:Warning: Attempt to take Sqrt() of negative number - returning 0.
[2015.01.06-23.58.50:634][854]LogScript:Warning: Attempt to take Sqrt() of negative number - returning 0.
[2015.01.06-23.58.50:634][854]LogScript:Warning: Attempt to take Sqrt() of negative number - returning 0.
[2015.01.06-23.58.50:679][855]LogScript:Warning: Attempt to take Sqrt() of negative number - returning 0.
[2015.01.06-23.58.50:679][855]LogScript:Warning: Attempt to take Sqrt() of negative number - returning 0.
[2015.01.06-23.58.51:007][862]LogScript:Warning: Attempt to take Sqrt() of negative number - returning 0.
[2015.01.06-23.58.51:007][862]LogScript:Warning: Attempt to take Sqrt() of negative number - returning 0.
[2015.01.06-23.58.51:053][863]LogScript:Warning: Attempt to take Sqrt() of negative number - returning 0.
[2015.01.06-23.58.51:053][863]LogScript:Warning: Attempt to take Sqrt() of negative number - returning 0.
[2015.01.06-23.58.51:144][865]LogScript:Warning: Attempt to take Sqrt() of negative number - returning 0.
[2015.01.06-23.58.51:144][865]LogScript:Warning: Attempt to take Sqrt() of negative number - returning 0.
[2015.01.06-23.58.56:835][987]LogParticles: Destroying 0 GPU particle simulations for FXSystem 0x0000006B7BF01B20
[2015.01.06-23.58.57:430][  6]LogEditorViewport: Clicking on Actor (LMB): StaticMeshActor (Wall_400x404)
[2015.01.06-23.59.03:784][180]BlueprintLog: New page: Pre-PIE auto-recompile
[2015.01.06-23.59.03:784][180]LogPlayLevel: [PIE] Compiling Level4 before PIE...
[2015.01.06-23.59.03:958][180]LogPlayLevel: PIE:  Blueprint regeneration took 173 ms (1 blueprints)
[2015.01.06-23.59.03:958][180]PIE: New page: SIE session: Level4 (Jan 7, 2015, 3:59:03 AM)
[2015.01.06-23.59.04:073][180]LogPlayLevel: PIE: StaticDuplicateObject took: (0.114675s)
[2015.01.06-23.59.04:074][180]LogPlayLevel: PIE: World Init took: (0.000981s)
[2015.01.06-23.59.04:074][180]LogPlayLevel: PIE: Created PIE world by copying editor world from /Game/Maps/Level4.Level4 to /Game/Maps/UEDPIE_0_Level4.Level4 (0.115978s)
[2015.01.06-23.59.04:075][180]LogSelection:Warning: PIE object was selected: "StaticMeshActor /Game/Maps/UEDPIE_0_Level4.Level4:PersistentLevel.Wall_400x404"
[2015.01.06-23.59.04:123][180]LogWorld: Game class is 'MyGame_C'
[2015.01.06-23.59.04:125][180]LogAIModule: Creating AISystem for world Level4
[2015.01.06-23.59.04:128][180]LogWorld:Warning: *** WARNING - PATHS MAY NOT BE VALID ***
[2015.01.06-23.59.04:128][180]LogWorld: Bringing World /Game/Maps/UEDPIE_0_Level4.Level4 up for play (max tick rate 0) at 2015.01.07-01.59.04
[2015.01.06-23.59.04:128][180]LogWorld: Bringing up level for play took: 0.003608
[2015.01.06-23.59.04:129][180]LogArray:Warning: Attempted to get an item from array CallFunc_GetAllActorsOfClass_OutActors out of bounds [1/0]!
[2015.01.06-23.59.04:130][180]PIE: Info Play in editor start time for /Game/Maps/UEDPIE_0_Level4 0.534
[2015.01.06-23.59.04:161][180]LogSelection:Warning: PIE object was selected: "StaticMeshActor /Game/Maps/UEDPIE_0_Level4.Level4:PersistentLevel.Wall_400x404"
[2015.01.06-23.59.07:661][254]LogScript:Warning: Attempt to take Sqrt() of negative number - returning 0.
[2015.01.06-23.59.07:661][254]LogScript:Warning: Attempt to take Sqrt() of negative number - returning 0.
[2015.01.06-23.59.07:804][257]LogScript:Warning: Attempt to take Sqrt() of negative number - returning 0.
[2015.01.06-23.59.07:804][257]LogScript:Warning: Attempt to take Sqrt() of negative number - returning 0.
[2015.01.06-23.59.07:895][259]LogScript:Warning: Attempt to take Sqrt() of negative number - returning 0.
[2015.01.06-23.59.07:895][259]LogScript:Warning: Attempt to take Sqrt() of negative number - returning 0.
[2015.01.06-23.59.11:871][340]LogScript:Warning: Attempt to take Sqrt() of negative number - returning 0.
[2015.01.06-23.59.11:871][340]LogScript:Warning: Attempt to take Sqrt() of negative number - returning 0.
[2015.01.06-23.59.15:016][402]LogScript:Warning: Attempt to take Sqrt() of negative number - returning 0.
[2015.01.06-23.59.15:016][402]LogScript:Warning: Attempt to take Sqrt() of negative number - returning 0.
[2015.01.06-23.59.17:494][451]LogScript:Warning: Attempt to take Sqrt() of negative number - returning 0.
[2015.01.06-23.59.17:494][451]LogScript:Warning: Attempt to take Sqrt() of negative number - returning 0.
[2015.01.06-23.59.18:139][464]LogScript:Warning: Attempt to take Sqrt() of negative number - returning 0.
[2015.01.06-23.59.18:139][464]LogScript:Warning: Attempt to take Sqrt() of negative number - returning 0.
[2015.01.06-23.59.20:408][507]LogParticles: Destroying 0 GPU particle simulations for FXSystem 0x0000006B7BE640E0
[2015.01.06-23.59.37:791][793]BlueprintLog: New page: Pre-PIE auto-recompile
[2015.01.06-23.59.37:791][793]LogPlayLevel: [PIE] Compiling Level4 before PIE...
[2015.01.06-23.59.37:974][793]LogPlayLevel: PIE:  Blueprint regeneration took 183 ms (1 blueprints)
[2015.01.06-23.59.37:974][793]PIE: New page: SIE session: Level4 (Jan 7, 2015, 3:59:37 AM)
[2015.01.06-23.59.38:096][793]LogPlayLevel: PIE: StaticDuplicateObject took: (0.121760s)
[2015.01.06-23.59.38:097][793]LogPlayLevel: PIE: World Init took: (0.001062s)
[2015.01.06-23.59.38:098][793]LogPlayLevel: PIE: Created PIE world by copying editor world from /Game/Maps/Level4.Level4 to /Game/Maps/UEDPIE_0_Level4.Level4 (0.123302s)
[2015.01.06-23.59.38:098][793]LogSelection:Warning: PIE object was selected: "StaticMeshActor /Game/Maps/UEDPIE_0_Level4.Level4:PersistentLevel.Wall_400x404"
[2015.01.06-23.59.38:145][793]LogWorld: Game class is 'MyGame_C'
[2015.01.06-23.59.38:147][793]LogAIModule: Creating AISystem for world Level4
[2015.01.06-23.59.38:150][793]LogWorld:Warning: *** WARNING - PATHS MAY NOT BE VALID ***
[2015.01.06-23.59.38:150][793]LogWorld: Bringing World /Game/Maps/UEDPIE_0_Level4.Level4 up for play (max tick rate 0) at 2015.01.07-01.59.38
[2015.01.06-23.59.38:151][793]LogWorld: Bringing up level for play took: 0.004076
[2015.01.06-23.59.38:152][793]LogArray:Warning: Attempted to get an item from array CallFunc_GetAllActorsOfClass_OutActors out of bounds [1/0]!
[2015.01.06-23.59.38:153][793]PIE: Info Play in editor start time for /Game/Maps/UEDPIE_0_Level4 0.557
[2015.01.06-23.59.38:191][793]LogSelection:Warning: PIE object was selected: "StaticMeshActor /Game/Maps/UEDPIE_0_Level4.Level4:PersistentLevel.Wall_400x404"
[2015.01.06-23.59.41:778][863]LogScript:Warning: Attempt to take Sqrt() of negative number - returning 0.
[2015.01.06-23.59.41:778][863]LogScript:Warning: Attempt to take Sqrt() of negative number - returning 0.
[2015.01.06-23.59.41:922][866]LogScript:Warning: Attempt to take Sqrt() of negative number - returning 0.
[2015.01.06-23.59.41:922][866]LogScript:Warning: Attempt to take Sqrt() of negative number - returning 0.
[2015.01.06-23.59.45:703][937]LogScript:Warning: Attempt to take Sqrt() of negative number - returning 0.
[2015.01.06-23.59.45:703][937]LogScript:Warning: Attempt to take Sqrt() of negative number - returning 0.
[2015.01.06-23.59.45:855][940]LogScript:Warning: Attempt to take Sqrt() of negative number - returning 0.
[2015.01.06-23.59.45:855][940]LogScript:Warning: Attempt to take Sqrt() of negative number - returning 0.
[2015.01.06-23.59.49:008][999]LogScript:Warning: Attempt to take Sqrt() of negative number - returning 0.
[2015.01.06-23.59.49:008][999]LogScript:Warning: Attempt to take Sqrt() of negative number - returning 0.
[2015.01.06-23.59.49:062][  0]LogScript:Warning: Attempt to take Sqrt() of negative number - returning 0.
[2015.01.06-23.59.49:062][  0]LogScript:Warning: Attempt to take Sqrt() of negative number - returning 0.
[2015.01.06-23.59.49:219][  3]LogScript:Warning: Attempt to take Sqrt() of negative number - returning 0.
[2015.01.06-23.59.49:219][  3]LogScript:Warning: Attempt to take Sqrt() of negative number - returning 0.
[2015.01.06-23.59.49:464][  7]LogScript:Warning: Attempt to take Sqrt() of negative number - returning 0.
[2015.01.06-23.59.49:464][  7]LogScript:Warning: Attempt to take Sqrt() of negative number - returning 0.
[2015.01.06-23.59.50:929][ 35]LogScript:Warning: Attempt to take Sqrt() of negative number - returning 0.
[2015.01.06-23.59.50:929][ 35]LogScript:Warning: Attempt to take Sqrt() of negative number - returning 0.
[2015.01.06-23.59.51:001][ 36]LogScript:Warning: Attempt to take Sqrt() of negative number - returning 0.
[2015.01.06-23.59.51:001][ 36]LogScript:Warning: Attempt to take Sqrt() of negative number - returning 0.
[2015.01.06-23.59.51:055][ 37]LogScript:Warning: Attempt to take Sqrt() of negative number - returning 0.
[2015.01.06-23.59.51:055][ 37]LogScript:Warning: Attempt to take Sqrt() of negative number - returning 0.
[2015.01.06-23.59.51:113][ 38]LogScript:Warning: Attempt to take Sqrt() of negative number - returning 0.
[2015.01.06-23.59.51:113][ 38]LogScript:Warning: Attempt to take Sqrt() of negative number - returning 0.
[2015.01.06-23.59.51:152][ 39]LogScript:Warning: Attempt to take Sqrt() of negative number - returning 0.
[2015.01.06-23.59.51:152][ 39]LogScript:Warning: Attempt to take Sqrt() of negative number - returning 0.
[2015.01.06-23.59.51:563][ 47]LogScript:Warning: Attempt to take Sqrt() of negative number - returning 0.
[2015.01.06-23.59.51:563][ 47]LogScript:Warning: Attempt to take Sqrt() of negative number - returning 0.
[2015.01.06-23.59.55:510][123]LogScript:Warning: Attempt to take Sqrt() of negative number - returning 0.
[2015.01.06-23.59.55:510][123]LogScript:Warning: Attempt to take Sqrt() of negative number - returning 0.
[2015.01.06-23.59.55:618][125]LogScript:Warning: Attempt to take Sqrt() of negative number - returning 0.
[2015.01.06-23.59.55:618][125]LogScript:Warning: Attempt to take Sqrt() of negative number - returning 0.
[2015.01.06-23.59.55:722][127]LogScript:Warning: Attempt to take Sqrt() of negative number - returning 0.
[2015.01.06-23.59.55:722][127]LogScript:Warning: Attempt to take Sqrt() of negative number - returning 0.
[2015.01.06-23.59.55:771][128]LogScript:Warning: Attempt to take Sqrt() of negative number - returning 0.
[2015.01.06-23.59.55:771][128]LogScript:Warning: Attempt to take Sqrt() of negative number - returning 0.
[2015.01.06-23.59.55:908][131]LogScript:Warning: Attempt to take Sqrt() of negative number - returning 0.
[2015.01.06-23.59.55:908][131]LogScript:Warning: Attempt to take Sqrt() of negative number - returning 0.
[2015.01.06-23.59.56:054][134]LogScript:Warning: Attempt to take Sqrt() of negative number - returning 0.
[2015.01.06-23.59.56:054][134]LogScript:Warning: Attempt to take Sqrt() of negative number - returning 0.
[2015.01.06-23.59.56:306][139]LogScript:Warning: Attempt to take Sqrt() of negative number - returning 0.
[2015.01.06-23.59.56:306][139]LogScript:Warning: Attempt to take Sqrt() of negative number - returning 0.
[2015.01.07-00.00.04:707][296]LogEditorViewport: Clicking Background
[2015.01.07-00.00.05:558][308]LogParticles: Destroying 0 GPU particle simulations for FXSystem 0x0000006B0C621620
[2015.01.07-00.00.13:978][509]BlueprintLog: New page: Pre-PIE auto-recompile
[2015.01.07-00.00.13:978][509]LogPlayLevel: [PIE] Compiling Level4 before PIE...
[2015.01.07-00.00.14:122][509]LogPlayLevel: PIE:  Blueprint regeneration took 143 ms (1 blueprints)
[2015.01.07-00.00.14:122][509]PIE: New page: SIE session: Level4 (Jan 7, 2015, 4:00:14 AM)
[2015.01.07-00.00.14:262][509]LogPlayLevel: PIE: StaticDuplicateObject took: (0.138725s)
[2015.01.07-00.00.14:263][509]LogPlayLevel: PIE: World Init took: (0.001200s)
[2015.01.07-00.00.14:263][509]LogPlayLevel: PIE: Created PIE world by copying editor world from /Game/Maps/Level4.Level4 to /Game/Maps/UEDPIE_0_Level4.Level4 (0.140310s)
[2015.01.07-00.00.14:264][509]LogSelection:Warning: PIE object was selected: "StaticMeshActor /Game/Maps/UEDPIE_0_Level4.Level4:PersistentLevel.Wall_400x404"
[2015.01.07-00.00.14:311][509]LogWorld: Game class is 'MyGame_C'
[2015.01.07-00.00.14:313][509]LogAIModule: Creating AISystem for world Level4
[2015.01.07-00.00.14:316][509]LogWorld:Warning: *** WARNING - PATHS MAY NOT BE VALID ***
[2015.01.07-00.00.14:316][509]LogWorld: Bringing World /Game/Maps/UEDPIE_0_Level4.Level4 up for play (max tick rate 0) at 2015.01.07-02.00.14
[2015.01.07-00.00.14:316][509]LogWorld: Bringing up level for play took: 0.003569
[2015.01.07-00.00.14:317][509]LogArray:Warning: Attempted to get an item from array CallFunc_GetAllActorsOfClass_OutActors out of bounds [1/0]!
[2015.01.07-00.00.14:318][509]PIE: Info Play in editor start time for /Game/Maps/UEDPIE_0_Level4 0.721
[2015.01.07-00.00.14:352][509]LogSelection:Warning: PIE object was selected: "StaticMeshActor /Game/Maps/UEDPIE_0_Level4.Level4:PersistentLevel.Wall_400x404"
[2015.01.07-00.00.35:322][940]LogScript:Warning: Attempt to take Sqrt() of negative number - returning 0.
[2015.01.07-00.00.35:322][940]LogScript:Warning: Attempt to take Sqrt() of negative number - returning 0.
[2015.01.07-00.00.36:311][965]LogScript:Warning: Attempt to take Sqrt() of negative number - returning 0.
[2015.01.07-00.00.36:311][965]LogScript:Warning: Attempt to take Sqrt() of negative number - returning 0.
[2015.01.07-00.01.04:593][579]LogScript:Warning: Attempt to take Sqrt() of negative number - returning 0.
[2015.01.07-00.01.04:593][579]LogScript:Warning: Attempt to take Sqrt() of negative number - returning 0.
[2015.01.07-00.01.05:318][587]LogParticles: Destroying 0 GPU particle simulations for FXSystem 0x0000006B11FDF100
[2015.01.07-00.01.23:478][ 24]BlueprintLog: New page: Pre-PIE auto-recompile
[2015.01.07-00.01.23:478][ 24]LogPlayLevel: [PIE] Compiling Level4 before PIE...
[2015.01.07-00.01.23:664][ 24]LogPlayLevel: PIE:  Blueprint regeneration took 185 ms (1 blueprints)
[2015.01.07-00.01.23:664][ 24]PIE: New page: SIE session: Level4 (Jan 7, 2015, 4:01:23 AM)
[2015.01.07-00.01.23:798][ 24]LogPlayLevel: PIE: StaticDuplicateObject took: (0.134506s)
[2015.01.07-00.01.23:800][ 24]LogPlayLevel: PIE: World Init took: (0.001038s)
[2015.01.07-00.01.23:800][ 24]LogPlayLevel: PIE: Created PIE world by copying editor world from /Game/Maps/Level4.Level4 to /Game/Maps/UEDPIE_0_Level4.Level4 (0.135874s)
[2015.01.07-00.01.23:801][ 24]LogSelection:Warning: PIE object was selected: "StaticMeshActor /Game/Maps/UEDPIE_0_Level4.Level4:PersistentLevel.Wall_400x404"
[2015.01.07-00.01.23:845][ 24]LogWorld: Game class is 'MyGame_C'
[2015.01.07-00.01.23:846][ 24]LogAIModule: Creating AISystem for world Level4
[2015.01.07-00.01.23:850][ 24]LogWorld:Warning: *** WARNING - PATHS MAY NOT BE VALID ***
[2015.01.07-00.01.23:850][ 24]LogWorld: Bringing World /Game/Maps/UEDPIE_0_Level4.Level4 up for play (max tick rate 0) at 2015.01.07-02.01.23
[2015.01.07-00.01.23:851][ 24]LogWorld: Bringing up level for play took: 0.004173
[2015.01.07-00.01.23:852][ 24]LogArray:Warning: Attempted to get an item from array CallFunc_GetAllActorsOfClass_OutActors out of bounds [1/0]!
[2015.01.07-00.01.23:853][ 24]PIE: Info Play in editor start time for /Game/Maps/UEDPIE_0_Level4 0.257
[2015.01.07-00.01.23:886][ 24]LogSelection:Warning: PIE object was selected: "StaticMeshActor /Game/Maps/UEDPIE_0_Level4.Level4:PersistentLevel.Wall_400x404"
[2015.01.07-00.01.27:402][ 92]LogScript:Warning: Attempt to take Sqrt() of negative number - returning 0.
[2015.01.07-00.01.27:402][ 92]LogScript:Warning: Attempt to take Sqrt() of negative number - returning 0.
[2015.01.07-00.01.27:617][ 96]LogScript:Warning: Attempt to take Sqrt() of negative number - returning 0.
[2015.01.07-00.01.27:617][ 96]LogScript:Warning: Attempt to take Sqrt() of negative number - returning 0.
[2015.01.07-00.01.34:744][223]LogScript:Warning: Attempt to take Sqrt() of negative number - returning 0.
[2015.01.07-00.01.34:744][223]LogScript:Warning: Attempt to take Sqrt() of negative number - returning 0.
[2015.01.07-00.01.34:899][226]LogScript:Warning: Attempt to take Sqrt() of negative number - returning 0.
[2015.01.07-00.01.34:899][226]LogScript:Warning: Attempt to take Sqrt() of negative number - returning 0.
[2015.01.07-00.01.35:056][229]LogScript:Warning: Attempt to take Sqrt() of negative number - returning 0.
[2015.01.07-00.01.35:056][229]LogScript:Warning: Attempt to take Sqrt() of negative number - returning 0.
[2015.01.07-00.01.36:723][259]LogScript:Warning: Attempt to take Sqrt() of negative number - returning 0.
[2015.01.07-00.01.36:724][259]LogScript:Warning: Attempt to take Sqrt() of negative number - returning 0.
[2015.01.07-00.01.37:057][265]LogScript:Warning: Attempt to take Sqrt() of negative number - returning 0.
[2015.01.07-00.01.37:057][265]LogScript:Warning: Attempt to take Sqrt() of negative number - returning 0.
[2015.01.07-00.01.37:218][268]LogScript:Warning: Attempt to take Sqrt() of negative number - returning 0.
[2015.01.07-00.01.37:218][268]LogScript:Warning: Attempt to take Sqrt() of negative number - returning 0.
[2015.01.07-00.01.37:271][269]LogScript:Warning: Attempt to take Sqrt() of negative number - returning 0.
[2015.01.07-00.01.37:271][269]LogScript:Warning: Attempt to take Sqrt() of negative number - returning 0.
[2015.01.07-00.01.37:499][273]LogScript:Warning: Attempt to take Sqrt() of negative number - returning 0.
[2015.01.07-00.01.37:499][273]LogScript:Warning: Attempt to take Sqrt() of negative number - returning 0.
[2015.01.07-00.01.37:559][274]LogScript:Warning: Attempt to take Sqrt() of negative number - returning 0.
[2015.01.07-00.01.37:559][274]LogScript:Warning: Attempt to take Sqrt() of negative number - returning 0.
[2015.01.07-00.01.37:609][275]LogScript:Warning: Attempt to take Sqrt() of negative number - returning 0.
[2015.01.07-00.01.37:609][275]LogScript:Warning: Attempt to take Sqrt() of negative number - returning 0.
[2015.01.07-00.01.37:662][276]LogScript:Warning: Attempt to take Sqrt() of negative number - returning 0.
[2015.01.07-00.01.37:662][276]LogScript:Warning: Attempt to take Sqrt() of negative number - returning 0.
[2015.01.07-00.01.37:716][277]LogScript:Warning: Attempt to take Sqrt() of negative number - returning 0.
[2015.01.07-00.01.37:716][277]LogScript:Warning: Attempt to take Sqrt() of negative number - returning 0.
[2015.01.07-00.01.37:774][278]LogScript:Warning: Attempt to take Sqrt() of negative number - returning 0.
[2015.01.07-00.01.37:774][278]LogScript:Warning: Attempt to take Sqrt() of negative number - returning 0.
[2015.01.07-00.01.38:001][282]LogScript:Warning: Attempt to take Sqrt() of negative number - returning 0.
[2015.01.07-00.01.38:002][282]LogScript:Warning: Attempt to take Sqrt() of negative number - returning 0.
[2015.01.07-00.01.38:057][283]LogScript:Warning: Attempt to take Sqrt() of negative number - returning 0.
[2015.01.07-00.01.38:057][283]LogScript:Warning: Attempt to take Sqrt() of negative number - returning 0.
[2015.01.07-00.01.38:108][284]LogScript:Warning: Attempt to take Sqrt() of negative number - returning 0.
[2015.01.07-00.01.38:108][284]LogScript:Warning: Attempt to take Sqrt() of negative number - returning 0.
[2015.01.07-00.01.38:160][285]LogScript:Warning: Attempt to take Sqrt() of negative number - returning 0.
[2015.01.07-00.01.38:160][285]LogScript:Warning: Attempt to take Sqrt() of negative number - returning 0.
[2015.01.07-00.01.38:275][287]LogScript:Warning: Attempt to take Sqrt() of negative number - returning 0.
[2015.01.07-00.01.38:275][287]LogScript:Warning: Attempt to take Sqrt() of negative number - returning 0.
[2015.01.07-00.01.44:276][393]LogEditorViewport: Clicking on Actor (LMB): StaticMeshActor (Floor_400x400)
[2015.01.07-00.01.44:276][393]LogSelection:Warning: PIE object was selected: "StaticMeshActor /Game/Maps/UEDPIE_0_Level4.Level4:PersistentLevel.Floor_400x400_10"
[2015.01.07-00.01.45:572][414]LogEditorViewport: Clicking Background
[2015.01.07-00.01.46:806][435]LogParticles: Destroying 0 GPU particle simulations for FXSystem 0x0000006B11903920
[2015.01.07-00.01.47:453][447]BlueprintLog: New page: Pre-PIE auto-recompile
[2015.01.07-00.01.47:453][447]LogPlayLevel: [PIE] Compiling Level4 before PIE...
[2015.01.07-00.01.47:635][447]LogPlayLevel: PIE:  Blueprint regeneration took 181 ms (1 blueprints)
[2015.01.07-00.01.47:635][447]PIE: New page: SIE session: Level4 (Jan 7, 2015, 4:01:47 AM)
[2015.01.07-00.01.47:778][447]LogPlayLevel: PIE: StaticDuplicateObject took: (0.142965s)
[2015.01.07-00.01.47:779][447]LogPlayLevel: PIE: World Init took: (0.001090s)
[2015.01.07-00.01.47:779][447]LogPlayLevel: PIE: Created PIE world by copying editor world from /Game/Maps/Level4.Level4 to /Game/Maps/UEDPIE_0_Level4.Level4 (0.144401s)
[2015.01.07-00.01.47:827][447]LogWorld: Game class is 'MyGame_C'
[2015.01.07-00.01.47:829][447]LogAIModule: Creating AISystem for world Level4
[2015.01.07-00.01.47:832][447]LogWorld:Warning: *** WARNING - PATHS MAY NOT BE VALID ***
[2015.01.07-00.01.47:832][447]LogWorld: Bringing World /Game/Maps/UEDPIE_0_Level4.Level4 up for play (max tick rate 0) at 2015.01.07-02.01.47
[2015.01.07-00.01.47:833][447]LogWorld: Bringing up level for play took: 0.003596
[2015.01.07-00.01.47:833][447]LogArray:Warning: Attempted to get an item from array CallFunc_GetAllActorsOfClass_OutActors out of bounds [1/0]!
[2015.01.07-00.01.47:834][447]PIE: Info Play in editor start time for /Game/Maps/UEDPIE_0_Level4 0.238
[2015.01.07-00.01.51:579][513]LogScript:Warning: Attempt to take Sqrt() of negative number - returning 0.
[2015.01.07-00.01.51:579][513]LogScript:Warning: Attempt to take Sqrt() of negative number - returning 0.
[2015.01.07-00.01.54:908][572]LogScript:Warning: Attempt to take Sqrt() of negative number - returning 0.
[2015.01.07-00.01.54:908][572]LogScript:Warning: Attempt to take Sqrt() of negative number - returning 0.
[2015.01.07-00.01.58:758][640]LogScript:Warning: Attempt to take Sqrt() of negative number - returning 0.
[2015.01.07-00.01.58:758][640]LogScript:Warning: Attempt to take Sqrt() of negative number - returning 0.
[2015.01.07-00.01.58:974][644]LogScript:Warning: Attempt to take Sqrt() of negative number - returning 0.
[2015.01.07-00.01.58:974][644]LogScript:Warning: Attempt to take Sqrt() of negative number - returning 0.
[2015.01.07-00.01.59:029][645]LogScript:Warning: Attempt to take Sqrt() of negative number - returning 0.
[2015.01.07-00.01.59:029][645]LogScript:Warning: Attempt to take Sqrt() of negative number - returning 0.
[2015.01.07-00.02.00:678][674]LogScript:Warning: Attempt to take Sqrt() of negative number - returning 0.
[2015.01.07-00.02.00:678][674]LogScript:Warning: Attempt to take Sqrt() of negative number - returning 0.
[2015.01.07-00.02.00:727][675]LogScript:Warning: Attempt to take Sqrt() of negative number - returning 0.
[2015.01.07-00.02.00:727][675]LogScript:Warning: Attempt to take Sqrt() of negative number - returning 0.
[2015.01.07-00.02.00:900][678]LogScript:Warning: Attempt to take Sqrt() of negative number - returning 0.
[2015.01.07-00.02.00:900][678]LogScript:Warning: Attempt to take Sqrt() of negative number - returning 0.
[2015.01.07-00.02.00:954][679]LogScript:Warning: Attempt to take Sqrt() of negative number - returning 0.
[2015.01.07-00.02.00:954][679]LogScript:Warning: Attempt to take Sqrt() of negative number - returning 0.
[2015.01.07-00.02.01:326][686]LogScript:Warning: Attempt to take Sqrt() of negative number - returning 0.
[2015.01.07-00.02.01:326][686]LogScript:Warning: Attempt to take Sqrt() of negative number - returning 0.
[2015.01.07-00.02.01:465][688]LogScript:Warning: Attempt to take Sqrt() of negative number - returning 0.
[2015.01.07-00.02.01:465][688]LogScript:Warning: Attempt to take Sqrt() of negative number - returning 0.
[2015.01.07-00.02.01:575][690]LogScript:Warning: Attempt to take Sqrt() of negative number - returning 0.
[2015.01.07-00.02.01:575][690]LogScript:Warning: Attempt to take Sqrt() of negative number - returning 0.
[2015.01.07-00.02.01:626][691]LogScript:Warning: Attempt to take Sqrt() of negative number - returning 0.
[2015.01.07-00.02.01:626][691]LogScript:Warning: Attempt to take Sqrt() of negative number - returning 0.
[2015.01.07-00.02.01:750][693]LogScript:Warning: Attempt to take Sqrt() of negative number - returning 0.
[2015.01.07-00.02.01:750][693]LogScript:Warning: Attempt to take Sqrt() of negative number - returning 0.
[2015.01.07-00.02.01:853][695]LogScript:Warning: Attempt to take Sqrt() of negative number - returning 0.
[2015.01.07-00.02.01:853][695]LogScript:Warning: Attempt to take Sqrt() of negative number - returning 0.
[2015.01.07-00.02.01:904][696]LogScript:Warning: Attempt to take Sqrt() of negative number - returning 0.
[2015.01.07-00.02.01:904][696]LogScript:Warning: Attempt to take Sqrt() of negative number - returning 0.
[2015.01.07-00.02.01:955][697]LogScript:Warning: Attempt to take Sqrt() of negative number - returning 0.
[2015.01.07-00.02.01:955][697]LogScript:Warning: Attempt to take Sqrt() of negative number - returning 0.
[2015.01.07-00.02.02:059][699]LogScript:Warning: Attempt to take Sqrt() of negative number - returning 0.
[2015.01.07-00.02.02:059][699]LogScript:Warning: Attempt to take Sqrt() of negative number - returning 0.
[2015.01.07-00.02.05:174][756]LogScript:Warning: Attempt to take Sqrt() of negative number - returning 0.
[2015.01.07-00.02.05:174][756]LogScript:Warning: Attempt to take Sqrt() of negative number - returning 0.
[2015.01.07-00.02.05:222][757]LogScript:Warning: Attempt to take Sqrt() of negative number - returning 0.
[2015.01.07-00.02.05:222][757]LogScript:Warning: Attempt to take Sqrt() of negative number - returning 0.
[2015.01.07-00.02.05:275][758]LogScript:Warning: Attempt to take Sqrt() of negative number - returning 0.
[2015.01.07-00.02.05:275][758]LogScript:Warning: Attempt to take Sqrt() of negative number - returning 0.
[2015.01.07-00.02.05:330][759]LogScript:Warning: Attempt to take Sqrt() of negative number - returning 0.
[2015.01.07-00.02.05:330][759]LogScript:Warning: Attempt to take Sqrt() of negative number - returning 0.
[2015.01.07-00.02.05:404][760]LogScript:Warning: Attempt to take Sqrt() of negative number - returning 0.
[2015.01.07-00.02.05:404][760]LogScript:Warning: Attempt to take Sqrt() of negative number - returning 0.
[2015.01.07-00.02.05:458][761]LogScript:Warning: Attempt to take Sqrt() of negative number - returning 0.
[2015.01.07-00.02.05:458][761]LogScript:Warning: Attempt to take Sqrt() of negative number - returning 0.
[2015.01.07-00.02.05:510][762]LogScript:Warning: Attempt to take Sqrt() of negative number - returning 0.
[2015.01.07-00.02.05:510][762]LogScript:Warning: Attempt to take Sqrt() of negative number - returning 0.
[2015.01.07-00.02.05:614][764]LogScript:Warning: Attempt to take Sqrt() of negative number - returning 0.
[2015.01.07-00.02.05:615][764]LogScript:Warning: Attempt to take Sqrt() of negative number - returning 0.
[2015.01.07-00.02.06:210][775]LogScript:Warning: Attempt to take Sqrt() of negative number - returning 0.
[2015.01.07-00.02.06:210][775]LogScript:Warning: Attempt to take Sqrt() of negative number - returning 0.
[2015.01.07-00.02.06:266][776]LogScript:Warning: Attempt to take Sqrt() of negative number - returning 0.
[2015.01.07-00.02.06:266][776]LogScript:Warning: Attempt to take Sqrt() of negative number - returning 0.
[2015.01.07-00.02.06:313][777]LogScript:Warning: Attempt to take Sqrt() of negative number - returning 0.
[2015.01.07-00.02.06:313][777]LogScript:Warning: Attempt to take Sqrt() of negative number - returning 0.
[2015.01.07-00.02.06:370][778]LogScript:Warning: Attempt to take Sqrt() of negative number - returning 0.
[2015.01.07-00.02.06:371][778]LogScript:Warning: Attempt to take Sqrt() of negative number - returning 0.
[2015.01.07-00.02.30:505][244]LogParticles: Destroying 0 GPU particle simulations for FXSystem 0x0000006B149EDDA0
[2015.01.07-00.03.17:526][398]BlueprintLog: New page: Pre-PIE auto-recompile
[2015.01.07-00.03.17:526][398]LogPlayLevel: [PIE] Compiling Level4 before PIE...
[2015.01.07-00.03.17:674][398]LogPlayLevel: PIE:  Blueprint regeneration took 147 ms (1 blueprints)
[2015.01.07-00.03.17:674][398]PIE: New page: SIE session: Level4 (Jan 7, 2015, 4:03:17 AM)
[2015.01.07-00.03.17:804][398]LogPlayLevel: PIE: StaticDuplicateObject took: (0.130330s)
[2015.01.07-00.03.17:805][398]LogPlayLevel: PIE: World Init took: (0.001146s)
[2015.01.07-00.03.17:806][398]LogPlayLevel: PIE: Created PIE world by copying editor world from /Game/Maps/Level4.Level4 to /Game/Maps/UEDPIE_0_Level4.Level4 (0.131816s)
[2015.01.07-00.03.17:858][398]LogWorld: Game class is 'MyGame_C'
[2015.01.07-00.03.17:860][398]LogAIModule: Creating AISystem for world Level4
[2015.01.07-00.03.17:862][398]LogWorld:Warning: *** WARNING - PATHS MAY NOT BE VALID ***
[2015.01.07-00.03.17:863][398]LogWorld: Bringing World /Game/Maps/UEDPIE_0_Level4.Level4 up for play (max tick rate 0) at 2015.01.07-02.03.17
[2015.01.07-00.03.17:864][398]LogWorld: Bringing up level for play took: 0.003553
[2015.01.07-00.03.17:865][398]LogArray:Warning: Attempted to get an item from array CallFunc_GetAllActorsOfClass_OutActors out of bounds [1/0]!
[2015.01.07-00.03.17:866][398]PIE: Info Play in editor start time for /Game/Maps/UEDPIE_0_Level4 0.27
[2015.01.07-00.03.20:909][451]LogParticles: Destroying 0 GPU particle simulations for FXSystem 0x0000006B147A3920
[2015.01.07-00.03.22:741][489]BlueprintLog: New page: Pre-PIE auto-recompile
[2015.01.07-00.03.22:741][489]LogPlayLevel: [PIE] Compiling Level4 before PIE...
[2015.01.07-00.03.22:885][489]LogPlayLevel: PIE:  Blueprint regeneration took 144 ms (1 blueprints)
[2015.01.07-00.03.22:886][489]PIE: New page: SIE session: Level4 (Jan 7, 2015, 4:03:22 AM)
[2015.01.07-00.03.23:017][489]LogPlayLevel: PIE: StaticDuplicateObject took: (0.131384s)
[2015.01.07-00.03.23:018][489]LogPlayLevel: PIE: World Init took: (0.001091s)
[2015.01.07-00.03.23:018][489]LogPlayLevel: PIE: Created PIE world by copying editor world from /Game/Maps/Level4.Level4 to /Game/Maps/UEDPIE_0_Level4.Level4 (0.132812s)
[2015.01.07-00.03.23:065][489]LogWorld: Game class is 'MyGame_C'
[2015.01.07-00.03.23:067][489]LogAIModule: Creating AISystem for world Level4
[2015.01.07-00.03.23:070][489]LogWorld:Warning: *** WARNING - PATHS MAY NOT BE VALID ***
[2015.01.07-00.03.23:070][489]LogWorld: Bringing World /Game/Maps/UEDPIE_0_Level4.Level4 up for play (max tick rate 0) at 2015.01.07-02.03.23
[2015.01.07-00.03.23:071][489]LogWorld: Bringing up level for play took: 0.003755
[2015.01.07-00.03.23:072][489]LogArray:Warning: Attempted to get an item from array CallFunc_GetAllActorsOfClass_OutActors out of bounds [1/0]!
[2015.01.07-00.03.23:073][489]PIE: Info Play in editor start time for /Game/Maps/UEDPIE_0_Level4 -0.524
[2015.01.07-00.03.45:462][938]LogScript:Warning: Attempt to take Sqrt() of negative number - returning 0.
[2015.01.07-00.03.45:462][938]LogScript:Warning: Attempt to take Sqrt() of negative number - returning 0.
[2015.01.07-00.03.45:679][944]LogScript:Warning: Attempt to take Sqrt() of negative number - returning 0.
[2015.01.07-00.03.45:680][944]LogScript:Warning: Attempt to take Sqrt() of negative number - returning 0.
[2015.01.07-00.03.46:124][955]LogScript:Warning: Attempt to take Sqrt() of negative number - returning 0.
[2015.01.07-00.03.46:124][955]LogScript:Warning: Attempt to take Sqrt() of negative number - returning 0.
[2015.01.07-00.04.03:893][313]LogParticles: Destroying 0 GPU particle simulations for FXSystem 0x0000006B14BDFB00
[2015.01.07-00.06.03:359][984]Cmd: OBJ SAVEPACKAGE PACKAGE="/Game/Blueprints/SmartAIDummy" FILE="../../../../../Git/Try1/Nikita(Boss)/SmartProjectFPS/Content/Blueprints/SmartAIDummy.uasset" SILENT=true
[2015.01.07-00.06.03:969][984]LogSavePackage: Save=588.051880ms
[2015.01.07-00.06.03:969][984]LogSavePackage: Moving '../../../../../Git/Try1/Nikita(Boss)/SmartProjectFPS/Saved/SmartAIDummy94A15A324645E39EB2335BA659C8FCA8.tmp' to '../../../../../Git/Try1/Nikita(Boss)/SmartProjectFPS/Content/Blueprints/SmartAIDummy.uasset'
[2015.01.07-00.06.34:979][112]LogEditorViewport: Clicking on Actor (LMB): StaticMeshActor (Wall_400x403)
[2015.01.07-00.06.37:932][203]LogEditorViewport: Clicking on Actor (LMB): StaticMeshActor (Wall_400x402)
[2015.01.07-00.06.41:538][302]LogEditorViewport: Clicking on Actor (LMB): StaticMeshActor (Wall_400x404)
[2015.01.07-00.06.44:870][407]LogEditorViewport: Clicking on Actor (LMB): StaticMeshActor (Wall_400x401)
[2015.01.07-00.06.49:900][558]LogEditorViewport: Clicking on Actor (LMB): StaticMeshActor (healthbox)
[2015.01.07-00.07.04:105][ 56]BlueprintLog: New page: Pre-PIE auto-recompile
[2015.01.07-00.07.04:240][ 56]LogActorComponent: UnregisterComponent: (/Engine/Transient.CharacterMovementComponent_3) Not registered. Aborting.
[2015.01.07-00.07.04:240][ 56]LogActorComponent: UnregisterComponent: (/Engine/Transient.PawnSensingComponent_2) Not registered. Aborting.
[2015.01.07-00.07.04:240][ 56]LogActorComponent: UnregisterComponent: (/Engine/Transient.ProjectileMovementComponent_3) Not registered. Aborting.
[2015.01.07-00.07.04:240][ 56]LogActorComponent: UnregisterComponent: (/Engine/Transient.CharacterMovementComponent_4) Not registered. Aborting.
[2015.01.07-00.07.04:240][ 56]LogActorComponent: UnregisterComponent: (/Engine/Transient.ProjectileMovementComponent_4) Not registered. Aborting.
[2015.01.07-00.07.04:240][ 56]LogActorComponent: UnregisterComponent: (/Engine/Transient.CharacterMovementComponent_5) Not registered. Aborting.
[2015.01.07-00.07.04:240][ 56]LogActorComponent: UnregisterComponent: (/Engine/Transient.PawnSensingComponent_3) Not registered. Aborting.
[2015.01.07-00.07.04:240][ 56]LogActorComponent: UnregisterComponent: (/Engine/Transient.ProjectileMovementComponent_5) Not registered. Aborting.
[2015.01.07-00.07.04:240][ 56]LogActorComponent: UnregisterComponent: (/Engine/Transient.CharacterMovementComponent_6) Not registered. Aborting.
[2015.01.07-00.07.04:240][ 56]LogActorComponent: UnregisterComponent: (/Engine/Transient.PawnSensingComponent_4) Not registered. Aborting.
[2015.01.07-00.07.04:240][ 56]LogPlayLevel: [PIE] Compiling SmartAIDummy before PIE...
[2015.01.07-00.07.04:704][ 56]LogPlayLevel: [PIE] Compiling Level4 before PIE...
[2015.01.07-00.07.04:901][ 56]LogParticles: Destroying 0 GPU particle simulations for FXSystem 0x0000006B09C7C860
[2015.01.07-00.07.04:912][ 56]LogPlayLevel: PIE:  Blueprint regeneration took 807 ms (2 blueprints)
[2015.01.07-00.07.04:912][ 56]PIE: New page: SIE session: Level4 (Jan 7, 2015, 4:07:04 AM)
[2015.01.07-00.07.05:078][ 56]LogPlayLevel: PIE: StaticDuplicateObject took: (0.165148s)
[2015.01.07-00.07.05:079][ 56]LogPlayLevel: PIE: World Init took: (0.001212s)
[2015.01.07-00.07.05:080][ 56]LogPlayLevel: PIE: Created PIE world by copying editor world from /Game/Maps/Level4.Level4 to /Game/Maps/UEDPIE_0_Level4.Level4 (0.166738s)
[2015.01.07-00.07.05:081][ 56]LogSelection:Warning: PIE object was selected: "StaticMeshActor /Game/Maps/UEDPIE_0_Level4.Level4:PersistentLevel.healthbox_9"
[2015.01.07-00.07.05:121][ 56]LogWorld: Game class is 'MyGame_C'
[2015.01.07-00.07.05:123][ 56]LogAIModule: Creating AISystem for world Level4
[2015.01.07-00.07.05:126][ 56]LogWorld:Warning: *** WARNING - PATHS MAY NOT BE VALID ***
[2015.01.07-00.07.05:126][ 56]LogWorld: Bringing World /Game/Maps/UEDPIE_0_Level4.Level4 up for play (max tick rate 0) at 2015.01.07-02.07.05
[2015.01.07-00.07.05:126][ 56]LogWorld: Bringing up level for play took: 0.003411
[2015.01.07-00.07.05:127][ 56]LogArray:Warning: Attempted to get an item from array CallFunc_GetAllActorsOfClass_OutActors out of bounds [1/0]!
[2015.01.07-00.07.05:128][ 56]PIE: Info Play in editor start time for /Game/Maps/UEDPIE_0_Level4 1.531
[2015.01.07-00.07.05:162][ 56]LogSelection:Warning: PIE object was selected: "StaticMeshActor /Game/Maps/UEDPIE_0_Level4.Level4:PersistentLevel.healthbox_9"
[2015.01.07-00.07.18:468][359]LogActorComponent: UnregisterComponent: (/Engine/Transient.CharacterMovementComponent_7) Not registered. Aborting.
[2015.01.07-00.07.18:468][359]LogActorComponent: UnregisterComponent: (/Engine/Transient.PawnSensingComponent_5) Not registered. Aborting.
[2015.01.07-00.07.18:580][360]LogParticles: Destroying 0 GPU particle simulations for FXSystem 0x0000006B0D2DA160
[2015.01.07-00.07.21:622][455]LogEditorViewport: Clicking on Actor (LMB): StaticMeshActor (Wall_400x404)
[2015.01.07-00.07.24:442][543]LogEditorViewport: Clicking on Actor (LMB): StaticMeshActor (Wall_400x401)
[2015.01.07-00.07.25:196][566]LogEditorViewport: Clicking Background
[2015.01.07-00.07.26:471][600]BlueprintLog: New page: Pre-PIE auto-recompile
[2015.01.07-00.07.26:471][600]LogPlayLevel: [PIE] Compiling Level4 before PIE...
[2015.01.07-00.07.26:643][600]LogPlayLevel: PIE:  Blueprint regeneration took 172 ms (1 blueprints)
[2015.01.07-00.07.26:643][600]PIE: New page: SIE session: Level4 (Jan 7, 2015, 4:07:26 AM)
[2015.01.07-00.07.26:787][600]LogPlayLevel: PIE: StaticDuplicateObject took: (0.143363s)
[2015.01.07-00.07.26:788][600]LogPlayLevel: PIE: World Init took: (0.001140s)
[2015.01.07-00.07.26:788][600]LogPlayLevel: PIE: Created PIE world by copying editor world from /Game/Maps/Level4.Level4 to /Game/Maps/UEDPIE_0_Level4.Level4 (0.144848s)
[2015.01.07-00.07.26:836][600]LogWorld: Game class is 'MyGame_C'
[2015.01.07-00.07.26:838][600]LogAIModule: Creating AISystem for world Level4
[2015.01.07-00.07.26:841][600]LogWorld:Warning: *** WARNING - PATHS MAY NOT BE VALID ***
[2015.01.07-00.07.26:841][600]LogWorld: Bringing World /Game/Maps/UEDPIE_0_Level4.Level4 up for play (max tick rate 0) at 2015.01.07-02.07.26
[2015.01.07-00.07.26:842][600]LogWorld: Bringing up level for play took: 0.003987
[2015.01.07-00.07.26:843][600]LogArray:Warning: Attempted to get an item from array CallFunc_GetAllActorsOfClass_OutActors out of bounds [1/0]!
[2015.01.07-00.07.26:844][600]PIE: Info Play in editor start time for /Game/Maps/UEDPIE_0_Level4 1.248
[2015.01.07-00.07.33:316][771]LogScript:Warning: Attempt to take Sqrt() of negative number - returning 0.
[2015.01.07-00.07.33:316][771]LogScript:Warning: Attempt to take Sqrt() of negative number - returning 0.
[2015.01.07-00.07.33:521][776]LogScript:Warning: Attempt to take Sqrt() of negative number - returning 0.
[2015.01.07-00.07.33:521][776]LogScript:Warning: Attempt to take Sqrt() of negative number - returning 0.
[2015.01.07-00.07.33:759][782]LogScript:Warning: Attempt to take Sqrt() of negative number - returning 0.
[2015.01.07-00.07.33:759][782]LogScript:Warning: Attempt to take Sqrt() of negative number - returning 0.
[2015.01.07-00.07.33:801][783]LogScript:Warning: Attempt to take Sqrt() of negative number - returning 0.
[2015.01.07-00.07.33:801][783]LogScript:Warning: Attempt to take Sqrt() of negative number - returning 0.
[2015.01.07-00.07.33:835][784]LogScript:Warning: Attempt to take Sqrt() of negative number - returning 0.
[2015.01.07-00.07.33:835][784]LogScript:Warning: Attempt to take Sqrt() of negative number - returning 0.
[2015.01.07-00.07.33:890][785]LogScript:Warning: Attempt to take Sqrt() of negative number - returning 0.
[2015.01.07-00.07.33:890][785]LogScript:Warning: Attempt to take Sqrt() of negative number - returning 0.
[2015.01.07-00.07.34:000][788]LogScript:Warning: Attempt to take Sqrt() of negative number - returning 0.
[2015.01.07-00.07.34:000][788]LogScript:Warning: Attempt to take Sqrt() of negative number - returning 0.
[2015.01.07-00.07.34:033][789]LogScript:Warning: Attempt to take Sqrt() of negative number - returning 0.
[2015.01.07-00.07.34:033][789]LogScript:Warning: Attempt to take Sqrt() of negative number - returning 0.
[2015.01.07-00.07.34:090][790]LogScript:Warning: Attempt to take Sqrt() of negative number - returning 0.
[2015.01.07-00.07.34:090][790]LogScript:Warning: Attempt to take Sqrt() of negative number - returning 0.
[2015.01.07-00.07.34:359][797]LogScript:Warning: Attempt to take Sqrt() of negative number - returning 0.
[2015.01.07-00.07.34:359][797]LogScript:Warning: Attempt to take Sqrt() of negative number - returning 0.
[2015.01.07-00.07.36:932][863]LogScript:Warning: Attempt to take Sqrt() of negative number - returning 0.
[2015.01.07-00.07.36:932][863]LogScript:Warning: Attempt to take Sqrt() of negative number - returning 0.
[2015.01.07-00.07.37:029][865]LogScript:Warning: Attempt to take Sqrt() of negative number - returning 0.
[2015.01.07-00.07.37:029][865]LogScript:Warning: Attempt to take Sqrt() of negative number - returning 0.
[2015.01.07-00.07.37:067][866]LogScript:Warning: Attempt to take Sqrt() of negative number - returning 0.
[2015.01.07-00.07.37:067][866]LogScript:Warning: Attempt to take Sqrt() of negative number - returning 0.
[2015.01.07-00.07.37:223][870]LogScript:Warning: Attempt to take Sqrt() of negative number - returning 0.
[2015.01.07-00.07.37:223][870]LogScript:Warning: Attempt to take Sqrt() of negative number - returning 0.
[2015.01.07-00.07.37:328][873]LogScript:Warning: Attempt to take Sqrt() of negative number - returning 0.
[2015.01.07-00.07.37:328][873]LogScript:Warning: Attempt to take Sqrt() of negative number - returning 0.
[2015.01.07-00.08.01:125][495]LogParticles: Destroying 0 GPU particle simulations for FXSystem 0x0000006B0D2DBD80
[2015.01.07-00.08.01:676][514]LogEditorViewport: Clicking on Actor (LMB): StaticMeshActor (Wall_400x402)
[2015.01.07-00.08.08:469][741]LogEditorViewport: Clicking on Actor (LMB): StaticMeshActor (Wall_400x401)
[2015.01.07-00.08.09:924][788]LogEditorViewport: Clicking on Actor (LMB): StaticMeshActor (Floor_400x400)
[2015.01.07-00.08.10:518][806]LogEditorViewport: Clicking on Actor (LMB): StaticMeshActor (Wall_400x401)
[2015.01.07-00.08.13:306][895]LogEditorViewport: Clicking on Actor (LMB): StaticMeshActor (healthbox)
[2015.01.07-00.08.39:236][655]LogEditorViewport: Clicking on Actor (LMB): StaticMeshActor (Wall_400x403)
[2015.01.07-00.09.07:301][236]LogEditorViewport: Clicking Background
[2015.01.07-00.09.11:743][376]MapCheck: New page: Map Check
[2015.01.07-00.09.11:989][376]LightingResults: New page: Lighting Build - Jan 7, 2015, 4:09:11 AM
[2015.01.07-00.09.28:403][376]LogStaticLightingSystem: Running Lightmass w/ ImmediateImport mode ENABLED
[2015.01.07-00.09.28:403][376]LogStaticLightingSystem: Running Lightmass w/ ImmediateProcess mode ENABLED
[2015.01.07-00.09.28:403][376]LogStaticLightingSystem: Running Lightmass w/ Sorting mode ENABLED
[2015.01.07-00.09.28:403][376]LogStaticLightingSystem: Running Lightmass w/ Mapping paddings ENABLED
[2015.01.07-00.09.28:403][376]LogStaticLightingSystem: Running Lightmass w/ Mapping debug paddings DISABLED
[2015.01.07-00.09.29:140][376]LogEditorBuildUtils: Build time 0:00:17
[2015.01.07-00.09.40:940][630]Job is a success!
[2015.01.07-00.09.41:422][631]LogTexture:Display: Building textures: HQ_Lightmap1_1 (AutoDXT)
[2015.01.07-00.09.41:799][631]LogTexture:Display: Building textures: LQ_Lightmap_0_5 (DXT1)
[2015.01.07-00.09.41:834][631]LogTexture:Display: Building textures: HQ_Lightmap0_5 (AutoDXT)
[2015.01.07-00.09.41:872][631]LogTexture:Display: Building textures: LQ_Lightmap_1_4 (DXT1)
[2015.01.07-00.09.41:887][631]LogTexture:Display: Building textures: HQ_Lightmap1_4 (AutoDXT)
[2015.01.07-00.09.41:949][631]LogTexture:Display: Building textures: LQ_Lightmap_1_3 (DXT1)
[2015.01.07-00.09.42:002][631]LogTexture:Display: Building textures: HQ_Lightmap1_3 (AutoDXT)
[2015.01.07-00.09.42:125][631]LogTexture:Display: Building textures: LQ_Lightmap_1_2 (DXT1)
[2015.01.07-00.09.42:146][631]LogTexture:Display: Building textures: HQ_Lightmap1_2 (AutoDXT)
[2015.01.07-00.09.42:214][631]LogTexture:Display: Building textures: LQ_Lightmap_1_1 (DXT1)
[2015.01.07-00.09.42:359][631]LogTexture:Display: Building textures: ShadowMapTexture2D_4 (BGRA8)
[2015.01.07-00.09.42:386][631]LogTexture:Display: Building textures: ShadowMapTexture2D_5 (BGRA8)
[2015.01.07-00.09.42:442][631]LogTexture:Display: Building textures: ShadowMapTexture2D_6 (BGRA8)
[2015.01.07-00.09.42:608][631]LogTexture:Display: Building textures: ShadowMapTexture2D_7 (BGRA8)
[2015.01.07-00.09.42:665][631]LogTexture:Display: Building textures: ShadowMapTexture2D_8 (BGRA8)
[2015.01.07-00.09.43:042][631]Lightmass on NIKPC: 8.89 sec total, 676 ms importing, 4 ms setup, 1.73 sec photons, 6.36 sec processing, 0 ms extra exporting [10/10 mappings]. Threads: 25.4 sec total, 9.18 sec processing.
[2015.01.07-00.09.43:108][631]LogStaticLightingSystem:Warning: Illumination: 31.0 sec (1.45 sec encoding lightmaps)
[2015.01.07-00.09.43:108][631]LogStaticLightingSystem: Lightmap texture memory:  0.9 MB (0.9 MB streaming, 0.0 MB non-streaming), 10 textures
[2015.01.07-00.09.43:108][631]LogStaticLightingSystem: Shadowmap texture memory: 0.0 MB (0.0 MB streaming, 0.0 MB non-streaming), 5 textures
[2015.01.07-00.09.43:387][632]Cmd: MAP CHECK NOTIFYRESULTS
[2015.01.07-00.09.43:387][632]MapCheck: New page: Level4 - Jan 7, 2015, 4:09:43 AM
[2015.01.07-00.09.43:749][632]MapCheck: Info Map check complete: 0 Error(s), 0 Warning(s), took 361.768ms to complete.
[2015.01.07-00.09.50:928][861]BlueprintLog: New page: Pre-PIE auto-recompile
[2015.01.07-00.09.50:928][861]LogPlayLevel: [PIE] Compiling Level4 before PIE...
[2015.01.07-00.09.51:094][861]LogPlayLevel: PIE:  Blueprint regeneration took 166 ms (1 blueprints)
[2015.01.07-00.09.51:094][861]PIE: New page: SIE session: Level4 (Jan 7, 2015, 4:09:51 AM)
[2015.01.07-00.09.51:248][861]LogPlayLevel: PIE: StaticDuplicateObject took: (0.153752s)
[2015.01.07-00.09.51:249][861]LogPlayLevel: PIE: World Init took: (0.001212s)
[2015.01.07-00.09.51:249][861]LogPlayLevel: PIE: Created PIE world by copying editor world from /Game/Maps/Level4.Level4 to /Game/Maps/UEDPIE_0_Level4.Level4 (0.155326s)
[2015.01.07-00.09.51:299][861]LogWorld: Game class is 'MyGame_C'
[2015.01.07-00.09.51:300][861]LogAIModule: Creating AISystem for world Level4
[2015.01.07-00.09.51:303][861]LogWorld:Warning: *** WARNING - PATHS MAY NOT BE VALID ***
[2015.01.07-00.09.51:303][861]LogWorld: Bringing World /Game/Maps/UEDPIE_0_Level4.Level4 up for play (max tick rate 0) at 2015.01.07-02.09.51
[2015.01.07-00.09.51:304][861]LogWorld: Bringing up level for play took: 0.003692
[2015.01.07-00.09.51:305][861]LogArray:Warning: Attempted to get an item from array CallFunc_GetAllActorsOfClass_OutActors out of bounds [1/0]!
[2015.01.07-00.09.51:306][861]PIE: Info Play in editor start time for /Game/Maps/UEDPIE_0_Level4 -0.29
[2015.01.07-00.09.55:239][946]LogScript:Warning: Attempt to take Sqrt() of negative number - returning 0.
[2015.01.07-00.09.55:239][946]LogScript:Warning: Attempt to take Sqrt() of negative number - returning 0.
[2015.01.07-00.09.55:420][950]LogScript:Warning: Attempt to take Sqrt() of negative number - returning 0.
[2015.01.07-00.09.55:420][950]LogScript:Warning: Attempt to take Sqrt() of negative number - returning 0.
[2015.01.07-00.09.58:606][ 20]LogScript:Warning: Attempt to take Sqrt() of negative number - returning 0.
[2015.01.07-00.09.58:606][ 20]LogScript:Warning: Attempt to take Sqrt() of negative number - returning 0.
[2015.01.07-00.09.59:417][ 38]LogScript:Warning: Attempt to take Sqrt() of negative number - returning 0.
[2015.01.07-00.09.59:417][ 38]LogScript:Warning: Attempt to take Sqrt() of negative number - returning 0.
[2015.01.07-00.10.02:168][ 98]LogScript:Warning: Attempt to take Sqrt() of negative number - returning 0.
[2015.01.07-00.10.02:168][ 98]LogScript:Warning: Attempt to take Sqrt() of negative number - returning 0.
[2015.01.07-00.10.02:260][100]LogScript:Warning: Attempt to take Sqrt() of negative number - returning 0.
[2015.01.07-00.10.02:261][100]LogScript:Warning: Attempt to take Sqrt() of negative number - returning 0.
[2015.01.07-00.10.02:670][109]LogScript:Warning: Attempt to take Sqrt() of negative number - returning 0.
[2015.01.07-00.10.02:670][109]LogScript:Warning: Attempt to take Sqrt() of negative number - returning 0.
[2015.01.07-00.10.04:362][146]LogScript:Warning: Attempt to take Sqrt() of negative number - returning 0.
[2015.01.07-00.10.04:362][146]LogScript:Warning: Attempt to take Sqrt() of negative number - returning 0.
[2015.01.07-00.10.04:497][149]LogScript:Warning: Attempt to take Sqrt() of negative number - returning 0.
[2015.01.07-00.10.04:497][149]LogScript:Warning: Attempt to take Sqrt() of negative number - returning 0.
[2015.01.07-00.10.04:540][150]LogScript:Warning: Attempt to take Sqrt() of negative number - returning 0.
[2015.01.07-00.10.04:540][150]LogScript:Warning: Attempt to take Sqrt() of negative number - returning 0.
[2015.01.07-00.10.05:321][167]LogScript:Warning: Attempt to take Sqrt() of negative number - returning 0.
[2015.01.07-00.10.05:321][167]LogScript:Warning: Attempt to take Sqrt() of negative number - returning 0.
[2015.01.07-00.10.08:941][246]LogScript:Warning: Attempt to take Sqrt() of negative number - returning 0.
[2015.01.07-00.10.08:941][246]LogScript:Warning: Attempt to take Sqrt() of negative number - returning 0.
[2015.01.07-00.10.09:193][251]LogScript:Warning: Attempt to take Sqrt() of negative number - returning 0.
[2015.01.07-00.10.09:193][251]LogScript:Warning: Attempt to take Sqrt() of negative number - returning 0.
[2015.01.07-00.10.09:291][253]LogScript:Warning: Attempt to take Sqrt() of negative number - returning 0.
[2015.01.07-00.10.09:291][253]LogScript:Warning: Attempt to take Sqrt() of negative number - returning 0.
[2015.01.07-00.10.09:436][256]LogScript:Warning: Attempt to take Sqrt() of negative number - returning 0.
[2015.01.07-00.10.09:436][256]LogScript:Warning: Attempt to take Sqrt() of negative number - returning 0.
[2015.01.07-00.10.09:535][258]LogScript:Warning: Attempt to take Sqrt() of negative number - returning 0.
[2015.01.07-00.10.09:535][258]LogScript:Warning: Attempt to take Sqrt() of negative number - returning 0.
[2015.01.07-00.10.09:772][263]LogScript:Warning: Attempt to take Sqrt() of negative number - returning 0.
[2015.01.07-00.10.09:772][263]LogScript:Warning: Attempt to take Sqrt() of negative number - returning 0.
[2015.01.07-00.10.14:567][366]LogParticles: Destroying 0 GPU particle simulations for FXSystem 0x0000006B1B676840
[2015.01.07-00.10.22:065][603]BlueprintLog: New page: Pre-PIE auto-recompile
[2015.01.07-00.10.22:065][603]LogPlayLevel: [PIE] Compiling Level4 before PIE...
[2015.01.07-00.10.22:252][603]LogPlayLevel: PIE:  Blueprint regeneration took 187 ms (1 blueprints)
[2015.01.07-00.10.22:253][603]PIE: New page: SIE session: Level4 (Jan 7, 2015, 4:10:22 AM)
[2015.01.07-00.10.22:445][603]LogPlayLevel: PIE: StaticDuplicateObject took: (0.192128s)
[2015.01.07-00.10.22:446][603]LogPlayLevel: PIE: World Init took: (0.001051s)
[2015.01.07-00.10.22:446][603]LogPlayLevel: PIE: Created PIE world by copying editor world from /Game/Maps/Level4.Level4 to /Game/Maps/UEDPIE_0_Level4.Level4 (0.193568s)
[2015.01.07-00.10.22:491][603]LogWorld: Game class is 'MyGame_C'
[2015.01.07-00.10.22:492][603]LogAIModule: Creating AISystem for world Level4
[2015.01.07-00.10.22:495][603]LogWorld:Warning: *** WARNING - PATHS MAY NOT BE VALID ***
[2015.01.07-00.10.22:495][603]LogWorld: Bringing World /Game/Maps/UEDPIE_0_Level4.Level4 up for play (max tick rate 0) at 2015.01.07-02.10.22
[2015.01.07-00.10.22:496][603]LogWorld: Bringing up level for play took: 0.003543
[2015.01.07-00.10.22:497][603]LogArray:Warning: Attempted to get an item from array CallFunc_GetAllActorsOfClass_OutActors out of bounds [1/0]!
[2015.01.07-00.10.22:497][603]PIE: Info Play in editor start time for /Game/Maps/UEDPIE_0_Level4 0.901
[2015.01.07-00.10.26:440][690]LogScript:Warning: Attempt to take Sqrt() of negative number - returning 0.
[2015.01.07-00.10.26:440][690]LogScript:Warning: Attempt to take Sqrt() of negative number - returning 0.
[2015.01.07-00.10.29:792][765]LogScript:Warning: Attempt to take Sqrt() of negative number - returning 0.
[2015.01.07-00.10.29:792][765]LogScript:Warning: Attempt to take Sqrt() of negative number - returning 0.
[2015.01.07-00.10.29:837][766]LogScript:Warning: Attempt to take Sqrt() of negative number - returning 0.
[2015.01.07-00.10.29:837][766]LogScript:Warning: Attempt to take Sqrt() of negative number - returning 0.
[2015.01.07-00.10.29:928][768]LogScript:Warning: Attempt to take Sqrt() of negative number - returning 0.
[2015.01.07-00.10.29:928][768]LogScript:Warning: Attempt to take Sqrt() of negative number - returning 0.
[2015.01.07-00.10.29:972][769]LogScript:Warning: Attempt to take Sqrt() of negative number - returning 0.
[2015.01.07-00.10.29:972][769]LogScript:Warning: Attempt to take Sqrt() of negative number - returning 0.
[2015.01.07-00.10.30:021][770]LogScript:Warning: Attempt to take Sqrt() of negative number - returning 0.
[2015.01.07-00.10.30:021][770]LogScript:Warning: Attempt to take Sqrt() of negative number - returning 0.
[2015.01.07-00.10.33:356][844]LogScript:Warning: Attempt to take Sqrt() of negative number - returning 0.
[2015.01.07-00.10.33:356][844]LogScript:Warning: Attempt to take Sqrt() of negative number - returning 0.
[2015.01.07-00.10.33:400][845]LogScript:Warning: Attempt to take Sqrt() of negative number - returning 0.
[2015.01.07-00.10.33:400][845]LogScript:Warning: Attempt to take Sqrt() of negative number - returning 0.
[2015.01.07-00.10.33:895][856]LogScript:Warning: Attempt to take Sqrt() of negative number - returning 0.
[2015.01.07-00.10.33:895][856]LogScript:Warning: Attempt to take Sqrt() of negative number - returning 0.
[2015.01.07-00.10.35:507][892]LogScript:Warning: Attempt to take Sqrt() of negative number - returning 0.
[2015.01.07-00.10.35:507][892]LogScript:Warning: Attempt to take Sqrt() of negative number - returning 0.
[2015.01.07-00.10.35:687][896]LogScript:Warning: Attempt to take Sqrt() of negative number - returning 0.
[2015.01.07-00.10.35:687][896]LogScript:Warning: Attempt to take Sqrt() of negative number - returning 0.
[2015.01.07-00.10.36:051][904]LogScript:Warning: Attempt to take Sqrt() of negative number - returning 0.
[2015.01.07-00.10.36:051][904]LogScript:Warning: Attempt to take Sqrt() of negative number - returning 0.
[2015.01.07-00.10.36:096][905]LogScript:Warning: Attempt to take Sqrt() of negative number - returning 0.
[2015.01.07-00.10.36:096][905]LogScript:Warning: Attempt to take Sqrt() of negative number - returning 0.
[2015.01.07-00.10.36:141][906]LogScript:Warning: Attempt to take Sqrt() of negative number - returning 0.
[2015.01.07-00.10.36:141][906]LogScript:Warning: Attempt to take Sqrt() of negative number - returning 0.
[2015.01.07-00.10.40:074][993]LogScript:Warning: Attempt to take Sqrt() of negative number - returning 0.
[2015.01.07-00.10.40:074][993]LogScript:Warning: Attempt to take Sqrt() of negative number - returning 0.
[2015.01.07-00.10.40:119][994]LogScript:Warning: Attempt to take Sqrt() of negative number - returning 0.
[2015.01.07-00.10.40:119][994]LogScript:Warning: Attempt to take Sqrt() of negative number - returning 0.
[2015.01.07-00.10.40:210][996]LogScript:Warning: Attempt to take Sqrt() of negative number - returning 0.
[2015.01.07-00.10.40:210][996]LogScript:Warning: Attempt to take Sqrt() of negative number - returning 0.
[2015.01.07-00.10.40:479][  2]LogScript:Warning: Attempt to take Sqrt() of negative number - returning 0.
[2015.01.07-00.10.40:479][  2]LogScript:Warning: Attempt to take Sqrt() of negative number - returning 0.
[2015.01.07-00.10.40:660][  6]LogScript:Warning: Attempt to take Sqrt() of negative number - returning 0.
[2015.01.07-00.10.40:661][  6]LogScript:Warning: Attempt to take Sqrt() of negative number - returning 0.
[2015.01.07-00.10.42:682][ 54]LogParticles: Destroying 0 GPU particle simulations for FXSystem 0x0000006B1B7B2700
[2015.01.07-00.10.50:437][311]Cmd: OBJ SAVEPACKAGE PACKAGE="/Game/Maps/Level4" FILE="../../../../../Git/Try1/Nikita(Boss)/SmartProjectFPS/Content/Maps/Level4.umap" SILENT=true AUTOSAVING=false KEEPDIRTY=false
[2015.01.07-00.10.51:057][311]LogSavePackage: Save=473.414764ms
[2015.01.07-00.10.51:057][311]LogSavePackage: Moving '../../../../../Git/Try1/Nikita(Boss)/SmartProjectFPS/Saved/Level49D6584D24263CB492574488A7AE01E4E.tmp' to '../../../../../Git/Try1/Nikita(Boss)/SmartProjectFPS/Content/Maps/Level4.umap'
[2015.01.07-00.14.16:822][447]Cmd: OBJ SAVEPACKAGE PACKAGE="/Game/Blueprints/SmartAIDummy" FILE="../../../../../Git/Try1/Nikita(Boss)/SmartProjectFPS/Content/Blueprints/SmartAIDummy.uasset" SILENT=true
[2015.01.07-00.14.17:411][447]LogSavePackage: Save=572.148926ms
[2015.01.07-00.14.17:411][447]LogSavePackage: Moving '../../../../../Git/Try1/Nikita(Boss)/SmartProjectFPS/Saved/SmartAIDummy7F803DBF4C784FD732D86980C085E978.tmp' to '../../../../../Git/Try1/Nikita(Boss)/SmartProjectFPS/Content/Blueprints/SmartAIDummy.uasset'
[2015.01.07-00.14.18:896][480]LogEditorViewport: Clicking Background
[2015.01.07-00.15.02:454][634]BlueprintLog: New page: Pre-PIE auto-recompile
[2015.01.07-00.15.02:454][634]LogPlayLevel: [PIE] Compiling Level4 before PIE...
[2015.01.07-00.15.02:563][634]LogActorComponent: UnregisterComponent: (/Engine/Transient.CharacterMovementComponent_8) Not registered. Aborting.
[2015.01.07-00.15.02:564][634]LogActorComponent: UnregisterComponent: (/Engine/Transient.PawnSensingComponent_6) Not registered. Aborting.
[2015.01.07-00.15.02:564][634]LogActorComponent: UnregisterComponent: (/Engine/Transient.CharacterMovementComponent_9) Not registered. Aborting.
[2015.01.07-00.15.02:564][634]LogActorComponent: UnregisterComponent: (/Engine/Transient.PawnSensingComponent_7) Not registered. Aborting.
[2015.01.07-00.15.02:623][634]LogPlayLevel: PIE:  Blueprint regeneration took 169 ms (1 blueprints)
[2015.01.07-00.15.02:623][634]PIE: New page: SIE session: Level4 (Jan 7, 2015, 4:15:02 AM)
[2015.01.07-00.15.02:783][634]LogPlayLevel: PIE: StaticDuplicateObject took: (0.159886s)
[2015.01.07-00.15.02:784][634]LogPlayLevel: PIE: World Init took: (0.001408s)
[2015.01.07-00.15.02:785][634]LogPlayLevel: PIE: Created PIE world by copying editor world from /Game/Maps/Level4.Level4 to /Game/Maps/UEDPIE_0_Level4.Level4 (0.161870s)
[2015.01.07-00.15.02:835][634]LogWorld: Game class is 'MyGame_C'
[2015.01.07-00.15.02:837][634]LogAIModule: Creating AISystem for world Level4
[2015.01.07-00.15.02:839][634]LogWorld:Warning: *** WARNING - PATHS MAY NOT BE VALID ***
[2015.01.07-00.15.02:839][634]LogWorld: Bringing World /Game/Maps/UEDPIE_0_Level4.Level4 up for play (max tick rate 0) at 2015.01.07-02.15.02
[2015.01.07-00.15.02:840][634]LogWorld: Bringing up level for play took: 0.003434
[2015.01.07-00.15.02:841][634]LogArray:Warning: Attempted to get an item from array CallFunc_GetAllActorsOfClass_OutActors out of bounds [1/0]!
[2015.01.07-00.15.02:842][634]PIE: Info Play in editor start time for /Game/Maps/UEDPIE_0_Level4 1.245
[2015.01.07-00.15.06:611][693]LogScript:Warning: Attempt to take Sqrt() of negative number - returning 0.
[2015.01.07-00.15.06:611][693]LogScript:Warning: Attempt to take Sqrt() of negative number - returning 0.
[2015.01.07-00.15.06:687][694]LogScript:Warning: Attempt to take Sqrt() of negative number - returning 0.
[2015.01.07-00.15.06:687][694]LogScript:Warning: Attempt to take Sqrt() of negative number - returning 0.
[2015.01.07-00.15.06:840][697]LogScript:Warning: Attempt to take Sqrt() of negative number - returning 0.
[2015.01.07-00.15.06:840][697]LogScript:Warning: Attempt to take Sqrt() of negative number - returning 0.
[2015.01.07-00.15.08:556][728]LogScript:Warning: Attempt to take Sqrt() of negative number - returning 0.
[2015.01.07-00.15.08:556][728]LogScript:Warning: Attempt to take Sqrt() of negative number - returning 0.
[2015.01.07-00.15.10:031][750]LogScript:Warning: Attempt to take Sqrt() of negative number - returning 0.
[2015.01.07-00.15.10:031][750]LogScript:Warning: Attempt to take Sqrt() of negative number - returning 0.
[2015.01.07-00.15.10:728][758]LogParticles: Destroying 0 GPU particle simulations for FXSystem 0x0000006B139B5BC0
[2015.01.07-00.15.13:763][812]BlueprintLog: New page: Pre-PIE auto-recompile
[2015.01.07-00.15.13:764][812]LogPlayLevel: [PIE] Compiling Level4 before PIE...
[2015.01.07-00.15.13:913][812]LogPlayLevel: PIE:  Blueprint regeneration took 149 ms (1 blueprints)
[2015.01.07-00.15.13:913][812]PIE: New page: SIE session: Level4 (Jan 7, 2015, 4:15:13 AM)
[2015.01.07-00.15.14:073][812]LogPlayLevel: PIE: StaticDuplicateObject took: (0.159478s)
[2015.01.07-00.15.14:074][812]LogPlayLevel: PIE: World Init took: (0.001057s)
[2015.01.07-00.15.14:074][812]LogPlayLevel: PIE: Created PIE world by copying editor world from /Game/Maps/Level4.Level4 to /Game/Maps/UEDPIE_0_Level4.Level4 (0.160914s)
[2015.01.07-00.15.14:120][812]LogWorld: Game class is 'MyGame_C'
[2015.01.07-00.15.14:122][812]LogAIModule: Creating AISystem for world Level4
[2015.01.07-00.15.14:124][812]LogWorld:Warning: *** WARNING - PATHS MAY NOT BE VALID ***
[2015.01.07-00.15.14:125][812]LogWorld: Bringing World /Game/Maps/UEDPIE_0_Level4.Level4 up for play (max tick rate 0) at 2015.01.07-02.15.14
[2015.01.07-00.15.14:126][812]LogWorld: Bringing up level for play took: 0.003722
[2015.01.07-00.15.14:127][812]LogArray:Warning: Attempted to get an item from array CallFunc_GetAllActorsOfClass_OutActors out of bounds [1/0]!
[2015.01.07-00.15.14:128][812]PIE: Info Play in editor start time for /Game/Maps/UEDPIE_0_Level4 0.532
[2015.01.07-00.15.18:088][873]LogScript:Warning: Attempt to take Sqrt() of negative number - returning 0.
[2015.01.07-00.15.18:088][873]LogScript:Warning: Attempt to take Sqrt() of negative number - returning 0.
[2015.01.07-00.15.19:725][897]LogScript:Warning: Attempt to take Sqrt() of negative number - returning 0.
[2015.01.07-00.15.19:725][897]LogScript:Warning: Attempt to take Sqrt() of negative number - returning 0.
[2015.01.07-00.15.21:185][919]LogScript:Warning: Attempt to take Sqrt() of negative number - returning 0.
[2015.01.07-00.15.21:185][919]LogScript:Warning: Attempt to take Sqrt() of negative number - returning 0.
[2015.01.07-00.15.21:997][930]LogParticles: Destroying 0 GPU particle simulations for FXSystem 0x0000006B017FF4C0
[2015.01.07-00.15.24:582][974]BlueprintLog: New page: Pre-PIE auto-recompile
[2015.01.07-00.15.24:583][974]LogPlayLevel: [PIE] Compiling Level4 before PIE...
[2015.01.07-00.15.24:729][974]LogPlayLevel: PIE:  Blueprint regeneration took 146 ms (1 blueprints)
[2015.01.07-00.15.24:729][974]PIE: New page: SIE session: Level4 (Jan 7, 2015, 4:15:24 AM)
[2015.01.07-00.15.24:884][974]LogPlayLevel: PIE: StaticDuplicateObject took: (0.154721s)
[2015.01.07-00.15.24:885][974]LogPlayLevel: PIE: World Init took: (0.001127s)
[2015.01.07-00.15.24:886][974]LogPlayLevel: PIE: Created PIE world by copying editor world from /Game/Maps/Level4.Level4 to /Game/Maps/UEDPIE_0_Level4.Level4 (0.156169s)
[2015.01.07-00.15.24:937][974]LogWorld: Game class is 'MyGame_C'
[2015.01.07-00.15.24:938][974]LogAIModule: Creating AISystem for world Level4
[2015.01.07-00.15.24:941][974]LogWorld:Warning: *** WARNING - PATHS MAY NOT BE VALID ***
[2015.01.07-00.15.24:941][974]LogWorld: Bringing World /Game/Maps/UEDPIE_0_Level4.Level4 up for play (max tick rate 0) at 2015.01.07-02.15.24
[2015.01.07-00.15.24:942][974]LogWorld: Bringing up level for play took: 0.003100
[2015.01.07-00.15.24:942][974]LogArray:Warning: Attempted to get an item from array CallFunc_GetAllActorsOfClass_OutActors out of bounds [1/0]!
[2015.01.07-00.15.24:943][974]PIE: Info Play in editor start time for /Game/Maps/UEDPIE_0_Level4 1.347
[2015.01.07-00.15.30:643][ 60]LogScript:Warning: Attempt to take Sqrt() of negative number - returning 0.
[2015.01.07-00.15.30:643][ 60]LogScript:Warning: Attempt to take Sqrt() of negative number - returning 0.
[2015.01.07-00.15.32:132][ 82]LogScript:Warning: Attempt to take Sqrt() of negative number - returning 0.
[2015.01.07-00.15.32:133][ 82]LogScript:Warning: Attempt to take Sqrt() of negative number - returning 0.
[2015.01.07-00.15.33:387][100]LogScript:Warning: Attempt to take Sqrt() of negative number - returning 0.
[2015.01.07-00.15.33:387][100]LogScript:Warning: Attempt to take Sqrt() of negative number - returning 0.
[2015.01.07-00.15.34:743][123]LogScript:Warning: Attempt to take Sqrt() of negative number - returning 0.
[2015.01.07-00.15.34:743][123]LogScript:Warning: Attempt to take Sqrt() of negative number - returning 0.
[2015.01.07-00.15.35:677][134]LogParticles: Destroying 0 GPU particle simulations for FXSystem 0x0000006B3AE11A80
[2015.01.07-00.15.43:794][357]LogParticles: Destroying 0 GPU particle simulations for FXSystem 0x0000006B794B23E0
[2015.01.07-00.15.45:967][358]Cmd: QUIT_EDITOR
[2015.01.07-00.15.46:485][358]LogExit: Preparing to exit.
[2015.01.07-00.15.47:194][358]LogExit: Editor shut down
[2015.01.07-00.15.47:195][358]LogExit: Transaction tracking system shut down
[2015.01.07-00.15.47:197][358]LogParticles: Destroying 0 GPU particle simulations for FXSystem 0x0000006B0CFCCEA0
[2015.01.07-00.15.47:198][358]LogParticles: Destroying 0 GPU particle simulations for FXSystem 0x0000006B0B89E020
[2015.01.07-00.15.47:844][358]LogParticles: Destroying 0 GPU particle simulations for FXSystem 0x0000006B7B415080
[2015.01.07-00.15.47:844][358]LogParticles: Destroying 0 GPU particle simulations for FXSystem 0x0000006B121172E0
[2015.01.07-00.15.47:844][358]LogExit: Object subsystem successfully closed.
[2015.01.07-00.15.48:248][358]LogModuleManager: Shutting down and abandoning module AndroidDeviceDetection (166)
[2015.01.07-00.15.48:248][358]LogModuleManager: Shutting down and abandoning module CrashTracker (165)
[2015.01.07-00.15.48:248][358]LogModuleManager: Shutting down and abandoning module SuperSearch (164)
[2015.01.07-00.15.48:248][358]LogModuleManager: Shutting down and abandoning module SceneOutliner (163)
[2015.01.07-00.15.48:248][358]LogModuleManager: Shutting down and abandoning module EditorWidgets (162)
[2015.01.07-00.15.48:248][358]LogModuleManager: Shutting down and abandoning module CollectionManager (161)
[2015.01.07-00.15.48:262][358]LogModuleManager: Shutting down and abandoning module StatsViewer (160)
[2015.01.07-00.15.48:276][358]LogModuleManager: Shutting down and abandoning module FoliageEdit (159)
[2015.01.07-00.15.48:276][358]LogModuleManager: Shutting down and abandoning module LandscapeEditor (158)
[2015.01.07-00.15.48:285][358]LogModuleManager: Shutting down and abandoning module MeshPaint (157)
[2015.01.07-00.15.48:285][358]LogModuleManager: Shutting down and abandoning module ActorPickerMode (156)
[2015.01.07-00.15.48:285][358]LogModuleManager: Shutting down and abandoning module GeometryMode (155)
[2015.01.07-00.15.48:285][358]LogModuleManager: Shutting down and abandoning module TextureAlignMode (154)
[2015.01.07-00.15.48:285][358]LogModuleManager: Shutting down and abandoning module BspMode (153)
[2015.01.07-00.15.48:285][358]LogModuleManager: Shutting down and abandoning module PlacementMode (152)
[2015.01.07-00.15.48:285][358]LogModuleManager: Shutting down and abandoning module AutomationWorker (151)
[2015.01.07-00.15.48:285][358]LogModuleManager: Shutting down and abandoning module CharacterAI (150)
[2015.01.07-00.15.48:285][358]LogModuleManager: Shutting down and abandoning module GameProjectGeneration (149)
[2015.01.07-00.15.48:319][358]LogModuleManager: Shutting down and abandoning module IntroTutorials (148)
[2015.01.07-00.15.48:328][358]LogModuleManager: Shutting down and abandoning module EditorLiveStreaming (147)
[2015.01.07-00.15.48:328][358]LogModuleManager: Shutting down and abandoning module HardwareTargeting (146)
[2015.01.07-00.15.48:328][358]LogModuleManager: Shutting down and abandoning module BehaviorTreeEditor (145)
[2015.01.07-00.15.48:353][358]LogModuleManager: Shutting down and abandoning module DeviceProfileEditor (144)
[2015.01.07-00.15.48:354][358]LogModuleManager: Shutting down and abandoning module UndoHistory (143)
[2015.01.07-00.15.48:354][358]LogModuleManager: Shutting down and abandoning module GameplayTagsEditor (142)
[2015.01.07-00.15.48:357][358]LogModuleManager: Shutting down and abandoning module UserFeedback (141)
[2015.01.07-00.15.48:357][358]LogModuleManager: Shutting down and abandoning module XmlParser (140)
[2015.01.07-00.15.48:357][358]LogModuleManager: Shutting down and abandoning module Blutility (139)
[2015.01.07-00.15.48:357][358]LogModuleManager: Shutting down and abandoning module IOSPlatformEditor (138)
[2015.01.07-00.15.48:357][358]LogModuleManager: Shutting down and abandoning module IOSRuntimeSettings (137)
[2015.01.07-00.15.48:357][358]LogModuleManager: Shutting down and abandoning module AndroidPlatformEditor (136)
[2015.01.07-00.15.48:357][358]LogModuleManager: Shutting down and abandoning module AndroidRuntimeSettings (135)
[2015.01.07-00.15.48:357][358]LogModuleManager: Shutting down and abandoning module ProjectTargetPlatformEditor (134)
[2015.01.07-00.15.48:357][358]LogModuleManager: Shutting down and abandoning module ProjectSettingsViewer (133)
[2015.01.07-00.15.48:357][358]LogModuleManager: Shutting down and abandoning module InputBindingEditor (132)
[2015.01.07-00.15.48:357][358]LogModuleManager: Shutting down and abandoning module EditorSettingsViewer (131)
[2015.01.07-00.15.48:357][358]LogModuleManager: Shutting down and abandoning module SettingsEditor (130)
[2015.01.07-00.15.48:367][358]LogModuleManager: Shutting down and abandoning module ProjectLauncher (129)
[2015.01.07-00.15.48:367][358]LogModuleManager: Shutting down and abandoning module SessionFrontend (128)
[2015.01.07-00.15.48:367][358]LogModuleManager: Shutting down and abandoning module ProfilerClient (127)
[2015.01.07-00.15.48:377][358]LogModuleManager: Shutting down and abandoning module TargetDeviceServices (126)
[2015.01.07-00.15.48:377][358]LogModuleManager: Shutting down and abandoning module DeviceManager (125)
[2015.01.07-00.15.48:377][358]LogModuleManager: Shutting down and abandoning module AutomationController (124)
[2015.01.07-00.15.48:378][358]LogModuleManager: Shutting down and abandoning module AutomationWindow (123)
[2015.01.07-00.15.48:383][358]LogModuleManager: Shutting down and abandoning module Layers (122)
[2015.01.07-00.15.48:394][358]LogModuleManager: Shutting down and abandoning module ComponentVisualizers (121)
[2015.01.07-00.15.48:394][358]LogModuleManager: Shutting down and abandoning module DetailCustomizations (120)
[2015.01.07-00.15.48:398][358]LogModuleManager: Shutting down and abandoning module PackagesDialog (119)
[2015.01.07-00.15.48:411][358]LogModuleManager: Shutting down and abandoning module AssetRegistry (118)
[2015.01.07-00.15.48:464][358]LogModuleManager: Shutting down and abandoning module Persona (117)
[2015.01.07-00.15.48:487][358]LogModuleManager: Shutting down and abandoning module Kismet (116)
[2015.01.07-00.15.48:487][358]LogModuleManager: Shutting down and abandoning module GraphEditor (115)
[2015.01.07-00.15.48:487][358]LogModuleManager: Shutting down and abandoning module ClassViewer (114)
[2015.01.07-00.15.48:487][358]LogModuleManager: Shutting down and abandoning module Toolbox (113)
[2015.01.07-00.15.48:487][358]LogModuleManager: Shutting down and abandoning module ModuleUI (112)
[2015.01.07-00.15.48:504][358]LogModuleManager: Shutting down and abandoning module MovieSceneTools (111)
[2015.01.07-00.15.48:521][358]LogModuleManager: Shutting down and abandoning module OutputLog (110)
[2015.01.07-00.15.48:521][358]LogModuleManager: Shutting down and abandoning module GammaUI (109)
[2015.01.07-00.15.48:529][358]LogModuleManager: Shutting down and abandoning module Documentation (108)
[2015.01.07-00.15.48:529][358]LogModuleManager: Shutting down and abandoning module GameLiveStreaming (107)
[2015.01.07-00.15.48:529][358]LogModuleManager: Shutting down and abandoning module StreamingPauseRendering (106)
[2015.01.07-00.15.48:529][358]LogModuleManager: Shutting down and abandoning module HTTP (105)
[2015.01.07-00.15.48:559][358]LogModuleManager: Shutting down and abandoning module AnalyticsET (104)
[2015.01.07-00.15.48:559][358]LogModuleManager: Shutting down and abandoning module Analytics (103)
[2015.01.07-00.15.48:559][358]LogModuleManager: Shutting down and abandoning module GameplayDebugger (102)
[2015.01.07-00.15.48:559][358]LogModuleManager: Shutting down and abandoning module AIModule (101)
[2015.01.07-00.15.48:586][358]LogModuleManager: Shutting down and abandoning module ProfilerService (100)
[2015.01.07-00.15.48:742][358]LogModuleManager: Shutting down and abandoning module TaskGraph (99)
[2015.01.07-00.15.48:779][358]LogModuleManager: Shutting down and abandoning module SlateRemote (98)
[2015.01.07-00.15.48:779][358]LogModuleManager: Shutting down and abandoning module ScriptEditorPlugin (97)
[2015.01.07-00.15.48:779][358]LogModuleManager: Shutting down and abandoning module CustomMeshComponent (96)
[2015.01.07-00.15.48:779][358]LogModuleManager: Shutting down and abandoning module CableComponent (95)
[2015.01.07-00.15.48:779][358]LogModuleManager: Shutting down and abandoning module MessagingDebugger (94)
[2015.01.07-00.15.48:795][358]LogModuleManager: Shutting down and abandoning module MediaPlayerEditor (93)
[2015.01.07-00.15.48:805][358]LogModuleManager: Shutting down and abandoning module SpeedTreeImporter (92)
[2015.01.07-00.15.48:805][358]LogModuleManager: Shutting down and abandoning module PluginsEditor (91)
[2015.01.07-00.15.48:805][358]LogModuleManager: Shutting down and abandoning module EpicSurvey (90)
[2015.01.07-00.15.48:805][358]LogModuleManager: Shutting down and abandoning module DesktopPlatform (89)
[2015.01.07-00.15.48:817][358]LogModuleManager: Shutting down and abandoning module VisualStudioSourceCodeAccess (88)
[2015.01.07-00.15.48:817][358]LogModuleManager: Shutting down and abandoning module UObjectPlugin (87)
[2015.01.07-00.15.48:817][358]LogModuleManager: Shutting down and abandoning module SubversionSourceControl (86)
[2015.01.07-00.15.48:817][358]LogModuleManager: Shutting down and abandoning module SourceControl (85)
[2015.01.07-00.15.48:818][358]LogModuleManager: Shutting down and abandoning module PerforceSourceControl (84)
[2015.01.07-00.15.48:830][358]LogModuleManager: Shutting down and abandoning module BlankPlugin (83)
[2015.01.07-00.15.48:830][358]LogModuleManager: Shutting down and abandoning module SlateReflector (82)
[2015.01.07-00.15.48:830][358]LogModuleManager: Shutting down and abandoning module DirectoryWatcher (81)
[2015.01.07-00.15.48:830][358]LogModuleManager: Shutting down and abandoning module HotReload (80)
[2015.01.07-00.15.48:830][358]LogModuleManager: Shutting down and abandoning module MainFrame (79)
[2015.01.07-00.15.48:830][358]LogModuleManager: Shutting down and abandoning module LevelEditor (78)
[2015.01.07-00.15.48:833][358]LogModuleManager: Shutting down and abandoning module ViewportSnapping (77)
[2015.01.07-00.15.48:833][358]LogModuleManager: Shutting down and abandoning module SmartSnapping (76)
[2015.01.07-00.15.48:833][358]LogModuleManager: Shutting down and abandoning module PaperTiledImporter (75)
[2015.01.07-00.15.48:833][358]LogModuleManager: Shutting down and abandoning module PaperJsonImporter (74)
[2015.01.07-00.15.48:833][358]LogModuleManager: Shutting down and abandoning module ContentBrowser (73)
[2015.01.07-00.15.48:833][358]LogModuleManager: Shutting down and abandoning module PropertyEditor (72)
[2015.01.07-00.15.48:833][358]LogModuleManager: Shutting down and abandoning module Paper2DEditor (71)
[2015.01.07-00.15.48:844][358]LogModuleManager: Shutting down and abandoning module ScriptPlugin (70)
[2015.01.07-00.15.48:858][358]LogModuleManager: Shutting down and abandoning module UdpMessaging (69)
[2015.01.07-00.15.48:960][358]LogModuleManager: Shutting down and abandoning module Paper2D (68)
[2015.01.07-00.15.48:960][358]LogModuleManager: Shutting down and abandoning module WindowsMoviePlayer (67)
[2015.01.07-00.15.48:994][358]LogModuleManager: Shutting down and abandoning module Media (66)
[2015.01.07-00.15.48:994][358]LogModuleManager: Shutting down and abandoning module WmfMedia (65)
[2015.01.07-00.15.48:994][358]LogModuleManager: Shutting down and abandoning module OnlineBlueprintSupport (64)
[2015.01.07-00.15.48:994][358]LogModuleManager: Shutting down and abandoning module FunctionalTesting (63)
[2015.01.07-00.15.48:994][358]LogModuleManager: Shutting down and abandoning module CollisionAnalyzer (62)
[2015.01.07-00.15.49:037][358]LogModuleManager: Shutting down and abandoning module WorkspaceMenuStructure (61)
[2015.01.07-00.15.49:037][358]LogModuleManager: Shutting down and abandoning module MessageLog (60)
[2015.01.07-00.15.49:037][358]LogModuleManager: Shutting down and abandoning module Sequencer (59)
[2015.01.07-00.15.49:121][358]LogModuleManager: Shutting down and abandoning module AssetTools (58)
[2015.01.07-00.15.49:157][358]LogModuleManager: Shutting down and abandoning module UMGEditor (57)
[2015.01.07-00.15.49:172][358]LogModuleManager: Shutting down and abandoning module UMG (56)
[2015.01.07-00.15.49:184][358]LogModuleManager: Shutting down and abandoning module Slate (55)
[2015.01.07-00.15.49:184][358]LogModuleManager: Shutting down and abandoning module EditorStyle (54)
[2015.01.07-00.15.49:185][358]LogModuleManager: Shutting down and abandoning module SessionServices (53)
[2015.01.07-00.15.49:185][358]LogModuleManager: Shutting down and abandoning module SourceCodeAccess (52)
[2015.01.07-00.15.49:185][358]LogModuleManager: Shutting down and abandoning module HeadMountedDisplay (51)
[2015.01.07-00.15.49:185][358]LogModuleManager: Shutting down and abandoning module XAudio2 (50)
[2015.01.07-00.15.49:186][358]LogModuleManager: Shutting down and abandoning module Networking (48)
[2015.01.07-00.15.49:186][358]LogModuleManager: Shutting down and abandoning module Core (47)
[2015.01.07-00.15.49:186][358]LogModuleManager: Shutting down and abandoning module KismetCompiler (46)
[2015.01.07-00.15.49:186][358]LogModuleManager: Shutting down and abandoning module PhysXFormats (45)
[2015.01.07-00.15.49:186][358]LogModuleManager: Shutting down and abandoning module MeshUtilities (44)
[2015.01.07-00.15.49:199][358]LogModuleManager: Shutting down and abandoning module DerivedDataCache (43)
[2015.01.07-00.15.49:247][358]LogDerivedDataCache: Shutdown
[2015.01.07-00.15.49:247][358]LogModuleManager: Shutting down and abandoning module ShaderFormatOpenGL (42)
[2015.01.07-00.15.49:262][358]LogModuleManager: Shutting down and abandoning module ShaderFormatD3D (41)
[2015.01.07-00.15.49:262][358]LogModuleManager: Shutting down and abandoning module MetalShaderFormat (40)
[2015.01.07-00.15.49:273][358]LogModuleManager: Shutting down and abandoning module TextureFormatUncompressed (39)
[2015.01.07-00.15.49:273][358]LogModuleManager: Shutting down and abandoning module TextureFormatPVR (38)
[2015.01.07-00.15.49:273][358]LogModuleManager: Shutting down and abandoning module TextureFormatDXT (37)
[2015.01.07-00.15.49:273][358]LogModuleManager: Shutting down and abandoning module TextureFormatAndroid (36)
[2015.01.07-00.15.49:273][358]LogModuleManager: Shutting down and abandoning module AudioFormatOpus (35)
[2015.01.07-00.15.49:273][358]LogModuleManager: Shutting down and abandoning module AudioFormatOgg (34)
[2015.01.07-00.15.49:273][358]LogModuleManager: Shutting down and abandoning module AudioFormatADPCM (33)
[2015.01.07-00.15.49:273][358]LogModuleManager: Shutting down and abandoning module Messaging (32)
[2015.01.07-00.15.49:273][358]LogModuleManager: Shutting down and abandoning module IOSTargetPlatform (31)
[2015.01.07-00.15.49:273][358]LogModuleManager: Shutting down and abandoning module Android_PVRTCTargetPlatform (30)
[2015.01.07-00.15.49:273][358]LogModuleManager: Shutting down and abandoning module Android_ETC2TargetPlatform (29)
[2015.01.07-00.15.49:273][358]LogModuleManager: Shutting down and abandoning module Android_ETC1TargetPlatform (28)
[2015.01.07-00.15.49:273][358]LogModuleManager: Shutting down and abandoning module Android_DXTTargetPlatform (27)
[2015.01.07-00.15.49:273][358]LogModuleManager: Shutting down and abandoning module Android_ATCTargetPlatform (26)
[2015.01.07-00.15.49:273][358]LogModuleManager: Shutting down and abandoning module AndroidTargetPlatform (25)
[2015.01.07-00.15.49:273][358]LogModuleManager: Shutting down and abandoning module WindowsTargetPlatform (24)
[2015.01.07-00.15.49:273][358]LogModuleManager: Shutting down and abandoning module WindowsServerTargetPlatform (23)
[2015.01.07-00.15.49:273][358]LogModuleManager: Shutting down and abandoning module WindowsNoEditorTargetPlatform (22)
[2015.01.07-00.15.49:273][358]LogModuleManager: Shutting down and abandoning module WindowsClientTargetPlatform (21)
[2015.01.07-00.15.49:274][358]LogModuleManager: Shutting down and abandoning module TargetPlatform (20)
[2015.01.07-00.15.49:274][358]LogModuleManager: Shutting down and abandoning module InputCore (19)
[2015.01.07-00.15.49:274][358]LogModuleManager: Shutting down and abandoning module Settings (18)
[2015.01.07-00.15.49:274][358]LogModuleManager: Shutting down and abandoning module ImageWrapper (17)
[2015.01.07-00.15.49:274][358]LogModuleManager: Shutting down and abandoning module OculusRift (14)
[2015.01.07-00.15.49:274][358]LogModuleManager: Shutting down and abandoning module ExampleDeviceProfileSelector (13)
[2015.01.07-00.15.49:274][358]LogModuleManager: Shutting down and abandoning module TextureCompressor (12)
[2015.01.07-00.15.49:274][358]LogModuleManager: Shutting down and abandoning module ShaderCore (11)
[2015.01.07-00.15.49:274][358]LogModuleManager: Shutting down and abandoning module SlateRHIRenderer (10)
[2015.01.07-00.15.49:280][358]LogModuleManager: Shutting down and abandoning module OpenGLDrv (9)
[2015.01.07-00.15.49:280][358]LogModuleManager: Shutting down and abandoning module D3D11RHI (8)
[2015.01.07-00.15.49:280][358]LogModuleManager: Shutting down and abandoning module Renderer (7)
[2015.01.07-00.15.49:280][358]LogModuleManager: Shutting down and abandoning module Engine (6)
[2015.01.07-00.15.49:280][358]LogModuleManager: Shutting down and abandoning module CoreUObject (5)
[2015.01.07-00.15.49:280][358]LogModuleManager: Shutting down and abandoning module NetworkFile (4)
[2015.01.07-00.15.49:293][358]LogModuleManager: Shutting down and abandoning module StreamingFile (3)
[2015.01.07-00.15.49:293][358]LogModuleManager: Shutting down and abandoning module SandboxFile (2)
[2015.01.07-00.15.49:302][358]LogModuleManager: Shutting down and abandoning module PakFile (1)
[2015.01.07-00.15.49:315][358]LogExit: Exiting.
[2015.01.07-00.15.49:334][358]Log file closed, 01/07/15 02:15:49
