Log file open, 01/10/15 00:51:40
LogInit:Display: Running engine for game: SmartProjectFPS
LogInit: Version: 4.5.1-2336687+++depot+UE4-Releases+4.5
LogInit: API Version: 2326478
LogInit: Compiled (64-bit): Oct 21 2014 22:32:40
LogInit: Compiled with Visual C++: 18.00.21005.01
LogInit: Build Configuration: Development
LogInit: Branch Name: ++depot+UE4-Releases+4.5
LogInit: Command line: 
LogInit: Base directory: F:/ExtraSoft/UnrealEngine/4.5/Engine/Binaries/Win64/
LogInit: Rocket: 1
[2015.01.09-22.51.40:871][  0]LogTaskGraph: Started task graph with 3 named threads and 4 total threads.
[2015.01.09-22.51.40:902][  0]LogOnline:Warning: No default platform service specified for OnlineSubsystem
[2015.01.09-22.51.41:085][  0]LogInit: Presizing for 0 objects not considered by GC, pre-allocating 0 bytes.
[2015.01.09-22.51.41:096][  0]LogInit: Object subsystem initialized
[2015.01.09-22.51.41:099][  0]LogConsoleResponse:Warning: Skipping Unknown console variable: 'UIScaleRule = ShortestSide'
[2015.01.09-22.51.41:099][  0]LogConsoleResponse:Warning:   Found in ini file 'F:/ExtraSoft/Git/Try1/Nikita(Boss)/SmartProjectFPS/Saved/Config/Windows/Engine.ini', in section '[/Script/Engine.RendererSettings]'
[2015.01.09-22.51.41:099][  0]LogConsoleResponse:Warning: Skipping Unknown console variable: 'UIScaleCurve = (EditorCurveData=(Keys=((Time=480.000000,Value=0.444000),(Time=720.000000,Value=0.666000),(Time=1080.000000,Value=1.000000),(Time=8640.000000,Value=8.000000))),ExternalCurve=None)'
[2015.01.09-22.51.41:099][  0]LogConsoleResponse:Warning:   Found in ini file 'F:/ExtraSoft/Git/Try1/Nikita(Boss)/SmartProjectFPS/Saved/Config/Windows/Engine.ini', in section '[/Script/Engine.RendererSettings]'
[2015.01.09-22.51.41:100][  0]LogInit: Selected Device Profile: [Windows]
[2015.01.09-22.51.41:100][  0]LogInit: Applying CVar settings loaded from the selected device profile: [Windows]
[2015.01.09-22.51.41:135][  0]LogInit: Computer: NIKPC
[2015.01.09-22.51.41:135][  0]LogInit: User: Nikita
[2015.01.09-22.51.41:136][  0]LogInit: CPU Page size=4096, Cores=2
[2015.01.09-22.51.41:136][  0]LogInit: High frequency timer resolution =1.753830 MHz
[2015.01.09-22.51.41:137][  0]LogMemory: Memory total: Physical=7.9GB (8GB approx) Virtual=131072.0GB
[2015.01.09-22.51.41:137][  0]LogMemory: Platform Memory Stats for Windows
[2015.01.09-22.51.41:137][  0]LogMemory: Process Physical Memory: 69.70 MB used, 69.70 MB peak
[2015.01.09-22.51.41:137][  0]LogMemory: Process Virtual Memory: 44.96 MB used, 44.96 MB peak
[2015.01.09-22.51.41:137][  0]LogMemory: Physical Memory: 2482.84 MB used, 8077.32 MB total
[2015.01.09-22.51.41:137][  0]LogMemory: Virtual Memory: 288.87 MB used, 134217728.00 MB total
[2015.01.09-22.51.41:620][  0]LogD3D11RHI: Found D3D11 adapter 0: Intel(R) HD Graphics 4000 (Feature Level 11_0)
[2015.01.09-22.51.41:620][  0]LogD3D11RHI: Adapter has 1988MB of dedicated video memory, 0MB of dedicated system memory, and 2048MB of shared system memory, 1 output[s]
[2015.01.09-22.51.41:636][  0]LogD3D11RHI: Found D3D11 adapter 1: NVIDIA GeForce GT 740M    (Feature Level 11_0)
[2015.01.09-22.51.41:636][  0]LogD3D11RHI: Adapter has 1988MB of dedicated video memory, 0MB of dedicated system memory, and 2048MB of shared system memory, 0 output[s]
[2015.01.09-22.51.41:638][  0]LogD3D11RHI: Found D3D11 adapter 2: Microsoft Basic Render Driver (Feature Level 11_0)
[2015.01.09-22.51.41:638][  0]LogD3D11RHI: Adapter has 1988MB of dedicated video memory, 0MB of dedicated system memory, and 2048MB of shared system memory, 0 output[s]
[2015.01.09-22.51.41:638][  0]LogD3D11RHI: Chosen D3D11 Adapter Id = 0
[2015.01.09-22.51.41:643][  0]LogRHI: Texture pool is 1361 MB (70% of 1945 MB)
[2015.01.09-22.51.41:656][  0]LogD3D11RHI: Async texture creation enabled
[2015.01.09-22.51.42:340][  0]LogTextLocalizationManager: The requested culture ('ru_RU') has no localization data; falling back to 'en' for localization and internationalization data.
[2015.01.09-22.51.42:555][  0]LogContentStreaming: Texture pool size is 0.000000MB
[2015.01.09-22.51.50:543][  0]LogTargetPlatformManager:Display: Building Assets For Windows
[2015.01.09-22.51.52:149][  0]LogTargetPlatformManager:Display: Building Assets For Windows
[2015.01.09-22.51.52:267][  0]LogDerivedDataCache:Display: Max Cache Size: 512 MB
[2015.01.09-22.51.52:932][  0]LogDerivedDataCache: Loaded boot cache 0.66s 39MB C:/Users/Nikita/AppData/Local/UnrealEngine/4.5/DerivedDataCache/Boot.ddc.
[2015.01.09-22.51.52:932][  0]LogDerivedDataCache:Display: Loaded Boot cache: C:/Users/Nikita/AppData/Local/UnrealEngine/4.5/DerivedDataCache/Boot.ddc
[2015.01.09-22.51.52:932][  0]LogDerivedDataCache: FDerivedDataBackendGraph:  Pak pak cache file ../../../../../Git/Try1/Nikita(Boss)/SmartProjectFPS/DerivedDataCache/DDC.ddp not found, will not use a pak cache.
[2015.01.09-22.51.52:932][  0]LogDerivedDataCache: Unable to find inner node Pak for hierarchical cache Hierarchy.
[2015.01.09-22.51.53:122][  0]LogDerivedDataCache:Display: Pak cache opened for reading ../../../Engine/DerivedDataCache/DDC.ddp.
[2015.01.09-22.51.53:170][  0]LogDerivedDataCache: Using Local data cache path C:/Users/Nikita/AppData/Local/UnrealEngine/Common/DerivedDataCache: Writable
[2015.01.09-22.52.03:202][  0]LogMeshUtilities: No automatic mesh reduction module available
[2015.01.09-22.52.03:202][  0]LogMeshUtilities: No automatic mesh merging module available
[2015.01.09-22.52.04:116][  0]LogLinker:Warning: Asset '../../../Engine/Content/Functions/Engine_MaterialFunctions02/Texturing/FlipBook.uasset' has been saved with empty engine version. The asset will be loaded but may be incompatible.
[2015.01.09-22.52.04:142][  0]LogLinker:Warning: Asset '../../../Engine/Content/Functions/Engine_MaterialFunctions02/ExampleContent/Textures/flipbook.uasset' has been saved with empty engine version. The asset will be loaded but may be incompatible.
[2015.01.09-22.52.05:302][  0]LogInit: WinSock: version 1.1 (2.2), MaxSocks=32767, MaxUdp=65467
[2015.01.09-22.52.16:246][  0]UdpMessaging: Initializing bridge on interface 0.0.0.0:0 to multicast group 230.0.0.1:6666.
[2015.01.09-22.52.16:540][  0]LogDirectoryWatcher:Warning: Failed to begin reading directory changes for F:/ExtraSoft/Git/Try1/Nikita(Boss)/SmartProjectFPS/Binaries/Win64. Error: 0
[2015.01.09-22.52.17:146][  0]SourceControl: Info Source control is disabled
[2015.01.09-22.52.17:146][  0]SourceControl: Info Source control is disabled
[2015.01.09-22.52.17:153][  0]SourceControl: Info Source control is disabled
[2015.01.09-22.52.17:447][  0]LogObj: 22915 objects as part of root set at end of initial load.
[2015.01.09-22.52.17:447][  0]LogUObjectAllocator: 4803536 out of 0 bytes used by permanent object pool.
[2015.01.09-22.52.17:509][  0]LogEngine: Initializing Engine...
[2015.01.09-22.52.18:092][  0]LogInit: No audio devices found!
[2015.01.09-22.52.18:125][  0]LogAIModule: Creating AISystem for world NewWorld
[2015.01.09-22.52.18:166][  0]LogDerivedDataCache: Saved boot cache 0.04s 39MB C:/Users/Nikita/AppData/Local/UnrealEngine/4.5/DerivedDataCache/Boot.ddc.
[2015.01.09-22.52.18:170][  0]LogInit: Texture streaming: Enabled
[2015.01.09-22.52.18:221][  0]LogInit: Transaction tracking system initialized
[2015.01.09-22.52.18:314][  0]BlueprintLog: New page: Editor Load
[2015.01.09-22.52.18:345][  0]LogAssetRegistry: FAssetRegistry took 0.0105 seconds to start up
[2015.01.09-22.52.18:345][  0]LogDirectoryWatcher:Warning: Failed to begin reading directory changes for ../../../Engine/Plugins/Experimental/CharacterAI/Content/. Error: 0
[2015.01.09-22.52.19:026][  0]LogTargetPlatformManager:Display: Building Assets For Windows
[2015.01.09-22.52.19:482][  0]LogTargetPlatformManager:Display: Building Assets For Windows
[2015.01.09-22.52.19:915][  0]LogConsoleResponse:Display: 
[2015.01.09-22.52.21:224][  0]SourceControl: Info Source control is disabled
[2015.01.09-22.52.21:224][  0]Cmd: MAP LOAD FILE="../../../../../Git/Try1/Nikita(Boss)/SmartProjectFPS/Content/Maps/Example_Map.umap" TEMPLATE=0 SHOWPROGRESS=1
[2015.01.09-22.52.21:284][  0]LightingResults: New page: Lighting Build
[2015.01.09-22.52.21:311][  0]MapCheck: New page: Map Check
[2015.01.09-22.52.21:311][  0]LightingResults: New page: Lighting Build
[2015.01.09-22.52.21:349][  0]LogParticles: Destroying 0 GPU particle simulations for FXSystem 0x0000009ECCECA840
[2015.01.09-22.52.28:015][  0]LogEditorServer: Finished looking for orphan Actors (0.000 secs)
[2015.01.09-22.52.28:017][  0]LogAIModule: Creating AISystem for world Example_Map
[2015.01.09-22.52.28:018][  0]Cmd: MAP CHECKDEP
[2015.01.09-22.52.28:018][  0]MapCheck: New page: Example_Map - Jan 10, 2015, 2:52:28 AM
[2015.01.09-22.52.28:161][  0]MapCheck: Info Map check complete: 0 Error(s), 0 Warning(s), took 142.844ms to complete.
[2015.01.09-22.52.28:161][  0]LogFileHelpers: Loading map 'Example_Map' took 6.936
[2015.01.09-22.52.28:343][  0]LogCollectionManager: Loaded 0 collections in 0.002161 seconds
[2015.01.09-22.52.28:529][  0]LogCrashTracker: Crashtracker disabled due to settings.
[2015.01.09-22.52.28:731][  0]LogUObjectGlobals:Warning: Failed to find object 'Class None.'
[2015.01.09-22.52.28:761][  0]LogLoad: Full Startup: 56.31 seconds (BP compile: 0.93 seconds)
[2015.01.09-22.52.28:784][  0]LogContentBrowser:Verbose: The content browser source was changed by the sources view to '/Game/Blueprints'
[2015.01.09-22.52.29:255][  0]LogRenderer:Warning: Reallocating scene render targets to support 824x568.
[2015.01.09-22.52.30:720][  4]LogAssetRegistry: Asset discovery search completed in 12.3855 seconds
[2015.01.09-22.52.35:930][150]Cmd: OBJ SAVEPACKAGE PACKAGE="/Game/Maps/Example_Map" FILE="../../../../../Git/Try1/Nikita(Boss)/SmartProjectFPS/Content/Maps/Example_Map.umap" SILENT=true AUTOSAVING=false KEEPDIRTY=false
[2015.01.09-22.52.35:950][150]LogActorComponent: UnregisterComponent: (/Engine/Transient.ProjectileMovementComponent_0) Not registered. Aborting.
[2015.01.09-22.52.35:950][150]LogActorComponent: UnregisterComponent: (/Engine/Transient.CharacterMovementComponent_0) Not registered. Aborting.
[2015.01.09-22.52.35:950][150]LogActorComponent: UnregisterComponent: (/Engine/Transient.ProjectileMovementComponent_1) Not registered. Aborting.
[2015.01.09-22.52.35:950][150]LogActorComponent: UnregisterComponent: (/Engine/Transient.CharacterMovementComponent_1) Not registered. Aborting.
[2015.01.09-22.52.35:950][150]LogActorComponent: UnregisterComponent: (/Engine/Transient.PawnSensingComponent_0) Not registered. Aborting.
[2015.01.09-22.52.35:950][150]LogActorComponent: UnregisterComponent: (/Engine/Transient.ProjectileMovementComponent_2) Not registered. Aborting.
[2015.01.09-22.52.36:494][150]LogSavePackage: Save=152.561539ms
[2015.01.09-22.52.36:494][150]LogSavePackage: Moving '../../../../../Git/Try1/Nikita(Boss)/SmartProjectFPS/Saved/Example_MapA355410D4420BDBCCCAC80B84295F75D.tmp' to '../../../../../Git/Try1/Nikita(Boss)/SmartProjectFPS/Content/Maps/Example_Map.umap'
[2015.01.09-22.52.57:214][584]Cmd: OBJ SAVEPACKAGE PACKAGE="/Game/Blueprints/SpawnDummy" FILE="../../../../../Git/Try1/Nikita(Boss)/SmartProjectFPS/Content/Blueprints/SpawnDummy.uasset" SILENT=true
[2015.01.09-22.52.57:770][584]LogSavePackage: Save=535.525696ms
[2015.01.09-22.52.57:770][584]LogSavePackage: Moving '../../../../../Git/Try1/Nikita(Boss)/SmartProjectFPS/Saved/SpawnDummyC041C46C4644814CC65884A902FC74AA.tmp' to '../../../../../Git/Try1/Nikita(Boss)/SmartProjectFPS/Content/Blueprints/SpawnDummy.uasset'
[2015.01.09-22.53.03:422][778]BlueprintLog: New page: Pre-PIE auto-recompile
[2015.01.09-22.53.03:431][778]LogActorComponent: UnregisterComponent: (/Engine/Transient.ProjectileMovementComponent_3) Not registered. Aborting.
[2015.01.09-22.53.03:431][778]LogActorComponent: UnregisterComponent: (/Engine/Transient.CharacterMovementComponent_2) Not registered. Aborting.
[2015.01.09-22.53.03:431][778]LogActorComponent: UnregisterComponent: (/Engine/Transient.ProjectileMovementComponent_4) Not registered. Aborting.
[2015.01.09-22.53.03:431][778]LogActorComponent: UnregisterComponent: (/Engine/Transient.CharacterMovementComponent_3) Not registered. Aborting.
[2015.01.09-22.53.03:431][778]LogActorComponent: UnregisterComponent: (/Engine/Transient.PawnSensingComponent_1) Not registered. Aborting.
[2015.01.09-22.53.03:431][778]LogActorComponent: UnregisterComponent: (/Engine/Transient.ProjectileMovementComponent_5) Not registered. Aborting.
[2015.01.09-22.53.03:431][778]LogPlayLevel: [PIE] Compiling SpawnDummy before PIE...
[2015.01.09-22.53.03:537][778]LogPlayLevel: [PIE] Compiling Tutorial_BP_MacroLib before PIE...
[2015.01.09-22.53.03:599][778]LogPlayLevel: [PIE] Compiling Example_Map before PIE...
[2015.01.09-22.53.03:720][778]LogPlayLevel: PIE:  Blueprint regeneration took 298 ms (3 blueprints)
[2015.01.09-22.53.03:721][778]PIE: New page: PIE session: Example_Map (Jan 10, 2015, 2:53:03 AM)
[2015.01.09-22.53.03:764][778]LogPlayLevel: PIE: StaticDuplicateObject took: (0.043508s)
[2015.01.09-22.53.03:765][778]LogPlayLevel: PIE: World Init took: (0.001007s)
[2015.01.09-22.53.03:766][778]LogPlayLevel: PIE: Created PIE world by copying editor world from /Game/Maps/Example_Map.Example_Map to /Game/Maps/UEDPIE_0_Example_Map.Example_Map (0.044882s)
[2015.01.09-22.53.04:037][778]LogWorld: Game class is 'MyGame_C'
[2015.01.09-22.53.04:039][778]LogAIModule: Creating AISystem for world Example_Map
[2015.01.09-22.53.04:171][778]LogWorld: Bringing World /Game/Maps/UEDPIE_0_Example_Map.Example_Map up for play (max tick rate 60) at 2015.01.10-00.53.04
[2015.01.09-22.53.04:186][778]LogWorld: Bringing up level for play took: 0.145982
[2015.01.09-22.53.04:192][778]LogArray:Warning: Attempted to get an item from array CallFunc_GetAllActorsOfClass_OutActors out of bounds [4/3]!
[2015.01.09-22.53.04:193][778]PIE: Info Play in editor start time for /Game/Maps/UEDPIE_0_Example_Map 1.638
[2015.01.09-22.53.06:637][861]LogBlueprintUserMessages: AutoWeapon
[2015.01.09-22.53.09:841][963]PIE:Warning: Warning Invalid Simulate Options: Body (HeroTPP_Physics_Blueprint_C_0.SkeletalMesh1 HeroTPP) is set to simulate physics but Collision Enabled is set to No Collision
[2015.01.09-22.53.12:947][ 75]LogBlueprintUserMessages: GranadeLauncher
[2015.01.09-22.53.15:991][192]LogCharacterMovement: Dummy_C_1 is stuck and failed to move!
[2015.01.09-22.53.16:136][197]PIE:Warning: Warning Invalid Simulate Options: Body (HeroTPP_Physics_Blueprint_C_1.SkeletalMesh1 HeroTPP) is set to simulate physics but Collision Enabled is set to No Collision
[2015.01.09-22.53.17:533][250]LogBlueprintUserMessages: AutoWeapon
[2015.01.09-22.53.20:194][341]PIE:Warning: Warning Invalid Simulate Options: Body (HeroTPP_Physics_Blueprint_C_2.SkeletalMesh1 HeroTPP) is set to simulate physics but Collision Enabled is set to No Collision
[2015.01.09-22.53.20:469][350]LogBlueprintUserMessages: GranadeLauncher
[2015.01.09-22.53.21:215][374]LogBlueprintUserMessages: ShotGun
[2015.01.09-22.53.21:807][394]PIE:Warning: Warning Invalid Simulate Options: Body (HeroTPP_Physics_Blueprint_C_3.SkeletalMesh1 HeroTPP) is set to simulate physics but Collision Enabled is set to No Collision
[2015.01.09-22.53.23:539][457]PIE:Warning: Warning Invalid Simulate Options: Body (HeroTPP_Physics_Blueprint_C_4.SkeletalMesh1 HeroTPP) is set to simulate physics but Collision Enabled is set to No Collision
[2015.01.09-22.53.25:248][521]LogBlueprintUserMessages: AutoWeapon
[2015.01.09-22.53.28:765][641]PIE:Warning: Warning Invalid Simulate Options: Body (HeroTPP_Physics_Blueprint_C_5.SkeletalMesh1 HeroTPP) is set to simulate physics but Collision Enabled is set to No Collision
[2015.01.09-22.53.29:702][670]LogBlueprintUserMessages: GranadeLauncher
[2015.01.09-22.53.30:246][686]PIE:Warning: Warning Invalid Simulate Options: Body (HeroTPP_Physics_Blueprint_C_6.SkeletalMesh1 HeroTPP) is set to simulate physics but Collision Enabled is set to No Collision
[2015.01.09-22.53.30:278][687]PIE:Warning: Warning Invalid Simulate Options: Body (HeroTPP_Physics_Blueprint_C_7.SkeletalMesh1 HeroTPP) is set to simulate physics but Collision Enabled is set to No Collision
[2015.01.09-22.53.30:568][696]LogScript:Warning: Accessed None 'CallFunc_GetPlayerCharacter_ReturnValue3'
	Dummy_C /Game/Maps/UEDPIE_0_Example_Map.Example_Map:PersistentLevel.Dummy_C_13
	Function /Game/Blueprints/Dummy.Dummy_C:ExecuteUbergraph_Dummy:0778
[2015.01.09-22.53.30:568][696]PIE:Error: Error Accessed None 'CallFunc_GetPlayerCharacter_ReturnValue3' from node Construction Script in blueprint Dummy
[2015.01.09-22.53.30:782][703]LogScript:Warning: Accessed None 'CallFunc_GetPlayerCharacter_ReturnValue3'
	Dummy_C /Game/Maps/UEDPIE_0_Example_Map.Example_Map:PersistentLevel.Dummy_C_6
	Function /Game/Blueprints/Dummy.Dummy_C:ExecuteUbergraph_Dummy:0661
[2015.01.09-22.53.30:782][703]PIE:Error: Error Accessed None 'CallFunc_GetPlayerCharacter_ReturnValue3' from node Construction Script in blueprint Dummy
[2015.01.09-22.53.30:962][709]LogScript:Warning: Accessed None 'CallFunc_GetPlayerCharacter_ReturnValue3'
	Dummy_C /Game/Maps/UEDPIE_0_Example_Map.Example_Map:PersistentLevel.Dummy_C_13
	Function /Game/Blueprints/Dummy.Dummy_C:ExecuteUbergraph_Dummy:0661
[2015.01.09-22.53.30:963][709]PIE:Error: Error Accessed None 'CallFunc_GetPlayerCharacter_ReturnValue3' from node Construction Script in blueprint Dummy
[2015.01.09-22.53.33:589][793]LogParticles: Destroying 0 GPU particle simulations for FXSystem 0x0000009EC3DE7D80
[2015.01.09-22.53.48:863][155]Cmd: OBJ SAVEPACKAGE PACKAGE="/Game/Blueprints/Dummy" FILE="../../../../../Git/Try1/Nikita(Boss)/SmartProjectFPS/Content/Blueprints/Dummy.uasset" SILENT=true
[2015.01.09-22.53.49:406][155]LogSavePackage: Save=524.003479ms
[2015.01.09-22.53.49:406][155]LogSavePackage: Moving '../../../../../Git/Try1/Nikita(Boss)/SmartProjectFPS/Saved/Dummy370ADE7C48536FE713712CAC7BB659C1.tmp' to '../../../../../Git/Try1/Nikita(Boss)/SmartProjectFPS/Content/Blueprints/Dummy.uasset'
[2015.01.09-22.53.49:980][167]BlueprintLog: New page: Pre-PIE auto-recompile
[2015.01.09-22.53.50:093][167]LogActorComponent: UnregisterComponent: (/Engine/Transient.ProjectileMovementComponent_6) Not registered. Aborting.
[2015.01.09-22.53.50:093][167]LogActorComponent: UnregisterComponent: (/Engine/Transient.CharacterMovementComponent_4) Not registered. Aborting.
[2015.01.09-22.53.50:093][167]LogActorComponent: UnregisterComponent: (/Engine/Transient.ProjectileMovementComponent_7) Not registered. Aborting.
[2015.01.09-22.53.50:093][167]LogActorComponent: UnregisterComponent: (/Engine/Transient.CharacterMovementComponent_5) Not registered. Aborting.
[2015.01.09-22.53.50:093][167]LogActorComponent: UnregisterComponent: (/Engine/Transient.PawnSensingComponent_2) Not registered. Aborting.
[2015.01.09-22.53.50:093][167]LogActorComponent: UnregisterComponent: (/Engine/Transient.ProjectileMovementComponent_8) Not registered. Aborting.
[2015.01.09-22.53.50:093][167]LogPlayLevel: [PIE] Compiling Dummy before PIE...
[2015.01.09-22.53.50:396][167]LogPlayLevel: [PIE] Compiling Example_Map before PIE...
[2015.01.09-22.53.50:528][167]LogPlayLevel: PIE:  Blueprint regeneration took 548 ms (2 blueprints)
[2015.01.09-22.53.50:528][167]PIE: New page: PIE session: Example_Map (Jan 10, 2015, 2:53:50 AM)
[2015.01.09-22.53.50:579][167]LogPlayLevel: PIE: StaticDuplicateObject took: (0.050683s)
[2015.01.09-22.53.50:580][167]LogPlayLevel: PIE: World Init took: (0.000984s)
[2015.01.09-22.53.50:580][167]LogPlayLevel: PIE: Created PIE world by copying editor world from /Game/Maps/Example_Map.Example_Map to /Game/Maps/UEDPIE_0_Example_Map.Example_Map (0.051992s)
[2015.01.09-22.53.50:632][167]LogWorld: Game class is 'MyGame_C'
[2015.01.09-22.53.50:633][167]LogAIModule: Creating AISystem for world Example_Map
[2015.01.09-22.53.50:638][167]LogWorld: Bringing World /Game/Maps/UEDPIE_0_Example_Map.Example_Map up for play (max tick rate 60) at 2015.01.10-00.53.50
[2015.01.09-22.53.50:638][167]LogWorld: Bringing up level for play took: 0.005157
[2015.01.09-22.53.50:640][167]LogArray:Warning: Attempted to get an item from array CallFunc_GetAllActorsOfClass_OutActors out of bounds [4/3]!
[2015.01.09-22.53.50:641][167]PIE: Info Play in editor start time for /Game/Maps/UEDPIE_0_Example_Map 0.086
[2015.01.09-22.53.52:295][207]LogBlueprintUserMessages: AutoWeapon
[2015.01.09-22.53.56:156][352]LogBlueprintUserMessages: GranadeLauncher
[2015.01.09-22.54.05:100][697]LogBlueprintUserMessages: ShotGun
[2015.01.09-22.54.06:567][752]LogBlueprintUserMessages: AutoWeapon
[2015.01.09-22.54.12:117][953]LogBlueprintUserMessages: ShotGun
[2015.01.09-22.54.17:256][150]LogCharacterMovement: Dummy_C_6 is stuck and failed to move!
[2015.01.09-22.54.17:283][151]LogCharacterMovement: Dummy_C_6 is stuck and failed to move!
[2015.01.09-22.54.17:308][152]LogCharacterMovement: Dummy_C_6 is stuck and failed to move!
[2015.01.09-22.54.17:334][153]LogCharacterMovement: Dummy_C_6 is stuck and failed to move!
[2015.01.09-22.54.17:415][156]LogCharacterMovement: Dummy_C_6 is stuck and failed to move!
[2015.01.09-22.54.17:442][157]LogCharacterMovement: Dummy_C_6 is stuck and failed to move!
[2015.01.09-22.54.20:369][266]LogBlueprintUserMessages: GranadeLauncher
[2015.01.09-22.54.20:707][278]LogCharacterMovement: Dummy_C_3 is stuck and failed to move!
[2015.01.09-22.54.20:739][279]LogCharacterMovement: Dummy_C_7 is stuck and failed to move!
[2015.01.09-22.54.21:117][292]LogCharacterMovement: Dummy_C_4 is stuck and failed to move!
[2015.01.09-22.54.21:507][306]LogCharacterMovement: Dummy_C_7 is stuck and failed to move!
[2015.01.09-22.54.21:561][308]LogCharacterMovement: Dummy_C_4 is stuck and failed to move!
[2015.01.09-22.54.21:587][309]LogCharacterMovement: Dummy_C_4 is stuck and failed to move!
[2015.01.09-22.54.21:635][311]LogBlueprintUserMessages: AutoWeapon
[2015.01.09-22.54.26:990][491]LogBlueprintUserMessages: GranadeLauncher
[2015.01.09-22.54.27:402][504]LogCharacterMovement: Dummy_C_14 is stuck and failed to move!
[2015.01.09-22.54.30:148][602]LogBlueprintUserMessages: AutoWeapon
[2015.01.09-22.54.31:148][640]LogCharacterMovement: Dummy_C_15 is stuck and failed to move!
[2015.01.09-22.54.31:173][641]LogCharacterMovement: Dummy_C_15 is stuck and failed to move!
[2015.01.09-22.54.31:226][643]LogCharacterMovement: Dummy_C_15 is stuck and failed to move!
[2015.01.09-22.54.31:255][644]LogCharacterMovement: Dummy_C_15 is stuck and failed to move!
[2015.01.09-22.54.31:279][645]LogCharacterMovement: Dummy_C_15 is stuck and failed to move!
[2015.01.09-22.54.31:306][646]LogCharacterMovement: Dummy_C_15 is stuck and failed to move!
[2015.01.09-22.54.31:540][655]LogCharacterMovement: Dummy_C_15 is stuck and failed to move!
[2015.01.09-22.54.31:566][656]LogCharacterMovement: Dummy_C_15 is stuck and failed to move!
[2015.01.09-22.54.31:591][657]LogCharacterMovement: Dummy_C_15 is stuck and failed to move!
[2015.01.09-22.54.31:617][658]LogCharacterMovement: Dummy_C_15 is stuck and failed to move!
[2015.01.09-22.54.31:642][659]LogCharacterMovement: Dummy_C_15 is stuck and failed to move!
[2015.01.09-22.54.31:672][660]LogCharacterMovement: Dummy_C_15 is stuck and failed to move!
[2015.01.09-22.54.31:694][661]LogCharacterMovement: Dummy_C_15 is stuck and failed to move!
[2015.01.09-22.54.31:721][662]LogCharacterMovement: Dummy_C_15 is stuck and failed to move!
[2015.01.09-22.54.31:746][663]LogCharacterMovement: Dummy_C_15 is stuck and failed to move!
[2015.01.09-22.54.31:771][664]LogCharacterMovement: Dummy_C_15 is stuck and failed to move!
[2015.01.09-22.54.31:798][665]LogCharacterMovement: Dummy_C_15 is stuck and failed to move!
[2015.01.09-22.54.31:823][666]LogCharacterMovement: Dummy_C_15 is stuck and failed to move!
[2015.01.09-22.54.31:853][667]LogCharacterMovement: Dummy_C_15 is stuck and failed to move!
[2015.01.09-22.54.31:883][668]LogCharacterMovement: Dummy_C_15 is stuck and failed to move!
[2015.01.09-22.54.31:911][669]LogCharacterMovement: Dummy_C_15 is stuck and failed to move!
[2015.01.09-22.54.31:939][670]LogCharacterMovement: Dummy_C_15 is stuck and failed to move!
[2015.01.09-22.54.32:232][680]LogCharacterMovement: Dummy_C_15 is stuck and failed to move!
[2015.01.09-22.54.32:260][681]LogCharacterMovement: Dummy_C_15 is stuck and failed to move!
[2015.01.09-22.54.32:290][682]LogCharacterMovement: Dummy_C_15 is stuck and failed to move!
[2015.01.09-22.54.32:319][683]LogCharacterMovement: Dummy_C_15 is stuck and failed to move!
[2015.01.09-22.54.32:350][684]LogCharacterMovement: Dummy_C_15 is stuck and failed to move!
[2015.01.09-22.54.32:768][698]LogCharacterMovement: Dummy_C_15 is stuck and failed to move!
[2015.01.09-22.54.32:828][700]LogCharacterMovement: Dummy_C_15 is stuck and failed to move!
[2015.01.09-22.54.32:889][702]LogCharacterMovement: Dummy_C_15 is stuck and failed to move!
[2015.01.09-22.54.32:949][704]LogCharacterMovement: Dummy_C_15 is stuck and failed to move!
[2015.01.09-22.54.32:978][705]LogCharacterMovement: Dummy_C_15 is stuck and failed to move!
[2015.01.09-22.54.33:009][706]LogCharacterMovement: Dummy_C_15 is stuck and failed to move!
[2015.01.09-22.54.33:039][707]LogCharacterMovement: Dummy_C_15 is stuck and failed to move!
[2015.01.09-22.54.33:067][708]LogCharacterMovement: Dummy_C_15 is stuck and failed to move!
[2015.01.09-22.54.33:096][709]LogCharacterMovement: Dummy_C_15 is stuck and failed to move!
[2015.01.09-22.54.33:124][710]LogCharacterMovement: Dummy_C_15 is stuck and failed to move!
[2015.01.09-22.54.33:153][711]LogCharacterMovement: Dummy_C_15 is stuck and failed to move!
[2015.01.09-22.54.33:183][712]LogCharacterMovement: Dummy_C_15 is stuck and failed to move!
[2015.01.09-22.54.33:211][713]LogCharacterMovement: Dummy_C_15 is stuck and failed to move!
[2015.01.09-22.54.33:238][714]LogCharacterMovement: Dummy_C_15 is stuck and failed to move!
[2015.01.09-22.54.33:262][715]LogCharacterMovement: Dummy_C_15 is stuck and failed to move!
[2015.01.09-22.54.33:289][716]LogCharacterMovement: Dummy_C_15 is stuck and failed to move!
[2015.01.09-22.54.33:312][717]LogCharacterMovement: Dummy_C_15 is stuck and failed to move!
[2015.01.09-22.54.33:339][718]LogCharacterMovement: Dummy_C_15 is stuck and failed to move!
[2015.01.09-22.54.33:363][719]LogCharacterMovement: Dummy_C_15 is stuck and failed to move!
[2015.01.09-22.54.33:390][720]LogCharacterMovement: Dummy_C_15 is stuck and failed to move!
[2015.01.09-22.54.33:417][721]LogCharacterMovement: Dummy_C_15 is stuck and failed to move!
[2015.01.09-22.54.33:444][722]LogCharacterMovement: Dummy_C_15 is stuck and failed to move!
[2015.01.09-22.54.33:471][723]LogCharacterMovement: Dummy_C_15 is stuck and failed to move!
[2015.01.09-22.54.33:497][724]LogCharacterMovement: Dummy_C_15 is stuck and failed to move!
[2015.01.09-22.54.33:525][725]LogCharacterMovement: Dummy_C_15 is stuck and failed to move!
[2015.01.09-22.54.33:550][726]LogCharacterMovement: Dummy_C_15 is stuck and failed to move!
[2015.01.09-22.54.33:577][727]LogCharacterMovement: Dummy_C_15 is stuck and failed to move!
[2015.01.09-22.54.33:603][728]LogCharacterMovement: Dummy_C_15 is stuck and failed to move!
[2015.01.09-22.54.33:630][729]LogCharacterMovement: Dummy_C_15 is stuck and failed to move!
[2015.01.09-22.54.33:657][730]LogCharacterMovement: Dummy_C_15 is stuck and failed to move!
[2015.01.09-22.54.33:791][735]LogCharacterMovement: Dummy_C_13 is stuck and failed to move!
[2015.01.09-22.54.34:598][764]LogCharacterMovement: Dummy_C_12 is stuck and failed to move!
[2015.01.09-22.54.35:623][802]LogCharacterMovement: Dummy_C_20 is stuck and failed to move!
[2015.01.09-22.54.35:650][803]LogCharacterMovement: Dummy_C_20 is stuck and failed to move!
[2015.01.09-22.54.35:678][804]LogCharacterMovement: Dummy_C_20 is stuck and failed to move!
[2015.01.09-22.54.35:704][805]LogCharacterMovement: Dummy_C_20 is stuck and failed to move!
[2015.01.09-22.54.35:732][806]LogCharacterMovement: Dummy_C_20 is stuck and failed to move!
[2015.01.09-22.54.35:759][807]LogCharacterMovement: Dummy_C_20 is stuck and failed to move!
[2015.01.09-22.54.35:787][808]LogCharacterMovement: Dummy_C_20 is stuck and failed to move!
[2015.01.09-22.54.35:814][809]LogCharacterMovement: Dummy_C_20 is stuck and failed to move!
[2015.01.09-22.54.36:088][819]LogCharacterMovement: Dummy_C_6 is stuck and failed to move!
[2015.01.09-22.54.36:115][820]LogCharacterMovement: Dummy_C_6 is stuck and failed to move!
[2015.01.09-22.54.36:140][821]LogCharacterMovement: Dummy_C_6 is stuck and failed to move!
[2015.01.09-22.54.36:167][822]LogCharacterMovement: Dummy_C_6 is stuck and failed to move!
[2015.01.09-22.54.36:193][823]LogCharacterMovement: Dummy_C_6 is stuck and failed to move!
[2015.01.09-22.54.36:218][824]LogCharacterMovement: Dummy_C_6 is stuck and failed to move!
[2015.01.09-22.54.36:244][825]LogCharacterMovement: Dummy_C_6 is stuck and failed to move!
[2015.01.09-22.54.36:269][826]LogCharacterMovement: Dummy_C_6 is stuck and failed to move!
[2015.01.09-22.54.36:295][827]LogCharacterMovement: Dummy_C_20 is stuck and failed to move!
[2015.01.09-22.54.36:296][827]LogCharacterMovement: Dummy_C_6 is stuck and failed to move!
[2015.01.09-22.54.36:320][828]LogCharacterMovement: Dummy_C_20 is stuck and failed to move!
[2015.01.09-22.54.36:321][828]LogCharacterMovement: Dummy_C_6 is stuck and failed to move!
[2015.01.09-22.54.36:346][829]LogCharacterMovement: Dummy_C_6 is stuck and failed to move!
[2015.01.09-22.54.36:397][831]LogCharacterMovement: Dummy_C_6 is stuck and failed to move!
[2015.01.09-22.54.36:422][832]LogCharacterMovement: Dummy_C_18 is stuck and failed to move!
[2015.01.09-22.54.36:423][832]LogCharacterMovement: Dummy_C_12 is stuck and failed to move!
[2015.01.09-22.54.36:423][832]LogCharacterMovement: Dummy_C_6 is stuck and failed to move!
[2015.01.09-22.54.36:446][833]LogCharacterMovement: Dummy_C_18 is stuck and failed to move!
[2015.01.09-22.54.36:447][833]LogCharacterMovement: Dummy_C_12 is stuck and failed to move!
[2015.01.09-22.54.36:447][833]LogCharacterMovement: Dummy_C_6 is stuck and failed to move!
[2015.01.09-22.54.36:472][834]LogCharacterMovement: Dummy_C_18 is stuck and failed to move!
[2015.01.09-22.54.36:473][834]LogCharacterMovement: Dummy_C_12 is stuck and failed to move!
[2015.01.09-22.54.36:473][834]LogCharacterMovement: Dummy_C_6 is stuck and failed to move!
[2015.01.09-22.54.36:474][834]LogCharacterMovement: Dummy_C_17 is stuck and failed to move!
[2015.01.09-22.54.36:499][835]LogCharacterMovement: Dummy_C_18 is stuck and failed to move!
[2015.01.09-22.54.36:500][835]LogCharacterMovement: Dummy_C_12 is stuck and failed to move!
[2015.01.09-22.54.36:501][835]LogCharacterMovement: Dummy_C_6 is stuck and failed to move!
[2015.01.09-22.54.36:502][835]LogCharacterMovement: Dummy_C_17 is stuck and failed to move!
[2015.01.09-22.54.36:529][836]LogCharacterMovement: Dummy_C_18 is stuck and failed to move!
[2015.01.09-22.54.36:554][837]LogCharacterMovement: Dummy_C_18 is stuck and failed to move!
[2015.01.09-22.54.36:555][837]LogCharacterMovement: Dummy_C_6 is stuck and failed to move!
[2015.01.09-22.54.36:580][838]LogCharacterMovement: Dummy_C_13 is stuck and failed to move!
[2015.01.09-22.54.36:581][838]LogCharacterMovement: Dummy_C_18 is stuck and failed to move!
[2015.01.09-22.54.36:582][838]LogCharacterMovement: Dummy_C_6 is stuck and failed to move!
[2015.01.09-22.54.36:607][839]LogCharacterMovement: Dummy_C_6 is stuck and failed to move!
[2015.01.09-22.54.36:818][847]LogCharacterMovement: Dummy_C_18 is stuck and failed to move!
[2015.01.09-22.54.36:818][847]LogCharacterMovement: Dummy_C_20 is stuck and failed to move!
[2015.01.09-22.54.37:358][867]LogCharacterMovement: Dummy_C_13 is stuck and failed to move!
[2015.01.09-22.54.37:441][870]LogCharacterMovement: Dummy_C_13 is stuck and failed to move!
[2015.01.09-22.54.37:470][871]LogCharacterMovement: Dummy_C_13 is stuck and failed to move!
[2015.01.09-22.54.37:725][880]LogCharacterMovement: Dummy_C_6 is stuck and failed to move!
[2015.01.09-22.54.37:809][883]LogCharacterMovement: Dummy_C_13 is stuck and failed to move!
[2015.01.09-22.54.37:867][885]LogCharacterMovement: Dummy_C_6 is stuck and failed to move!
[2015.01.09-22.54.37:894][886]LogCharacterMovement: Dummy_C_6 is stuck and failed to move!
[2015.01.09-22.54.38:441][906]LogCharacterMovement: Dummy_C_18 is stuck and failed to move!
[2015.01.09-22.54.38:470][907]LogCharacterMovement: Dummy_C_18 is stuck and failed to move!
[2015.01.09-22.54.38:496][908]LogCharacterMovement: Dummy_C_20 is stuck and failed to move!
[2015.01.09-22.54.38:577][911]LogCharacterMovement: Dummy_C_20 is stuck and failed to move!
[2015.01.09-22.54.38:633][913]LogCharacterMovement: Dummy_C_18 is stuck and failed to move!
[2015.01.09-22.54.38:658][914]LogCharacterMovement: Dummy_C_18 is stuck and failed to move!
[2015.01.09-22.54.39:750][956]LogScript:Warning: Accessed None 'CallFunc_GetPlayerCharacter_ReturnValue3'
	Dummy_C /Game/Maps/UEDPIE_0_Example_Map.Example_Map:PersistentLevel.Dummy_C_6
	Function /Game/Blueprints/Dummy.Dummy_C:ExecuteUbergraph_Dummy:069D
[2015.01.09-22.54.39:750][956]PIE:Error: Error Accessed None 'CallFunc_GetPlayerCharacter_ReturnValue3' from node Construction Script in blueprint Dummy
[2015.01.09-22.54.39:973][965]LogCharacterMovement: Dummy_C_19 is stuck and failed to move!
[2015.01.09-22.54.40:128][971]LogScript:Warning: Accessed None 'CallFunc_GetPlayerCharacter_ReturnValue3'
	Dummy_C /Game/Maps/UEDPIE_0_Example_Map.Example_Map:PersistentLevel.Dummy_C_6
	Function /Game/Blueprints/Dummy.Dummy_C:ExecuteUbergraph_Dummy:0586
[2015.01.09-22.54.40:128][971]PIE:Error: Error Accessed None 'CallFunc_GetPlayerCharacter_ReturnValue3' from node Construction Script in blueprint Dummy
[2015.01.09-22.54.41:084][  8]LogCharacterMovement: Dummy_C_20 is stuck and failed to move!
[2015.01.09-22.54.41:113][  9]LogCharacterMovement: Dummy_C_20 is stuck and failed to move!
[2015.01.09-22.54.41:138][ 10]LogCharacterMovement: Dummy_C_20 is stuck and failed to move!
[2015.01.09-22.54.41:167][ 11]LogCharacterMovement: Dummy_C_20 is stuck and failed to move!
[2015.01.09-22.54.41:190][ 12]LogCharacterMovement: Dummy_C_20 is stuck and failed to move!
[2015.01.09-22.54.41:217][ 13]LogCharacterMovement: Dummy_C_20 is stuck and failed to move!
[2015.01.09-22.54.41:244][ 14]LogCharacterMovement: Dummy_C_20 is stuck and failed to move!
[2015.01.09-22.54.41:272][ 15]LogCharacterMovement: Dummy_C_20 is stuck and failed to move!
[2015.01.09-22.54.41:296][ 16]LogCharacterMovement: Dummy_C_20 is stuck and failed to move!
[2015.01.09-22.54.41:322][ 17]LogCharacterMovement: Dummy_C_20 is stuck and failed to move!
[2015.01.09-22.54.41:347][ 18]LogCharacterMovement: Dummy_C_20 is stuck and failed to move!
[2015.01.09-22.54.41:375][ 19]LogCharacterMovement: Dummy_C_20 is stuck and failed to move!
[2015.01.09-22.54.41:399][ 20]LogCharacterMovement: Dummy_C_20 is stuck and failed to move!
[2015.01.09-22.54.41:425][ 21]LogCharacterMovement: Dummy_C_20 is stuck and failed to move!
[2015.01.09-22.54.41:450][ 22]LogCharacterMovement: Dummy_C_20 is stuck and failed to move!
[2015.01.09-22.54.41:476][ 23]LogCharacterMovement: Dummy_C_20 is stuck and failed to move!
[2015.01.09-22.54.41:509][ 24]LogCharacterMovement: Dummy_C_20 is stuck and failed to move!
[2015.01.09-22.54.41:536][ 25]LogCharacterMovement: Dummy_C_20 is stuck and failed to move!
[2015.01.09-22.54.41:561][ 26]LogCharacterMovement: Dummy_C_20 is stuck and failed to move!
[2015.01.09-22.54.41:588][ 27]LogCharacterMovement: Dummy_C_20 is stuck and failed to move!
[2015.01.09-22.54.41:612][ 28]LogCharacterMovement: Dummy_C_20 is stuck and failed to move!
[2015.01.09-22.54.41:640][ 29]LogCharacterMovement: Dummy_C_20 is stuck and failed to move!
[2015.01.09-22.54.41:663][ 30]LogCharacterMovement: Dummy_C_20 is stuck and failed to move!
[2015.01.09-22.54.41:694][ 31]LogCharacterMovement: Dummy_C_20 is stuck and failed to move!
[2015.01.09-22.54.41:718][ 32]LogCharacterMovement: Dummy_C_20 is stuck and failed to move!
[2015.01.09-22.54.41:744][ 33]LogCharacterMovement: Dummy_C_20 is stuck and failed to move!
[2015.01.09-22.54.41:772][ 34]LogCharacterMovement: Dummy_C_20 is stuck and failed to move!
[2015.01.09-22.54.41:799][ 35]LogCharacterMovement: Dummy_C_20 is stuck and failed to move!
[2015.01.09-22.54.41:824][ 36]LogCharacterMovement: Dummy_C_20 is stuck and failed to move!
[2015.01.09-22.54.41:851][ 37]LogCharacterMovement: Dummy_C_20 is stuck and failed to move!
[2015.01.09-22.54.41:878][ 38]LogCharacterMovement: Dummy_C_20 is stuck and failed to move!
[2015.01.09-22.54.41:906][ 39]LogCharacterMovement: Dummy_C_20 is stuck and failed to move!
[2015.01.09-22.54.41:931][ 40]LogCharacterMovement: Dummy_C_20 is stuck and failed to move!
[2015.01.09-22.54.41:959][ 41]LogCharacterMovement: Dummy_C_20 is stuck and failed to move!
[2015.01.09-22.54.41:983][ 42]LogCharacterMovement: Dummy_C_20 is stuck and failed to move!
[2015.01.09-22.54.42:012][ 43]LogCharacterMovement: Dummy_C_20 is stuck and failed to move!
[2015.01.09-22.54.42:034][ 44]LogCharacterMovement: Dummy_C_20 is stuck and failed to move!
[2015.01.09-22.54.42:060][ 45]LogCharacterMovement: Dummy_C_20 is stuck and failed to move!
[2015.01.09-22.54.42:084][ 46]LogCharacterMovement: Dummy_C_20 is stuck and failed to move!
[2015.01.09-22.54.42:110][ 47]LogCharacterMovement: Dummy_C_20 is stuck and failed to move!
[2015.01.09-22.54.42:136][ 48]LogCharacterMovement: Dummy_C_20 is stuck and failed to move!
[2015.01.09-22.54.42:162][ 49]LogCharacterMovement: Dummy_C_20 is stuck and failed to move!
[2015.01.09-22.54.42:188][ 50]LogCharacterMovement: Dummy_C_20 is stuck and failed to move!
[2015.01.09-22.54.42:222][ 51]LogCharacterMovement: Dummy_C_20 is stuck and failed to move!
[2015.01.09-22.54.42:245][ 52]LogCharacterMovement: Dummy_C_20 is stuck and failed to move!
[2015.01.09-22.54.42:274][ 53]LogCharacterMovement: Dummy_C_20 is stuck and failed to move!
[2015.01.09-22.54.42:300][ 54]LogCharacterMovement: Dummy_C_20 is stuck and failed to move!
[2015.01.09-22.54.42:326][ 55]LogCharacterMovement: Dummy_C_20 is stuck and failed to move!
[2015.01.09-22.54.42:351][ 56]LogCharacterMovement: Dummy_C_20 is stuck and failed to move!
[2015.01.09-22.54.42:378][ 57]LogCharacterMovement: Dummy_C_20 is stuck and failed to move!
[2015.01.09-22.54.42:405][ 58]LogCharacterMovement: Dummy_C_20 is stuck and failed to move!
[2015.01.09-22.54.42:431][ 59]LogCharacterMovement: Dummy_C_20 is stuck and failed to move!
[2015.01.09-22.54.42:456][ 60]LogCharacterMovement: Dummy_C_20 is stuck and failed to move!
[2015.01.09-22.54.42:482][ 61]LogCharacterMovement: Dummy_C_20 is stuck and failed to move!
[2015.01.09-22.54.42:509][ 62]LogCharacterMovement: Dummy_C_20 is stuck and failed to move!
[2015.01.09-22.54.42:535][ 63]LogCharacterMovement: Dummy_C_20 is stuck and failed to move!
[2015.01.09-22.54.42:571][ 64]LogCharacterMovement: Dummy_C_20 is stuck and failed to move!
[2015.01.09-22.54.42:596][ 65]LogCharacterMovement: Dummy_C_20 is stuck and failed to move!
[2015.01.09-22.54.42:622][ 66]LogCharacterMovement: Dummy_C_20 is stuck and failed to move!
[2015.01.09-22.54.42:649][ 67]LogCharacterMovement: Dummy_C_20 is stuck and failed to move!
[2015.01.09-22.54.42:682][ 68]LogCharacterMovement: Dummy_C_20 is stuck and failed to move!
[2015.01.09-22.54.42:707][ 69]LogCharacterMovement: Dummy_C_20 is stuck and failed to move!
[2015.01.09-22.54.42:735][ 70]LogCharacterMovement: Dummy_C_20 is stuck and failed to move!
[2015.01.09-22.54.42:756][ 71]LogCharacterMovement: Dummy_C_20 is stuck and failed to move!
[2015.01.09-22.54.42:782][ 72]LogCharacterMovement: Dummy_C_20 is stuck and failed to move!
[2015.01.09-22.54.42:808][ 73]LogCharacterMovement: Dummy_C_20 is stuck and failed to move!
[2015.01.09-22.54.42:837][ 74]LogCharacterMovement: Dummy_C_20 is stuck and failed to move!
[2015.01.09-22.54.42:862][ 75]LogCharacterMovement: Dummy_C_20 is stuck and failed to move!
[2015.01.09-22.54.42:888][ 76]LogCharacterMovement: Dummy_C_20 is stuck and failed to move!
[2015.01.09-22.54.43:080][ 77]LogActorComponent: UnregisterComponent: (/Engine/Transient.CharacterMovementComponent_6) Not registered. Aborting.
[2015.01.09-22.54.43:080][ 77]LogActorComponent: UnregisterComponent: (/Engine/Transient.PawnSensingComponent_3) Not registered. Aborting.
[2015.01.09-22.54.43:147][ 77]LogParticles: Destroying 0 GPU particle simulations for FXSystem 0x0000009ED6262660
[2015.01.09-22.54.45:051][114]LogContentBrowser:Verbose: The content browser source was changed by the sources view to '/Game/Maps'
[2015.01.09-22.54.47:024][146]LogActorComponent: UnregisterComponent: (/Engine/Transient.CharacterMovementComponent_7) Not registered. Aborting.
[2015.01.09-22.54.47:024][146]LogActorComponent: UnregisterComponent: (/Engine/Transient.ProjectileMovementComponent_9) Not registered. Aborting.
[2015.01.09-22.54.47:024][146]LogActorComponent: UnregisterComponent: (/Engine/Transient.CharacterMovementComponent_8) Not registered. Aborting.
[2015.01.09-22.54.47:024][146]LogActorComponent: UnregisterComponent: (/Engine/Transient.PawnSensingComponent_4) Not registered. Aborting.
[2015.01.09-22.54.47:024][146]LogActorComponent: UnregisterComponent: (/Engine/Transient.ProjectileMovementComponent_10) Not registered. Aborting.
[2015.01.09-22.54.48:714][146]Cmd: OBJ SAVEPACKAGE PACKAGE="/Game/Maps/Example_Map" FILE="../../../../../Git/Try1/Nikita(Boss)/SmartProjectFPS/Content/Maps/Example_Map.umap" SILENT=true AUTOSAVING=false KEEPDIRTY=false
[2015.01.09-22.54.48:933][146]LogSavePackage: Save=137.066299ms
[2015.01.09-22.54.48:933][146]LogSavePackage: Moving '../../../../../Git/Try1/Nikita(Boss)/SmartProjectFPS/Saved/Example_Map767F9389485FC19A208D0EBC059E7D64.tmp' to '../../../../../Git/Try1/Nikita(Boss)/SmartProjectFPS/Content/Maps/Example_Map.umap'
[2015.01.09-22.54.49:252][146]LogFileHelpers: Saving map 'Example_Map' took 0.690
[2015.01.09-22.54.49:308][146]Cmd: MAP LOAD FILE="../../../../../Git/Try1/Nikita(Boss)/SmartProjectFPS/Content/Maps/Level2.umap" TEMPLATE=0 SHOWPROGRESS=1
[2015.01.09-22.54.49:308][146]LightingResults: New page: Lighting Build
[2015.01.09-22.54.49:344][146]LoadErrors: New page: Loading map: Level2.umap
[2015.01.09-22.54.49:346][146]MapCheck: New page: Map Check
[2015.01.09-22.54.49:346][146]LightingResults: New page: Lighting Build
[2015.01.09-22.54.49:398][146]LogParticles: Destroying 0 GPU particle simulations for FXSystem 0x0000009ECE0C3F60
[2015.01.09-22.54.49:453][146]LogEditorServer: Finished looking for orphan Actors (0.000 secs)
[2015.01.09-22.54.49:453][146]LogAIModule: Creating AISystem for world Level2
[2015.01.09-22.54.49:748][146]Cmd: MAP CHECKDEP
[2015.01.09-22.54.49:749][146]MapCheck: New page: Level2 - Jan 10, 2015, 2:54:49 AM
[2015.01.09-22.54.49:883][146]MapCheck: Info Map check complete: 0 Error(s), 0 Warning(s), took 134.721ms to complete.
[2015.01.09-22.54.49:883][146]LogFileHelpers: Loading map 'Level2' took 0.628
[2015.01.09-22.54.51:529][203]BlueprintLog: New page: Pre-PIE auto-recompile
[2015.01.09-22.54.51:529][203]LogPlayLevel: [PIE] Compiling Level2 before PIE...
[2015.01.09-22.54.51:653][203]LogActorComponent: UnregisterComponent: (/Engine/Transient.CharacterMovementComponent_9) Not registered. Aborting.
[2015.01.09-22.54.51:653][203]LogActorComponent: UnregisterComponent: (/Engine/Transient.PawnSensingComponent_5) Not registered. Aborting.
[2015.01.09-22.54.51:708][203]LogPlayLevel: PIE:  Blueprint regeneration took 179 ms (1 blueprints)
[2015.01.09-22.54.51:708][203]PIE: New page: PIE session: Level2 (Jan 10, 2015, 2:54:51 AM)
[2015.01.09-22.54.51:920][203]LogPlayLevel: PIE: StaticDuplicateObject took: (0.211986s)
[2015.01.09-22.54.51:921][203]LogPlayLevel: PIE: World Init took: (0.001071s)
[2015.01.09-22.54.51:922][203]LogPlayLevel: PIE: Created PIE world by copying editor world from /Game/Maps/Level2.Level2 to /Game/Maps/UEDPIE_0_Level2.Level2 (0.213395s)
[2015.01.09-22.54.51:965][203]LogWorld: Game class is 'MyGame_C'
[2015.01.09-22.54.51:967][203]LogAIModule: Creating AISystem for world Level2
[2015.01.09-22.54.52:042][203]LogWorld: Bringing World /Game/Maps/UEDPIE_0_Level2.Level2 up for play (max tick rate 60) at 2015.01.10-00.54.52
[2015.01.09-22.54.52:043][203]LogWorld: Bringing up level for play took: 0.076148
[2015.01.09-22.54.52:067][203]LogBlueprintUserMessages: huii
[2015.01.09-22.54.52:067][203]LogArray:Warning: Attempted to get an item from array CallFunc_GetAllActorsOfClass_OutActors out of bounds [1/0]!
[2015.01.09-22.54.52:071][203]PIE: Info Play in editor start time for /Game/Maps/UEDPIE_0_Level2 1.516
[2015.01.09-22.54.53:954][271]LogBlueprintUserMessages: GranadeLauncher
[2015.01.09-22.54.54:670][299]LogBlueprintUserMessages: AutoWeapon
[2015.01.09-22.55.01:623][539]LogBlueprintUserMessages: GranadeLauncher
[2015.01.09-22.55.25:431][427]LogBlueprintUserMessages: AutoWeapon
[2015.01.09-22.55.28:825][543]LogBlueprintUserMessages: GranadeLauncher
[2015.01.09-22.55.32:859][690]LogBlueprintUserMessages: GranadeLauncher
[2015.01.09-22.55.42:734][ 51]LogBlueprintUserMessages: AutoWeapon
[2015.01.09-22.55.48:985][285]LogBlueprintUserMessages: ShotGun
[2015.01.09-22.55.49:968][323]LogBlueprintUserMessages: AutoWeapon
[2015.01.09-22.55.51:112][365]LogBlueprintUserMessages: AutoWeapon
[2015.01.09-22.55.53:835][460]LogBlueprintUserMessages: Hello
[2015.01.09-22.55.53:866][461]LogBlueprintUserMessages: Hello
[2015.01.09-22.55.53:896][462]LogBlueprintUserMessages: Hello
[2015.01.09-22.55.53:926][463]LogBlueprintUserMessages: Hello
[2015.01.09-22.55.53:957][464]LogBlueprintUserMessages: Hello
[2015.01.09-22.55.53:989][465]LogBlueprintUserMessages: Hello
[2015.01.09-22.55.54:016][466]LogBlueprintUserMessages: Hello
[2015.01.09-22.55.54:047][467]LogBlueprintUserMessages: Hello
[2015.01.09-22.55.54:077][468]LogBlueprintUserMessages: Hello
[2015.01.09-22.55.54:107][469]LogBlueprintUserMessages: Hello
[2015.01.09-22.55.54:137][470]LogBlueprintUserMessages: Hello
[2015.01.09-22.55.54:164][471]LogBlueprintUserMessages: Hello
[2015.01.09-22.55.54:194][472]LogBlueprintUserMessages: Hello
[2015.01.09-22.55.54:225][473]LogBlueprintUserMessages: Hello
[2015.01.09-22.55.54:256][474]LogBlueprintUserMessages: Hello
[2015.01.09-22.55.54:287][475]LogBlueprintUserMessages: Hello
[2015.01.09-22.55.54:317][476]LogBlueprintUserMessages: Hello
[2015.01.09-22.55.54:347][477]LogBlueprintUserMessages: Hello
[2015.01.09-22.55.54:377][478]LogBlueprintUserMessages: Hello
[2015.01.09-22.55.54:407][479]LogBlueprintUserMessages: Hello
[2015.01.09-22.55.54:436][480]LogBlueprintUserMessages: Hello
[2015.01.09-22.55.54:467][481]LogBlueprintUserMessages: Hello
[2015.01.09-22.55.54:497][482]LogBlueprintUserMessages: Hello
[2015.01.09-22.55.54:526][483]LogBlueprintUserMessages: Hello
[2015.01.09-22.55.54:556][484]LogBlueprintUserMessages: Hello
[2015.01.09-22.55.54:586][485]LogBlueprintUserMessages: Hello
[2015.01.09-22.55.54:615][486]LogBlueprintUserMessages: Hello
[2015.01.09-22.55.54:645][487]LogBlueprintUserMessages: Hello
[2015.01.09-22.55.54:674][488]LogBlueprintUserMessages: Hello
[2015.01.09-22.55.54:703][489]LogBlueprintUserMessages: Hello
[2015.01.09-22.55.54:732][490]LogBlueprintUserMessages: Hello
[2015.01.09-22.55.54:763][491]LogBlueprintUserMessages: Hello
[2015.01.09-22.55.54:793][492]LogBlueprintUserMessages: Hello
[2015.01.09-22.55.54:822][493]LogBlueprintUserMessages: Hello
[2015.01.09-22.55.54:852][494]LogBlueprintUserMessages: Hello
[2015.01.09-22.55.54:879][495]LogBlueprintUserMessages: Hello
[2015.01.09-22.55.54:908][496]LogBlueprintUserMessages: Hello
[2015.01.09-22.55.54:938][497]LogBlueprintUserMessages: Hello
[2015.01.09-22.55.54:969][498]LogBlueprintUserMessages: Hello
[2015.01.09-22.55.54:995][499]LogBlueprintUserMessages: Hello
[2015.01.09-22.55.55:025][500]LogBlueprintUserMessages: Hello
[2015.01.09-22.55.55:055][501]LogBlueprintUserMessages: Hello
[2015.01.09-22.55.55:085][502]LogBlueprintUserMessages: Hello
[2015.01.09-22.55.55:116][503]LogBlueprintUserMessages: Hello
[2015.01.09-22.55.55:146][504]LogBlueprintUserMessages: Hello
[2015.01.09-22.55.55:172][505]LogBlueprintUserMessages: Hello
[2015.01.09-22.55.55:200][506]LogBlueprintUserMessages: Hello
[2015.01.09-22.55.55:229][507]LogBlueprintUserMessages: Hello
[2015.01.09-22.55.55:253][508]LogBlueprintUserMessages: Hello
[2015.01.09-22.55.55:281][509]LogBlueprintUserMessages: Hello
[2015.01.09-22.55.55:307][510]LogBlueprintUserMessages: Hello
[2015.01.09-22.55.55:333][511]LogBlueprintUserMessages: Hello
[2015.01.09-22.55.55:359][512]LogBlueprintUserMessages: Hello
[2015.01.09-22.55.55:386][513]LogBlueprintUserMessages: Hello
[2015.01.09-22.55.55:414][514]LogBlueprintUserMessages: Hello
[2015.01.09-22.55.55:441][515]LogBlueprintUserMessages: Hello
[2015.01.09-22.55.55:468][516]LogBlueprintUserMessages: Hello
[2015.01.09-22.55.55:495][517]LogBlueprintUserMessages: Hello
[2015.01.09-22.55.55:520][518]LogBlueprintUserMessages: Hello
[2015.01.09-22.55.55:547][519]LogBlueprintUserMessages: Hello
[2015.01.09-22.55.55:574][520]LogBlueprintUserMessages: Hello
[2015.01.09-22.55.55:600][521]LogBlueprintUserMessages: Hello
[2015.01.09-22.55.55:626][522]LogBlueprintUserMessages: Hello
[2015.01.09-22.55.55:653][523]LogBlueprintUserMessages: Hello
[2015.01.09-22.55.55:680][524]LogBlueprintUserMessages: Hello
[2015.01.09-22.55.55:706][525]LogBlueprintUserMessages: Hello
[2015.01.09-22.55.55:733][526]LogBlueprintUserMessages: Hello
[2015.01.09-22.55.55:760][527]LogBlueprintUserMessages: Hello
[2015.01.09-22.55.55:787][528]LogBlueprintUserMessages: Hello
[2015.01.09-22.55.55:814][529]LogBlueprintUserMessages: Hello
[2015.01.09-22.55.55:879][529]LogPackageName: SearchForPackageOnDisk took   0.065s to resolve Level3.umap
[2015.01.09-22.55.55:953][530]LogPackageName: SearchForPackageOnDisk took   0.062s to resolve Level3.umap
[2015.01.09-22.55.55:990][530]LogNet: Browse: /Game/Maps/Level3
[2015.01.09-22.55.56:061][530]LogLoad: LoadMap: /Game/Maps/Level3
[2015.01.09-22.55.56:200][530]LogParticles: Destroying 0 GPU particle simulations for FXSystem 0x0000009EDB3820C0
[2015.01.09-22.55.56:200][530]Cmd: MEM
[2015.01.09-22.55.56:254][530]LogMemory: Platform Memory Stats for Windows
[2015.01.09-22.55.56:254][530]LogMemory: Process Physical Memory: 581.18 MB used, 631.33 MB peak
[2015.01.09-22.55.56:254][530]LogMemory: Process Virtual Memory: 482.95 MB used, 557.12 MB peak
[2015.01.09-22.55.56:254][530]LogMemory: Physical Memory: 2978.54 MB used, 8077.32 MB total
[2015.01.09-22.55.56:254][530]LogMemory: Virtual Memory: 1016.76 MB used, 134217728.00 MB total
[2015.01.09-22.55.56:254][530]LogMemory: 
[2015.01.09-22.55.56:254][530]Allocator Stats for TBB: (not implemented)
[2015.01.09-22.55.58:195][530]LogMaterial: Missing cached shader map for material T_Door_M_Mat, compiling.
[2015.01.09-22.55.58:197][530]LogMaterial:Warning: Failed to compile Material /Game/StarterContent/Textures/T_Door_M_Mat.T_Door_M_Mat for platform PCD3D_SM5, Default Material will be used in game.
[2015.01.09-22.55.58:197][530]LogMaterial:Warning: 	(Node TextureSample) TextureSample> Sampler type is Color, should be Masks for /Game/StarterContent/Textures/T_Door_M.T_Door_M
[2015.01.09-22.55.58:509][530]LogTexture:Display: Building textures: HQ_Lightmap1_1 (AutoDXT)
[2015.01.09-22.55.58:911][530]LogTexture:Display: Building textures: HQ_Lightmap1_2 (AutoDXT)
[2015.01.09-22.55.58:961][530]LogTexture:Display: Building textures: HQ_Lightmap1_3 (AutoDXT)
[2015.01.09-22.55.59:071][530]LogTexture:Display: Building textures: LQ_Lightmap_1_1 (DXT1)
[2015.01.09-22.55.59:116][530]LogTexture:Display: Building textures: LQ_Lightmap_1_2 (DXT1)
[2015.01.09-22.55.59:128][530]LogTexture:Display: Building textures: LQ_Lightmap_1_3 (DXT1)
[2015.01.09-22.56.01:901][530]LogWorld: Game class is 'MyGame_C'
[2015.01.09-22.56.01:902][530]LogAIModule: Creating AISystem for world Level3
[2015.01.09-22.56.01:920][530]LogWorld: Bringing World /Game/Maps/UEDPIE_0_Level3.Level3 up for play (max tick rate 60) at 2015.01.10-00.56.01
[2015.01.09-22.56.01:923][530]LogWorld: Bringing up level for play took: 0.020221
[2015.01.09-22.56.01:925][530]LogArray:Warning: Attempted to get an item from array CallFunc_GetAllActorsOfClass_OutActors out of bounds [7/6]!
[2015.01.09-22.56.01:925][530]LogArray:Warning: Attempted to get an item from array CallFunc_GetAllActorsOfClass_OutActors out of bounds [7/6]!
[2015.01.09-22.56.01:925][530]LogArray:Warning: Attempted to get an item from array CallFunc_GetAllActorsOfClass_OutActors out of bounds [7/6]!
[2015.01.09-22.56.01:925][530]LogArray:Warning: Attempted to get an item from array CallFunc_GetAllActorsOfClass_OutActors out of bounds [7/6]!
[2015.01.09-22.56.01:925][530]LogArray:Warning: Attempted to get an item from array CallFunc_GetAllActorsOfClass_OutActors out of bounds [7/6]!
[2015.01.09-22.56.01:925][530]LogArray:Warning: Attempted to get an item from array CallFunc_GetAllActorsOfClass_OutActors out of bounds [7/6]!
[2015.01.09-22.56.01:925][530]LogArray:Warning: Attempted to get an item from array CallFunc_GetAllActorsOfClass_OutActors out of bounds [7/6]!
[2015.01.09-22.56.24:189][384]LogParticles: Destroying 0 GPU particle simulations for FXSystem 0x0000009EDE523420
[2015.01.09-22.56.26:816][468]LogParticles:Warning: InitializeSystem called on an unregistered component. Template=/Game/StarterContent/Particles/P_Steam_Lit.P_Steam_Lit Component=/Game/Maps/Level3.Level3:PersistentLevel.P_Steam_Lit_2.ParticleSystemComponent0
[2015.01.09-22.56.26:907][468]Cmd: MAP LOAD FILE="../../../../../Git/Try1/Nikita(Boss)/SmartProjectFPS/Content/Maps/Level3.umap" TEMPLATE=0 SHOWPROGRESS=1
[2015.01.09-22.56.26:907][468]LightingResults: New page: Lighting Build
[2015.01.09-22.56.26:947][468]LoadErrors: New page: Loading map: Level3.umap
[2015.01.09-22.56.26:948][468]MapCheck: New page: Map Check
[2015.01.09-22.56.26:948][468]LightingResults: New page: Lighting Build
[2015.01.09-22.56.27:002][468]LogParticles: Destroying 0 GPU particle simulations for FXSystem 0x0000009EDB380AE0
[2015.01.09-22.56.27:030][468]LogEditorServer: Finished looking for orphan Actors (0.000 secs)
[2015.01.09-22.56.27:031][468]LogAIModule: Creating AISystem for world Level3
[2015.01.09-22.56.27:321][468]Cmd: MAP CHECKDEP
[2015.01.09-22.56.27:322][468]MapCheck: New page: Level3 - Jan 10, 2015, 2:56:27 AM
[2015.01.09-22.56.27:471][468]MapCheck: Info Map check complete: 0 Error(s), 0 Warning(s), took 149.444ms to complete.
[2015.01.09-22.56.27:471][468]LogFileHelpers: Loading map 'Level3' took 0.567
[2015.01.09-22.56.30:782][577]LogEditorViewport: Clicking on Actor (LMB): StaticMeshActor (Floor_400x401)
[2015.01.09-22.56.31:071][580]LogEditorViewport: Clicking on Actor (double click): StaticMeshActor (Floor_400x401)
[2015.01.09-22.56.32:525][635]LogEditorViewport: Clicking on Actor (LMB): StaticMeshActor (Floor_400x401)
[2015.01.09-22.56.33:182][660]LogEditorViewport: Clicking on Actor (LMB): AIDummy_C (AIDummy_3)
[2015.01.09-22.56.36:337][776]LogContentBrowser:Verbose: The content browser source was changed by the sources view to '/Game/Blueprints'
[2015.01.09-22.56.50:824][131]Cmd: OBJ SAVEPACKAGE PACKAGE="/Game/Blueprints/AIDummy" FILE="../../../../../Git/Try1/Nikita(Boss)/SmartProjectFPS/Content/Blueprints/AIDummy.uasset" SILENT=true
[2015.01.09-22.56.51:429][131]LogSavePackage: Save=568.709595ms
[2015.01.09-22.56.51:429][131]LogSavePackage: Moving '../../../../../Git/Try1/Nikita(Boss)/SmartProjectFPS/Saved/AIDummyA13B588F427F5D1B28CEF0ACD00F3836.tmp' to '../../../../../Git/Try1/Nikita(Boss)/SmartProjectFPS/Content/Blueprints/AIDummy.uasset'
[2015.01.09-22.57.09:179][779]BlueprintLog: New page: Pre-PIE auto-recompile
[2015.01.09-22.57.09:313][779]LogActorComponent: UnregisterComponent: (/Engine/Transient.CharacterMovementComponent_10) Not registered. Aborting.
[2015.01.09-22.57.09:313][779]LogActorComponent: UnregisterComponent: (/Engine/Transient.PawnSensingComponent_6) Not registered. Aborting.
[2015.01.09-22.57.09:313][779]LogActorComponent: UnregisterComponent: (/Engine/Transient.ProjectileMovementComponent_11) Not registered. Aborting.
[2015.01.09-22.57.09:313][779]LogActorComponent: UnregisterComponent: (/Engine/Transient.CharacterMovementComponent_11) Not registered. Aborting.
[2015.01.09-22.57.09:313][779]LogActorComponent: UnregisterComponent: (/Engine/Transient.ProjectileMovementComponent_12) Not registered. Aborting.
[2015.01.09-22.57.09:313][779]LogActorComponent: UnregisterComponent: (/Engine/Transient.ProjectileMovementComponent_13) Not registered. Aborting.
[2015.01.09-22.57.09:313][779]LogActorComponent: UnregisterComponent: (/Engine/Transient.CharacterMovementComponent_12) Not registered. Aborting.
[2015.01.09-22.57.09:313][779]LogActorComponent: UnregisterComponent: (/Engine/Transient.PawnSensingComponent_7) Not registered. Aborting.
[2015.01.09-22.57.09:313][779]LogPlayLevel: [PIE] Compiling AIDummy before PIE...
[2015.01.09-22.57.09:878][779]LogPlayLevel: [PIE] Compiling Level3 before PIE...
[2015.01.09-22.57.10:046][779]LogPlayLevel: PIE:  Blueprint regeneration took 867 ms (2 blueprints)
[2015.01.09-22.57.10:047][779]PIE: New page: PIE session: Level3 (Jan 10, 2015, 2:57:10 AM)
[2015.01.09-22.57.10:201][779]LogPlayLevel: PIE: StaticDuplicateObject took: (0.153911s)
[2015.01.09-22.57.10:202][779]LogPlayLevel: PIE: World Init took: (0.001092s)
[2015.01.09-22.57.10:202][779]LogPlayLevel: PIE: Created PIE world by copying editor world from /Game/Maps/Level3.Level3 to /Game/Maps/UEDPIE_0_Level3.Level3 (0.155327s)
[2015.01.09-22.57.10:248][779]LogWorld: Game class is 'MyGame_C'
[2015.01.09-22.57.10:250][779]LogAIModule: Creating AISystem for world Level3
[2015.01.09-22.57.10:258][779]LogWorld: Bringing World /Game/Maps/UEDPIE_0_Level3.Level3 up for play (max tick rate 60) at 2015.01.10-00.57.10
[2015.01.09-22.57.10:260][779]LogWorld: Bringing up level for play took: 0.010443
[2015.01.09-22.57.10:262][779]LogArray:Warning: Attempted to get an item from array CallFunc_GetAllActorsOfClass_OutActors out of bounds [7/6]!
[2015.01.09-22.57.10:262][779]LogArray:Warning: Attempted to get an item from array CallFunc_GetAllActorsOfClass_OutActors out of bounds [7/6]!
[2015.01.09-22.57.10:263][779]LogArray:Warning: Attempted to get an item from array CallFunc_GetAllActorsOfClass_OutActors out of bounds [7/6]!
[2015.01.09-22.57.10:263][779]LogArray:Warning: Attempted to get an item from array CallFunc_GetAllActorsOfClass_OutActors out of bounds [7/6]!
[2015.01.09-22.57.10:263][779]LogArray:Warning: Attempted to get an item from array CallFunc_GetAllActorsOfClass_OutActors out of bounds [7/6]!
[2015.01.09-22.57.10:263][779]LogArray:Warning: Attempted to get an item from array CallFunc_GetAllActorsOfClass_OutActors out of bounds [7/6]!
[2015.01.09-22.57.10:263][779]LogArray:Warning: Attempted to get an item from array CallFunc_GetAllActorsOfClass_OutActors out of bounds [7/6]!
[2015.01.09-22.57.10:263][779]PIE: Info Play in editor start time for /Game/Maps/UEDPIE_0_Level3 1.708
[2015.01.09-22.57.10:324][780]LogCharacterMovement:Warning: GetSimulationTimeStep() - Max iterations 8 hit while remaining time 0.095975 > MaxSimulationTimeStep (0.050) for 'MyCharacter_C_4'
[2015.01.09-22.57.18:356][135]LogBlueprintUserMessages: AIDummy_3
[2015.01.09-22.57.18:356][135]LogArray:Warning: Attempted to get an item from array CallFunc_GetAllActorsOfClass_OutActors out of bounds [7/6]!
[2015.01.09-22.57.18:356][135]LogArray:Warning: Attempted to get an item from array CallFunc_GetAllActorsOfClass_OutActors2 out of bounds [7/6]!
[2015.01.09-22.57.21:756][274]LogSelection:Warning: PIE object was selected: "AIDummy_C /Game/Maps/UEDPIE_0_Level3.Level3:PersistentLevel.AIDummy_C_9"
[2015.01.09-22.57.35:266][630]LogEditorViewport: Clicking Background
[2015.01.09-22.57.41:458][803]LogBlueprintUserMessages: AIDummy_6
[2015.01.09-22.57.55:767][186]LogCharacterMovement: AIDummy_C_10 is stuck and failed to move!
[2015.01.09-22.57.55:920][190]LogCharacterMovement: AIDummy_C_10 is stuck and failed to move!
[2015.01.09-22.57.55:958][191]LogCharacterMovement: AIDummy_C_10 is stuck and failed to move!
[2015.01.09-22.57.55:997][192]LogCharacterMovement: AIDummy_C_10 is stuck and failed to move!
[2015.01.09-22.57.58:504][258]LogCharacterMovement: AIDummy_C_10 is stuck and failed to move!
[2015.01.09-22.57.58:546][259]Cmd: SELECT NONE
[2015.01.09-22.57.58:548][259]LogCharacterMovement: AIDummy_C_10 is stuck and failed to move!
[2015.01.09-22.57.58:592][260]LogCharacterMovement: AIDummy_C_10 is stuck and failed to move!
[2015.01.09-22.57.58:633][261]LogCharacterMovement: AIDummy_C_10 is stuck and failed to move!
[2015.01.09-22.57.58:677][262]LogCharacterMovement: AIDummy_C_10 is stuck and failed to move!
[2015.01.09-22.57.58:696][263]LogCharacterMovement: AIDummy_C_10 is stuck and failed to move!
[2015.01.09-22.58.00:011][298]LogActorComponent: UnregisterComponent: (/Engine/Transient.CharacterMovementComponent_13) Not registered. Aborting.
[2015.01.09-22.58.00:011][298]LogActorComponent: UnregisterComponent: (/Engine/Transient.PawnSensingComponent_8) Not registered. Aborting.
[2015.01.09-22.58.00:107][299]LogParticles: Destroying 0 GPU particle simulations for FXSystem 0x0000009EE0832C00
[2015.01.09-22.58.03:988][382]LogContentBrowser:Verbose: The content browser source was changed by the sources view to '/Game/Character'
[2015.01.09-22.58.05:854][415]LogContentBrowser:Verbose: The content browser source was changed by the sources view to '/Game/Meshes'
[2015.01.09-22.58.06:370][425]LogContentBrowser:Verbose: The content browser source was changed by the sources view to '/Game/Blueprints'
[2015.01.09-22.58.07:187][440]LogContentBrowser:Verbose: The content browser source was changed by the sources view to '/Game/Character'
[2015.01.09-22.58.07:500][446]LogContentBrowser:Verbose: The content browser source was changed by the sources view to '/Game/Maps'
[2015.01.09-22.58.11:226][484]LogParticles:Warning: InitializeSystem called on an unregistered component. Template=/Game/StarterContent/Particles/P_Steam_Lit.P_Steam_Lit Component=/Game/Maps/Level4.Level4:PersistentLevel.P_Steam_Lit_2.ParticleSystemComponent0
[2015.01.09-22.58.11:247][484]LogActorComponent: UnregisterComponent: (/Engine/Transient.CharacterMovementComponent_14) Not registered. Aborting.
[2015.01.09-22.58.11:248][484]LogActorComponent: UnregisterComponent: (/Engine/Transient.ProjectileMovementComponent_14) Not registered. Aborting.
[2015.01.09-22.58.11:248][484]LogActorComponent: UnregisterComponent: (/Engine/Transient.CharacterMovementComponent_15) Not registered. Aborting.
[2015.01.09-22.58.11:248][484]LogActorComponent: UnregisterComponent: (/Engine/Transient.PawnSensingComponent_9) Not registered. Aborting.
[2015.01.09-22.58.11:248][484]LogActorComponent: UnregisterComponent: (/Engine/Transient.ProjectileMovementComponent_15) Not registered. Aborting.
[2015.01.09-22.58.11:248][484]LogActorComponent: UnregisterComponent: (/Engine/Transient.CharacterMovementComponent_16) Not registered. Aborting.
[2015.01.09-22.58.11:248][484]LogActorComponent: UnregisterComponent: (/Engine/Transient.PawnSensingComponent_10) Not registered. Aborting.
[2015.01.09-22.58.11:248][484]LogActorComponent: UnregisterComponent: (/Engine/Transient.ProjectileMovementComponent_16) Not registered. Aborting.
[2015.01.09-22.58.13:282][484]Cmd: OBJ SAVEPACKAGE PACKAGE="/Game/Maps/Level3" FILE="../../../../../Git/Try1/Nikita(Boss)/SmartProjectFPS/Content/Maps/Level3.umap" SILENT=true AUTOSAVING=false KEEPDIRTY=false
[2015.01.09-22.58.13:860][484]LogSavePackage: Save=414.979797ms
[2015.01.09-22.58.13:860][484]LogSavePackage: Moving '../../../../../Git/Try1/Nikita(Boss)/SmartProjectFPS/Saved/Level3F83C2C46467D8663F52E3AB01850E416.tmp' to '../../../../../Git/Try1/Nikita(Boss)/SmartProjectFPS/Content/Maps/Level3.umap'
[2015.01.09-22.58.14:162][484]LogFileHelpers: Saving map 'Level3' took 1.038
[2015.01.09-22.58.14:167][484]Cmd: MAP LOAD FILE="../../../../../Git/Try1/Nikita(Boss)/SmartProjectFPS/Content/Maps/Level4.umap" TEMPLATE=0 SHOWPROGRESS=1
[2015.01.09-22.58.14:167][484]LightingResults: New page: Lighting Build
[2015.01.09-22.58.14:208][484]LoadErrors: New page: Loading map: Level4.umap
[2015.01.09-22.58.14:211][484]MapCheck: New page: Map Check
[2015.01.09-22.58.14:211][484]LightingResults: New page: Lighting Build
[2015.01.09-22.58.14:277][484]LogParticles: Destroying 0 GPU particle simulations for FXSystem 0x0000009ED6262520
[2015.01.09-22.58.14:289][484]LogEditorServer: Finished looking for orphan Actors (0.000 secs)
[2015.01.09-22.58.14:290][484]LogAIModule: Creating AISystem for world Level4
[2015.01.09-22.58.14:596][484]Cmd: MAP CHECKDEP
[2015.01.09-22.58.14:597][484]MapCheck: New page: Level4 - Jan 10, 2015, 2:58:14 AM
[2015.01.09-22.58.14:756][484]MapCheck: Info Map check complete: 0 Error(s), 0 Warning(s), took 159.333ms to complete.
[2015.01.09-22.58.14:756][484]LogFileHelpers: Loading map 'Level4' took 0.591
[2015.01.09-22.58.15:562][496]LogContentBrowser:Verbose: The content browser source was changed by the sources view to '/Game/Blueprints'
[2015.01.09-22.58.19:774][578]LogSlate:Warning: Prevented a slow task dialog from being summoned while a context menu was open
[2015.01.09-22.58.27:244][883]BlueprintLog: New page: Pre-PIE auto-recompile
[2015.01.09-22.58.27:244][883]LogPlayLevel: [PIE] Compiling Level4 before PIE...
[2015.01.09-22.58.27:359][883]LogActorComponent: UnregisterComponent: (/Engine/Transient.CharacterMovementComponent_17) Not registered. Aborting.
[2015.01.09-22.58.27:359][883]LogActorComponent: UnregisterComponent: (/Engine/Transient.PawnSensingComponent_11) Not registered. Aborting.
[2015.01.09-22.58.27:359][883]LogActorComponent: UnregisterComponent: (/Engine/Transient.CharacterMovementComponent_18) Not registered. Aborting.
[2015.01.09-22.58.27:359][883]LogActorComponent: UnregisterComponent: (/Engine/Transient.CharacterMovementComponent_19) Not registered. Aborting.
[2015.01.09-22.58.27:359][883]LogActorComponent: UnregisterComponent: (/Engine/Transient.PawnSensingComponent_12) Not registered. Aborting.
[2015.01.09-22.58.27:359][883]LogActorComponent: UnregisterComponent: (/Engine/Transient.ProjectileMovementComponent_17) Not registered. Aborting.
[2015.01.09-22.58.27:359][883]LogActorComponent: UnregisterComponent: (/Engine/Transient.CharacterMovementComponent_20) Not registered. Aborting.
[2015.01.09-22.58.27:359][883]LogActorComponent: UnregisterComponent: (/Engine/Transient.ProjectileMovementComponent_18) Not registered. Aborting.
[2015.01.09-22.58.27:359][883]LogActorComponent: UnregisterComponent: (/Engine/Transient.ProjectileMovementComponent_19) Not registered. Aborting.
[2015.01.09-22.58.27:359][883]LogActorComponent: UnregisterComponent: (/Engine/Transient.CharacterMovementComponent_21) Not registered. Aborting.
[2015.01.09-22.58.27:359][883]LogActorComponent: UnregisterComponent: (/Engine/Transient.PawnSensingComponent_13) Not registered. Aborting.
[2015.01.09-22.58.27:422][883]LogPlayLevel: PIE:  Blueprint regeneration took 178 ms (1 blueprints)
[2015.01.09-22.58.27:422][883]PIE: New page: PIE session: Level4 (Jan 10, 2015, 2:58:27 AM)
[2015.01.09-22.58.27:574][883]LogPlayLevel: PIE: StaticDuplicateObject took: (0.152169s)
[2015.01.09-22.58.27:576][883]LogPlayLevel: PIE: World Init took: (0.001744s)
[2015.01.09-22.58.27:577][883]LogPlayLevel: PIE: Created PIE world by copying editor world from /Game/Maps/Level4.Level4 to /Game/Maps/UEDPIE_0_Level4.Level4 (0.154285s)
[2015.01.09-22.58.27:623][883]LogWorld: Game class is 'MyGame_C'
[2015.01.09-22.58.27:624][883]LogAIModule: Creating AISystem for world Level4
[2015.01.09-22.58.27:628][883]LogWorld: Bringing World /Game/Maps/UEDPIE_0_Level4.Level4 up for play (max tick rate 60) at 2015.01.10-00.58.27
[2015.01.09-22.58.27:628][883]LogWorld: Bringing up level for play took: 0.004136
[2015.01.09-22.58.27:885][883]LogArray:Warning: Attempted to get an item from array CallFunc_GetAllActorsOfClass_OutActors out of bounds [0/0]!
[2015.01.09-22.58.27:887][883]PIE: Info Play in editor start time for /Game/Maps/UEDPIE_0_Level4 1.332
[2015.01.09-22.58.27:958][884]LogCharacterMovement:Warning: GetSimulationTimeStep() - Max iterations 8 hit while remaining time 0.073575 > MaxSimulationTimeStep (0.050) for 'MyCharacter_C_5'
[2015.01.09-22.58.50:512][835]LogParticles: Destroying 0 GPU particle simulations for FXSystem 0x0000009ED17D0D60
[2015.01.09-22.58.55:277][968]LogContentBrowser:Verbose: The content browser source was changed by the sources view to '/Game/Blueprints/AICharacterTry1'
[2015.01.09-22.59.09:841][398]LogActorComponent: UnregisterComponent: (/Engine/Transient.ProjectileMovementComponent_20) Not registered. Aborting.
[2015.01.09-22.59.09:841][398]LogActorComponent: UnregisterComponent: (/Engine/Transient.CharacterMovementComponent_22) Not registered. Aborting.
[2015.01.09-22.59.09:841][398]LogActorComponent: UnregisterComponent: (/Engine/Transient.PawnSensingComponent_14) Not registered. Aborting.
[2015.01.09-22.59.09:841][398]LogActorComponent: UnregisterComponent: (/Engine/Transient.CharacterMovementComponent_23) Not registered. Aborting.
[2015.01.09-22.59.09:841][398]LogActorComponent: UnregisterComponent: (/Engine/Transient.ProjectileMovementComponent_21) Not registered. Aborting.
[2015.01.09-22.59.09:841][398]LogActorComponent: UnregisterComponent: (/Engine/Transient.CharacterMovementComponent_24) Not registered. Aborting.
[2015.01.09-22.59.09:841][398]LogActorComponent: UnregisterComponent: (/Engine/Transient.PawnSensingComponent_15) Not registered. Aborting.
[2015.01.09-22.59.09:841][398]LogActorComponent: UnregisterComponent: (/Engine/Transient.ProjectileMovementComponent_22) Not registered. Aborting.
[2015.01.09-22.59.09:841][398]LogActorComponent: UnregisterComponent: (/Engine/Transient.CharacterMovementComponent_25) Not registered. Aborting.
[2015.01.09-22.59.09:841][398]LogActorComponent: UnregisterComponent: (/Engine/Transient.PawnSensingComponent_16) Not registered. Aborting.
[2015.01.09-22.59.09:842][398]LogActorComponent: UnregisterComponent: (/Engine/Transient.CharacterMovementComponent_26) Not registered. Aborting.
[2015.01.09-22.59.09:893][398]LogParticles: Destroying 0 GPU particle simulations for FXSystem 0x0000009EE7CB4EA0
[2015.01.09-22.59.09:893][398]LogParticles: Destroying 0 GPU particle simulations for FXSystem 0x0000009EEB8289A0
[2015.01.09-22.59.09:894][398]LogParticles: Destroying 0 GPU particle simulations for FXSystem 0x0000009ED9757B00
[2015.01.09-22.59.09:894][398]LogParticles: Destroying 0 GPU particle simulations for FXSystem 0x0000009ED4F48180
[2015.01.09-22.59.11:872][399]Cmd: QUIT_EDITOR
[2015.01.09-22.59.12:254][399]LogExit: Preparing to exit.
[2015.01.09-22.59.12:615][399]LogExit: Editor shut down
[2015.01.09-22.59.12:616][399]LogExit: Transaction tracking system shut down
[2015.01.09-22.59.12:619][399]LogParticles: Destroying 0 GPU particle simulations for FXSystem 0x0000009EBC0B1120
[2015.01.09-22.59.12:620][399]LogParticles: Destroying 0 GPU particle simulations for FXSystem 0x0000009EE2349BC0
[2015.01.09-22.59.12:620][399]LogParticles: Destroying 0 GPU particle simulations for FXSystem 0x0000009ED94AF880
[2015.01.09-22.59.12:620][399]LogParticles: Destroying 0 GPU particle simulations for FXSystem 0x0000009EC26162A0
[2015.01.09-22.59.12:620][399]LogParticles: Destroying 0 GPU particle simulations for FXSystem 0x0000009EE234BE20
[2015.01.09-22.59.12:681][399]LogParticles: Destroying 0 GPU particle simulations for FXSystem 0x0000009ED31A6F20
[2015.01.09-22.59.12:681][399]LogParticles: Destroying 0 GPU particle simulations for FXSystem 0x0000009ED4B7B420
[2015.01.09-22.59.12:681][399]LogExit: Object subsystem successfully closed.
[2015.01.09-22.59.12:737][399]LogModuleManager: Shutting down and abandoning module AndroidDeviceDetection (166)
[2015.01.09-22.59.12:737][399]LogModuleManager: Shutting down and abandoning module CrashTracker (165)
[2015.01.09-22.59.12:737][399]LogModuleManager: Shutting down and abandoning module SuperSearch (164)
[2015.01.09-22.59.12:737][399]LogModuleManager: Shutting down and abandoning module SceneOutliner (163)
[2015.01.09-22.59.12:737][399]LogModuleManager: Shutting down and abandoning module EditorWidgets (162)
[2015.01.09-22.59.12:737][399]LogModuleManager: Shutting down and abandoning module CollectionManager (161)
[2015.01.09-22.59.12:737][399]LogModuleManager: Shutting down and abandoning module StatsViewer (160)
[2015.01.09-22.59.12:737][399]LogModuleManager: Shutting down and abandoning module FoliageEdit (159)
[2015.01.09-22.59.12:737][399]LogModuleManager: Shutting down and abandoning module LandscapeEditor (158)
[2015.01.09-22.59.12:737][399]LogModuleManager: Shutting down and abandoning module MeshPaint (157)
[2015.01.09-22.59.12:737][399]LogModuleManager: Shutting down and abandoning module ActorPickerMode (156)
[2015.01.09-22.59.12:737][399]LogModuleManager: Shutting down and abandoning module GeometryMode (155)
[2015.01.09-22.59.12:737][399]LogModuleManager: Shutting down and abandoning module TextureAlignMode (154)
[2015.01.09-22.59.12:737][399]LogModuleManager: Shutting down and abandoning module BspMode (153)
[2015.01.09-22.59.12:737][399]LogModuleManager: Shutting down and abandoning module PlacementMode (152)
[2015.01.09-22.59.12:737][399]LogModuleManager: Shutting down and abandoning module AutomationWorker (151)
[2015.01.09-22.59.12:737][399]LogModuleManager: Shutting down and abandoning module CharacterAI (150)
[2015.01.09-22.59.12:737][399]LogModuleManager: Shutting down and abandoning module GameProjectGeneration (149)
[2015.01.09-22.59.12:737][399]LogModuleManager: Shutting down and abandoning module IntroTutorials (148)
[2015.01.09-22.59.12:738][399]LogModuleManager: Shutting down and abandoning module EditorLiveStreaming (147)
[2015.01.09-22.59.12:738][399]LogModuleManager: Shutting down and abandoning module HardwareTargeting (146)
[2015.01.09-22.59.12:738][399]LogModuleManager: Shutting down and abandoning module BehaviorTreeEditor (145)
[2015.01.09-22.59.12:738][399]LogModuleManager: Shutting down and abandoning module DeviceProfileEditor (144)
[2015.01.09-22.59.12:738][399]LogModuleManager: Shutting down and abandoning module UndoHistory (143)
[2015.01.09-22.59.12:738][399]LogModuleManager: Shutting down and abandoning module GameplayTagsEditor (142)
[2015.01.09-22.59.12:738][399]LogModuleManager: Shutting down and abandoning module UserFeedback (141)
[2015.01.09-22.59.12:738][399]LogModuleManager: Shutting down and abandoning module XmlParser (140)
[2015.01.09-22.59.12:738][399]LogModuleManager: Shutting down and abandoning module Blutility (139)
[2015.01.09-22.59.12:738][399]LogModuleManager: Shutting down and abandoning module IOSPlatformEditor (138)
[2015.01.09-22.59.12:738][399]LogModuleManager: Shutting down and abandoning module IOSRuntimeSettings (137)
[2015.01.09-22.59.12:738][399]LogModuleManager: Shutting down and abandoning module AndroidPlatformEditor (136)
[2015.01.09-22.59.12:738][399]LogModuleManager: Shutting down and abandoning module AndroidRuntimeSettings (135)
[2015.01.09-22.59.12:738][399]LogModuleManager: Shutting down and abandoning module ProjectTargetPlatformEditor (134)
[2015.01.09-22.59.12:738][399]LogModuleManager: Shutting down and abandoning module ProjectSettingsViewer (133)
[2015.01.09-22.59.12:738][399]LogModuleManager: Shutting down and abandoning module InputBindingEditor (132)
[2015.01.09-22.59.12:738][399]LogModuleManager: Shutting down and abandoning module EditorSettingsViewer (131)
[2015.01.09-22.59.12:738][399]LogModuleManager: Shutting down and abandoning module SettingsEditor (130)
[2015.01.09-22.59.12:738][399]LogModuleManager: Shutting down and abandoning module ProjectLauncher (129)
[2015.01.09-22.59.12:738][399]LogModuleManager: Shutting down and abandoning module SessionFrontend (128)
[2015.01.09-22.59.12:738][399]LogModuleManager: Shutting down and abandoning module ProfilerClient (127)
[2015.01.09-22.59.12:738][399]LogModuleManager: Shutting down and abandoning module TargetDeviceServices (126)
[2015.01.09-22.59.12:738][399]LogModuleManager: Shutting down and abandoning module DeviceManager (125)
[2015.01.09-22.59.12:738][399]LogModuleManager: Shutting down and abandoning module AutomationController (124)
[2015.01.09-22.59.12:738][399]LogModuleManager: Shutting down and abandoning module AutomationWindow (123)
[2015.01.09-22.59.12:738][399]LogModuleManager: Shutting down and abandoning module Layers (122)
[2015.01.09-22.59.12:739][399]LogModuleManager: Shutting down and abandoning module ComponentVisualizers (121)
[2015.01.09-22.59.12:739][399]LogModuleManager: Shutting down and abandoning module DetailCustomizations (120)
[2015.01.09-22.59.12:739][399]LogModuleManager: Shutting down and abandoning module PackagesDialog (119)
[2015.01.09-22.59.12:739][399]LogModuleManager: Shutting down and abandoning module AssetRegistry (118)
[2015.01.09-22.59.12:782][399]LogModuleManager: Shutting down and abandoning module Persona (117)
[2015.01.09-22.59.12:782][399]LogModuleManager: Shutting down and abandoning module Kismet (116)
[2015.01.09-22.59.12:782][399]LogModuleManager: Shutting down and abandoning module GraphEditor (115)
[2015.01.09-22.59.12:782][399]LogModuleManager: Shutting down and abandoning module ClassViewer (114)
[2015.01.09-22.59.12:782][399]LogModuleManager: Shutting down and abandoning module Toolbox (113)
[2015.01.09-22.59.12:782][399]LogModuleManager: Shutting down and abandoning module ModuleUI (112)
[2015.01.09-22.59.12:782][399]LogModuleManager: Shutting down and abandoning module MovieSceneTools (111)
[2015.01.09-22.59.12:782][399]LogModuleManager: Shutting down and abandoning module OutputLog (110)
[2015.01.09-22.59.12:782][399]LogModuleManager: Shutting down and abandoning module GammaUI (109)
[2015.01.09-22.59.12:782][399]LogModuleManager: Shutting down and abandoning module Documentation (108)
[2015.01.09-22.59.12:782][399]LogModuleManager: Shutting down and abandoning module GameLiveStreaming (107)
[2015.01.09-22.59.12:782][399]LogModuleManager: Shutting down and abandoning module StreamingPauseRendering (106)
[2015.01.09-22.59.12:782][399]LogModuleManager: Shutting down and abandoning module HTTP (105)
[2015.01.09-22.59.12:783][399]LogModuleManager: Shutting down and abandoning module AnalyticsET (104)
[2015.01.09-22.59.12:783][399]LogModuleManager: Shutting down and abandoning module Analytics (103)
[2015.01.09-22.59.12:783][399]LogModuleManager: Shutting down and abandoning module GameplayDebugger (102)
[2015.01.09-22.59.12:783][399]LogModuleManager: Shutting down and abandoning module AIModule (101)
[2015.01.09-22.59.12:783][399]LogModuleManager: Shutting down and abandoning module ProfilerService (100)
[2015.01.09-22.59.12:871][399]LogModuleManager: Shutting down and abandoning module TaskGraph (99)
[2015.01.09-22.59.12:871][399]LogModuleManager: Shutting down and abandoning module SlateRemote (98)
[2015.01.09-22.59.12:871][399]LogModuleManager: Shutting down and abandoning module ScriptEditorPlugin (97)
[2015.01.09-22.59.12:871][399]LogModuleManager: Shutting down and abandoning module CustomMeshComponent (96)
[2015.01.09-22.59.12:871][399]LogModuleManager: Shutting down and abandoning module CableComponent (95)
[2015.01.09-22.59.12:871][399]LogModuleManager: Shutting down and abandoning module MessagingDebugger (94)
[2015.01.09-22.59.12:871][399]LogModuleManager: Shutting down and abandoning module MediaPlayerEditor (93)
[2015.01.09-22.59.12:871][399]LogModuleManager: Shutting down and abandoning module SpeedTreeImporter (92)
[2015.01.09-22.59.12:871][399]LogModuleManager: Shutting down and abandoning module PluginsEditor (91)
[2015.01.09-22.59.12:871][399]LogModuleManager: Shutting down and abandoning module EpicSurvey (90)
[2015.01.09-22.59.12:871][399]LogModuleManager: Shutting down and abandoning module DesktopPlatform (89)
[2015.01.09-22.59.12:871][399]LogModuleManager: Shutting down and abandoning module VisualStudioSourceCodeAccess (88)
[2015.01.09-22.59.12:871][399]LogModuleManager: Shutting down and abandoning module UObjectPlugin (87)
[2015.01.09-22.59.12:871][399]LogModuleManager: Shutting down and abandoning module SubversionSourceControl (86)
[2015.01.09-22.59.12:871][399]LogModuleManager: Shutting down and abandoning module SourceControl (85)
[2015.01.09-22.59.12:871][399]LogModuleManager: Shutting down and abandoning module PerforceSourceControl (84)
[2015.01.09-22.59.12:871][399]LogModuleManager: Shutting down and abandoning module BlankPlugin (83)
[2015.01.09-22.59.12:871][399]LogModuleManager: Shutting down and abandoning module SlateReflector (82)
[2015.01.09-22.59.12:871][399]LogModuleManager: Shutting down and abandoning module DirectoryWatcher (81)
[2015.01.09-22.59.12:871][399]LogModuleManager: Shutting down and abandoning module HotReload (80)
[2015.01.09-22.59.12:872][399]LogModuleManager: Shutting down and abandoning module MainFrame (79)
[2015.01.09-22.59.12:872][399]LogModuleManager: Shutting down and abandoning module LevelEditor (78)
[2015.01.09-22.59.12:873][399]LogModuleManager: Shutting down and abandoning module ViewportSnapping (77)
[2015.01.09-22.59.12:873][399]LogModuleManager: Shutting down and abandoning module SmartSnapping (76)
[2015.01.09-22.59.12:873][399]LogModuleManager: Shutting down and abandoning module PaperTiledImporter (75)
[2015.01.09-22.59.12:873][399]LogModuleManager: Shutting down and abandoning module PaperJsonImporter (74)
[2015.01.09-22.59.12:873][399]LogModuleManager: Shutting down and abandoning module ContentBrowser (73)
[2015.01.09-22.59.12:873][399]LogModuleManager: Shutting down and abandoning module PropertyEditor (72)
[2015.01.09-22.59.12:873][399]LogModuleManager: Shutting down and abandoning module Paper2DEditor (71)
[2015.01.09-22.59.12:873][399]LogModuleManager: Shutting down and abandoning module ScriptPlugin (70)
[2015.01.09-22.59.12:873][399]LogModuleManager: Shutting down and abandoning module UdpMessaging (69)
[2015.01.09-22.59.12:974][399]LogModuleManager: Shutting down and abandoning module Paper2D (68)
[2015.01.09-22.59.12:974][399]LogModuleManager: Shutting down and abandoning module WindowsMoviePlayer (67)
[2015.01.09-22.59.12:984][399]LogModuleManager: Shutting down and abandoning module Media (66)
[2015.01.09-22.59.12:984][399]LogModuleManager: Shutting down and abandoning module WmfMedia (65)
[2015.01.09-22.59.12:985][399]LogModuleManager: Shutting down and abandoning module OnlineBlueprintSupport (64)
[2015.01.09-22.59.12:985][399]LogModuleManager: Shutting down and abandoning module FunctionalTesting (63)
[2015.01.09-22.59.12:985][399]LogModuleManager: Shutting down and abandoning module CollisionAnalyzer (62)
[2015.01.09-22.59.12:985][399]LogModuleManager: Shutting down and abandoning module WorkspaceMenuStructure (61)
[2015.01.09-22.59.12:985][399]LogModuleManager: Shutting down and abandoning module MessageLog (60)
[2015.01.09-22.59.12:985][399]LogModuleManager: Shutting down and abandoning module Sequencer (59)
[2015.01.09-22.59.12:985][399]LogModuleManager: Shutting down and abandoning module AssetTools (58)
[2015.01.09-22.59.12:986][399]LogModuleManager: Shutting down and abandoning module UMGEditor (57)
[2015.01.09-22.59.12:986][399]LogModuleManager: Shutting down and abandoning module UMG (56)
[2015.01.09-22.59.12:986][399]LogModuleManager: Shutting down and abandoning module Slate (55)
[2015.01.09-22.59.12:986][399]LogModuleManager: Shutting down and abandoning module EditorStyle (54)
[2015.01.09-22.59.12:990][399]LogModuleManager: Shutting down and abandoning module SessionServices (53)
[2015.01.09-22.59.12:990][399]LogModuleManager: Shutting down and abandoning module SourceCodeAccess (52)
[2015.01.09-22.59.12:990][399]LogModuleManager: Shutting down and abandoning module HeadMountedDisplay (51)
[2015.01.09-22.59.12:990][399]LogModuleManager: Shutting down and abandoning module XAudio2 (50)
[2015.01.09-22.59.12:991][399]LogModuleManager: Shutting down and abandoning module Networking (48)
[2015.01.09-22.59.12:991][399]LogModuleManager: Shutting down and abandoning module Core (47)
[2015.01.09-22.59.12:991][399]LogModuleManager: Shutting down and abandoning module KismetCompiler (46)
[2015.01.09-22.59.12:991][399]LogModuleManager: Shutting down and abandoning module PhysXFormats (45)
[2015.01.09-22.59.12:991][399]LogModuleManager: Shutting down and abandoning module MeshUtilities (44)
[2015.01.09-22.59.12:991][399]LogModuleManager: Shutting down and abandoning module DerivedDataCache (43)
[2015.01.09-22.59.13:078][399]LogDerivedDataCache: Shutdown
[2015.01.09-22.59.13:078][399]LogModuleManager: Shutting down and abandoning module ShaderFormatOpenGL (42)
[2015.01.09-22.59.13:078][399]LogModuleManager: Shutting down and abandoning module ShaderFormatD3D (41)
[2015.01.09-22.59.13:078][399]LogModuleManager: Shutting down and abandoning module MetalShaderFormat (40)
[2015.01.09-22.59.13:078][399]LogModuleManager: Shutting down and abandoning module TextureFormatUncompressed (39)
[2015.01.09-22.59.13:078][399]LogModuleManager: Shutting down and abandoning module TextureFormatPVR (38)
[2015.01.09-22.59.13:078][399]LogModuleManager: Shutting down and abandoning module TextureFormatDXT (37)
[2015.01.09-22.59.13:078][399]LogModuleManager: Shutting down and abandoning module TextureFormatAndroid (36)
[2015.01.09-22.59.13:078][399]LogModuleManager: Shutting down and abandoning module AudioFormatOpus (35)
[2015.01.09-22.59.13:078][399]LogModuleManager: Shutting down and abandoning module AudioFormatOgg (34)
[2015.01.09-22.59.13:078][399]LogModuleManager: Shutting down and abandoning module AudioFormatADPCM (33)
[2015.01.09-22.59.13:078][399]LogModuleManager: Shutting down and abandoning module Messaging (32)
[2015.01.09-22.59.13:078][399]LogModuleManager: Shutting down and abandoning module IOSTargetPlatform (31)
[2015.01.09-22.59.13:078][399]LogModuleManager: Shutting down and abandoning module Android_PVRTCTargetPlatform (30)
[2015.01.09-22.59.13:078][399]LogModuleManager: Shutting down and abandoning module Android_ETC2TargetPlatform (29)
[2015.01.09-22.59.13:078][399]LogModuleManager: Shutting down and abandoning module Android_ETC1TargetPlatform (28)
[2015.01.09-22.59.13:078][399]LogModuleManager: Shutting down and abandoning module Android_DXTTargetPlatform (27)
[2015.01.09-22.59.13:078][399]LogModuleManager: Shutting down and abandoning module Android_ATCTargetPlatform (26)
[2015.01.09-22.59.13:078][399]LogModuleManager: Shutting down and abandoning module AndroidTargetPlatform (25)
[2015.01.09-22.59.13:078][399]LogModuleManager: Shutting down and abandoning module WindowsTargetPlatform (24)
[2015.01.09-22.59.13:078][399]LogModuleManager: Shutting down and abandoning module WindowsServerTargetPlatform (23)
[2015.01.09-22.59.13:078][399]LogModuleManager: Shutting down and abandoning module WindowsNoEditorTargetPlatform (22)
[2015.01.09-22.59.13:078][399]LogModuleManager: Shutting down and abandoning module WindowsClientTargetPlatform (21)
[2015.01.09-22.59.13:078][399]LogModuleManager: Shutting down and abandoning module TargetPlatform (20)
[2015.01.09-22.59.13:078][399]LogModuleManager: Shutting down and abandoning module InputCore (19)
[2015.01.09-22.59.13:078][399]LogModuleManager: Shutting down and abandoning module Settings (18)
[2015.01.09-22.59.13:078][399]LogModuleManager: Shutting down and abandoning module ImageWrapper (17)
[2015.01.09-22.59.13:078][399]LogModuleManager: Shutting down and abandoning module OculusRift (14)
[2015.01.09-22.59.13:078][399]LogModuleManager: Shutting down and abandoning module ExampleDeviceProfileSelector (13)
[2015.01.09-22.59.13:078][399]LogModuleManager: Shutting down and abandoning module TextureCompressor (12)
[2015.01.09-22.59.13:078][399]LogModuleManager: Shutting down and abandoning module ShaderCore (11)
[2015.01.09-22.59.13:078][399]LogModuleManager: Shutting down and abandoning module SlateRHIRenderer (10)
[2015.01.09-22.59.13:080][399]LogModuleManager: Shutting down and abandoning module OpenGLDrv (9)
[2015.01.09-22.59.13:080][399]LogModuleManager: Shutting down and abandoning module D3D11RHI (8)
[2015.01.09-22.59.13:080][399]LogModuleManager: Shutting down and abandoning module Renderer (7)
[2015.01.09-22.59.13:080][399]LogModuleManager: Shutting down and abandoning module Engine (6)
[2015.01.09-22.59.13:080][399]LogModuleManager: Shutting down and abandoning module CoreUObject (5)
[2015.01.09-22.59.13:080][399]LogModuleManager: Shutting down and abandoning module NetworkFile (4)
[2015.01.09-22.59.13:080][399]LogModuleManager: Shutting down and abandoning module StreamingFile (3)
[2015.01.09-22.59.13:080][399]LogModuleManager: Shutting down and abandoning module SandboxFile (2)
[2015.01.09-22.59.13:080][399]LogModuleManager: Shutting down and abandoning module PakFile (1)
[2015.01.09-22.59.13:080][399]LogExit: Exiting.
[2015.01.09-22.59.13:093][399]Log file closed, 01/10/15 00:59:13
