Log file open, 12/28/14 21:26:07
LogInit:Display: Running engine for game: SmartProjectFPS
LogInit: Version: 4.5.1-2336687+++depot+UE4-Releases+4.5
LogInit: API Version: 2326478
LogInit: Compiled (64-bit): Oct 21 2014 22:32:40
LogInit: Compiled with Visual C++: 18.00.21005.01
LogInit: Build Configuration: Development
LogInit: Branch Name: ++depot+UE4-Releases+4.5
LogInit: Command line: 
LogInit: Base directory: F:/ExtraSoft/UnrealEngine/4.5/Engine/Binaries/Win64/
LogInit: Rocket: 1
[2014.12.28-19.26.07:981][  0]LogTaskGraph: Started task graph with 3 named threads and 4 total threads.
[2014.12.28-19.26.08:020][  0]LogOnline:Warning: No default platform service specified for OnlineSubsystem
[2014.12.28-19.26.08:041][  0]LogInit: Presizing for 0 objects not considered by GC, pre-allocating 0 bytes.
[2014.12.28-19.26.08:052][  0]LogInit: Object subsystem initialized
[2014.12.28-19.26.08:055][  0]LogConsoleResponse:Warning: Skipping Unknown console variable: 'UIScaleRule = ShortestSide'
[2014.12.28-19.26.08:055][  0]LogConsoleResponse:Warning:   Found in ini file 'F:/ExtraSoft/UnrealEngine/Projects/SmartProjectFPS/Saved/Config/Windows/Engine.ini', in section '[/Script/Engine.RendererSettings]'
[2014.12.28-19.26.08:055][  0]LogConsoleResponse:Warning: Skipping Unknown console variable: 'UIScaleCurve = (EditorCurveData=(Keys=((Time=480.000000,Value=0.444000),(Time=720.000000,Value=0.666000),(Time=1080.000000,Value=1.000000),(Time=8640.000000,Value=8.000000))),ExternalCurve=None)'
[2014.12.28-19.26.08:055][  0]LogConsoleResponse:Warning:   Found in ini file 'F:/ExtraSoft/UnrealEngine/Projects/SmartProjectFPS/Saved/Config/Windows/Engine.ini', in section '[/Script/Engine.RendererSettings]'
[2014.12.28-19.26.08:056][  0]LogInit: Selected Device Profile: [Windows]
[2014.12.28-19.26.08:056][  0]LogInit: Applying CVar settings loaded from the selected device profile: [Windows]
[2014.12.28-19.26.08:104][  0]LogInit: Computer: NIKPC
[2014.12.28-19.26.08:104][  0]LogInit: User: Nikita
[2014.12.28-19.26.08:105][  0]LogInit: CPU Page size=4096, Cores=2
[2014.12.28-19.26.08:105][  0]LogInit: High frequency timer resolution =1.753831 MHz
[2014.12.28-19.26.08:105][  0]LogMemory: Memory total: Physical=7.9GB (8GB approx) Virtual=131072.0GB
[2014.12.28-19.26.08:106][  0]LogMemory: Platform Memory Stats for Windows
[2014.12.28-19.26.08:106][  0]LogMemory: Process Physical Memory: 63.19 MB used, 63.27 MB peak
[2014.12.28-19.26.08:106][  0]LogMemory: Process Virtual Memory: 38.47 MB used, 38.57 MB peak
[2014.12.28-19.26.08:106][  0]LogMemory: Physical Memory: 2395.95 MB used, 8077.43 MB total
[2014.12.28-19.26.08:106][  0]LogMemory: Virtual Memory: 282.49 MB used, 134217728.00 MB total
[2014.12.28-19.26.08:579][  0]LogD3D11RHI: Found D3D11 adapter 0: Intel(R) HD Graphics 4000 (Feature Level 11_0)
[2014.12.28-19.26.08:579][  0]LogD3D11RHI: Adapter has 1988MB of dedicated video memory, 0MB of dedicated system memory, and 2048MB of shared system memory, 1 output[s]
[2014.12.28-19.26.08:596][  0]LogD3D11RHI: Found D3D11 adapter 1: NVIDIA GeForce GT 740M    (Feature Level 11_0)
[2014.12.28-19.26.08:596][  0]LogD3D11RHI: Adapter has 1988MB of dedicated video memory, 0MB of dedicated system memory, and 2048MB of shared system memory, 0 output[s]
[2014.12.28-19.26.08:597][  0]LogD3D11RHI: Found D3D11 adapter 2: Microsoft Basic Render Driver (Feature Level 11_0)
[2014.12.28-19.26.08:597][  0]LogD3D11RHI: Adapter has 1988MB of dedicated video memory, 0MB of dedicated system memory, and 2048MB of shared system memory, 0 output[s]
[2014.12.28-19.26.08:597][  0]LogD3D11RHI: Chosen D3D11 Adapter Id = 0
[2014.12.28-19.26.08:601][  0]LogRHI: Texture pool is 1361 MB (70% of 1945 MB)
[2014.12.28-19.26.08:613][  0]LogD3D11RHI: Async texture creation enabled
[2014.12.28-19.26.08:661][  0]LogTextLocalizationManager: The requested culture ('ru_RU') has no localization data; falling back to 'en' for localization and internationalization data.
[2014.12.28-19.26.08:860][  0]LogContentStreaming: Texture pool size is 0.000000MB
[2014.12.28-19.26.14:990][  0]LogTargetPlatformManager:Display: Building Assets For Windows
[2014.12.28-19.26.15:533][  0]LogTargetPlatformManager:Display: Building Assets For Windows
[2014.12.28-19.26.15:594][  0]LogDerivedDataCache:Display: Max Cache Size: 512 MB
[2014.12.28-19.26.16:288][  0]LogDerivedDataCache: Loaded boot cache 0.69s 39MB C:/Users/Nikita/AppData/Local/UnrealEngine/4.5/DerivedDataCache/Boot.ddc.
[2014.12.28-19.26.16:288][  0]LogDerivedDataCache:Display: Loaded Boot cache: C:/Users/Nikita/AppData/Local/UnrealEngine/4.5/DerivedDataCache/Boot.ddc
[2014.12.28-19.26.16:288][  0]LogDerivedDataCache: FDerivedDataBackendGraph:  Pak pak cache file ../../../../Projects/SmartProjectFPS/DerivedDataCache/DDC.ddp not found, will not use a pak cache.
[2014.12.28-19.26.16:288][  0]LogDerivedDataCache: Unable to find inner node Pak for hierarchical cache Hierarchy.
[2014.12.28-19.26.16:394][  0]LogDerivedDataCache:Display: Pak cache opened for reading ../../../Engine/DerivedDataCache/DDC.ddp.
[2014.12.28-19.26.16:407][  0]LogDerivedDataCache: Using Local data cache path C:/Users/Nikita/AppData/Local/UnrealEngine/Common/DerivedDataCache: Writable
[2014.12.28-19.26.16:620][  0]LogMeshUtilities: No automatic mesh reduction module available
[2014.12.28-19.26.16:620][  0]LogMeshUtilities: No automatic mesh merging module available
[2014.12.28-19.26.16:873][  0]LogLinker:Warning: Asset '../../../Engine/Content/Functions/Engine_MaterialFunctions02/Texturing/FlipBook.uasset' has been saved with empty engine version. The asset will be loaded but may be incompatible.
[2014.12.28-19.26.16:876][  0]LogLinker:Warning: Asset '../../../Engine/Content/Functions/Engine_MaterialFunctions02/ExampleContent/Textures/flipbook.uasset' has been saved with empty engine version. The asset will be loaded but may be incompatible.
[2014.12.28-19.26.17:080][  0]LogInit: WinSock: version 1.1 (2.2), MaxSocks=32767, MaxUdp=65467
[2014.12.28-19.26.17:959][  0]UdpMessaging: Initializing bridge on interface 0.0.0.0:0 to multicast group 230.0.0.1:6666.
[2014.12.28-19.26.18:137][  0]LogDirectoryWatcher:Warning: Failed to begin reading directory changes for F:/ExtraSoft/UnrealEngine/Projects/SmartProjectFPS/Binaries/Win64. Error: 0
[2014.12.28-19.26.18:280][  0]SourceControl: Info Source control is disabled
[2014.12.28-19.26.18:280][  0]SourceControl: Info Source control is disabled
[2014.12.28-19.26.18:288][  0]SourceControl: Info Source control is disabled
[2014.12.28-19.26.18:407][  0]LogObj: 22915 objects as part of root set at end of initial load.
[2014.12.28-19.26.18:407][  0]LogUObjectAllocator: 4803544 out of 0 bytes used by permanent object pool.
[2014.12.28-19.26.18:470][  0]LogEngine: Initializing Engine...
[2014.12.28-19.26.18:631][  0]LogInit: XAudio2 using 'Headphones (High Definition Audio Device)' : 2 channels at 44.1 kHz using 16 bits per sample (channel mask 0x3)
[2014.12.28-19.26.18:640][  0]LogInit: FAudioDevice initialized.
[2014.12.28-19.26.18:663][  0]LogAIModule: Creating AISystem for world NewWorld
[2014.12.28-19.26.18:690][  0]LogDerivedDataCache: Saved boot cache 0.03s 39MB C:/Users/Nikita/AppData/Local/UnrealEngine/4.5/DerivedDataCache/Boot.ddc.
[2014.12.28-19.26.18:694][  0]LogInit: Texture streaming: Enabled
[2014.12.28-19.26.18:745][  0]LogInit: Transaction tracking system initialized
[2014.12.28-19.26.18:853][  0]BlueprintLog: New page: Editor Load
[2014.12.28-19.26.18:888][  0]LogAssetRegistry: FAssetRegistry took 0.0108 seconds to start up
[2014.12.28-19.26.18:888][  0]LogDirectoryWatcher:Warning: Failed to begin reading directory changes for ../../../Engine/Plugins/Experimental/CharacterAI/Content/. Error: 0
[2014.12.28-19.26.19:557][  0]LogTargetPlatformManager:Display: Building Assets For Windows
[2014.12.28-19.26.20:000][  0]LogTargetPlatformManager:Display: Building Assets For Windows
[2014.12.28-19.26.20:226][  0]LogConsoleResponse:Display: 
[2014.12.28-19.26.20:538][  0]SourceControl: Info Source control is disabled
[2014.12.28-19.26.20:538][  0]Cmd: MAP LOAD FILE="../../../../Projects/SmartProjectFPS/Content/Maps/Example_Map.umap" TEMPLATE=0 SHOWPROGRESS=1
[2014.12.28-19.26.20:538][  0]LightingResults: New page: Lighting Build
[2014.12.28-19.26.20:549][  0]MapCheck: New page: Map Check
[2014.12.28-19.26.20:549][  0]LightingResults: New page: Lighting Build
[2014.12.28-19.26.20:567][  0]LogParticles: Destroying 0 GPU particle simulations for FXSystem 0x000000136D9F2A20
[2014.12.28-19.26.22:876][  0]LogEditorServer: Finished looking for orphan Actors (0.000 secs)
[2014.12.28-19.26.22:877][  0]LogAIModule: Creating AISystem for world Example_Map
[2014.12.28-19.26.22:878][  0]Cmd: MAP CHECKDEP
[2014.12.28-19.26.22:878][  0]MapCheck: New page: Example_Map - Dec 28, 2014, 11:26:22 PM
[2014.12.28-19.26.23:015][  0]MapCheck: Info Map check complete: 0 Error(s), 0 Warning(s), took 136.911ms to complete.
[2014.12.28-19.26.23:015][  0]LogFileHelpers: Loading map 'Example_Map' took 2.477
[2014.12.28-19.26.23:102][  0]LogCollectionManager: Loaded 0 collections in 0.001440 seconds
[2014.12.28-19.26.23:227][  0]LogCrashTracker: Crashtracker disabled due to settings.
[2014.12.28-19.26.23:280][  0]LogUObjectGlobals:Warning: Failed to find object 'Class None.'
[2014.12.28-19.26.23:307][  0]LogLoad: Full Startup: 17.90 seconds (BP compile: 0.74 seconds)
[2014.12.28-19.26.23:320][  0]LogContentBrowser:Verbose: The content browser source was changed by the sources view to '/Game/Blueprints'
[2014.12.28-19.26.23:519][  0]LogRenderer:Warning: Reallocating scene render targets to support 800x568.
[2014.12.28-19.26.24:588][  3]LogAssetRegistry: Asset discovery search completed in 5.7120 seconds
[2014.12.28-19.26.26:840][ 68]LogPlayLevel: PIE:  No blueprints needed recompiling
[2014.12.28-19.26.26:840][ 68]PIE: New page: PIE session: Example_Map (Dec 28, 2014, 11:26:26 PM)
[2014.12.28-19.26.26:880][ 68]LogPlayLevel: PIE: StaticDuplicateObject took: (0.039832s)
[2014.12.28-19.26.26:881][ 68]LogPlayLevel: PIE: World Init took: (0.001260s)
[2014.12.28-19.26.26:882][ 68]LogPlayLevel: PIE: Created PIE world by copying editor world from /Game/Maps/Example_Map.Example_Map to /Game/Maps/UEDPIE_0_Example_Map.Example_Map (0.041456s)
[2014.12.28-19.26.27:197][ 68]BlueprintLog:Warning: Warning Blueprint MyGame has been migrated and requires re-saving to avoid import errors
[2014.12.28-19.26.27:198][ 68]LogWorld: Game class is 'MyGame_C'
[2014.12.28-19.26.27:199][ 68]LogAIModule: Creating AISystem for world Example_Map
[2014.12.28-19.26.27:227][ 68]LogWorld:Warning: *** WARNING - PATHS MAY NOT BE VALID ***
[2014.12.28-19.26.27:227][ 68]LogWorld: Bringing World /Game/Maps/UEDPIE_0_Example_Map.Example_Map up for play (max tick rate 0) at 2014.12.28-21.26.27
[2014.12.28-19.26.27:228][ 68]LogWorld: Bringing up level for play took: 0.028543
[2014.12.28-19.26.27:231][ 68]PIE: Info Play in editor start time for /Game/Maps/UEDPIE_0_Example_Map 0.836
[2014.12.28-19.26.30:545][167]LogBlueprintUserMessages: GranadeLauncher
[2014.12.28-19.26.31:486][199]LogBlueprintUserMessages: AutoWeapon
[2014.12.28-19.26.47:071][750]LogCharacterMovement: MyCharacter_C_0 is stuck and failed to move!
[2014.12.28-19.26.47:099][751]LogCharacterMovement: MyCharacter_C_0 is stuck and failed to move!
[2014.12.28-19.26.47:125][752]LogCharacterMovement: MyCharacter_C_0 is stuck and failed to move!
[2014.12.28-19.26.47:152][753]LogCharacterMovement: MyCharacter_C_0 is stuck and failed to move!
[2014.12.28-19.26.47:179][754]LogCharacterMovement: MyCharacter_C_0 is stuck and failed to move!
[2014.12.28-19.26.56:281][ 99]LogBlueprintUserMessages: GranadeLauncher
[2014.12.28-19.26.57:872][157]LogBlueprintUserMessages: AutoWeapon
[2014.12.28-19.27.17:275][824]LogActorComponent: UnregisterComponent: (/Engine/Transient.ProjectileMovementComponent_0) Not registered. Aborting.
[2014.12.28-19.27.17:275][824]LogActorComponent: UnregisterComponent: (/Engine/Transient.CharacterMovementComponent_0) Not registered. Aborting.
[2014.12.28-19.27.17:275][824]LogActorComponent: UnregisterComponent: (/Engine/Transient.ProjectileMovementComponent_1) Not registered. Aborting.
[2014.12.28-19.27.17:275][824]LogActorComponent: UnregisterComponent: (/Engine/Transient.CharacterMovementComponent_1) Not registered. Aborting.
[2014.12.28-19.27.17:275][824]LogActorComponent: UnregisterComponent: (/Engine/Transient.PawnSensingComponent_0) Not registered. Aborting.
[2014.12.28-19.27.17:275][824]LogActorComponent: UnregisterComponent: (/Engine/Transient.ProjectileMovementComponent_2) Not registered. Aborting.
[2014.12.28-19.27.17:337][824]LogParticles: Destroying 0 GPU particle simulations for FXSystem 0x000000136FCA8900
[2014.12.28-19.27.24:348][935]BlueprintLog: New page: Pre-PIE auto-recompile
[2014.12.28-19.27.24:348][935]LogPlayLevel: [PIE] Compiling Tutorial_BP_MacroLib before PIE...
[2014.12.28-19.27.24:488][935]LogPlayLevel: PIE:  Blueprint regeneration took 140 ms (1 blueprints)
[2014.12.28-19.27.24:489][935]PIE: New page: PIE session: Example_Map (Dec 28, 2014, 11:27:24 PM)
[2014.12.28-19.27.24:530][935]LogPlayLevel: PIE: StaticDuplicateObject took: (0.041026s)
[2014.12.28-19.27.24:531][935]LogPlayLevel: PIE: World Init took: (0.001050s)
[2014.12.28-19.27.24:531][935]LogPlayLevel: PIE: Created PIE world by copying editor world from /Game/Maps/Example_Map.Example_Map to /Game/Maps/UEDPIE_0_Example_Map.Example_Map (0.042394s)
[2014.12.28-19.27.24:575][935]LogWorld: Game class is 'MyGame_C'
[2014.12.28-19.27.24:577][935]LogAIModule: Creating AISystem for world Example_Map
[2014.12.28-19.27.24:580][935]LogWorld:Warning: *** WARNING - PATHS MAY NOT BE VALID ***
[2014.12.28-19.27.24:580][935]LogWorld: Bringing World /Game/Maps/UEDPIE_0_Example_Map.Example_Map up for play (max tick rate 0) at 2014.12.28-21.27.24
[2014.12.28-19.27.24:581][935]LogWorld: Bringing up level for play took: 0.003524
[2014.12.28-19.27.24:583][935]PIE: Info Play in editor start time for /Game/Maps/UEDPIE_0_Example_Map 0.188
[2014.12.28-19.27.25:585][977]LogBlueprintUserMessages: GranadeLauncher
[2014.12.28-19.27.28:483][106]LogBlueprintUserMessages: AutoWeapon
[2014.12.28-19.27.54:714][185]LogBlueprintUserMessages: GranadeLauncher
[2014.12.28-19.27.55:524][219]LogBlueprintUserMessages: AutoWeapon
[2014.12.28-19.27.56:647][268]LogBlueprintUserMessages: GranadeLauncher
[2014.12.28-19.28.00:795][450]LogBlueprintUserMessages: AutoWeapon
[2014.12.28-19.30.23:290][546]LogBlueprintUserMessages: GranadeLauncher
[2014.12.28-19.31.15:829][829]LogBlueprintUserMessages: GranadeLauncher
[2014.12.28-19.31.16:146][843]LogBlueprintUserMessages: AutoWeapon
[2014.12.28-19.31.16:597][863]LogBlueprintUserMessages: LazerGun
[2014.12.28-19.31.16:842][874]LogBlueprintUserMessages: ShotGun
[2014.12.28-19.31.17:454][902]LogBlueprintUserMessages: LazerGun
[2014.12.28-19.31.18:349][943]LogBlueprintUserMessages: GranadeLauncher
[2014.12.28-19.31.19:002][973]LogBlueprintUserMessages: LazerGun
[2014.12.28-19.31.20:948][ 62]LogBlueprintUserMessages: X=0.461 Y=-0.882 Z=-0.092
[2014.12.28-19.31.23:911][185]LogParticles: Destroying 0 GPU particle simulations for FXSystem 0x0000001375662020
[2014.12.28-19.31.53:745][164]BlueprintLog: New page: Pre-PIE auto-recompile
[2014.12.28-19.31.53:842][164]LogActorComponent: UnregisterComponent: (/Engine/Transient.ProjectileMovementComponent_3) Not registered. Aborting.
[2014.12.28-19.31.53:842][164]LogActorComponent: UnregisterComponent: (/Engine/Transient.CharacterMovementComponent_2) Not registered. Aborting.
[2014.12.28-19.31.53:843][164]LogActorComponent: UnregisterComponent: (/Engine/Transient.ProjectileMovementComponent_4) Not registered. Aborting.
[2014.12.28-19.31.53:843][164]LogActorComponent: UnregisterComponent: (/Engine/Transient.CharacterMovementComponent_3) Not registered. Aborting.
[2014.12.28-19.31.53:843][164]LogActorComponent: UnregisterComponent: (/Engine/Transient.PawnSensingComponent_1) Not registered. Aborting.
[2014.12.28-19.31.53:843][164]LogActorComponent: UnregisterComponent: (/Engine/Transient.ProjectileMovementComponent_5) Not registered. Aborting.
[2014.12.28-19.31.53:843][164]LogPlayLevel: [PIE] Compiling MyCharacter before PIE...
[2014.12.28-19.31.54:431][164]LogPlayLevel: [PIE] Compiling AmmoBox before PIE...
[2014.12.28-19.31.54:550][164]LogPlayLevel: [PIE] Compiling MyHUD before PIE...
[2014.12.28-19.31.54:706][164]LogPlayLevel: [PIE] Compiling SpawnAmmoBox before PIE...
[2014.12.28-19.31.54:929][164]LogPlayLevel: PIE:  Blueprint regeneration took 1184 ms (4 blueprints)
[2014.12.28-19.31.54:929][164]PIE: New page: PIE session: Example_Map (Dec 28, 2014, 11:31:54 PM)
[2014.12.28-19.31.54:970][164]LogPlayLevel: PIE: StaticDuplicateObject took: (0.040584s)
[2014.12.28-19.31.54:971][164]LogPlayLevel: PIE: World Init took: (0.001023s)
[2014.12.28-19.31.54:972][164]LogPlayLevel: PIE: Created PIE world by copying editor world from /Game/Maps/Example_Map.Example_Map to /Game/Maps/UEDPIE_0_Example_Map.Example_Map (0.042001s)
[2014.12.28-19.31.55:019][164]LogWorld: Game class is 'MyGame_C'
[2014.12.28-19.31.55:020][164]LogAIModule: Creating AISystem for world Example_Map
[2014.12.28-19.31.55:023][164]LogWorld:Warning: *** WARNING - PATHS MAY NOT BE VALID ***
[2014.12.28-19.31.55:023][164]LogWorld: Bringing World /Game/Maps/UEDPIE_0_Example_Map.Example_Map up for play (max tick rate 0) at 2014.12.28-21.31.55
[2014.12.28-19.31.55:024][164]LogWorld: Bringing up level for play took: 0.003686
[2014.12.28-19.31.55:026][164]PIE: Info Play in editor start time for /Game/Maps/UEDPIE_0_Example_Map 0.631
[2014.12.28-19.31.56:286][201]LogBlueprintUserMessages: LazerGun
[2014.12.28-19.31.56:958][230]LogBlueprintUserMessages: X=0.778 Y=-0.628 Z=-0.000
[2014.12.28-19.32.01:030][409]LogBlueprintUserMessages: X=0.810 Y=-0.586 Z=0.004
[2014.12.28-19.32.05:192][589]LogBlueprintUserMessages: X=-0.247 Y=0.968 Z=0.051
[2014.12.28-19.32.09:250][766]LogBlueprintUserMessages: X=-0.626 Y=-0.779 Z=-0.038
[2014.12.28-19.32.13:285][944]LogBlueprintUserMessages: X=-0.629 Y=-0.773 Z=-0.081
[2014.12.28-19.32.15:327][ 29]LogActorComponent: UnregisterComponent: (/Engine/Transient.CharacterMovementComponent_4) Not registered. Aborting.
[2014.12.28-19.32.15:387][ 30]LogParticles: Destroying 0 GPU particle simulations for FXSystem 0x000000137EA71D00
[2014.12.28-19.32.23:674][252]LogWindows:Error: Windows GetLastError: The operation completed successfully. (0)
[2014.12.28-19.32.23:796][252]LogCrashTracker: 


[2014.12.28-19.32.33:243][252]LogCrashTracker: 


[2014.12.28-19.32.33:244][252]LogWindows: === Critical error: ===
Assertion failed: IsValid() [File:D:\BuildFarm\buildmachine_++depot+UE4-Releases+4.5\Engine\Source\Runtime\Core\Public\Templates\SharedPointer.h] [Line: 647] 



KERNELBASE.dll!UnknownFunction (0x00007ffa38fe606c) + 0 bytes [UnknownFile:0]
UE4Editor-Core.dll!UnknownFunction (0x00007ffa1d1771c4) + 0 bytes [UnknownFile:0]
UE4Editor-Core.dll!UnknownFunction (0x00007ffa1d0098c8) + 0 bytes [UnknownFile:0]
UE4Editor-Core.dll!UnknownFunction (0x00007ffa1cfee892) + 0 bytes [UnknownFile:0]
UE4Editor-GraphEditor.dll!UnknownFunction (0x00007ffa16f063a1) + 0 bytes [UnknownFile:0]
UE4Editor-GraphEditor.dll!UnknownFunction (0x00007ffa16f4bd81) + 0 bytes [UnknownFile:0]
UE4Editor-GraphEditor.dll!UnknownFunction (0x00007ffa16f4ecb6) + 0 bytes [UnknownFile:0]
UE4Editor-GraphEditor.dll!UnknownFunction (0x00007ffa16f4d021) + 0 bytes [UnknownFile:0]
UE4Editor-GraphEditor.dll!UnknownFunction (0x00007ffa16fc176c) + 0 bytes [UnknownFile:0]
UE4Editor-GraphEditor.dll!UnknownFunction (0x00007ffa16f4c241) + 0 bytes [UnknownFile:0]
UE4Editor-GraphEditor.dll!UnknownFunction (0x00007ffa16f4f2b6) + 0 bytes [UnknownFile:0]
UE4Editor-GraphEditor.dll!UnknownFunction (0x00007ffa16f4d021) + 0 bytes [UnknownFile:0]
UE4Editor-GraphEditor.dll!UnknownFunction (0x00007ffa16fd35f5) + 0 bytes [UnknownFile:0]
UE4Editor-GraphEditor.dll!UnknownFunction (0x00007ffa16fb43a6) + 0 bytes [UnknownFile:0]
UE4Editor-Slate.dll!UnknownFunction (0x00007ffa1a2b83ef) + 0 bytes [UnknownFile:0]
UE4Editor-Slate.dll!UnknownFunction (0x00007ffa1a2a862b) + 0 bytes [UnknownFile:0]
UE4Editor-Core.dll!UnknownFunction (0x00007ffa1d0d3ce2) + 0 bytes [UnknownFile:0]
UE4Editor-Core.dll!UnknownFunction (0x00007ffa1d0c62ab) + 0 bytes [UnknownFile:0]
UE4Editor-Core.dll!UnknownFunction (0x00007ffa1d0d5019) + 0 bytes [UnknownFile:0]
UE4Editor-Core.dll!UnknownFunction (0x00007ffa1d0c3542) + 0 bytes [UnknownFile:0]
USER32.dll!UnknownFunction (0x00007ffa3b562434) + 0 bytes [UnknownFile:0]
USER32.dll!UnknownFunction (0x00007ffa3b562297) + 0 bytes [UnknownFile:0]
UE4Editor-Core.dll!UnknownFunction (0x00007ffa1d172ed6) + 0 bytes [UnknownFile:0]
UE4Editor.exe!FEngineLoop::Tick() (0x00007ff6dcc4a752) + 8 bytes [d:\buildfarm\buildmachine_++depot+ue4-releases+4.5\engine\source\runtime\launch\private\launchengineloop.cpp:2111]
UE4Editor.exe!GuardedMain() (0x00007ff6dcc3f9df) + 0 bytes [d:\buildfarm\buildmachine_++depot+ue4-releases+4.5\engine\source\runtime\launch\private\launch.cpp:133]
UE4Editor.exe!GuardedMainWrapper() (0x00007ff6dcc3fa4a) + 5 bytes [d:\buildfarm\buildmachine_++depot+ue4-releases+4.5\engine\source\runtime\launch\private\windows\launchwindows.cpp:125]
UE4Editor.exe!WinMain() (0x00007ff6dcc4bf19) + 17 bytes [d:\buildfarm\buildmachine_++depot+ue4-releases+4.5\engine\source\runtime\launch\private\windows\launchwindows.cpp:201]
UE4Editor.exe!__tmainCRTStartup() (0x00007ff6dcc4cdc9) + 21 bytes [f:\dd\vctools\crt\crtw32\dllstuff\crtexe.c:618]
KERNEL32.DLL!UnknownFunction (0x00007ffa3b8216ad) + 0 bytes [UnknownFile:0]
ntdll.dll!UnknownFunction (0x00007ffa3bb54409) + 0 bytes [UnknownFile:0]
ntdll.dll!UnknownFunction (0x00007ffa3bb54409) + 0 bytes [UnknownFile:0]


[2014.12.28-19.32.33:512][252]LogExit: Executing StaticShutdownAfterError
[2014.12.28-19.32.33:725][252]LogWindows: FPlatformMisc::RequestExit(1)
[2014.12.28-19.32.33:725][252]Log file closed, 12/28/14 21:32:33
