Log file open, 01/06/15 23:58:54
LogInit:Display: Running engine for game: SmartProjectFPS
LogInit: Version: 4.5.1-2336687+++depot+UE4-Releases+4.5
LogInit: API Version: 2326478
LogInit: Compiled (64-bit): Oct 21 2014 22:32:40
LogInit: Compiled with Visual C++: 18.00.21005.01
LogInit: Build Configuration: Development
LogInit: Branch Name: ++depot+UE4-Releases+4.5
LogInit: Command line: 
LogInit: Base directory: F:/ExtraSoft/UnrealEngine/4.5/Engine/Binaries/Win64/
LogInit: Rocket: 1
[2015.01.06-21.58.54:529][  0]LogTaskGraph: Started task graph with 3 named threads and 4 total threads.
[2015.01.06-21.58.54:562][  0]LogOnline:Warning: No default platform service specified for OnlineSubsystem
[2015.01.06-21.58.54:588][  0]LogInit: Presizing for 0 objects not considered by GC, pre-allocating 0 bytes.
[2015.01.06-21.58.54:600][  0]LogInit: Object subsystem initialized
[2015.01.06-21.58.54:604][  0]LogConsoleResponse:Warning: Skipping Unknown console variable: 'UIScaleRule = ShortestSide'
[2015.01.06-21.58.54:604][  0]LogConsoleResponse:Warning:   Found in ini file 'F:/ExtraSoft/Git/Try1/Nikita(Boss)/SmartProjectFPS/Saved/Config/Windows/Engine.ini', in section '[/Script/Engine.RendererSettings]'
[2015.01.06-21.58.54:604][  0]LogConsoleResponse:Warning: Skipping Unknown console variable: 'UIScaleCurve = (EditorCurveData=(Keys=((Time=480.000000,Value=0.444000),(Time=720.000000,Value=0.666000),(Time=1080.000000,Value=1.000000),(Time=8640.000000,Value=8.000000))),ExternalCurve=None)'
[2015.01.06-21.58.54:604][  0]LogConsoleResponse:Warning:   Found in ini file 'F:/ExtraSoft/Git/Try1/Nikita(Boss)/SmartProjectFPS/Saved/Config/Windows/Engine.ini', in section '[/Script/Engine.RendererSettings]'
[2015.01.06-21.58.54:604][  0]LogInit: Selected Device Profile: [Windows]
[2015.01.06-21.58.54:604][  0]LogInit: Applying CVar settings loaded from the selected device profile: [Windows]
[2015.01.06-21.58.54:648][  0]LogInit: Computer: NIKPC
[2015.01.06-21.58.54:648][  0]LogInit: User: Nikita
[2015.01.06-21.58.54:649][  0]LogInit: CPU Page size=4096, Cores=2
[2015.01.06-21.58.54:649][  0]LogInit: High frequency timer resolution =1.753830 MHz
[2015.01.06-21.58.54:649][  0]LogMemory: Memory total: Physical=7.9GB (8GB approx) Virtual=131072.0GB
[2015.01.06-21.58.54:650][  0]LogMemory: Platform Memory Stats for Windows
[2015.01.06-21.58.54:650][  0]LogMemory: Process Physical Memory: 63.36 MB used, 66.52 MB peak
[2015.01.06-21.58.54:650][  0]LogMemory: Process Virtual Memory: 38.52 MB used, 43.46 MB peak
[2015.01.06-21.58.54:650][  0]LogMemory: Physical Memory: 2773.91 MB used, 8077.32 MB total
[2015.01.06-21.58.54:650][  0]LogMemory: Virtual Memory: 282.49 MB used, 134217728.00 MB total
[2015.01.06-21.58.55:151][  0]LogD3D11RHI: Found D3D11 adapter 0: Intel(R) HD Graphics 4000 (Feature Level 11_0)
[2015.01.06-21.58.55:151][  0]LogD3D11RHI: Adapter has 1988MB of dedicated video memory, 0MB of dedicated system memory, and 2048MB of shared system memory, 2 output[s]
[2015.01.06-21.58.55:169][  0]LogD3D11RHI: Found D3D11 adapter 1: NVIDIA GeForce GT 740M    (Feature Level 11_0)
[2015.01.06-21.58.55:169][  0]LogD3D11RHI: Adapter has 1988MB of dedicated video memory, 0MB of dedicated system memory, and 2048MB of shared system memory, 0 output[s]
[2015.01.06-21.58.55:170][  0]LogD3D11RHI: Found D3D11 adapter 2: Microsoft Basic Render Driver (Feature Level 11_0)
[2015.01.06-21.58.55:170][  0]LogD3D11RHI: Adapter has 1988MB of dedicated video memory, 0MB of dedicated system memory, and 2048MB of shared system memory, 0 output[s]
[2015.01.06-21.58.55:170][  0]LogD3D11RHI: Chosen D3D11 Adapter Id = 0
[2015.01.06-21.58.55:175][  0]LogRHI: Texture pool is 1361 MB (70% of 1945 MB)
[2015.01.06-21.58.55:187][  0]LogD3D11RHI: Async texture creation enabled
[2015.01.06-21.58.55:348][  0]LogTextLocalizationManager: The requested culture ('ru_RU') has no localization data; falling back to 'en' for localization and internationalization data.
[2015.01.06-21.58.55:621][  0]LogContentStreaming: Texture pool size is 0.000000MB
[2015.01.06-21.59.03:526][  0]LogTargetPlatformManager:Display: Building Assets For Windows
[2015.01.06-21.59.04:552][  0]LogTargetPlatformManager:Display: Building Assets For Windows
[2015.01.06-21.59.04:715][  0]LogDerivedDataCache:Display: Max Cache Size: 512 MB
[2015.01.06-21.59.05:368][  0]LogDerivedDataCache: Loaded boot cache 0.65s 39MB C:/Users/Nikita/AppData/Local/UnrealEngine/4.5/DerivedDataCache/Boot.ddc.
[2015.01.06-21.59.05:368][  0]LogDerivedDataCache:Display: Loaded Boot cache: C:/Users/Nikita/AppData/Local/UnrealEngine/4.5/DerivedDataCache/Boot.ddc
[2015.01.06-21.59.05:368][  0]LogDerivedDataCache: FDerivedDataBackendGraph:  Pak pak cache file ../../../../../Git/Try1/Nikita(Boss)/SmartProjectFPS/DerivedDataCache/DDC.ddp not found, will not use a pak cache.
[2015.01.06-21.59.05:368][  0]LogDerivedDataCache: Unable to find inner node Pak for hierarchical cache Hierarchy.
[2015.01.06-21.59.05:477][  0]LogDerivedDataCache:Display: Pak cache opened for reading ../../../Engine/DerivedDataCache/DDC.ddp.
[2015.01.06-21.59.05:490][  0]LogDerivedDataCache: Using Local data cache path C:/Users/Nikita/AppData/Local/UnrealEngine/Common/DerivedDataCache: Writable
[2015.01.06-21.59.08:456][  0]LogMeshUtilities: No automatic mesh reduction module available
[2015.01.06-21.59.08:456][  0]LogMeshUtilities: No automatic mesh merging module available
[2015.01.06-21.59.08:919][  0]LogLinker:Warning: Asset '../../../Engine/Content/Functions/Engine_MaterialFunctions02/Texturing/FlipBook.uasset' has been saved with empty engine version. The asset will be loaded but may be incompatible.
[2015.01.06-21.59.08:922][  0]LogLinker:Warning: Asset '../../../Engine/Content/Functions/Engine_MaterialFunctions02/ExampleContent/Textures/flipbook.uasset' has been saved with empty engine version. The asset will be loaded but may be incompatible.
[2015.01.06-21.59.09:167][  0]LogInit: WinSock: version 1.1 (2.2), MaxSocks=32767, MaxUdp=65467
[2015.01.06-21.59.28:480][  0]UdpMessaging: Initializing bridge on interface 0.0.0.0:0 to multicast group 230.0.0.1:6666.
[2015.01.06-21.59.29:281][  0]LogDirectoryWatcher:Warning: Failed to begin reading directory changes for F:/ExtraSoft/Git/Try1/Nikita(Boss)/SmartProjectFPS/Binaries/Win64. Error: 0
[2015.01.06-21.59.29:805][  0]SourceControl: Info Source control is disabled
[2015.01.06-21.59.29:805][  0]SourceControl: Info Source control is disabled
[2015.01.06-21.59.29:812][  0]SourceControl: Info Source control is disabled
[2015.01.06-21.59.31:097][  0]LogObj: 22915 objects as part of root set at end of initial load.
[2015.01.06-21.59.31:097][  0]LogUObjectAllocator: 4803536 out of 0 bytes used by permanent object pool.
[2015.01.06-21.59.31:231][  0]LogEngine: Initializing Engine...
[2015.01.06-21.59.31:430][  0]LogInit: XAudio2 using 'Headphones (High Definition Audio Device)' : 2 channels at 44.1 kHz using 16 bits per sample (channel mask 0x3)
[2015.01.06-21.59.31:443][  0]LogInit: FAudioDevice initialized.
[2015.01.06-21.59.31:503][  0]LogAIModule: Creating AISystem for world NewWorld
[2015.01.06-21.59.31:529][  0]LogDerivedDataCache: Saved boot cache 0.02s 39MB C:/Users/Nikita/AppData/Local/UnrealEngine/4.5/DerivedDataCache/Boot.ddc.
[2015.01.06-21.59.31:534][  0]LogInit: Texture streaming: Enabled
[2015.01.06-21.59.31:667][  0]LogInit: Transaction tracking system initialized
[2015.01.06-21.59.32:321][  0]BlueprintLog: New page: Editor Load
[2015.01.06-21.59.32:381][  0]LogAssetRegistry: FAssetRegistry took 0.0107 seconds to start up
[2015.01.06-21.59.32:381][  0]LogDirectoryWatcher:Warning: Failed to begin reading directory changes for ../../../Engine/Plugins/Experimental/CharacterAI/Content/. Error: 0
[2015.01.06-21.59.34:672][  0]LogTargetPlatformManager:Display: Building Assets For Windows
[2015.01.06-21.59.35:266][  0]LogTargetPlatformManager:Display: Building Assets For Windows
[2015.01.06-21.59.36:067][  0]LogConsoleResponse:Display: 
[2015.01.06-21.59.36:778][  0]SourceControl: Info Source control is disabled
[2015.01.06-21.59.43:063][  0]Cmd: MAP LOAD FILE="../../../../../Git/Try1/Nikita(Boss)/SmartProjectFPS/Content/Maps/Example_Map.umap" TEMPLATE=0 SHOWPROGRESS=1
[2015.01.06-21.59.43:064][  0]LightingResults: New page: Lighting Build
[2015.01.06-21.59.43:082][  0]MapCheck: New page: Map Check
[2015.01.06-21.59.43:082][  0]LightingResults: New page: Lighting Build
[2015.01.06-21.59.43:113][  0]LogParticles: Destroying 0 GPU particle simulations for FXSystem 0x0000005EA2B5A840
[2015.01.06-21.59.46:499][  0]LogEditorServer: Finished looking for orphan Actors (0.000 secs)
[2015.01.06-21.59.46:500][  0]LogAIModule: Creating AISystem for world Example_Map
[2015.01.06-21.59.46:501][  0]Cmd: MAP CHECKDEP
[2015.01.06-21.59.46:501][  0]MapCheck: New page: Example_Map - Jan 7, 2015, 1:59:46 AM
[2015.01.06-21.59.46:678][  0]MapCheck: Info Map check complete: 0 Error(s), 0 Warning(s), took 176.082ms to complete.
[2015.01.06-21.59.46:678][  0]LogFileHelpers: Loading map 'Example_Map' took 3.615
[2015.01.06-21.59.46:954][  0]LogStats:Warning: MetaData mismatch. Did you assign a stat to two groups? New //STATGROUP_Threads//SplashScreenThread///Thread_2158_0///////STATCAT_Advanced//// old //STATGROUP_Threads//SplashScreenThread///Thread_4bbc_0///////STATCAT_Advanced////
[2015.01.06-21.59.46:954][  0]LogCollectionManager: Loaded 0 collections in 0.001921 seconds
[2015.01.06-21.59.47:248][  0]LogCrashTracker: Crashtracker disabled due to settings.
[2015.01.06-21.59.47:439][  0]LogUObjectGlobals:Warning: Failed to find object 'Class None.'
[2015.01.06-21.59.47:466][  0]LogLoad: Full Startup: 55.71 seconds (BP compile: 0.97 seconds)
[2015.01.06-21.59.47:480][  0]LogContentBrowser:Verbose: The content browser source was changed by the sources view to '/Game/StarterContent/Particles'
[2015.01.06-21.59.47:776][  0]LogRenderer:Warning: Reallocating scene render targets to support 848x568.
[2015.01.06-21.59.48:965][  5]LogAssetRegistry: Asset discovery search completed in 16.5962 seconds
[2015.01.06-21.59.55:277][126]Cmd: QUIT_EDITOR
[2015.01.06-21.59.55:812][126]LogExit: Preparing to exit.
[2015.01.06-21.59.56:763][126]LogExit: Editor shut down
[2015.01.06-21.59.56:763][126]LogExit: Transaction tracking system shut down
[2015.01.06-21.59.56:765][126]LogParticles: Destroying 0 GPU particle simulations for FXSystem 0x0000005EA7C9BA60
[2015.01.06-21.59.58:494][126]LogParticles: Destroying 0 GPU particle simulations for FXSystem 0x0000005EABD8D940
[2015.01.06-21.59.58:494][126]LogExit: Object subsystem successfully closed.
[2015.01.06-21.59.58:704][126]LogModuleManager: Shutting down and abandoning module AndroidDeviceDetection (166)
[2015.01.06-21.59.58:704][126]LogModuleManager: Shutting down and abandoning module CrashTracker (165)
[2015.01.06-21.59.58:704][126]LogModuleManager: Shutting down and abandoning module SuperSearch (164)
[2015.01.06-21.59.58:704][126]LogModuleManager: Shutting down and abandoning module SceneOutliner (163)
[2015.01.06-21.59.58:704][126]LogModuleManager: Shutting down and abandoning module EditorWidgets (162)
[2015.01.06-21.59.58:704][126]LogModuleManager: Shutting down and abandoning module CollectionManager (161)
[2015.01.06-21.59.58:718][126]LogModuleManager: Shutting down and abandoning module StatsViewer (160)
[2015.01.06-21.59.58:742][126]LogModuleManager: Shutting down and abandoning module FoliageEdit (159)
[2015.01.06-21.59.58:749][126]LogModuleManager: Shutting down and abandoning module LandscapeEditor (158)
[2015.01.06-21.59.58:777][126]LogModuleManager: Shutting down and abandoning module MeshPaint (157)
[2015.01.06-21.59.58:790][126]LogModuleManager: Shutting down and abandoning module ActorPickerMode (156)
[2015.01.06-21.59.58:790][126]LogModuleManager: Shutting down and abandoning module GeometryMode (155)
[2015.01.06-21.59.58:790][126]LogModuleManager: Shutting down and abandoning module TextureAlignMode (154)
[2015.01.06-21.59.58:790][126]LogModuleManager: Shutting down and abandoning module BspMode (153)
[2015.01.06-21.59.58:790][126]LogModuleManager: Shutting down and abandoning module PlacementMode (152)
[2015.01.06-21.59.58:790][126]LogModuleManager: Shutting down and abandoning module AutomationWorker (151)
[2015.01.06-21.59.58:790][126]LogModuleManager: Shutting down and abandoning module CharacterAI (150)
[2015.01.06-21.59.58:790][126]LogModuleManager: Shutting down and abandoning module GameProjectGeneration (149)
[2015.01.06-21.59.58:809][126]LogModuleManager: Shutting down and abandoning module IntroTutorials (148)
[2015.01.06-21.59.58:831][126]LogModuleManager: Shutting down and abandoning module EditorLiveStreaming (147)
[2015.01.06-21.59.58:831][126]LogModuleManager: Shutting down and abandoning module HardwareTargeting (146)
[2015.01.06-21.59.58:831][126]LogModuleManager: Shutting down and abandoning module BehaviorTreeEditor (145)
[2015.01.06-21.59.58:976][126]LogModuleManager: Shutting down and abandoning module DeviceProfileEditor (144)
[2015.01.06-21.59.59:039][126]LogModuleManager: Shutting down and abandoning module UndoHistory (143)
[2015.01.06-21.59.59:039][126]LogModuleManager: Shutting down and abandoning module GameplayTagsEditor (142)
[2015.01.06-21.59.59:135][126]LogModuleManager: Shutting down and abandoning module UserFeedback (141)
[2015.01.06-21.59.59:135][126]LogModuleManager: Shutting down and abandoning module XmlParser (140)
[2015.01.06-21.59.59:143][126]LogModuleManager: Shutting down and abandoning module Blutility (139)
[2015.01.06-21.59.59:156][126]LogModuleManager: Shutting down and abandoning module IOSPlatformEditor (138)
[2015.01.06-21.59.59:157][126]LogModuleManager: Shutting down and abandoning module IOSRuntimeSettings (137)
[2015.01.06-21.59.59:157][126]LogModuleManager: Shutting down and abandoning module AndroidPlatformEditor (136)
[2015.01.06-21.59.59:157][126]LogModuleManager: Shutting down and abandoning module AndroidRuntimeSettings (135)
[2015.01.06-21.59.59:157][126]LogModuleManager: Shutting down and abandoning module ProjectTargetPlatformEditor (134)
[2015.01.06-21.59.59:157][126]LogModuleManager: Shutting down and abandoning module ProjectSettingsViewer (133)
[2015.01.06-21.59.59:157][126]LogModuleManager: Shutting down and abandoning module InputBindingEditor (132)
[2015.01.06-21.59.59:177][126]LogModuleManager: Shutting down and abandoning module EditorSettingsViewer (131)
[2015.01.06-21.59.59:177][126]LogModuleManager: Shutting down and abandoning module SettingsEditor (130)
[2015.01.06-21.59.59:189][126]LogModuleManager: Shutting down and abandoning module ProjectLauncher (129)
[2015.01.06-21.59.59:196][126]LogModuleManager: Shutting down and abandoning module SessionFrontend (128)
[2015.01.06-21.59.59:203][126]LogModuleManager: Shutting down and abandoning module ProfilerClient (127)
[2015.01.06-21.59.59:232][126]LogModuleManager: Shutting down and abandoning module TargetDeviceServices (126)
[2015.01.06-21.59.59:233][126]LogModuleManager: Shutting down and abandoning module DeviceManager (125)
[2015.01.06-21.59.59:249][126]LogModuleManager: Shutting down and abandoning module AutomationController (124)
[2015.01.06-21.59.59:258][126]LogModuleManager: Shutting down and abandoning module AutomationWindow (123)
[2015.01.06-21.59.59:271][126]LogModuleManager: Shutting down and abandoning module Layers (122)
[2015.01.06-21.59.59:293][126]LogModuleManager: Shutting down and abandoning module ComponentVisualizers (121)
[2015.01.06-21.59.59:293][126]LogModuleManager: Shutting down and abandoning module DetailCustomizations (120)
[2015.01.06-21.59.59:309][126]LogModuleManager: Shutting down and abandoning module PackagesDialog (119)
[2015.01.06-21.59.59:309][126]LogModuleManager: Shutting down and abandoning module AssetRegistry (118)
[2015.01.06-21.59.59:426][126]LogModuleManager: Shutting down and abandoning module Persona (117)
[2015.01.06-21.59.59:509][126]LogModuleManager: Shutting down and abandoning module Kismet (116)
[2015.01.06-21.59.59:510][126]LogModuleManager: Shutting down and abandoning module GraphEditor (115)
[2015.01.06-21.59.59:510][126]LogModuleManager: Shutting down and abandoning module ClassViewer (114)
[2015.01.06-21.59.59:510][126]LogModuleManager: Shutting down and abandoning module Toolbox (113)
[2015.01.06-21.59.59:510][126]LogModuleManager: Shutting down and abandoning module ModuleUI (112)
[2015.01.06-21.59.59:525][126]LogModuleManager: Shutting down and abandoning module MovieSceneTools (111)
[2015.01.06-21.59.59:587][126]LogModuleManager: Shutting down and abandoning module OutputLog (110)
[2015.01.06-21.59.59:587][126]LogModuleManager: Shutting down and abandoning module GammaUI (109)
[2015.01.06-21.59.59:639][126]LogModuleManager: Shutting down and abandoning module Documentation (108)
[2015.01.06-21.59.59:639][126]LogModuleManager: Shutting down and abandoning module GameLiveStreaming (107)
[2015.01.06-21.59.59:653][126]LogModuleManager: Shutting down and abandoning module StreamingPauseRendering (106)
[2015.01.06-21.59.59:654][126]LogModuleManager: Shutting down and abandoning module HTTP (105)
[2015.01.06-21.59.59:669][126]LogModuleManager: Shutting down and abandoning module AnalyticsET (104)
[2015.01.06-21.59.59:669][126]LogModuleManager: Shutting down and abandoning module Analytics (103)
[2015.01.06-21.59.59:669][126]LogModuleManager: Shutting down and abandoning module GameplayDebugger (102)
[2015.01.06-21.59.59:693][126]LogModuleManager: Shutting down and abandoning module AIModule (101)
[2015.01.06-21.59.59:722][126]LogModuleManager: Shutting down and abandoning module ProfilerService (100)
[2015.01.06-22.00.00:009][126]LogModuleManager: Shutting down and abandoning module TaskGraph (99)
[2015.01.06-22.00.00:087][126]LogModuleManager: Shutting down and abandoning module SlateRemote (98)
[2015.01.06-22.00.00:087][126]LogModuleManager: Shutting down and abandoning module ScriptEditorPlugin (97)
[2015.01.06-22.00.00:087][126]LogModuleManager: Shutting down and abandoning module CustomMeshComponent (96)
[2015.01.06-22.00.00:087][126]LogModuleManager: Shutting down and abandoning module CableComponent (95)
[2015.01.06-22.00.00:087][126]LogModuleManager: Shutting down and abandoning module MessagingDebugger (94)
[2015.01.06-22.00.00:105][126]LogModuleManager: Shutting down and abandoning module MediaPlayerEditor (93)
[2015.01.06-22.00.00:115][126]LogModuleManager: Shutting down and abandoning module SpeedTreeImporter (92)
[2015.01.06-22.00.00:115][126]LogModuleManager: Shutting down and abandoning module PluginsEditor (91)
[2015.01.06-22.00.00:134][126]LogModuleManager: Shutting down and abandoning module EpicSurvey (90)
[2015.01.06-22.00.00:135][126]LogModuleManager: Shutting down and abandoning module DesktopPlatform (89)
[2015.01.06-22.00.00:159][126]LogModuleManager: Shutting down and abandoning module VisualStudioSourceCodeAccess (88)
[2015.01.06-22.00.00:160][126]LogModuleManager: Shutting down and abandoning module UObjectPlugin (87)
[2015.01.06-22.00.00:160][126]LogModuleManager: Shutting down and abandoning module SubversionSourceControl (86)
[2015.01.06-22.00.00:182][126]LogModuleManager: Shutting down and abandoning module SourceControl (85)
[2015.01.06-22.00.00:182][126]LogModuleManager: Shutting down and abandoning module PerforceSourceControl (84)
[2015.01.06-22.00.00:206][126]LogModuleManager: Shutting down and abandoning module BlankPlugin (83)
[2015.01.06-22.00.00:206][126]LogModuleManager: Shutting down and abandoning module SlateReflector (82)
[2015.01.06-22.00.00:232][126]LogModuleManager: Shutting down and abandoning module DirectoryWatcher (81)
[2015.01.06-22.00.00:232][126]LogModuleManager: Shutting down and abandoning module HotReload (80)
[2015.01.06-22.00.00:244][126]LogModuleManager: Shutting down and abandoning module MainFrame (79)
[2015.01.06-22.00.00:244][126]LogModuleManager: Shutting down and abandoning module LevelEditor (78)
[2015.01.06-22.00.00:245][126]LogModuleManager: Shutting down and abandoning module ViewportSnapping (77)
[2015.01.06-22.00.00:245][126]LogModuleManager: Shutting down and abandoning module SmartSnapping (76)
[2015.01.06-22.00.00:245][126]LogModuleManager: Shutting down and abandoning module PaperTiledImporter (75)
[2015.01.06-22.00.00:245][126]LogModuleManager: Shutting down and abandoning module PaperJsonImporter (74)
[2015.01.06-22.00.00:245][126]LogModuleManager: Shutting down and abandoning module ContentBrowser (73)
[2015.01.06-22.00.00:245][126]LogModuleManager: Shutting down and abandoning module PropertyEditor (72)
[2015.01.06-22.00.00:245][126]LogModuleManager: Shutting down and abandoning module Paper2DEditor (71)
[2015.01.06-22.00.00:263][126]LogModuleManager: Shutting down and abandoning module ScriptPlugin (70)
[2015.01.06-22.00.00:278][126]LogModuleManager: Shutting down and abandoning module UdpMessaging (69)
[2015.01.06-22.00.00:379][126]LogModuleManager: Shutting down and abandoning module Paper2D (68)
[2015.01.06-22.00.00:397][126]LogModuleManager: Shutting down and abandoning module WindowsMoviePlayer (67)
[2015.01.06-22.00.00:435][126]LogModuleManager: Shutting down and abandoning module Media (66)
[2015.01.06-22.00.00:435][126]LogModuleManager: Shutting down and abandoning module WmfMedia (65)
[2015.01.06-22.00.00:436][126]LogModuleManager: Shutting down and abandoning module OnlineBlueprintSupport (64)
[2015.01.06-22.00.00:436][126]LogModuleManager: Shutting down and abandoning module FunctionalTesting (63)
[2015.01.06-22.00.00:436][126]LogModuleManager: Shutting down and abandoning module CollisionAnalyzer (62)
[2015.01.06-22.00.00:468][126]LogModuleManager: Shutting down and abandoning module WorkspaceMenuStructure (61)
[2015.01.06-22.00.00:468][126]LogModuleManager: Shutting down and abandoning module MessageLog (60)
[2015.01.06-22.00.00:468][126]LogModuleManager: Shutting down and abandoning module Sequencer (59)
[2015.01.06-22.00.00:485][126]LogModuleManager: Shutting down and abandoning module AssetTools (58)
[2015.01.06-22.00.00:572][126]LogModuleManager: Shutting down and abandoning module UMGEditor (57)
[2015.01.06-22.00.00:705][126]LogModuleManager: Shutting down and abandoning module UMG (56)
[2015.01.06-22.00.00:735][126]LogModuleManager: Shutting down and abandoning module Slate (55)
[2015.01.06-22.00.00:735][126]LogModuleManager: Shutting down and abandoning module EditorStyle (54)
[2015.01.06-22.00.00:737][126]LogModuleManager: Shutting down and abandoning module SessionServices (53)
[2015.01.06-22.00.00:737][126]LogModuleManager: Shutting down and abandoning module SourceCodeAccess (52)
[2015.01.06-22.00.00:737][126]LogModuleManager: Shutting down and abandoning module HeadMountedDisplay (51)
[2015.01.06-22.00.00:737][126]LogModuleManager: Shutting down and abandoning module XAudio2 (50)
[2015.01.06-22.00.00:737][126]LogModuleManager: Shutting down and abandoning module Networking (48)
[2015.01.06-22.00.00:737][126]LogModuleManager: Shutting down and abandoning module Core (47)
[2015.01.06-22.00.00:737][126]LogModuleManager: Shutting down and abandoning module KismetCompiler (46)
[2015.01.06-22.00.00:737][126]LogModuleManager: Shutting down and abandoning module PhysXFormats (45)
[2015.01.06-22.00.00:737][126]LogModuleManager: Shutting down and abandoning module MeshUtilities (44)
[2015.01.06-22.00.00:782][126]LogModuleManager: Shutting down and abandoning module DerivedDataCache (43)
[2015.01.06-22.00.01:102][126]LogDerivedDataCache: Shutdown
[2015.01.06-22.00.01:102][126]LogModuleManager: Shutting down and abandoning module ShaderFormatOpenGL (42)
[2015.01.06-22.00.01:224][126]LogModuleManager: Shutting down and abandoning module ShaderFormatD3D (41)
[2015.01.06-22.00.01:326][126]LogModuleManager: Shutting down and abandoning module MetalShaderFormat (40)
[2015.01.06-22.00.01:356][126]LogModuleManager: Shutting down and abandoning module TextureFormatUncompressed (39)
[2015.01.06-22.00.01:356][126]LogModuleManager: Shutting down and abandoning module TextureFormatPVR (38)
[2015.01.06-22.00.01:488][126]LogModuleManager: Shutting down and abandoning module TextureFormatDXT (37)
[2015.01.06-22.00.01:488][126]LogModuleManager: Shutting down and abandoning module TextureFormatAndroid (36)
[2015.01.06-22.00.01:488][126]LogModuleManager: Shutting down and abandoning module AudioFormatOpus (35)
[2015.01.06-22.00.01:981][126]LogModuleManager: Shutting down and abandoning module AudioFormatOgg (34)
[2015.01.06-22.00.01:981][126]LogModuleManager: Shutting down and abandoning module AudioFormatADPCM (33)
[2015.01.06-22.00.01:981][126]LogModuleManager: Shutting down and abandoning module Messaging (32)
[2015.01.06-22.00.01:981][126]LogModuleManager: Shutting down and abandoning module IOSTargetPlatform (31)
[2015.01.06-22.00.01:981][126]LogModuleManager: Shutting down and abandoning module Android_PVRTCTargetPlatform (30)
[2015.01.06-22.00.01:981][126]LogModuleManager: Shutting down and abandoning module Android_ETC2TargetPlatform (29)
[2015.01.06-22.00.01:981][126]LogModuleManager: Shutting down and abandoning module Android_ETC1TargetPlatform (28)
[2015.01.06-22.00.01:981][126]LogModuleManager: Shutting down and abandoning module Android_DXTTargetPlatform (27)
[2015.01.06-22.00.01:981][126]LogModuleManager: Shutting down and abandoning module Android_ATCTargetPlatform (26)
[2015.01.06-22.00.01:981][126]LogModuleManager: Shutting down and abandoning module AndroidTargetPlatform (25)
[2015.01.06-22.00.01:981][126]LogModuleManager: Shutting down and abandoning module WindowsTargetPlatform (24)
[2015.01.06-22.00.01:981][126]LogModuleManager: Shutting down and abandoning module WindowsServerTargetPlatform (23)
[2015.01.06-22.00.01:981][126]LogModuleManager: Shutting down and abandoning module WindowsNoEditorTargetPlatform (22)
[2015.01.06-22.00.01:981][126]LogModuleManager: Shutting down and abandoning module WindowsClientTargetPlatform (21)
[2015.01.06-22.00.01:981][126]LogModuleManager: Shutting down and abandoning module TargetPlatform (20)
[2015.01.06-22.00.01:981][126]LogModuleManager: Shutting down and abandoning module InputCore (19)
[2015.01.06-22.00.01:981][126]LogModuleManager: Shutting down and abandoning module Settings (18)
[2015.01.06-22.00.01:981][126]LogModuleManager: Shutting down and abandoning module ImageWrapper (17)
[2015.01.06-22.00.01:981][126]LogModuleManager: Shutting down and abandoning module OculusRift (14)
[2015.01.06-22.00.02:372][126]LogModuleManager: Shutting down and abandoning module ExampleDeviceProfileSelector (13)
[2015.01.06-22.00.02:372][126]LogModuleManager: Shutting down and abandoning module TextureCompressor (12)
[2015.01.06-22.00.02:372][126]LogModuleManager: Shutting down and abandoning module ShaderCore (11)
[2015.01.06-22.00.02:372][126]LogModuleManager: Shutting down and abandoning module SlateRHIRenderer (10)
[2015.01.06-22.00.02:465][126]LogModuleManager: Shutting down and abandoning module OpenGLDrv (9)
[2015.01.06-22.00.02:465][126]LogModuleManager: Shutting down and abandoning module D3D11RHI (8)
[2015.01.06-22.00.02:465][126]LogModuleManager: Shutting down and abandoning module Renderer (7)
[2015.01.06-22.00.02:465][126]LogModuleManager: Shutting down and abandoning module Engine (6)
[2015.01.06-22.00.02:465][126]LogModuleManager: Shutting down and abandoning module CoreUObject (5)
[2015.01.06-22.00.02:465][126]LogModuleManager: Shutting down and abandoning module NetworkFile (4)
[2015.01.06-22.00.02:465][126]LogModuleManager: Shutting down and abandoning module StreamingFile (3)
[2015.01.06-22.00.02:465][126]LogModuleManager: Shutting down and abandoning module SandboxFile (2)
[2015.01.06-22.00.02:465][126]LogModuleManager: Shutting down and abandoning module PakFile (1)
[2015.01.06-22.00.02:626][126]LogExit: Exiting.
[2015.01.06-22.00.02:633][126]Log file closed, 01/07/15 00:00:02
