Log file open, 01/05/15 16:41:44
LogInit:Display: Running engine for game: SmartProjectFPS
LogInit: Version: 4.5.1-2336687+++depot+UE4-Releases+4.5
LogInit: API Version: 2326478
LogInit: Compiled (64-bit): Oct 21 2014 22:32:40
LogInit: Compiled with Visual C++: 18.00.21005.01
LogInit: Build Configuration: Development
LogInit: Branch Name: ++depot+UE4-Releases+4.5
LogInit: Command line: 
LogInit: Base directory: F:/ExtraSoft/UnrealEngine/4.5/Engine/Binaries/Win64/
LogInit: Rocket: 1
[2015.01.05-14.41.44:225][  0]LogTaskGraph: Started task graph with 3 named threads and 4 total threads.
[2015.01.05-14.41.44:267][  0]LogOnline:Warning: No default platform service specified for OnlineSubsystem
[2015.01.05-14.41.44:300][  0]LogInit: Presizing for 0 objects not considered by GC, pre-allocating 0 bytes.
[2015.01.05-14.41.44:312][  0]LogInit: Object subsystem initialized
[2015.01.05-14.41.44:316][  0]LogConsoleResponse:Warning: Skipping Unknown console variable: 'UIScaleRule = ShortestSide'
[2015.01.05-14.41.44:316][  0]LogConsoleResponse:Warning:   Found in ini file 'F:/ExtraSoft/Git/Try1/Nikita(Boss)/SmartProjectFPS/Saved/Config/Windows/Engine.ini', in section '[/Script/Engine.RendererSettings]'
[2015.01.05-14.41.44:316][  0]LogConsoleResponse:Warning: Skipping Unknown console variable: 'UIScaleCurve = (EditorCurveData=(Keys=((Time=480.000000,Value=0.444000),(Time=720.000000,Value=0.666000),(Time=1080.000000,Value=1.000000),(Time=8640.000000,Value=8.000000))),ExternalCurve=None)'
[2015.01.05-14.41.44:316][  0]LogConsoleResponse:Warning:   Found in ini file 'F:/ExtraSoft/Git/Try1/Nikita(Boss)/SmartProjectFPS/Saved/Config/Windows/Engine.ini', in section '[/Script/Engine.RendererSettings]'
[2015.01.05-14.41.44:317][  0]LogInit: Selected Device Profile: [Windows]
[2015.01.05-14.41.44:317][  0]LogInit: Applying CVar settings loaded from the selected device profile: [Windows]
[2015.01.05-14.41.44:325][  0]LogInit: Computer: NIKPC
[2015.01.05-14.41.44:325][  0]LogInit: User: Nikita
[2015.01.05-14.41.44:325][  0]LogInit: CPU Page size=4096, Cores=2
[2015.01.05-14.41.44:325][  0]LogInit: High frequency timer resolution =1.753830 MHz
[2015.01.05-14.41.44:326][  0]LogMemory: Memory total: Physical=7.9GB (8GB approx) Virtual=131072.0GB
[2015.01.05-14.41.44:326][  0]LogMemory: Platform Memory Stats for Windows
[2015.01.05-14.41.44:326][  0]LogMemory: Process Physical Memory: 63.20 MB used, 65.70 MB peak
[2015.01.05-14.41.44:326][  0]LogMemory: Process Virtual Memory: 38.44 MB used, 42.73 MB peak
[2015.01.05-14.41.44:326][  0]LogMemory: Physical Memory: 2508.92 MB used, 8077.32 MB total
[2015.01.05-14.41.44:326][  0]LogMemory: Virtual Memory: 282.49 MB used, 134217728.00 MB total
[2015.01.05-14.41.44:812][  0]LogD3D11RHI: Found D3D11 adapter 0: Intel(R) HD Graphics 4000 (Feature Level 11_0)
[2015.01.05-14.41.44:812][  0]LogD3D11RHI: Adapter has 1988MB of dedicated video memory, 0MB of dedicated system memory, and 2048MB of shared system memory, 1 output[s]
[2015.01.05-14.41.44:829][  0]LogD3D11RHI: Found D3D11 adapter 1: NVIDIA GeForce GT 740M    (Feature Level 11_0)
[2015.01.05-14.41.44:829][  0]LogD3D11RHI: Adapter has 1988MB of dedicated video memory, 0MB of dedicated system memory, and 2048MB of shared system memory, 0 output[s]
[2015.01.05-14.41.44:830][  0]LogD3D11RHI: Found D3D11 adapter 2: Microsoft Basic Render Driver (Feature Level 11_0)
[2015.01.05-14.41.44:830][  0]LogD3D11RHI: Adapter has 1988MB of dedicated video memory, 0MB of dedicated system memory, and 2048MB of shared system memory, 0 output[s]
[2015.01.05-14.41.44:830][  0]LogD3D11RHI: Chosen D3D11 Adapter Id = 0
[2015.01.05-14.41.44:834][  0]LogRHI: Texture pool is 1361 MB (70% of 1945 MB)
[2015.01.05-14.41.44:846][  0]LogD3D11RHI: Async texture creation enabled
[2015.01.05-14.41.44:893][  0]LogTextLocalizationManager: The requested culture ('ru_RU') has no localization data; falling back to 'en' for localization and internationalization data.
[2015.01.05-14.41.45:118][  0]LogContentStreaming: Texture pool size is 0.000000MB
[2015.01.05-14.41.50:658][  0]LogTargetPlatformManager:Display: Building Assets For Windows
[2015.01.05-14.41.51:248][  0]LogTargetPlatformManager:Display: Building Assets For Windows
[2015.01.05-14.41.51:312][  0]LogDerivedDataCache:Display: Max Cache Size: 512 MB
[2015.01.05-14.41.51:365][  0]LogDerivedDataCache: Loaded boot cache 0.05s 39MB C:/Users/Nikita/AppData/Local/UnrealEngine/4.5/DerivedDataCache/Boot.ddc.
[2015.01.05-14.41.51:365][  0]LogDerivedDataCache:Display: Loaded Boot cache: C:/Users/Nikita/AppData/Local/UnrealEngine/4.5/DerivedDataCache/Boot.ddc
[2015.01.05-14.41.51:366][  0]LogDerivedDataCache: FDerivedDataBackendGraph:  Pak pak cache file ../../../../../Git/Try1/Nikita(Boss)/SmartProjectFPS/DerivedDataCache/DDC.ddp not found, will not use a pak cache.
[2015.01.05-14.41.51:366][  0]LogDerivedDataCache: Unable to find inner node Pak for hierarchical cache Hierarchy.
[2015.01.05-14.41.51:446][  0]LogDerivedDataCache:Display: Pak cache opened for reading ../../../Engine/DerivedDataCache/DDC.ddp.
[2015.01.05-14.41.51:459][  0]LogDerivedDataCache: Using Local data cache path C:/Users/Nikita/AppData/Local/UnrealEngine/Common/DerivedDataCache: Writable
[2015.01.05-14.41.51:669][  0]LogMeshUtilities: No automatic mesh reduction module available
[2015.01.05-14.41.51:669][  0]LogMeshUtilities: No automatic mesh merging module available
[2015.01.05-14.41.51:934][  0]LogLinker:Warning: Asset '../../../Engine/Content/Functions/Engine_MaterialFunctions02/Texturing/FlipBook.uasset' has been saved with empty engine version. The asset will be loaded but may be incompatible.
[2015.01.05-14.41.51:938][  0]LogLinker:Warning: Asset '../../../Engine/Content/Functions/Engine_MaterialFunctions02/ExampleContent/Textures/flipbook.uasset' has been saved with empty engine version. The asset will be loaded but may be incompatible.
[2015.01.05-14.41.52:144][  0]LogInit: WinSock: version 1.1 (2.2), MaxSocks=32767, MaxUdp=65467
[2015.01.05-14.41.53:039][  0]UdpMessaging: Initializing bridge on interface 0.0.0.0:0 to multicast group 230.0.0.1:6666.
[2015.01.05-14.41.53:216][  0]LogDirectoryWatcher:Warning: Failed to begin reading directory changes for F:/ExtraSoft/Git/Try1/Nikita(Boss)/SmartProjectFPS/Binaries/Win64. Error: 0
[2015.01.05-14.41.53:362][  0]SourceControl: Info Source control is disabled
[2015.01.05-14.41.53:362][  0]SourceControl: Info Source control is disabled
[2015.01.05-14.41.53:370][  0]SourceControl: Info Source control is disabled
[2015.01.05-14.41.53:494][  0]LogObj: 22915 objects as part of root set at end of initial load.
[2015.01.05-14.41.53:494][  0]LogUObjectAllocator: 4803536 out of 0 bytes used by permanent object pool.
[2015.01.05-14.41.53:562][  0]LogEngine: Initializing Engine...
[2015.01.05-14.41.53:728][  0]LogInit: XAudio2 using 'Headphones (High Definition Audio Device)' : 2 channels at 44.1 kHz using 16 bits per sample (channel mask 0x3)
[2015.01.05-14.41.53:736][  0]LogInit: FAudioDevice initialized.
[2015.01.05-14.41.53:760][  0]LogAIModule: Creating AISystem for world NewWorld
[2015.01.05-14.41.53:786][  0]LogDerivedDataCache: Saved boot cache 0.03s 39MB C:/Users/Nikita/AppData/Local/UnrealEngine/4.5/DerivedDataCache/Boot.ddc.
[2015.01.05-14.41.53:825][  0]LogInit: Texture streaming: Enabled
[2015.01.05-14.41.53:875][  0]LogInit: Transaction tracking system initialized
[2015.01.05-14.41.53:975][  0]BlueprintLog: New page: Editor Load
[2015.01.05-14.41.54:006][  0]LogAssetRegistry: FAssetRegistry took 0.0107 seconds to start up
[2015.01.05-14.41.54:006][  0]LogDirectoryWatcher:Warning: Failed to begin reading directory changes for ../../../Engine/Plugins/Experimental/CharacterAI/Content/. Error: 0
[2015.01.05-14.41.54:667][  0]LogTargetPlatformManager:Display: Building Assets For Windows
[2015.01.05-14.41.55:140][  0]LogTargetPlatformManager:Display: Building Assets For Windows
[2015.01.05-14.41.55:406][  0]LogConsoleResponse:Display: 
[2015.01.05-14.41.55:627][  0]SourceControl: Info Source control is disabled
[2015.01.05-14.41.55:628][  0]Cmd: MAP LOAD FILE="../../../../../Git/Try1/Nikita(Boss)/SmartProjectFPS/Content/Maps/Example_Map.umap" TEMPLATE=0 SHOWPROGRESS=1
[2015.01.05-14.41.55:628][  0]LightingResults: New page: Lighting Build
[2015.01.05-14.41.55:639][  0]MapCheck: New page: Map Check
[2015.01.05-14.41.55:639][  0]LightingResults: New page: Lighting Build
[2015.01.05-14.41.55:669][  0]LogParticles: Destroying 0 GPU particle simulations for FXSystem 0x000000A55AE91A80
[2015.01.05-14.41.57:511][  0]LogEditorServer: Finished looking for orphan Actors (0.000 secs)
[2015.01.05-14.41.57:512][  0]LogAIModule: Creating AISystem for world Example_Map
[2015.01.05-14.41.57:513][  0]Cmd: MAP CHECKDEP
[2015.01.05-14.41.57:513][  0]MapCheck: New page: Example_Map - Jan 5, 2015, 6:41:57 PM
[2015.01.05-14.41.57:652][  0]MapCheck: Info Map check complete: 0 Error(s), 0 Warning(s), took 139.556ms to complete.
[2015.01.05-14.41.57:652][  0]LogFileHelpers: Loading map 'Example_Map' took 2.025
[2015.01.05-14.41.57:748][  0]LogCollectionManager: Loaded 0 collections in 0.001113 seconds
[2015.01.05-14.41.57:874][  0]LogCrashTracker: Crashtracker disabled due to settings.
[2015.01.05-14.41.58:037][  0]LogUObjectGlobals:Warning: Failed to find object 'Class None.'
[2015.01.05-14.41.58:066][  0]LogLoad: Full Startup: 16.37 seconds (BP compile: 0.89 seconds)
[2015.01.05-14.41.58:081][  0]LogContentBrowser:Verbose: The content browser source was changed by the sources view to '/Game/StarterContent/Textures'
[2015.01.05-14.41.58:271][  0]LogRenderer:Warning: Reallocating scene render targets to support 848x568.
[2015.01.05-14.41.58:886][  3]LogAssetRegistry: Asset discovery search completed in 4.8911 seconds
[2015.01.05-14.42.04:199][147]LogContentBrowser:Verbose: The content browser source was changed by the sources view to 'None'
[2015.01.05-14.42.05:849][179]LogContentBrowser:Verbose: The content browser source was changed by the sources view to '/Game/Meshes'
[2015.01.05-14.42.07:466][210]LogContentBrowser:Verbose: The content browser source was changed by the sources view to '/Game/Maps'
[2015.01.05-14.42.09:109][248]LogMaterial: Missing cached shader map for material T_Door_M_Mat, compiling.
[2015.01.05-14.42.09:110][248]LogMaterial:Warning: Failed to compile Material /Game/StarterContent/Textures/T_Door_M_Mat.T_Door_M_Mat for platform PCD3D_SM5, Default Material will be used in game.
[2015.01.05-14.42.09:110][248]LogMaterial:Warning: 	(Node TextureSample) TextureSample> Sampler type is Color, should be Masks for /Game/StarterContent/Textures/T_Door_M.T_Door_M
[2015.01.05-14.42.09:194][248]LogActorComponent: UnregisterComponent: (/Engine/Transient.CharacterMovementComponent_0) Not registered. Aborting.
[2015.01.05-14.42.09:194][248]LogActorComponent: UnregisterComponent: (/Engine/Transient.PawnSensingComponent_0) Not registered. Aborting.
[2015.01.05-14.42.09:194][248]LogActorComponent: UnregisterComponent: (/Engine/Transient.ProjectileMovementComponent_0) Not registered. Aborting.
[2015.01.05-14.42.09:296][248]Cmd: MAP LOAD FILE="../../../../../Git/Try1/Nikita(Boss)/SmartProjectFPS/Content/Maps/Level3.umap" TEMPLATE=0 SHOWPROGRESS=1
[2015.01.05-14.42.09:296][248]LightingResults: New page: Lighting Build
[2015.01.05-14.42.09:340][248]LoadErrors: New page: Loading map: Level3.umap
[2015.01.05-14.42.09:341][248]MapCheck: New page: Map Check
[2015.01.05-14.42.09:341][248]LightingResults: New page: Lighting Build
[2015.01.05-14.42.09:385][248]LogParticles: Destroying 0 GPU particle simulations for FXSystem 0x000000A55D578680
[2015.01.05-14.42.09:402][248]LogEditorServer: Finished looking for orphan Actors (0.000 secs)
[2015.01.05-14.42.09:403][248]LogAIModule: Creating AISystem for world Level3
[2015.01.05-14.42.09:672][248]Cmd: MAP CHECKDEP
[2015.01.05-14.42.09:672][248]MapCheck: New page: Level3 - Jan 5, 2015, 6:42:09 PM
[2015.01.05-14.42.09:806][248]MapCheck: Info Map check complete: 0 Error(s), 0 Warning(s), took 132.875ms to complete.
[2015.01.05-14.42.09:806][248]LogFileHelpers: Loading map 'Level3' took 0.512
[2015.01.05-14.42.16:958][486]LogLinker:Warning: Can't resolve asset name
[2015.01.05-14.43.41:482][822]LogEditorViewport: Clicking on Actor (LMB): StaticMeshActor (Floor_400x400)
[2015.01.05-14.43.45:405][960]LogEditorViewport: Clicking on Actor (LMB): StaticMeshActor (Floor_400x400)
[2015.01.05-14.43.50:939][168]LogEditorViewport: Clicking on Actor (LMB): StaticMeshActor (Wall_400x400)
[2015.01.05-14.43.54:027][274]LogEditorViewport: Clicking on Actor (LMB): NavMeshBoundsVolume (NavMeshBoundsVolume)
[2015.01.05-14.43.54:671][298]LogEditorViewport: Clicking on Actor (LMB): TriggerBox (TriggerBox)
[2015.01.05-14.44.04:814][643]LogSlate:Warning: GetFontFace failed to load or process 'Roboto-Regular'
[2015.01.05-14.44.04:814][643]LogSlate:Warning: GetFontFace failed to load or process 'Roboto-Regular'
[2015.01.05-14.44.04:816][643]LogSlate:Warning: GetFontFace failed to load or process 'Roboto-Regular'
[2015.01.05-14.44.04:816][643]LogSlate:Warning: GetFontFace failed to load or process 'Roboto-Regular'
[2015.01.05-14.44.04:816][643]LogSlate:Warning: GetFontFace failed to load or process 'Roboto-Regular'
[2015.01.05-14.44.04:816][643]LogSlate:Warning: GetFontFace failed to load or process 'Roboto-Regular'
[2015.01.05-14.44.04:816][643]LogSlate:Warning: GetFontFace failed to load or process 'Roboto-Regular'
[2015.01.05-14.44.04:817][643]LogSlate:Warning: GetFontFace failed to load or process 'Roboto-Regular'
[2015.01.05-14.44.04:817][643]LogSlate:Warning: GetFontFace failed to load or process 'Roboto-Regular'
[2015.01.05-14.44.04:817][643]LogSlate:Warning: GetFontFace failed to load or process 'Roboto-Regular'
[2015.01.05-14.44.04:817][643]LogSlate:Warning: GetFontFace failed to load or process 'Roboto-Regular'
[2015.01.05-14.44.04:817][643]LogSlate:Warning: GetFontFace failed to load or process 'Roboto-Regular'
[2015.01.05-14.44.04:817][643]LogSlate:Warning: GetFontFace failed to load or process 'Roboto-Regular'
[2015.01.05-14.44.04:817][643]LogSlate:Warning: GetFontFace failed to load or process 'Roboto-Regular'
[2015.01.05-14.44.04:817][643]LogSlate:Warning: GetFontFace failed to load or process 'Roboto-Regular'
[2015.01.05-14.44.04:817][643]LogSlate:Warning: GetFontFace failed to load or process 'Roboto-Regular'
[2015.01.05-14.44.04:817][643]LogSlate:Warning: GetFontFace failed to load or process 'Roboto-Regular'
[2015.01.05-14.44.04:817][643]LogSlate:Warning: GetFontFace failed to load or process 'Roboto-Regular'
[2015.01.05-14.44.04:817][643]LogSlate:Warning: GetFontFace failed to load or process 'Roboto-Regular'
[2015.01.05-14.44.23:871][499]LogSlate:Warning: GetFontFace failed to load or process 'Roboto-Regular'
[2015.01.05-14.44.23:871][499]LogSlate:Warning: GetFontFace failed to load or process 'Roboto-Regular'
[2015.01.05-14.44.23:871][499]LogSlate:Warning: GetFontFace failed to load or process 'Roboto-Regular'
[2015.01.05-14.44.23:871][499]LogSlate:Warning: GetFontFace failed to load or process 'Roboto-Regular'
[2015.01.05-14.44.23:871][499]LogSlate:Warning: GetFontFace failed to load or process 'Roboto-Regular'
[2015.01.05-14.44.23:871][499]LogSlate:Warning: GetFontFace failed to load or process 'Roboto-Regular'
[2015.01.05-14.44.39:501][102]LogSlate:Warning: GetFontFace failed to load or process 'Roboto-Regular'
[2015.01.05-14.44.39:501][102]LogSlate:Warning: GetFontFace failed to load or process 'Roboto-Regular'
[2015.01.05-14.44.39:502][102]LogSlate:Warning: GetFontFace failed to load or process 'Roboto-Regular'
[2015.01.05-14.44.39:502][102]LogSlate:Warning: GetFontFace failed to load or process 'Roboto-Regular'
[2015.01.05-14.44.45:581][337]LogSlate:Warning: GetFontFace failed to load or process 'Roboto-Regular'
[2015.01.05-14.44.45:582][337]LogSlate:Warning: GetFontFace failed to load or process 'Roboto-Regular'
[2015.01.05-14.45.40:712][408]BlueprintLog: New page: Compile Level3
[2015.01.05-14.45.40:820][408]LogActorComponent: UnregisterComponent: (/Engine/Transient.CharacterMovementComponent_1) Not registered. Aborting.
[2015.01.05-14.45.40:820][408]LogActorComponent: UnregisterComponent: (/Engine/Transient.PawnSensingComponent_1) Not registered. Aborting.
[2015.01.05-14.45.40:820][408]LogActorComponent: UnregisterComponent: (/Engine/Transient.CharacterMovementComponent_2) Not registered. Aborting.
[2015.01.05-14.45.40:820][408]LogActorComponent: UnregisterComponent: (/Engine/Transient.PawnSensingComponent_2) Not registered. Aborting.
[2015.01.05-14.45.40:820][408]LogActorComponent: UnregisterComponent: (/Engine/Transient.ProjectileMovementComponent_1) Not registered. Aborting.
[2015.01.05-14.45.40:820][408]LogActorComponent: UnregisterComponent: (/Engine/Transient.ProjectileMovementComponent_2) Not registered. Aborting.
[2015.01.05-14.45.40:820][408]LogActorComponent: UnregisterComponent: (/Engine/Transient.CharacterMovementComponent_3) Not registered. Aborting.
[2015.01.05-14.45.40:902][408]BlueprintEditorCompileResults: Info [0239.04] Compile of Level3 successful! [in 7 ms]
[2015.01.05-14.45.50:198][714]BlueprintLog: New page: Pre-PIE auto-recompile
[2015.01.05-14.45.50:198][714]LogPlayLevel: [PIE] Compiling Tutorial_BP_MacroLib before PIE...
[2015.01.05-14.45.50:328][714]LogPlayLevel: [PIE] Compiling Level3 before PIE...
[2015.01.05-14.45.50:462][714]LogPlayLevel: PIE:  Blueprint regeneration took 264 ms (2 blueprints)
[2015.01.05-14.45.50:462][714]PIE: New page: PIE session: Level3 (Jan 5, 2015, 6:45:50 PM)
[2015.01.05-14.45.50:604][714]LogPlayLevel: PIE: StaticDuplicateObject took: (0.141550s)
[2015.01.05-14.45.50:607][714]LogPlayLevel: PIE: World Init took: (0.002627s)
[2015.01.05-14.45.50:607][714]LogPlayLevel: PIE: Created PIE world by copying editor world from /Game/Maps/Level3.Level3 to /Game/Maps/UEDPIE_0_Level3.Level3 (0.144540s)
[2015.01.05-14.45.50:667][714]LogWorld: Game class is 'MyGame_C'
[2015.01.05-14.45.50:669][714]LogAIModule: Creating AISystem for world Level3
[2015.01.05-14.45.50:673][714]LogWorld:Warning: *** WARNING - PATHS MAY NOT BE VALID ***
[2015.01.05-14.45.50:673][714]LogWorld: Bringing World /Game/Maps/UEDPIE_0_Level3.Level3 up for play (max tick rate 0) at 2015.01.05-16.45.50
[2015.01.05-14.45.50:676][714]LogWorld: Bringing up level for play took: 0.006498
[2015.01.05-14.45.50:677][714]LogBlueprintUserMessages: MyCharacter_C
[2015.01.05-14.45.50:678][714]PIE: Info Play in editor start time for /Game/Maps/UEDPIE_0_Level3 1.06
[2015.01.05-14.45.50:826][715]LogCharacterMovement:Warning: GetSimulationTimeStep() - Max iterations 8 hit while remaining time 0.099796 > MaxSimulationTimeStep (0.050) for 'MyCharacter_C_0'
[2015.01.05-14.45.52:968][812]LogArray:Warning: Attempted to get an item from array CallFunc_GetAllActorsOfClass_OutActors out of bounds [7/6]!
[2015.01.05-14.45.53:986][861]LogBlueprintUserMessages: GranadeLauncher
[2015.01.05-14.45.54:998][909]LogBlueprintUserMessages: AutoWeapon
[2015.01.05-14.46.00:729][132]LogBlueprintUserMessages: GranadeLauncher
[2015.01.05-14.46.07:921][445]LogBlueprintUserMessages: AutoWeapon
[2015.01.05-14.46.10:429][530]LogParticles: Destroying 0 GPU particle simulations for FXSystem 0x000000A5530B1C60
[2015.01.05-14.46.29:925][210]LogContentBrowser:Verbose: The content browser source was changed by the sources view to '/Game/Character'
[2015.01.05-14.46.31:362][235]LogContentBrowser:Verbose: The content browser source was changed by the sources view to '/Game/Meshes'
[2015.01.05-14.46.33:184][273]LogContentBrowser:Verbose: The content browser source was changed by the sources view to '/Game/Blueprints'
[2015.01.05-14.46.47:473][656]Cmd: OBJ SAVEPACKAGE PACKAGE="/Game/Blueprints/AIDummy" FILE="../../../../../Git/Try1/Nikita(Boss)/SmartProjectFPS/Content/Blueprints/AIDummy.uasset" SILENT=true
[2015.01.05-14.46.48:009][656]LogSavePackage: Save=496.549835ms
[2015.01.05-14.46.48:009][656]LogSavePackage: Moving '../../../../../Git/Try1/Nikita(Boss)/SmartProjectFPS/Saved/AIDummyE8B3932B424F37690667B7BB16EA4CC5.tmp' to '../../../../../Git/Try1/Nikita(Boss)/SmartProjectFPS/Content/Blueprints/AIDummy.uasset'
[2015.01.05-14.46.49:819][714]BlueprintLog: New page: Pre-PIE auto-recompile
[2015.01.05-14.46.49:938][714]LogActorComponent: UnregisterComponent: (/Engine/Transient.ProjectileMovementComponent_3) Not registered. Aborting.
[2015.01.05-14.46.49:938][714]LogActorComponent: UnregisterComponent: (/Engine/Transient.CharacterMovementComponent_4) Not registered. Aborting.
[2015.01.05-14.46.49:938][714]LogActorComponent: UnregisterComponent: (/Engine/Transient.ProjectileMovementComponent_4) Not registered. Aborting.
[2015.01.05-14.46.49:938][714]LogActorComponent: UnregisterComponent: (/Engine/Transient.CharacterMovementComponent_5) Not registered. Aborting.
[2015.01.05-14.46.49:939][714]LogActorComponent: UnregisterComponent: (/Engine/Transient.PawnSensingComponent_3) Not registered. Aborting.
[2015.01.05-14.46.49:939][714]LogActorComponent: UnregisterComponent: (/Engine/Transient.ProjectileMovementComponent_5) Not registered. Aborting.
[2015.01.05-14.46.49:939][714]LogActorComponent: UnregisterComponent: (/Engine/Transient.CharacterMovementComponent_6) Not registered. Aborting.
[2015.01.05-14.46.49:939][714]LogActorComponent: UnregisterComponent: (/Engine/Transient.PawnSensingComponent_4) Not registered. Aborting.
[2015.01.05-14.46.49:939][714]LogPlayLevel: [PIE] Compiling AIDummy before PIE...
[2015.01.05-14.46.50:364][714]LogPlayLevel: [PIE] Compiling Level3 before PIE...
[2015.01.05-14.46.50:513][714]LogPlayLevel: PIE:  Blueprint regeneration took 695 ms (2 blueprints)
[2015.01.05-14.46.50:513][714]PIE: New page: PIE session: Level3 (Jan 5, 2015, 6:46:50 PM)
[2015.01.05-14.46.50:654][714]LogPlayLevel: PIE: StaticDuplicateObject took: (0.140774s)
[2015.01.05-14.46.50:655][714]LogPlayLevel: PIE: World Init took: (0.001345s)
[2015.01.05-14.46.50:656][714]LogPlayLevel: PIE: Created PIE world by copying editor world from /Game/Maps/Level3.Level3 to /Game/Maps/UEDPIE_0_Level3.Level3 (0.142430s)
[2015.01.05-14.46.50:705][714]LogWorld: Game class is 'MyGame_C'
[2015.01.05-14.46.50:706][714]LogAIModule: Creating AISystem for world Level3
[2015.01.05-14.46.50:709][714]LogWorld:Warning: *** WARNING - PATHS MAY NOT BE VALID ***
[2015.01.05-14.46.50:709][714]LogWorld: Bringing World /Game/Maps/UEDPIE_0_Level3.Level3 up for play (max tick rate 0) at 2015.01.05-16.46.50
[2015.01.05-14.46.50:711][714]LogWorld: Bringing up level for play took: 0.004632
[2015.01.05-14.46.50:712][714]LogBlueprintUserMessages: MyCharacter_C1
[2015.01.05-14.46.50:713][714]PIE: Info Play in editor start time for /Game/Maps/UEDPIE_0_Level3 1.094
[2015.01.05-14.46.50:762][715]LogCharacterMovement:Warning: GetSimulationTimeStep() - Max iterations 8 hit while remaining time 0.095664 > MaxSimulationTimeStep (0.050) for 'MyCharacter_C_1'
[2015.01.05-14.46.51:722][747]LogBlueprintUserMessages: GranadeLauncher
[2015.01.05-14.46.54:850][896]LogArray:Warning: Attempted to get an item from array CallFunc_GetAllActorsOfClass_OutActors out of bounds [7/6]!
[2015.01.05-14.46.57:005][994]LogBlueprintUserMessages: GranadeLauncher
[2015.01.05-14.47.03:768][303]LogBlueprintUserMessages: AutoWeapon
[2015.01.05-14.47.06:892][425]LogBlueprintUserMessages: GranadeLauncher
[2015.01.05-14.47.13:364][689]LogBlueprintUserMessages: AutoWeapon
[2015.01.05-14.47.17:209][852]LogBlueprintUserMessages: GranadeLauncher
[2015.01.05-14.47.18:577][910]LogBlueprintUserMessages: AutoWeapon
[2015.01.05-14.47.21:320][ 21]LogBlueprintUserMessages: GranadeLauncher
[2015.01.05-14.47.28:059][327]LogActorComponent: UnregisterComponent: (/Engine/Transient.CharacterMovementComponent_7) Not registered. Aborting.
[2015.01.05-14.47.28:059][327]LogActorComponent: UnregisterComponent: (/Engine/Transient.PawnSensingComponent_5) Not registered. Aborting.
[2015.01.05-14.47.28:165][328]LogParticles: Destroying 0 GPU particle simulations for FXSystem 0x000000A5609EC0E0
[2015.01.05-14.48.00:198][575]LogContentBrowser:Verbose: The content browser source was changed by the sources view to '/Game/Blueprints'
[2015.01.05-14.48.07:984][766]LogActorComponent: UnregisterComponent: (/Engine/Transient.ProjectileMovementComponent_6) Not registered. Aborting.
[2015.01.05-14.48.07:984][766]LogActorComponent: UnregisterComponent: (/Engine/Transient.CharacterMovementComponent_8) Not registered. Aborting.
[2015.01.05-14.48.07:984][766]LogActorComponent: UnregisterComponent: (/Engine/Transient.ProjectileMovementComponent_7) Not registered. Aborting.
[2015.01.05-14.48.07:984][766]LogActorComponent: UnregisterComponent: (/Engine/Transient.CharacterMovementComponent_9) Not registered. Aborting.
[2015.01.05-14.48.07:984][766]LogActorComponent: UnregisterComponent: (/Engine/Transient.PawnSensingComponent_6) Not registered. Aborting.
[2015.01.05-14.48.07:984][766]LogActorComponent: UnregisterComponent: (/Engine/Transient.ProjectileMovementComponent_8) Not registered. Aborting.
[2015.01.05-14.48.07:984][766]LogActorComponent: UnregisterComponent: (/Engine/Transient.CharacterMovementComponent_10) Not registered. Aborting.
[2015.01.05-14.48.07:984][766]LogActorComponent: UnregisterComponent: (/Engine/Transient.PawnSensingComponent_7) Not registered. Aborting.
[2015.01.05-14.48.08:043][766]LogParticles: Destroying 0 GPU particle simulations for FXSystem 0x000000A56BAB7600
[2015.01.05-14.48.23:852][947]LogWindowsTextInputMethodSystem:Error: Deactivating a context failed while setting focus to the disabled TSF document manager.
[2015.01.05-14.48.23:852][947]LogWindowsTextInputMethodSystem:Error: Deactivating a context failed while setting focus to the disabled TSF document manager.
[2015.01.05-14.48.39:104][333]Cmd: OBJ SAVEPACKAGE PACKAGE="/Game/Maps/Level3" FILE="../../../../../Git/Try1/Nikita(Boss)/SmartProjectFPS/Content/Maps/Level3.umap" SILENT=true AUTOSAVING=false KEEPDIRTY=false
[2015.01.05-14.48.39:108][333]LogActorComponent: UnregisterComponent: (/Engine/Transient.CharacterMovementComponent_11) Not registered. Aborting.
[2015.01.05-14.48.39:108][333]LogActorComponent: UnregisterComponent: (/Engine/Transient.PawnSensingComponent_8) Not registered. Aborting.
[2015.01.05-14.48.39:108][333]LogActorComponent: UnregisterComponent: (/Engine/Transient.CharacterMovementComponent_12) Not registered. Aborting.
[2015.01.05-14.48.39:108][333]LogActorComponent: UnregisterComponent: (/Engine/Transient.PawnSensingComponent_9) Not registered. Aborting.
[2015.01.05-14.48.39:108][333]LogActorComponent: UnregisterComponent: (/Engine/Transient.ProjectileMovementComponent_9) Not registered. Aborting.
[2015.01.05-14.48.39:108][333]LogActorComponent: UnregisterComponent: (/Engine/Transient.ProjectileMovementComponent_10) Not registered. Aborting.
[2015.01.05-14.48.39:108][333]LogActorComponent: UnregisterComponent: (/Engine/Transient.CharacterMovementComponent_13) Not registered. Aborting.
[2015.01.05-14.48.39:569][333]LogSavePackage: Save=379.288177ms
[2015.01.05-14.48.39:569][333]LogSavePackage: Moving '../../../../../Git/Try1/Nikita(Boss)/SmartProjectFPS/Saved/Level355BF52094D51AFE2FFF3B2BCA9D89A0B.tmp' to '../../../../../Git/Try1/Nikita(Boss)/SmartProjectFPS/Content/Maps/Level3.umap'
[2015.01.05-14.48.47:092][598]LogEditorViewport: Clicking on Actor (LMB): StaticMeshActor (Wall_400x400)
[2015.01.05-14.48.50:248][706]Cmd: TRANSACTION UNDO
[2015.01.05-14.48.50:248][706]LogEditorTransaction: Undo Scale Actors
[2015.01.05-14.48.52:153][753]LogEditorViewport: Clicking on Actor (LMB): StaticMeshActor (Wall_400x400)
[2015.01.05-14.48.52:787][773]LogEditorViewport: Clicking on Actor (LMB): TriggerBox (TriggerBox)
[2015.01.05-14.48.56:377][913]LogEditorViewport: Clicking on Actor (LMB): StaticMeshActor (Wall_400x400)
[2015.01.05-14.49.22:955][926]Cmd: OBJ SAVEPACKAGE PACKAGE="/Game/Maps/Level3" FILE="../../../../../Git/Try1/Nikita(Boss)/SmartProjectFPS/Content/Maps/Level3.umap" SILENT=true AUTOSAVING=false KEEPDIRTY=false
[2015.01.05-14.49.22:961][926]LogActorComponent: UnregisterComponent: (/Engine/Transient.CharacterMovementComponent_14) Not registered. Aborting.
[2015.01.05-14.49.22:961][926]LogActorComponent: UnregisterComponent: (/Engine/Transient.PawnSensingComponent_10) Not registered. Aborting.
[2015.01.05-14.49.23:437][926]LogSavePackage: Save=398.307129ms
[2015.01.05-14.49.23:437][926]LogSavePackage: Moving '../../../../../Git/Try1/Nikita(Boss)/SmartProjectFPS/Saved/Level353C80CFF4A15DB4AEA52D98CD684719C.tmp' to '../../../../../Git/Try1/Nikita(Boss)/SmartProjectFPS/Content/Maps/Level3.umap'
[2015.01.05-14.49.56:705][539]LogEditorViewport: Clicking on Actor (LMB): StaticMeshActor (Wall_400x400)
[2015.01.05-14.50.20:862][435]LogEditorActor: Deleted 0 Actors (1.224 secs)
[2015.01.05-14.50.22:590][501]LogEditorViewport: Clicking on Actor (LMB): StaticMeshActor (Wall_400x400)
[2015.01.05-14.50.24:349][566]LogEditorViewport: Clicking on Actor (LMB): PlayerStart (Player Start)
[2015.01.05-14.51.22:044][797]LogEditorViewport: Clicking on Actor (LMB): StaticMeshActor (Wall_400x412)
[2015.01.05-14.51.31:358][177]BlueprintLog: New page: Pre-PIE auto-recompile
[2015.01.05-14.51.31:453][177]LogPlayLevel: [PIE] Compiling AIDummy before PIE...
[2015.01.05-14.51.31:823][177]LogPlayLevel: [PIE] Compiling Level3 before PIE...
[2015.01.05-14.51.31:962][177]LogPlayLevel: PIE:  Blueprint regeneration took 605 ms (2 blueprints)
[2015.01.05-14.51.31:963][177]PIE: New page: PIE session: Level3 (Jan 5, 2015, 6:51:31 PM)
[2015.01.05-14.51.32:113][177]LogPlayLevel: PIE: StaticDuplicateObject took: (0.150210s)
[2015.01.05-14.51.32:115][177]LogPlayLevel: PIE: World Init took: (0.002427s)
[2015.01.05-14.51.32:116][177]LogPlayLevel: PIE: Created PIE world by copying editor world from /Game/Maps/Level3.Level3 to /Game/Maps/UEDPIE_0_Level3.Level3 (0.152934s)
[2015.01.05-14.51.32:168][177]LogWorld: Game class is 'MyGame_C'
[2015.01.05-14.51.32:170][177]LogAIModule: Creating AISystem for world Level3
[2015.01.05-14.51.32:173][177]LogWorld:Warning: *** WARNING - PATHS MAY NOT BE VALID ***
[2015.01.05-14.51.32:173][177]LogWorld: Bringing World /Game/Maps/UEDPIE_0_Level3.Level3 up for play (max tick rate 0) at 2015.01.05-16.51.32
[2015.01.05-14.51.32:175][177]LogWorld: Bringing up level for play took: 0.005696
[2015.01.05-14.51.32:177][177]LogBlueprintUserMessages: MyCharacter_C2
[2015.01.05-14.51.32:178][177]PIE: Info Play in editor start time for /Game/Maps/UEDPIE_0_Level3 0.559
[2015.01.05-14.51.32:224][178]LogCharacterMovement:Warning: GetSimulationTimeStep() - Max iterations 8 hit while remaining time 0.094101 > MaxSimulationTimeStep (0.050) for 'MyCharacter_C_2'
[2015.01.05-14.51.33:149][206]LogArray:Warning: Attempted to get an item from array CallFunc_GetAllActorsOfClass_OutActors out of bounds [7/6]!
[2015.01.05-14.51.34:441][266]LogBlueprintUserMessages: GranadeLauncher
[2015.01.05-14.51.39:907][511]LogActorComponent: UnregisterComponent: (/Engine/Transient.CharacterMovementComponent_15) Not registered. Aborting.
[2015.01.05-14.51.39:907][511]LogActorComponent: UnregisterComponent: (/Engine/Transient.PawnSensingComponent_11) Not registered. Aborting.
[2015.01.05-14.51.40:005][512]LogParticles: Destroying 0 GPU particle simulations for FXSystem 0x000000A562BB1620
[2015.01.05-14.51.40:681][531]BlueprintLog: New page: Pre-PIE auto-recompile
[2015.01.05-14.51.40:685][531]LogPlayLevel: [PIE] Compiling Level3 before PIE...
[2015.01.05-14.51.40:824][531]LogPlayLevel: PIE:  Blueprint regeneration took 143 ms (1 blueprints)
[2015.01.05-14.51.40:824][531]PIE: New page: PIE session: Level3 (Jan 5, 2015, 6:51:40 PM)
[2015.01.05-14.51.40:954][531]LogPlayLevel: PIE: StaticDuplicateObject took: (0.129888s)
[2015.01.05-14.51.40:955][531]LogPlayLevel: PIE: World Init took: (0.001196s)
[2015.01.05-14.51.40:956][531]LogPlayLevel: PIE: Created PIE world by copying editor world from /Game/Maps/Level3.Level3 to /Game/Maps/UEDPIE_0_Level3.Level3 (0.131472s)
[2015.01.05-14.51.41:002][531]LogWorld: Game class is 'MyGame_C'
[2015.01.05-14.51.41:004][531]LogAIModule: Creating AISystem for world Level3
[2015.01.05-14.51.41:007][531]LogWorld:Warning: *** WARNING - PATHS MAY NOT BE VALID ***
[2015.01.05-14.51.41:007][531]LogWorld: Bringing World /Game/Maps/UEDPIE_0_Level3.Level3 up for play (max tick rate 0) at 2015.01.05-16.51.41
[2015.01.05-14.51.41:009][531]LogWorld: Bringing up level for play took: 0.005052
[2015.01.05-14.51.41:010][531]LogBlueprintUserMessages: MyCharacter_C3
[2015.01.05-14.51.41:011][531]PIE: Info Play in editor start time for /Game/Maps/UEDPIE_0_Level3 -0.607
[2015.01.05-14.51.43:116][619]LogParticles: Destroying 0 GPU particle simulations for FXSystem 0x000000A56441BE20
[2015.01.05-14.51.49:505][785]Cmd: OBJ SAVEPACKAGE PACKAGE="/Game/Blueprints/AIDummy" FILE="../../../../../Git/Try1/Nikita(Boss)/SmartProjectFPS/Content/Blueprints/AIDummy.uasset" SILENT=true
[2015.01.05-14.51.50:036][785]LogSavePackage: Save=494.666534ms
[2015.01.05-14.51.50:036][785]LogSavePackage: Moving '../../../../../Git/Try1/Nikita(Boss)/SmartProjectFPS/Saved/AIDummy5C4D13E34889050243DE5BA222DCD3CC.tmp' to '../../../../../Git/Try1/Nikita(Boss)/SmartProjectFPS/Content/Blueprints/AIDummy.uasset'
[2015.01.05-14.52.10:341][598]LogWindowsTextInputMethodSystem:Error: Deactivating a context failed while setting focus to the disabled TSF document manager.
[2015.01.05-14.52.10:341][598]LogWindowsTextInputMethodSystem:Error: Deactivating a context failed while setting focus to the disabled TSF document manager.
[2015.01.05-14.52.14:321][727]BlueprintLog: New page: Compile Level3
[2015.01.05-14.52.14:419][727]LogActorComponent: UnregisterComponent: (/Engine/Transient.CharacterMovementComponent_16) Not registered. Aborting.
[2015.01.05-14.52.14:419][727]LogActorComponent: UnregisterComponent: (/Engine/Transient.PawnSensingComponent_12) Not registered. Aborting.
[2015.01.05-14.52.14:488][727]BlueprintEditorCompileResults: Info [0632.67] Compile of Level3 successful! [in 7 ms]
[2015.01.05-14.52.16:170][778]BlueprintLog: New page: Pre-PIE auto-recompile
[2015.01.05-14.52.16:181][778]LogPlayLevel: [PIE] Compiling Level3 before PIE...
[2015.01.05-14.52.16:335][778]LogPlayLevel: PIE:  Blueprint regeneration took 165 ms (1 blueprints)
[2015.01.05-14.52.16:335][778]PIE: New page: PIE session: Level3 (Jan 5, 2015, 6:52:16 PM)
[2015.01.05-14.52.16:509][778]LogPlayLevel: PIE: StaticDuplicateObject took: (0.172209s)
[2015.01.05-14.52.16:511][778]LogPlayLevel: PIE: World Init took: (0.001766s)
[2015.01.05-14.52.16:512][778]LogPlayLevel: PIE: Created PIE world by copying editor world from /Game/Maps/Level3.Level3 to /Game/Maps/UEDPIE_0_Level3.Level3 (0.175123s)
[2015.01.05-14.52.16:561][778]LogWorld: Game class is 'MyGame_C'
[2015.01.05-14.52.16:562][778]LogAIModule: Creating AISystem for world Level3
[2015.01.05-14.52.16:565][778]LogWorld:Warning: *** WARNING - PATHS MAY NOT BE VALID ***
[2015.01.05-14.52.16:565][778]LogWorld: Bringing World /Game/Maps/UEDPIE_0_Level3.Level3 up for play (max tick rate 0) at 2015.01.05-16.52.16
[2015.01.05-14.52.16:567][778]LogWorld: Bringing up level for play took: 0.005267
[2015.01.05-14.52.16:569][778]LogBlueprintUserMessages: MyCharacter_C4
[2015.01.05-14.52.16:571][778]PIE: Info Play in editor start time for /Game/Maps/UEDPIE_0_Level3 0.952
[2015.01.05-14.52.18:235][841]LogParticles: Destroying 0 GPU particle simulations for FXSystem 0x000000A574348900
[2015.01.05-14.52.39:356][681]LogUObjectGlobals:Warning: Failed to find object 'Object None.'
[2015.01.05-14.53.01:837][473]LogWindowsTextInputMethodSystem:Error: Deactivating a context failed while setting focus to the disabled TSF document manager.
[2015.01.05-14.53.01:837][473]LogWindowsTextInputMethodSystem:Error: Deactivating a context failed while setting focus to the disabled TSF document manager.
[2015.01.05-14.53.03:835][532]LogSlate:Warning: GetFontFace failed to load or process 'Roboto-Regular'
[2015.01.05-14.53.05:196][581]LogWindowsTextInputMethodSystem:Error: Deactivating a context failed while setting focus to the disabled TSF document manager.
[2015.01.05-14.53.05:196][581]LogWindowsTextInputMethodSystem:Error: Deactivating a context failed while setting focus to the disabled TSF document manager.
[2015.01.05-14.53.21:733][120]BlueprintLog: New page: Pre-PIE auto-recompile
[2015.01.05-14.53.21:744][120]LogPlayLevel: [PIE] Compiling Level3 before PIE...
[2015.01.05-14.53.21:893][120]LogPlayLevel: PIE:  Blueprint regeneration took 160 ms (1 blueprints)
[2015.01.05-14.53.21:893][120]PIE: New page: PIE session: Level3 (Jan 5, 2015, 6:53:21 PM)
[2015.01.05-14.53.22:060][120]LogPlayLevel: PIE: StaticDuplicateObject took: (0.166265s)
[2015.01.05-14.53.22:062][120]LogPlayLevel: PIE: World Init took: (0.002035s)
[2015.01.05-14.53.22:062][120]LogPlayLevel: PIE: Created PIE world by copying editor world from /Game/Maps/Level3.Level3 to /Game/Maps/UEDPIE_0_Level3.Level3 (0.168592s)
[2015.01.05-14.53.22:111][120]LogWorld: Game class is 'MyGame_C'
[2015.01.05-14.53.22:113][120]LogAIModule: Creating AISystem for world Level3
[2015.01.05-14.53.22:116][120]LogWorld:Warning: *** WARNING - PATHS MAY NOT BE VALID ***
[2015.01.05-14.53.22:116][120]LogWorld: Bringing World /Game/Maps/UEDPIE_0_Level3.Level3 up for play (max tick rate 0) at 2015.01.05-16.53.22
[2015.01.05-14.53.22:118][120]LogWorld: Bringing up level for play took: 0.005201
[2015.01.05-14.53.22:119][120]LogBlueprintUserMessages: 
[2015.01.05-14.53.22:119][120]LogBlueprintUserMessages: MyCharacter_C5
[2015.01.05-14.53.22:120][120]PIE: Info Play in editor start time for /Game/Maps/UEDPIE_0_Level3 0.502
[2015.01.05-14.53.22:264][121]LogCharacterMovement:Warning: GetSimulationTimeStep() - Max iterations 8 hit while remaining time 0.100000 > MaxSimulationTimeStep (0.050) for 'MyCharacter_C_5'
[2015.01.05-14.53.25:554][263]LogParticles: Destroying 0 GPU particle simulations for FXSystem 0x000000A577A19300
[2015.01.05-14.53.27:298][322]BlueprintLog: New page: Pre-PIE auto-recompile
[2015.01.05-14.53.27:303][322]LogPlayLevel: [PIE] Compiling Level3 before PIE...
[2015.01.05-14.53.27:390][322]LogActorComponent: UnregisterComponent: (/Engine/Transient.ProjectileMovementComponent_11) Not registered. Aborting.
[2015.01.05-14.53.27:390][322]LogActorComponent: UnregisterComponent: (/Engine/Transient.CharacterMovementComponent_17) Not registered. Aborting.
[2015.01.05-14.53.27:390][322]LogActorComponent: UnregisterComponent: (/Engine/Transient.ProjectileMovementComponent_12) Not registered. Aborting.
[2015.01.05-14.53.27:391][322]LogActorComponent: UnregisterComponent: (/Engine/Transient.CharacterMovementComponent_18) Not registered. Aborting.
[2015.01.05-14.53.27:391][322]LogActorComponent: UnregisterComponent: (/Engine/Transient.PawnSensingComponent_13) Not registered. Aborting.
[2015.01.05-14.53.27:448][322]LogPlayLevel: PIE:  Blueprint regeneration took 148 ms (1 blueprints)
[2015.01.05-14.53.27:448][322]PIE: New page: PIE session: Level3 (Jan 5, 2015, 6:53:27 PM)
[2015.01.05-14.53.27:592][322]LogPlayLevel: PIE: StaticDuplicateObject took: (0.143624s)
[2015.01.05-14.53.27:593][322]LogPlayLevel: PIE: World Init took: (0.001086s)
[2015.01.05-14.53.27:593][322]LogPlayLevel: PIE: Created PIE world by copying editor world from /Game/Maps/Level3.Level3 to /Game/Maps/UEDPIE_0_Level3.Level3 (0.144971s)
[2015.01.05-14.53.27:649][322]LogWorld: Game class is 'MyGame_C'
[2015.01.05-14.53.27:651][322]LogAIModule: Creating AISystem for world Level3
[2015.01.05-14.53.27:655][322]LogWorld:Warning: *** WARNING - PATHS MAY NOT BE VALID ***
[2015.01.05-14.53.27:655][322]LogWorld: Bringing World /Game/Maps/UEDPIE_0_Level3.Level3 up for play (max tick rate 0) at 2015.01.05-16.53.27
[2015.01.05-14.53.27:656][322]LogWorld: Bringing up level for play took: 0.005463
[2015.01.05-14.53.27:658][322]LogBlueprintUserMessages: 
[2015.01.05-14.53.27:658][322]LogBlueprintUserMessages: MyCharacter_C6
[2015.01.05-14.53.27:659][322]PIE: Info Play in editor start time for /Game/Maps/UEDPIE_0_Level3 0.04
[2015.01.05-14.53.29:946][418]LogParticles: Destroying 0 GPU particle simulations for FXSystem 0x000000A575B5C540
[2015.01.05-14.53.34:916][571]LogSlate:Warning: GetFontFace failed to load or process 'Roboto-Regular'
[2015.01.05-14.53.34:916][571]LogSlate:Warning: GetFontFace failed to load or process 'Roboto-Regular'
[2015.01.05-14.53.35:640][594]LogWindowsTextInputMethodSystem:Error: Deactivating a context failed while setting focus to the disabled TSF document manager.
[2015.01.05-14.53.35:640][594]LogWindowsTextInputMethodSystem:Error: Deactivating a context failed while setting focus to the disabled TSF document manager.
[2015.01.05-14.53.48:280][ 93]LogUObjectGlobals:Warning: Failed to find object 'Object None.'
[2015.01.05-14.53.53:359][237]BlueprintLog: New page: Pre-PIE auto-recompile
[2015.01.05-14.53.53:371][237]LogPlayLevel: [PIE] Compiling Level3 before PIE...
[2015.01.05-14.53.53:511][237]LogPlayLevel: PIE:  Blueprint regeneration took 152 ms (1 blueprints)
[2015.01.05-14.53.53:511][237]PIE: New page: PIE session: Level3 (Jan 5, 2015, 6:53:53 PM)
[2015.01.05-14.53.53:655][237]LogPlayLevel: PIE: StaticDuplicateObject took: (0.142224s)
[2015.01.05-14.53.53:656][237]LogPlayLevel: PIE: World Init took: (0.001114s)
[2015.01.05-14.53.53:656][237]LogPlayLevel: PIE: Created PIE world by copying editor world from /Game/Maps/Level3.Level3 to /Game/Maps/UEDPIE_0_Level3.Level3 (0.143672s)
[2015.01.05-14.53.53:705][237]LogWorld: Game class is 'MyGame_C'
[2015.01.05-14.53.53:707][237]LogAIModule: Creating AISystem for world Level3
[2015.01.05-14.53.53:711][237]LogWorld:Warning: *** WARNING - PATHS MAY NOT BE VALID ***
[2015.01.05-14.53.53:711][237]LogWorld: Bringing World /Game/Maps/UEDPIE_0_Level3.Level3 up for play (max tick rate 0) at 2015.01.05-16.53.53
[2015.01.05-14.53.53:713][237]LogWorld: Bringing up level for play took: 0.005900
[2015.01.05-14.53.53:714][237]LogBlueprintUserMessages: 
[2015.01.05-14.53.53:714][237]LogBlueprintUserMessages: Hello
[2015.01.05-14.53.53:714][237]LogBlueprintUserMessages: MyCharacter_C7
[2015.01.05-14.53.53:715][237]PIE: Info Play in editor start time for /Game/Maps/UEDPIE_0_Level3 0.096
[2015.01.05-14.53.56:208][332]LogParticles: Destroying 0 GPU particle simulations for FXSystem 0x000000A57D18B880
[2015.01.05-14.54.13:009][766]BlueprintLog: New page: Pre-PIE auto-recompile
[2015.01.05-14.54.13:021][766]LogPlayLevel: [PIE] Compiling Level3 before PIE...
[2015.01.05-14.54.13:113][766]LogActorComponent: UnregisterComponent: (/Engine/Transient.ProjectileMovementComponent_13) Not registered. Aborting.
[2015.01.05-14.54.13:113][766]LogActorComponent: UnregisterComponent: (/Engine/Transient.CharacterMovementComponent_19) Not registered. Aborting.
[2015.01.05-14.54.13:114][766]LogActorComponent: UnregisterComponent: (/Engine/Transient.ProjectileMovementComponent_14) Not registered. Aborting.
[2015.01.05-14.54.13:114][766]LogActorComponent: UnregisterComponent: (/Engine/Transient.CharacterMovementComponent_20) Not registered. Aborting.
[2015.01.05-14.54.13:114][766]LogActorComponent: UnregisterComponent: (/Engine/Transient.PawnSensingComponent_14) Not registered. Aborting.
[2015.01.05-14.54.13:172][766]LogPlayLevel: PIE:  Blueprint regeneration took 163 ms (1 blueprints)
[2015.01.05-14.54.13:172][766]PIE: New page: PIE session: Level3 (Jan 5, 2015, 6:54:13 PM)
[2015.01.05-14.54.13:326][766]LogPlayLevel: PIE: StaticDuplicateObject took: (0.153987s)
[2015.01.05-14.54.13:328][766]LogPlayLevel: PIE: World Init took: (0.001115s)
[2015.01.05-14.54.13:328][766]LogPlayLevel: PIE: Created PIE world by copying editor world from /Game/Maps/Level3.Level3 to /Game/Maps/UEDPIE_0_Level3.Level3 (0.155515s)
[2015.01.05-14.54.13:389][766]LogWorld: Game class is 'MyGame_C'
[2015.01.05-14.54.13:391][766]LogAIModule: Creating AISystem for world Level3
[2015.01.05-14.54.13:394][766]LogWorld:Warning: *** WARNING - PATHS MAY NOT BE VALID ***
[2015.01.05-14.54.13:394][766]LogWorld: Bringing World /Game/Maps/UEDPIE_0_Level3.Level3 up for play (max tick rate 0) at 2015.01.05-16.54.13
[2015.01.05-14.54.13:397][766]LogWorld: Bringing up level for play took: 0.006094
[2015.01.05-14.54.13:398][766]LogBlueprintUserMessages: 
[2015.01.05-14.54.13:398][766]LogBlueprintUserMessages: Hello
[2015.01.05-14.54.13:398][766]LogBlueprintUserMessages: MyCharacter_C8
[2015.01.05-14.54.13:400][766]PIE: Info Play in editor start time for /Game/Maps/UEDPIE_0_Level3 -0.219
[2015.01.05-14.54.16:258][854]LogParticles: Destroying 0 GPU particle simulations for FXSystem 0x000000A57C67AA20
[2015.01.05-14.54.36:825][509]LogWindowsTextInputMethodSystem:Error: Deactivating a context failed while setting focus to the disabled TSF document manager.
[2015.01.05-14.54.36:825][509]LogWindowsTextInputMethodSystem:Error: Deactivating a context failed while setting focus to the disabled TSF document manager.
[2015.01.05-14.54.43:808][719]BlueprintLog: New page: Pre-PIE auto-recompile
[2015.01.05-14.54.43:823][719]LogPlayLevel: [PIE] Compiling Level3 before PIE...
[2015.01.05-14.54.43:985][719]LogPlayLevel: PIE:  Blueprint regeneration took 177 ms (1 blueprints)
[2015.01.05-14.54.43:985][719]PIE: New page: PIE session: Level3 (Jan 5, 2015, 6:54:43 PM)
[2015.01.05-14.54.44:142][719]LogPlayLevel: PIE: StaticDuplicateObject took: (0.157239s)
[2015.01.05-14.54.44:144][719]LogPlayLevel: PIE: World Init took: (0.001185s)
[2015.01.05-14.54.44:144][719]LogPlayLevel: PIE: Created PIE world by copying editor world from /Game/Maps/Level3.Level3 to /Game/Maps/UEDPIE_0_Level3.Level3 (0.158831s)
[2015.01.05-14.54.44:194][719]LogWorld: Game class is 'MyGame_C'
[2015.01.05-14.54.44:196][719]LogAIModule: Creating AISystem for world Level3
[2015.01.05-14.54.44:200][719]LogWorld:Warning: *** WARNING - PATHS MAY NOT BE VALID ***
[2015.01.05-14.54.44:200][719]LogWorld: Bringing World /Game/Maps/UEDPIE_0_Level3.Level3 up for play (max tick rate 0) at 2015.01.05-16.54.44
[2015.01.05-14.54.44:203][719]LogWorld: Bringing up level for play took: 0.006858
[2015.01.05-14.54.44:205][719]LogBlueprintUserMessages: 
[2015.01.05-14.54.44:205][719]LogBlueprintUserMessages: Hello
[2015.01.05-14.54.44:205][719]LogBlueprintUserMessages: MyCharacter_C9
[2015.01.05-14.54.44:206][719]PIE: Info Play in editor start time for /Game/Maps/UEDPIE_0_Level3 0.587
[2015.01.05-14.54.47:230][832]LogBlueprintUserMessages: MyCharacter_C9
[2015.01.05-14.54.47:230][832]LogBlueprintUserMessages: Hello
[2015.01.05-14.54.47:231][832]LogBlueprintUserMessages: MyCharacter_C9
[2015.01.05-14.54.50:171][954]LogBlueprintUserMessages: MyCharacter_C9
[2015.01.05-14.54.50:171][954]LogBlueprintUserMessages: Hello
[2015.01.05-14.54.50:171][954]LogBlueprintUserMessages: MyCharacter_C9
[2015.01.05-14.54.51:157][984]LogParticles: Destroying 0 GPU particle simulations for FXSystem 0x000000A57C064F40
[2015.01.05-14.55.03:537][338]BlueprintLog: New page: Pre-PIE auto-recompile
[2015.01.05-14.55.03:548][338]LogPlayLevel: [PIE] Compiling Level3 before PIE...
[2015.01.05-14.55.03:701][338]LogPlayLevel: PIE:  Blueprint regeneration took 164 ms (1 blueprints)
[2015.01.05-14.55.03:701][338]PIE: New page: PIE session: Level3 (Jan 5, 2015, 6:55:03 PM)
[2015.01.05-14.55.03:866][338]LogPlayLevel: PIE: StaticDuplicateObject took: (0.163287s)
[2015.01.05-14.55.03:867][338]LogPlayLevel: PIE: World Init took: (0.001110s)
[2015.01.05-14.55.03:867][338]LogPlayLevel: PIE: Created PIE world by copying editor world from /Game/Maps/Level3.Level3 to /Game/Maps/UEDPIE_0_Level3.Level3 (0.164795s)
[2015.01.05-14.55.03:918][338]LogWorld: Game class is 'MyGame_C'
[2015.01.05-14.55.03:920][338]LogAIModule: Creating AISystem for world Level3
[2015.01.05-14.55.03:924][338]LogWorld:Warning: *** WARNING - PATHS MAY NOT BE VALID ***
[2015.01.05-14.55.03:924][338]LogWorld: Bringing World /Game/Maps/UEDPIE_0_Level3.Level3 up for play (max tick rate 0) at 2015.01.05-16.55.03
[2015.01.05-14.55.03:927][338]LogWorld: Bringing up level for play took: 0.006858
[2015.01.05-14.55.03:928][338]LogBlueprintUserMessages: MyCharacter_C10
[2015.01.05-14.55.03:930][338]PIE: Info Play in editor start time for /Game/Maps/UEDPIE_0_Level3 0.311
[2015.01.05-14.55.04:089][339]LogCharacterMovement:Warning: GetSimulationTimeStep() - Max iterations 8 hit while remaining time 0.100000 > MaxSimulationTimeStep (0.050) for 'MyCharacter_C_10'
[2015.01.05-14.55.09:683][559]LogParticles: Destroying 0 GPU particle simulations for FXSystem 0x000000A576B11F80
[2015.01.05-14.55.36:236][ 28]BlueprintLog: New page: Pre-PIE auto-recompile
[2015.01.05-14.55.36:248][ 28]LogPlayLevel: [PIE] Compiling Level3 before PIE...
[2015.01.05-14.55.36:339][ 28]LogActorComponent: UnregisterComponent: (/Engine/Transient.ProjectileMovementComponent_15) Not registered. Aborting.
[2015.01.05-14.55.36:339][ 28]LogActorComponent: UnregisterComponent: (/Engine/Transient.CharacterMovementComponent_21) Not registered. Aborting.
[2015.01.05-14.55.36:339][ 28]LogActorComponent: UnregisterComponent: (/Engine/Transient.ProjectileMovementComponent_16) Not registered. Aborting.
[2015.01.05-14.55.36:339][ 28]LogActorComponent: UnregisterComponent: (/Engine/Transient.CharacterMovementComponent_22) Not registered. Aborting.
[2015.01.05-14.55.36:339][ 28]LogActorComponent: UnregisterComponent: (/Engine/Transient.PawnSensingComponent_15) Not registered. Aborting.
[2015.01.05-14.55.36:395][ 28]LogPlayLevel: PIE:  Blueprint regeneration took 157 ms (1 blueprints)
[2015.01.05-14.55.36:395][ 28]PIE: New page: PIE session: Level3 (Jan 5, 2015, 6:55:36 PM)
[2015.01.05-14.55.36:533][ 28]LogPlayLevel: PIE: StaticDuplicateObject took: (0.137704s)
[2015.01.05-14.55.36:534][ 28]LogPlayLevel: PIE: World Init took: (0.001210s)
[2015.01.05-14.55.36:534][ 28]LogPlayLevel: PIE: Created PIE world by copying editor world from /Game/Maps/Level3.Level3 to /Game/Maps/UEDPIE_0_Level3.Level3 (0.139265s)
[2015.01.05-14.55.36:587][ 28]LogWorld: Game class is 'MyGame_C'
[2015.01.05-14.55.36:588][ 28]LogAIModule: Creating AISystem for world Level3
[2015.01.05-14.55.36:591][ 28]LogWorld:Warning: *** WARNING - PATHS MAY NOT BE VALID ***
[2015.01.05-14.55.36:591][ 28]LogWorld: Bringing World /Game/Maps/UEDPIE_0_Level3.Level3 up for play (max tick rate 0) at 2015.01.05-16.55.36
[2015.01.05-14.55.36:593][ 28]LogWorld: Bringing up level for play took: 0.004728
[2015.01.05-14.55.36:594][ 28]LogBlueprintUserMessages: MyCharacter_C11
[2015.01.05-14.55.36:595][ 28]PIE: Info Play in editor start time for /Game/Maps/UEDPIE_0_Level3 0.976
[2015.01.05-14.55.44:043][364]LogParticles: Destroying 0 GPU particle simulations for FXSystem 0x000000A576B10E00
[2015.01.05-14.59.42:921][251]LogEditorViewport: Clicking on Actor (LMB): StaticMeshActor (Wall_400x411)
[2015.01.05-14.59.54:732][573]LogWindowsTextInputMethodSystem:Error: Deactivating a context failed while setting focus to the disabled TSF document manager.
[2015.01.05-14.59.54:732][573]LogWindowsTextInputMethodSystem:Error: Deactivating a context failed while setting focus to the disabled TSF document manager.
[2015.01.05-15.00.00:762][719]LogWindowsTextInputMethodSystem:Error: Deactivating a context failed while setting focus to the disabled TSF document manager.
[2015.01.05-15.00.00:762][719]LogWindowsTextInputMethodSystem:Error: Deactivating a context failed while setting focus to the disabled TSF document manager.
[2015.01.05-15.00.14:829][ 77]BlueprintLog: New page: Pre-PIE auto-recompile
[2015.01.05-15.00.14:845][ 77]LogPlayLevel: [PIE] Compiling Level3 before PIE...
[2015.01.05-15.00.15:028][ 77]LogPlayLevel: PIE:  Blueprint regeneration took 197 ms (1 blueprints)
[2015.01.05-15.00.15:028][ 77]PIE: New page: SIE session: Level3 (Jan 5, 2015, 7:00:15 PM)
[2015.01.05-15.00.15:185][ 77]LogPlayLevel: PIE: StaticDuplicateObject took: (0.156766s)
[2015.01.05-15.00.15:186][ 77]LogPlayLevel: PIE: World Init took: (0.001142s)
[2015.01.05-15.00.15:186][ 77]LogPlayLevel: PIE: Created PIE world by copying editor world from /Game/Maps/Level3.Level3 to /Game/Maps/UEDPIE_0_Level3.Level3 (0.158288s)
[2015.01.05-15.00.15:187][ 77]LogSelection:Warning: PIE object was selected: "StaticMeshActor /Game/Maps/UEDPIE_0_Level3.Level3:PersistentLevel.Wall_400x411"
[2015.01.05-15.00.15:233][ 77]LogWorld: Game class is 'MyGame_C'
[2015.01.05-15.00.15:235][ 77]LogAIModule: Creating AISystem for world Level3
[2015.01.05-15.00.15:239][ 77]LogWorld:Warning: *** WARNING - PATHS MAY NOT BE VALID ***
[2015.01.05-15.00.15:239][ 77]LogWorld: Bringing World /Game/Maps/UEDPIE_0_Level3.Level3 up for play (max tick rate 0) at 2015.01.05-17.00.15
[2015.01.05-15.00.15:241][ 77]LogWorld: Bringing up level for play took: 0.006117
[2015.01.05-15.00.15:242][ 77]LogArray:Warning: Attempted to get an item from