Log file open, 01/11/15 23:22:56
LogInit:Display: Running engine for game: SmartProjectFPS
LogInit: Version: 4.5.1-2336687+++depot+UE4-Releases+4.5
LogInit: API Version: 2326478
LogInit: Compiled (64-bit): Oct 21 2014 22:32:40
LogInit: Compiled with Visual C++: 18.00.21005.01
LogInit: Build Configuration: Development
LogInit: Branch Name: ++depot+UE4-Releases+4.5
LogInit: Command line: 
LogInit: Base directory: F:/ExtraSoft/UnrealEngine/4.5/Engine/Binaries/Win64/
LogInit: Rocket: 1
[2015.01.11-21.22.56:594][  0]LogTaskGraph: Started task graph with 3 named threads and 4 total threads.
[2015.01.11-21.22.56:626][  0]LogOnline:Warning: No default platform service specified for OnlineSubsystem
[2015.01.11-21.22.56:768][  0]LogInit: Presizing for 0 objects not considered by GC, pre-allocating 0 bytes.
[2015.01.11-21.22.56:779][  0]LogInit: Object subsystem initialized
[2015.01.11-21.22.56:783][  0]LogConsoleResponse:Warning: Skipping Unknown console variable: 'UIScaleRule = ShortestSide'
[2015.01.11-21.22.56:783][  0]LogConsoleResponse:Warning:   Found in ini file 'F:/ExtraSoft/Git/Try1/Nikita(Boss)/SmartProjectFPS/Saved/Config/Windows/Engine.ini', in section '[/Script/Engine.RendererSettings]'
[2015.01.11-21.22.56:783][  0]LogConsoleResponse:Warning: Skipping Unknown console variable: 'UIScaleCurve = (EditorCurveData=(Keys=((Time=480.000000,Value=0.444000),(Time=720.000000,Value=0.666000),(Time=1080.000000,Value=1.000000),(Time=8640.000000,Value=8.000000))),ExternalCurve=None)'
[2015.01.11-21.22.56:783][  0]LogConsoleResponse:Warning:   Found in ini file 'F:/ExtraSoft/Git/Try1/Nikita(Boss)/SmartProjectFPS/Saved/Config/Windows/Engine.ini', in section '[/Script/Engine.RendererSettings]'
[2015.01.11-21.22.56:784][  0]LogInit: Selected Device Profile: [Windows]
[2015.01.11-21.22.56:784][  0]LogInit: Applying CVar settings loaded from the selected device profile: [Windows]
[2015.01.11-21.22.56:815][  0]LogInit: Computer: NIKPC
[2015.01.11-21.22.56:815][  0]LogInit: User: Nikita
[2015.01.11-21.22.56:816][  0]LogInit: CPU Page size=4096, Cores=2
[2015.01.11-21.22.56:816][  0]LogInit: High frequency timer resolution =1.753828 MHz
[2015.01.11-21.22.56:816][  0]LogMemory: Memory total: Physical=7.9GB (8GB approx) Virtual=131072.0GB
[2015.01.11-21.22.56:816][  0]LogMemory: Platform Memory Stats for Windows
[2015.01.11-21.22.56:816][  0]LogMemory: Process Physical Memory: 69.68 MB used, 69.68 MB peak
[2015.01.11-21.22.56:816][  0]LogMemory: Process Virtual Memory: 44.92 MB used, 44.92 MB peak
[2015.01.11-21.22.56:816][  0]LogMemory: Physical Memory: 2145.32 MB used, 8077.30 MB total
[2015.01.11-21.22.56:816][  0]LogMemory: Virtual Memory: 288.87 MB used, 134217728.00 MB total
[2015.01.11-21.22.57:316][  0]LogD3D11RHI: Found D3D11 adapter 0: Intel(R) HD Graphics 4000 (Feature Level 11_0)
[2015.01.11-21.22.57:316][  0]LogD3D11RHI: Adapter has 1988MB of dedicated video memory, 0MB of dedicated system memory, and 2048MB of shared system memory, 1 output[s]
[2015.01.11-21.22.57:333][  0]LogD3D11RHI: Found D3D11 adapter 1: NVIDIA GeForce GT 740M    (Feature Level 11_0)
[2015.01.11-21.22.57:333][  0]LogD3D11RHI: Adapter has 1988MB of dedicated video memory, 0MB of dedicated system memory, and 2048MB of shared system memory, 0 output[s]
[2015.01.11-21.22.57:334][  0]LogD3D11RHI: Found D3D11 adapter 2: Microsoft Basic Render Driver (Feature Level 11_0)
[2015.01.11-21.22.57:334][  0]LogD3D11RHI: Adapter has 1988MB of dedicated video memory, 0MB of dedicated system memory, and 2048MB of shared system memory, 0 output[s]
[2015.01.11-21.22.57:334][  0]LogD3D11RHI: Chosen D3D11 Adapter Id = 0
[2015.01.11-21.22.57:337][  0]LogRHI: Texture pool is 1361 MB (70% of 1945 MB)
[2015.01.11-21.22.57:350][  0]LogD3D11RHI: Async texture creation enabled
[2015.01.11-21.22.57:943][  0]LogTextLocalizationManager: The requested culture ('ru_RU') has no localization data; falling back to 'en' for localization and internationalization data.
[2015.01.11-21.22.58:143][  0]LogContentStreaming: Texture pool size is 0.000000MB
[2015.01.11-21.23.04:900][  0]LogTargetPlatformManager:Display: Building Assets For Windows
[2015.01.11-21.23.06:096][  0]LogTargetPlatformManager:Display: Building Assets For Windows
[2015.01.11-21.23.06:191][  0]LogDerivedDataCache:Display: Max Cache Size: 512 MB
[2015.01.11-21.23.06:810][  0]LogDerivedDataCache: Loaded boot cache 0.62s 39MB C:/Users/Nikita/AppData/Local/UnrealEngine/4.5/DerivedDataCache/Boot.ddc.
[2015.01.11-21.23.06:810][  0]LogDerivedDataCache:Display: Loaded Boot cache: C:/Users/Nikita/AppData/Local/UnrealEngine/4.5/DerivedDataCache/Boot.ddc
[2015.01.11-21.23.06:811][  0]LogDerivedDataCache: FDerivedDataBackendGraph:  Pak pak cache file ../../../../../Git/Try1/Nikita(Boss)/SmartProjectFPS/DerivedDataCache/DDC.ddp not found, will not use a pak cache.
[2015.01.11-21.23.06:811][  0]LogDerivedDataCache: Unable to find inner node Pak for hierarchical cache Hierarchy.
[2015.01.11-21.23.06:969][  0]LogDerivedDataCache:Display: Pak cache opened for reading ../../../Engine/DerivedDataCache/DDC.ddp.
[2015.01.11-21.23.06:982][  0]LogDerivedDataCache: Using Local data cache path C:/Users/Nikita/AppData/Local/UnrealEngine/Common/DerivedDataCache: Writable
[2015.01.11-21.23.13:307][  0]LogMeshUtilities: No automatic mesh reduction module available
[2015.01.11-21.23.13:307][  0]LogMeshUtilities: No automatic mesh merging module available
[2015.01.11-21.23.14:032][  0]LogLinker:Warning: Asset '../../../Engine/Content/Functions/Engine_MaterialFunctions02/Texturing/FlipBook.uasset' has been saved with empty engine version. The asset will be loaded but may be incompatible.
[2015.01.11-21.23.14:057][  0]LogLinker:Warning: Asset '../../../Engine/Content/Functions/Engine_MaterialFunctions02/ExampleContent/Textures/flipbook.uasset' has been saved with empty engine version. The asset will be loaded but may be incompatible.
[2015.01.11-21.23.14:819][  0]LogInit: WinSock: version 1.1 (2.2), MaxSocks=32767, MaxUdp=65467
[2015.01.11-21.23.16:394][  0]UdpMessaging: Initializing bridge on interface 0.0.0.0:0 to multicast group 230.0.0.1:6666.
[2015.01.11-21.23.16:591][  0]LogDirectoryWatcher:Warning: Failed to begin reading directory changes for F:/ExtraSoft/Git/Try1/Nikita(Boss)/SmartProjectFPS/Binaries/Win64. Error: 0
[2015.01.11-21.23.17:087][  0]SourceControl: Info Source control is disabled
[2015.01.11-21.23.17:087][  0]SourceControl: Info Source control is disabled
[2015.01.11-21.23.17:095][  0]SourceControl: Info Source control is disabled
[2015.01.11-21.23.17:238][  0]LogObj: 22915 objects as part of root set at end of initial load.
[2015.01.11-21.23.17:238][  0]LogUObjectAllocator: 4803536 out of 0 bytes used by permanent object pool.
[2015.01.11-21.23.17:299][  0]LogEngine: Initializing Engine...
[2015.01.11-21.23.17:739][  0]LogInit: XAudio2 using 'Headphones (High Definition Audio Device)' : 2 channels at 44.1 kHz using 16 bits per sample (channel mask 0x3)
[2015.01.11-21.23.17:750][  0]LogInit: FAudioDevice initialized.
[2015.01.11-21.23.17:772][  0]LogAIModule: Creating AISystem for world NewWorld
[2015.01.11-21.23.17:794][  0]LogDerivedDataCache: Saved boot cache 0.02s 39MB C:/Users/Nikita/AppData/Local/UnrealEngine/4.5/DerivedDataCache/Boot.ddc.
[2015.01.11-21.23.17:799][  0]LogInit: Texture streaming: Enabled
[2015.01.11-21.23.17:846][  0]LogInit: Transaction tracking system initialized
[2015.01.11-21.23.17:941][  0]BlueprintLog: New page: Editor Load
[2015.01.11-21.23.17:971][  0]LogAssetRegistry: FAssetRegistry took 0.0108 seconds to start up
[2015.01.11-21.23.17:971][  0]LogDirectoryWatcher:Warning: Failed to begin reading directory changes for ../../../Engine/Plugins/Experimental/CharacterAI/Content/. Error: 0
[2015.01.11-21.23.18:605][  0]LogTargetPlatformManager:Display: Building Assets For Windows
[2015.01.11-21.23.19:019][  0]LogTargetPlatformManager:Display: Building Assets For Windows
[2015.01.11-21.23.19:495][  0]LogConsoleResponse:Display: 
[2015.01.11-21.23.20:953][  0]SourceControl: Info Source control is disabled
[2015.01.11-21.23.20:953][  0]Cmd: MAP LOAD FILE="../../../../../Git/Try1/Nikita(Boss)/SmartProjectFPS/Content/Maps/Example_Map.umap" TEMPLATE=0 SHOWPROGRESS=1
[2015.01.11-21.23.20:989][  0]LightingResults: New page: Lighting Build
[2015.01.11-21.23.20:999][  0]MapCheck: New page: Map Check
[2015.01.11-21.23.20:999][  0]LightingResults: New page: Lighting Build
[2015.01.11-21.23.21:028][  0]LogParticles: Destroying 0 GPU particle simulations for FXSystem 0x000000854067A840
[2015.01.11-21.23.26:274][  0]LogEditorServer: Finished looking for orphan Actors (0.000 secs)
[2015.01.11-21.23.26:275][  0]LogAIModule: Creating AISystem for world Example_Map
[2015.01.11-21.23.26:276][  0]Cmd: MAP CHECKDEP
[2015.01.11-21.23.26:276][  0]MapCheck: New page: Example_Map - Jan 12, 2015, 1:23:26 AM
[2015.01.11-21.23.26:410][  0]MapCheck: Info Map check complete: 0 Error(s), 0 Warning(s), took 133.951ms to complete.
[2015.01.11-21.23.26:410][  0]LogFileHelpers: Loading map 'Example_Map' took 5.457
[2015.01.11-21.23.26:498][  0]LogCollectionManager: Loaded 0 collections in 0.001043 seconds
[2015.01.11-21.23.26:639][  0]LogCrashTracker: Crashtracker disabled due to settings.
[2015.01.11-21.23.26:803][  0]LogUObjectGlobals:Warning: Failed to find object 'Class None.'
[2015.01.11-21.23.26:830][  0]LogLoad: Full Startup: 35.55 seconds (BP compile: 0.89 seconds)
[2015.01.11-21.23.26:851][  0]LogContentBrowser:Verbose: The content browser source was changed by the sources view to '/Game/Blueprints/AICharacterTry1'
[2015.01.11-21.23.27:138][  0]LogRenderer:Warning: Reallocating scene render targets to support 824x568.
[2015.01.11-21.23.28:577][  4]LogAssetRegistry: Asset discovery search completed in 10.6170 seconds
[2015.01.11-21.23.40:909][ 41]LogContentBrowser:Verbose: The content browser source was changed by the sources view to 'None'
[2015.01.11-21.23.43:885][ 99]LogContentBrowser:Verbose: The content browser source was changed by the sources view to '/Game/Blueprints'
[2015.01.11-21.24.29:152][352]BlueprintLog: New page: Pre-PIE auto-recompile
[2015.01.11-21.24.29:152][352]LogPlayLevel: [PIE] Compiling Tutorial_BP_MacroLib before PIE...
[2015.01.11-21.24.29:265][352]LogPlayLevel: [PIE] Compiling Example_Map before PIE...
[2015.01.11-21.24.29:393][352]LogActorComponent: UnregisterComponent: (/Engine/Transient.CharacterMovementComponent_0) Not registered. Aborting.
[2015.01.11-21.24.29:393][352]LogActorComponent: UnregisterComponent: (/Engine/Transient.PawnSensingComponent_0) Not registered. Aborting.
[2015.01.11-21.24.29:393][352]LogActorComponent: UnregisterComponent: (/Engine/Transient.ProjectileMovementComponent_0) Not registered. Aborting.
[2015.01.11-21.24.29:393][352]LogActorComponent: UnregisterComponent: (/Engine/Transient.ProjectileMovementComponent_1) Not registered. Aborting.
[2015.01.11-21.24.29:393][352]LogActorComponent: UnregisterComponent: (/Engine/Transient.CharacterMovementComponent_1) Not registered. Aborting.
[2015.01.11-21.24.29:393][352]LogActorComponent: UnregisterComponent: (/Engine/Transient.ProjectileMovementComponent_2) Not registered. Aborting.
[2015.01.11-21.24.29:493][352]LogPlayLevel: PIE:  Blueprint regeneration took 341 ms (2 blueprints)
[2015.01.11-21.24.29:493][352]PIE: New page: PIE session: Example_Map (Jan 12, 2015, 1:24:29 AM)
[2015.01.11-21.24.29:534][352]LogPlayLevel: PIE: StaticDuplicateObject took: (0.040737s)
[2015.01.11-21.24.29:535][352]LogPlayLevel: PIE: World Init took: (0.001014s)
[2015.01.11-21.24.29:535][352]LogPlayLevel: PIE: Created PIE world by copying editor world from /Game/Maps/Example_Map.Example_Map to /Game/Maps/UEDPIE_0_Example_Map.Example_Map (0.042081s)
[2015.01.11-21.24.29:842][352]LogWorld: Game class is 'MyGame_C'
[2015.01.11-21.24.29:844][352]LogAIModule: Creating AISystem for world Example_Map
[2015.01.11-21.24.29:871][352]LogWorld: Bringing World /Game/Maps/UEDPIE_0_Example_Map.Example_Map up for play (max tick rate 60) at 2015.01.11-23.24.29
[2015.01.11-21.24.29:872][352]LogWorld: Bringing up level for play took: 0.027826
[2015.01.11-21.24.29:874][352]LogArray:Warning: Attempted to get an item from array CallFunc_GetAllActorsOfClass_OutActors out of bounds [4/3]!
[2015.01.11-21.24.29:874][352]PIE: Info Play in editor start time for /Game/Maps/UEDPIE_0_Example_Map 0.728
[2015.01.11-21.24.31:072][397]LogBlueprintUserMessages: AutoWeapon
[2015.01.11-21.24.41:357][761]LogBlueprintUserMessages: GranadeLauncher
[2015.01.11-21.24.41:766][775]LogBlueprintUserMessages: AutoWeapon
[2015.01.11-21.24.47:931][987]LogBlueprintUserMessages: ShotGun
[2015.01.11-21.24.49:463][ 41]LogBlueprintUserMessages: AutoWeapon
[2015.01.11-21.24.50:094][ 65]LogBlueprintUserMessages: GranadeLauncher
[2015.01.11-21.24.50:372][ 75]LogCharacterMovement: Dummy_C_8 is stuck and failed to move!
[2015.01.11-21.24.50:618][ 84]LogBlueprintUserMessages: ShotGun
[2015.01.11-21.24.53:391][191]LogBlueprintUserMessages: AutoWeapon
[2015.01.11-21.24.54:603][239]LogBlueprintUserMessages: GranadeLauncher
[2015.01.11-21.24.55:879][288]LogBlueprintUserMessages: GranadeLauncher
[2015.01.11-21.24.56:109][296]LogBlueprintUserMessages: AutoWeapon
[2015.01.11-21.24.58:156][366]LogBlueprintUserMessages: GranadeLauncher
[2015.01.11-21.24.58:787][387]LogBlueprintUserMessages: ShotGun
[2015.01.11-21.25.04:861][617]LogBlueprintUserMessages: AutoWeapon
[2015.01.11-21.25.06:060][662]LogBlueprintUserMessages: GranadeLauncher
[2015.01.11-21.25.08:832][767]LogBlueprintUserMessages: GranadeLauncher
[2015.01.11-21.25.10:190][819]LogBlueprintUserMessages: AutoWeapon
[2015.01.11-21.25.11:628][869]LogBlueprintUserMessages: GranadeLauncher
[2015.01.11-21.25.12:155][888]LogBlueprintUserMessages: GranadeLauncher
[2015.01.11-21.25.12:630][906]LogCharacterMovement: Dummy_C_19 is stuck and failed to move!
[2015.01.11-21.25.12:657][907]LogCharacterMovement: Dummy_C_19 is stuck and failed to move!
[2015.01.11-21.25.12:683][908]LogCharacterMovement: Dummy_C_19 is stuck and failed to move!
[2015.01.11-21.25.13:342][931]LogCharacterMovement: Dummy_C_19 is stuck and failed to move!
[2015.01.11-21.25.15:197][998]LogBlueprintUserMessages: ShotGun
[2015.01.11-21.25.17:268][ 76]LogCharacterMovement: Dummy_C_15 is stuck and failed to move!
[2015.01.11-21.25.17:291][ 77]LogCharacterMovement: Dummy_C_15 is stuck and failed to move!
[2015.01.11-21.25.17:317][ 78]LogCharacterMovement: Dummy_C_15 is stuck and failed to move!
[2015.01.11-21.25.17:342][ 79]LogCharacterMovement: Dummy_C_15 is stuck and failed to move!
[2015.01.11-21.25.17:745][ 95]LogCharacterMovement: Dummy_C_17 is stuck and failed to move!
[2015.01.11-21.25.17:893][101]LogCharacterMovement: Dummy_C_16 is stuck and failed to move!
[2015.01.11-21.25.17:918][102]LogCharacterMovement: Dummy_C_16 is stuck and failed to move!
[2015.01.11-21.25.18:045][107]LogCharacterMovement: Dummy_C_20 is stuck and failed to move!
[2015.01.11-21.25.18:071][108]LogCharacterMovement: Dummy_C_20 is stuck and failed to move!
[2015.01.11-21.25.18:096][109]LogCharacterMovement: Dummy_C_20 is stuck and failed to move!
[2015.01.11-21.25.18:121][110]LogCharacterMovement: Dummy_C_20 is stuck and failed to move!
[2015.01.11-21.25.18:147][111]LogCharacterMovement: Dummy_C_20 is stuck and failed to move!
[2015.01.11-21.25.18:148][111]LogCharacterMovement: Dummy_C_15 is stuck and failed to move!
[2015.01.11-21.25.18:173][112]LogCharacterMovement: Dummy_C_15 is stuck and failed to move!
[2015.01.11-21.25.18:372][120]LogBlueprintUserMessages: AutoWeapon
[2015.01.11-21.25.18:523][126]LogCharacterMovement: Dummy_C_16 is stuck and failed to move!
[2015.01.11-21.25.18:549][127]LogCharacterMovement: Dummy_C_16 is stuck and failed to move!
[2015.01.11-21.25.18:600][129]LogCharacterMovement: Dummy_C_16 is stuck and failed to move!
[2015.01.11-21.25.18:727][134]LogCharacterMovement: Dummy_C_16 is stuck and failed to move!
[2015.01.11-21.25.18:752][135]LogCharacterMovement: Dummy_C_16 is stuck and failed to move!
[2015.01.11-21.25.18:778][136]LogCharacterMovement: Dummy_C_16 is stuck and failed to move!
[2015.01.11-21.25.18:803][137]LogCharacterMovement: Dummy_C_16 is stuck and failed to move!
[2015.01.11-21.25.18:829][138]LogCharacterMovement: Dummy_C_16 is stuck and failed to move!
[2015.01.11-21.25.18:830][138]LogCharacterMovement: Dummy_C_21 is stuck and failed to move!
[2015.01.11-21.25.18:853][139]LogCharacterMovement: Dummy_C_16 is stuck and failed to move!
[2015.01.11-21.25.18:880][140]LogCharacterMovement: Dummy_C_16 is stuck and failed to move!
[2015.01.11-21.25.18:906][141]LogCharacterMovement: Dummy_C_16 is stuck and failed to move!
[2015.01.11-21.25.18:934][142]LogCharacterMovement: Dummy_C_16 is stuck and failed to move!
[2015.01.11-21.25.18:958][143]LogCharacterMovement: Dummy_C_16 is stuck and failed to move!
[2015.01.11-21.25.18:985][144]LogCharacterMovement: Dummy_C_16 is stuck and failed to move!
[2015.01.11-21.25.19:010][145]LogCharacterMovement: Dummy_C_16 is stuck and failed to move!
[2015.01.11-21.25.19:035][146]LogCharacterMovement: Dummy_C_16 is stuck and failed to move!
[2015.01.11-21.25.19:062][147]LogCharacterMovement: Dummy_C_16 is stuck and failed to move!
[2015.01.11-21.25.19:087][148]LogCharacterMovement: Dummy_C_16 is stuck and failed to move!
[2015.01.11-21.25.19:112][149]LogCharacterMovement: Dummy_C_16 is stuck and failed to move!
[2015.01.11-21.25.19:137][150]LogCharacterMovement: Dummy_C_16 is stuck and failed to move!
[2015.01.11-21.25.19:161][151]LogCharacterMovement: Dummy_C_16 is stuck and failed to move!
[2015.01.11-21.25.19:211][153]LogCharacterMovement: Dummy_C_18 is stuck and failed to move!
[2015.01.11-21.25.19:287][156]LogCharacterMovement: Dummy_C_18 is stuck and failed to move!
[2015.01.11-21.25.19:312][157]LogCharacterMovement: Dummy_C_18 is stuck and failed to move!
[2015.01.11-21.25.19:338][158]LogCharacterMovement: Dummy_C_18 is stuck and failed to move!
[2015.01.11-21.25.19:363][159]LogCharacterMovement: Dummy_C_18 is stuck and failed to move!
[2015.01.11-21.25.19:389][160]LogCharacterMovement: Dummy_C_18 is stuck and failed to move!
[2015.01.11-21.25.19:414][161]LogCharacterMovement: Dummy_C_18 is stuck and failed to move!
[2015.01.11-21.25.19:439][162]LogCharacterMovement: Dummy_C_18 is stuck and failed to move!
[2015.01.11-21.25.19:464][163]LogCharacterMovement: Dummy_C_18 is stuck and failed to move!
[2015.01.11-21.25.19:491][164]LogCharacterMovement: Dummy_C_21 is stuck and failed to move!
[2015.01.11-21.25.19:515][165]LogCharacterMovement: Dummy_C_21 is stuck and failed to move!
[2015.01.11-21.25.19:516][165]LogCharacterMovement: Dummy_C_24 is stuck and failed to move!
[2015.01.11-21.25.19:539][166]LogCharacterMovement: Dummy_C_21 is stuck and failed to move!
[2015.01.11-21.25.20:029][185]LogCharacterMovement: Dummy_C_17 is stuck and failed to move!
[2015.01.11-21.25.20:057][186]LogCharacterMovement: Dummy_C_17 is stuck and failed to move!
[2015.01.11-21.25.20:082][187]LogBlueprintUserMessages: GranadeLauncher
[2015.01.11-21.25.20:084][187]LogCharacterMovement: Dummy_C_17 is stuck and failed to move!
[2015.01.11-21.25.20:111][188]LogCharacterMovement: Dummy_C_17 is stuck and failed to move!
[2015.01.11-21.25.20:140][189]LogCharacterMovement: Dummy_C_17 is stuck and failed to move!
[2015.01.11-21.25.20:197][191]LogCharacterMovement: Dummy_C_17 is stuck and failed to move!
[2015.01.11-21.25.20:223][192]LogCharacterMovement: Dummy_C_17 is stuck and failed to move!
[2015.01.11-21.25.20:858][215]LogCharacterMovement: Dummy_C_17 is stuck and failed to move!
[2015.01.11-21.25.20:885][216]LogCharacterMovement: Dummy_C_17 is stuck and failed to move!
[2015.01.11-21.25.21:155][225]LogCharacterMovement: Dummy_C_16 is stuck and failed to move!
[2015.01.11-21.25.21:538][238]LogBlueprintUserMessages: AutoWeapon
[2015.01.11-21.25.21:712][244]LogCharacterMovement: Dummy_C_28 is stuck and failed to move!
[2015.01.11-21.25.21:712][244]LogCharacterMovement: Dummy_C_23 is stuck and failed to move!
[2015.01.11-21.25.21:739][245]LogCharacterMovement: Dummy_C_23 is stuck and failed to move!
[2015.01.11-21.25.21:767][246]LogCharacterMovement: Dummy_C_28 is stuck and failed to move!
[2015.01.11-21.25.21:796][247]LogCharacterMovement: Dummy_C_28 is stuck and failed to move!
[2015.01.11-21.25.21:824][248]LogCharacterMovement: Dummy_C_28 is stuck and failed to move!
[2015.01.11-21.25.22:405][269]LogBlueprintUserMessages: GranadeLauncher
[2015.01.11-21.25.22:488][272]LogCharacterMovement: Dummy_C_18 is stuck and failed to move!
[2015.01.11-21.25.23:638][314]LogCharacterMovement: Dummy_C_23 is stuck and failed to move!
[2015.01.11-21.25.23:664][315]LogBlueprintUserMessages: ShotGun
[2015.01.11-21.25.26:132][405]LogCharacterMovement: Dummy_C_15 is stuck and failed to move!
[2015.01.11-21.25.26:157][406]LogCharacterMovement: Dummy_C_15 is stuck and failed to move!
[2015.01.11-21.25.26:184][407]LogCharacterMovement: Dummy_C_15 is stuck and failed to move!
[2015.01.11-21.25.26:287][411]LogBlueprintUserMessages: GranadeLauncher
[2015.01.11-21.25.26:868][432]LogBlueprintUserMessages: ShotGun
[2015.01.11-21.25.27:176][443]LogCharacterMovement: Dummy_C_29 is stuck and failed to move!
[2015.01.11-21.25.27:937][471]LogCharacterMovement: Dummy_C_15 is stuck and failed to move!
[2015.01.11-21.25.27:965][472]LogCharacterMovement: Dummy_C_15 is stuck and failed to move!
[2015.01.11-21.25.27:995][473]LogCharacterMovement: Dummy_C_15 is stuck and failed to move!
[2015.01.11-21.25.28:022][474]LogCharacterMovement: Dummy_C_15 is stuck and failed to move!
[2015.01.11-21.25.28:167][479]LogBlueprintUserMessages: GranadeLauncher
[2015.01.11-21.25.28:604][494]LogCharacterMovement: Dummy_C_28 is stuck and failed to move!
[2015.01.11-21.25.28:604][494]LogCharacterMovement: Dummy_C_29 is stuck and failed to move!
[2015.01.11-21.25.28:634][495]LogCharacterMovement: Dummy_C_29 is stuck and failed to move!
[2015.01.11-21.25.28:662][496]LogCharacterMovement: Dummy_C_29 is stuck and failed to move!
[2015.01.11-21.25.28:691][497]LogCharacterMovement: Dummy_C_29 is stuck and failed to move!
[2015.01.11-21.25.28:719][498]LogCharacterMovement: Dummy_C_29 is stuck and failed to move!
[2015.01.11-21.25.28:749][499]LogCharacterMovement: Dummy_C_29 is stuck and failed to move!
[2015.01.11-21.25.28:776][500]LogCharacterMovement: Dummy_C_29 is stuck and failed to move!
[2015.01.11-21.25.28:805][501]LogCharacterMovement: Dummy_C_29 is stuck and failed to move!
[2015.01.11-21.25.28:833][502]LogCharacterMovement: Dummy_C_29 is stuck and failed to move!
[2015.01.11-21.25.28:866][503]LogCharacterMovement: Dummy_C_29 is stuck and failed to move!
[2015.01.11-21.25.28:915][504]LogCharacterMovement: Dummy_C_29 is stuck and failed to move!
[2015.01.11-21.25.28:941][505]LogCharacterMovement: Dummy_C_29 is stuck and failed to move!
[2015.01.11-21.25.28:972][506]LogBlueprintUserMessages: GranadeLauncher
[2015.01.11-21.25.29:171][512]LogCharacterMovement: Dummy_C_29 is stuck and failed to move!
[2015.01.11-21.25.29:906][535]LogCharacterMovement: Dummy_C_18 is stuck and failed to move!
[2015.01.11-21.25.29:935][536]LogCharacterMovement: Dummy_C_18 is stuck and failed to move!
[2015.01.11-21.25.29:966][537]LogCharacterMovement: Dummy_C_18 is stuck and failed to move!
[2015.01.11-21.25.30:052][540]LogCharacterMovement: Dummy_C_15 is stuck and failed to move!
[2015.01.11-21.25.30:081][541]LogCharacterMovement: Dummy_C_29 is stuck and failed to move!
[2015.01.11-21.25.30:082][541]LogCharacterMovement: Dummy_C_15 is stuck and failed to move!
[2015.01.11-21.25.30:109][542]LogCharacterMovement: Dummy_C_29 is stuck and failed to move!
[2015.01.11-21.25.30:139][543]LogCharacterMovement: Dummy_C_29 is stuck and failed to move!
[2015.01.11-21.25.30:168][544]LogCharacterMovement: Dummy_C_29 is stuck and failed to move!
[2015.01.11-21.25.30:485][555]LogCharacterMovement: Dummy_C_33 is stuck and failed to move!
[2015.01.11-21.25.30:513][556]LogCharacterMovement: Dummy_C_33 is stuck and failed to move!
[2015.01.11-21.25.30:544][557]LogCharacterMovement: Dummy_C_33 is stuck and failed to move!
[2015.01.11-21.25.30:571][558]LogCharacterMovement: Dummy_C_33 is stuck and failed to move!
[2015.01.11-21.25.30:603][559]LogCharacterMovement: Dummy_C_29 is stuck and failed to move!
[2015.01.11-21.25.30:604][559]LogCharacterMovement: Dummy_C_33 is stuck and failed to move!
[2015.01.11-21.25.30:628][560]LogCharacterMovement: Dummy_C_16 is stuck and failed to move!
[2015.01.11-21.25.30:658][561]LogCharacterMovement: Dummy_C_16 is stuck and failed to move!
[2015.01.11-21.25.30:660][561]LogCharacterMovement: Dummy_C_15 is stuck and failed to move!
[2015.01.11-21.25.30:687][562]LogCharacterMovement: Dummy_C_15 is stuck and failed to move!
[2015.01.11-21.25.30:830][567]LogCharacterMovement: Dummy_C_16 is stuck and failed to move!
[2015.01.11-21.25.31:088][576]LogCharacterMovement: Dummy_C_25 is stuck and failed to move!
[2015.01.11-21.25.31:258][582]LogCharacterMovement: Dummy_C_25 is stuck and failed to move!
[2015.01.11-21.25.31:315][584]LogCharacterMovement: Dummy_C_21 is stuck and failed to move!
[2015.01.11-21.25.31:461][589]LogCharacterMovement: Dummy_C_34 is stuck and failed to move!
[2015.01.11-21.25.31:519][591]LogCharacterMovement: Dummy_C_34 is stuck and failed to move!
[2015.01.11-21.25.31:575][593]LogCharacterMovement: Dummy_C_34 is stuck and failed to move!
[2015.01.11-21.25.31:632][595]LogCharacterMovement: Dummy_C_34 is stuck and failed to move!
[2015.01.11-21.25.31:689][597]LogCharacterMovement: Dummy_C_34 is stuck and failed to move!
[2015.01.11-21.25.31:716][598]LogCharacterMovement: Dummy_C_27 is stuck and failed to move!
[2015.01.11-21.25.31:749][599]LogCharacterMovement: Dummy_C_27 is stuck and failed to move!
[2015.01.11-21.25.31:776][600]LogCharacterMovement: Dummy_C_27 is stuck and failed to move!
[2015.01.11-21.25.31:806][601]LogCharacterMovement: Dummy_C_27 is stuck and failed to move!
[2015.01.11-21.25.31:835][602]LogCharacterMovement: Dummy_C_27 is stuck and failed to move!
[2015.01.11-21.25.31:863][603]LogCharacterMovement: Dummy_C_27 is stuck and failed to move!
[2015.01.11-21.25.31:890][604]LogCharacterMovement: Dummy_C_27 is stuck and failed to move!
[2015.01.11-21.25.31:920][605]LogCharacterMovement: Dummy_C_27 is stuck and failed to move!
[2015.01.11-21.25.31:948][606]LogCharacterMovement: Dummy_C_27 is stuck and failed to move!
[2015.01.11-21.25.31:976][607]LogCharacterMovement: Dummy_C_27 is stuck and failed to move!
[2015.01.11-21.25.32:003][608]LogCharacterMovement: Dummy_C_27 is stuck and failed to move!
[2015.01.11-21.25.32:033][609]LogCharacterMovement: Dummy_C_27 is stuck and failed to move!
[2015.01.11-21.25.32:062][610]LogCharacterMovement: Dummy_C_27 is stuck and failed to move!
[2015.01.11-21.25.32:090][611]LogCharacterMovement: Dummy_C_16 is stuck and failed to move!
[2015.01.11-21.25.32:119][612]LogCharacterMovement: Dummy_C_20 is stuck and failed to move!
[2015.01.11-21.25.32:120][612]LogCharacterMovement: Dummy_C_27 is stuck and failed to move!
[2015.01.11-21.25.32:149][613]LogCharacterMovement: Dummy_C_27 is stuck and failed to move!
[2015.01.11-21.25.32:151][613]LogCharacterMovement: Dummy_C_33 is stuck and failed to move!
[2015.01.11-21.25.32:177][614]LogCharacterMovement: Dummy_C_27 is stuck and failed to move!
[2015.01.11-21.25.32:178][614]LogCharacterMovement: Dummy_C_33 is stuck and failed to move!
[2015.01.11-21.25.32:206][615]LogCharacterMovement: Dummy_C_27 is stuck and failed to move!
[2015.01.11-21.25.32:208][615]LogCharacterMovement: Dummy_C_33 is stuck and failed to move!
[2015.01.11-21.25.32:497][617]LogParticles: Destroying 0 GPU particle simulations for FXSystem 0x0000008547187740
[2015.01.11-21.25.34:185][650]LogContentBrowser:Verbose: The content browser source was changed by the sources view to '/Game/Meshes'
[2015.01.11-21.25.35:633][677]LogContentBrowser:Verbose: The content browser source was changed by the sources view to '/Game/Maps'
[2015.01.11-21.25.37:235][701]LogActorComponent: UnregisterComponent: (/Engine/Transient.ProjectileMovementComponent_3) Not registered. Aborting.
[2015.01.11-21.25.37:235][701]LogActorComponent: UnregisterComponent: (/Engine/Transient.CharacterMovementComponent_2) Not registered. Aborting.
[2015.01.11-21.25.37:235][701]LogActorComponent: UnregisterComponent: (/Engine/Transient.ProjectileMovementComponent_4) Not registered. Aborting.
[2015.01.11-21.25.37:295][701]Cmd: MAP LOAD FILE="../../../../../Git/Try1/Nikita(Boss)/SmartProjectFPS/Content/Maps/Level2.umap" TEMPLATE=0 SHOWPROGRESS=1
[2015.01.11-21.25.37:295][701]LightingResults: New page: Lighting Build
[2015.01.11-21.25.37:338][701]LoadErrors: New page: Loading map: Level2.umap
[2015.01.11-21.25.37:339][701]MapCheck: New page: Map Check
[2015.01.11-21.25.37:339][701]LightingResults: New page: Lighting Build
[2015.01.11-21.25.37:395][701]LogParticles: Destroying 0 GPU particle simulations for FXSystem 0x00000085427149A0
[2015.01.11-21.25.37:449][701]LogEditorServer: Finished looking for orphan Actors (0.000 secs)
[2015.01.11-21.25.37:449][701]LogAIModule: Creating AISystem for world Level2
[2015.01.11-21.25.37:755][701]Cmd: MAP CHECKDEP
[2015.01.11-21.25.37:756][701]MapCheck: New page: Level2 - Jan 12, 2015, 1:25:37 AM
[2015.01.11-21.25.37:905][701]MapCheck: Info Map check complete: 0 Error(s), 0 Warning(s), took 149.055ms to complete.
[2015.01.11-21.25.37:905][701]LogFileHelpers: Loading map 'Level2' took 0.611
[2015.01.11-21.25.40:079][768]BlueprintLog: New page: Pre-PIE auto-recompile
[2015.01.11-21.25.40:079][768]LogPlayLevel: [PIE] Compiling Level2 before PIE...
[2015.01.11-21.25.40:184][768]LogActorComponent: UnregisterComponent: (/Engine/Transient.CharacterMovementComponent_3) Not registered. Aborting.
[2015.01.11-21.25.40:184][768]LogActorComponent: UnregisterComponent: (/Engine/Transient.PawnSensingComponent_1) Not registered. Aborting.
[2015.01.11-21.25.40:233][768]LogPlayLevel: PIE:  Blueprint regeneration took 153 ms (1 blueprints)
[2015.01.11-21.25.40:233][768]PIE: New page: PIE session: Level2 (Jan 12, 2015, 1:25:40 AM)
[2015.01.11-21.25.40:382][768]LogPlayLevel: PIE: StaticDuplicateObject took: (0.149210s)
[2015.01.11-21.25.40:383][768]LogPlayLevel: PIE: World Init took: (0.000976s)
[2015.01.11-21.25.40:383][768]LogPlayLevel: PIE: Created PIE world by copying editor world from /Game/Maps/Level2.Level2 to /Game/Maps/UEDPIE_0_Level2.Level2 (0.150522s)
[2015.01.11-21.25.40:422][768]LogWorld: Game class is 'MyGame_C'
[2015.01.11-21.25.40:423][768]LogAIModule: Creating AISystem for world Level2
[2015.01.11-21.25.40:496][768]LogWorld: Bringing World /Game/Maps/UEDPIE_0_Level2.Level2 up for play (max tick rate 60) at 2015.01.11-23.25.40
[2015.01.11-21.25.40:496][768]LogWorld: Bringing up level for play took: 0.073015
[2015.01.11-21.25.40:498][768]LogBlueprintUserMessages: huii
[2015.01.11-21.25.40:498][768]LogArray:Warning: Attempted to get an item from array CallFunc_GetAllActorsOfClass_OutActors out of bounds [1/0]!
[2015.01.11-21.25.40:499][768]PIE: Info Play in editor start time for /Game/Maps/UEDPIE_0_Level2 1.352
[2015.01.11-21.25.41:657][804]LogBlueprintUserMessages: AutoWeapon
[2015.01.11-21.25.52:067][172]LogBlueprintUserMessages: GranadeLauncher
[2015.01.11-21.25.54:780][270]LogBlueprintUserMessages: GranadeLauncher
[2015.01.11-21.25.54:961][277]LogBlueprintUserMessages: AutoWeapon
[2015.01.11-21.25.57:345][359]LogBlueprintUserMessages: GranadeLauncher
[2015.01.11-21.26.15:492][ 40]LogBlueprintUserMessages: AutoWeapon
[2015.01.11-21.26.17:353][109]LogBlueprintUserMessages: GranadeLauncher
[2015.01.11-21.26.19:933][202]LogBlueprintUserMessages: GranadeLauncher
[2015.01.11-21.26.20:678][230]LogBlueprintUserMessages: AutoWeapon
[2015.01.11-21.26.21:574][264]LogBlueprintUserMessages: GranadeLauncher
[2015.01.11-21.26.22:392][296]LogBlueprintUserMessages: GranadeLauncher
[2015.01.11-21.26.22:581][303]LogBlueprintUserMessages: AutoWeapon
[2015.01.11-21.26.27:615][485]LogBlueprintUserMessages: Hello
[2015.01.11-21.26.27:645][486]LogBlueprintUserMessages: Hello
[2015.01.11-21.26.27:674][487]LogBlueprintUserMessages: Hello
[2015.01.11-21.26.27:703][488]LogBlueprintUserMessages: Hello
[2015.01.11-21.26.27:729][489]LogBlueprintUserMessages: Hello
[2015.01.11-21.26.27:759][490]LogBlueprintUserMessages: Hello
[2015.01.11-21.26.27:789][491]LogBlueprintUserMessages: Hello
[2015.01.11-21.26.27:817][492]LogBlueprintUserMessages: Hello
[2015.01.11-21.26.27:846][493]LogBlueprintUserMessages: Hello
[2015.01.11-21.26.27:875][494]LogBlueprintUserMessages: Hello
[2015.01.11-21.26.27:906][495]LogBlueprintUserMessages: Hello
[2015.01.11-21.26.27:936][496]LogBlueprintUserMessages: Hello
[2015.01.11-21.26.27:966][497]LogBlueprintUserMessages: Hello
[2015.01.11-21.26.27:995][498]LogBlueprintUserMessages: Hello
[2015.01.11-21.26.28:024][499]LogBlueprintUserMessages: Hello
[2015.01.11-21.26.28:054][500]LogBlueprintUserMessages: Hello
[2015.01.11-21.26.28:084][501]LogBlueprintUserMessages: Hello
[2015.01.11-21.26.28:113][502]LogBlueprintUserMessages: Hello
[2015.01.11-21.26.28:142][503]LogBlueprintUserMessages: Hello
[2015.01.11-21.26.28:171][504]LogBlueprintUserMessages: Hello
[2015.01.11-21.26.28:201][505]LogBlueprintUserMessages: Hello
[2015.01.11-21.26.28:228][506]LogBlueprintUserMessages: Hello
[2015.01.11-21.26.28:258][507]LogBlueprintUserMessages: Hello
[2015.01.11-21.26.28:288][508]LogBlueprintUserMessages: Hello
[2015.01.11-21.26.28:318][509]LogBlueprintUserMessages: Hello
[2015.01.11-21.26.28:348][510]LogBlueprintUserMessages: Hello
[2015.01.11-21.26.28:377][511]LogBlueprintUserMessages: Hello
[2015.01.11-21.26.28:407][512]LogBlueprintUserMessages: Hello
[2015.01.11-21.26.28:434][513]LogBlueprintUserMessages: Hello
[2015.01.11-21.26.28:463][514]LogBlueprintUserMessages: Hello
[2015.01.11-21.26.28:493][515]LogBlueprintUserMessages: Hello
[2015.01.11-21.26.28:524][516]LogBlueprintUserMessages: Hello
[2015.01.11-21.26.28:557][517]LogBlueprintUserMessages: Hello
[2015.01.11-21.26.28:588][518]LogBlueprintUserMessages: Hello
[2015.01.11-21.26.28:621][519]LogBlueprintUserMessages: Hello
[2015.01.11-21.26.28:650][520]LogBlueprintUserMessages: Hello
[2015.01.11-21.26.28:679][521]LogBlueprintUserMessages: Hello
[2015.01.11-21.26.28:709][522]LogBlueprintUserMessages: Hello
[2015.01.11-21.26.28:738][523]LogBlueprintUserMessages: Hello
[2015.01.11-21.26.28:768][524]LogBlueprintUserMessages: Hello
[2015.01.11-21.26.28:798][525]LogBlueprintUserMessages: Hello
[2015.01.11-21.26.28:828][526]LogBlueprintUserMessages: Hello
[2015.01.11-21.26.28:858][527]LogBlueprintUserMessages: Hello
[2015.01.11-21.26.28:889][528]LogBlueprintUserMessages: Hello
[2015.01.11-21.26.28:918][529]LogBlueprintUserMessages: Hello
[2015.01.11-21.26.28:947][530]LogBlueprintUserMessages: Hello
[2015.01.11-21.26.28:977][531]LogBlueprintUserMessages: Hello
[2015.01.11-21.26.29:008][532]LogBlueprintUserMessages: Hello
[2015.01.11-21.26.29:037][533]LogBlueprintUserMessages: Hello
[2015.01.11-21.26.29:067][534]LogBlueprintUserMessages: Hello
[2015.01.11-21.26.29:091][535]LogBlueprintUserMessages: Hello
[2015.01.11-21.26.29:119][536]LogBlueprintUserMessages: Hello
[2015.01.11-21.26.29:144][537]LogBlueprintUserMessages: Hello
[2015.01.11-21.26.29:171][538]LogBlueprintUserMessages: Hello
[2015.01.11-21.26.29:196][539]LogBlueprintUserMessages: Hello
[2015.01.11-21.26.29:224][540]LogBlueprintUserMessages: Hello
[2015.01.11-21.26.29:252][541]LogBlueprintUserMessages: Hello
[2015.01.11-21.26.29:279][542]LogBlueprintUserMessages: Hello
[2015.01.11-21.26.29:304][543]LogBlueprintUserMessages: Hello
[2015.01.11-21.26.29:332][544]LogBlueprintUserMessages: Hello
[2015.01.11-21.26.29:359][545]LogBlueprintUserMessages: Hello
[2015.01.11-21.26.29:387][546]LogBlueprintUserMessages: Hello
[2015.01.11-21.26.29:416][547]LogBlueprintUserMessages: Hello
[2015.01.11-21.26.29:443][548]LogBlueprintUserMessages: Hello
[2015.01.11-21.26.29:468][549]LogBlueprintUserMessages: Hello
[2015.01.11-21.26.29:496][550]LogBlueprintUserMessages: Hello
[2015.01.11-21.26.29:523][551]LogBlueprintUserMessages: Hello
[2015.01.11-21.26.29:551][552]LogBlueprintUserMessages: Hello
[2015.01.11-21.26.29:576][553]LogBlueprintUserMessages: Hello
[2015.01.11-21.26.29:603][554]LogBlueprintUserMessages: Hello
[2015.01.11-21.26.29:670][554]LogPackageName: SearchForPackageOnDisk took   0.067s to resolve Level3.umap
[2015.01.11-21.26.29:745][555]LogPackageName: SearchForPackageOnDisk took   0.061s to resolve Level3.umap
[2015.01.11-21.26.29:745][555]LogNet: Browse: /Game/Maps/Level3
[2015.01.11-21.26.29:767][555]LogLoad: LoadMap: /Game/Maps/Level3
[2015.01.11-21.26.29:828][555]LogParticles: Destroying 0 GPU particle simulations for FXSystem 0x00000085374C79C0
[2015.01.11-21.26.29:828][555]Cmd: MEM
[2015.01.11-21.26.29:874][555]LogMemory: Platform Memory Stats for Windows
[2015.01.11-21.26.29:874][555]LogMemory: Process Physical Memory: 582.17 MB used, 634.03 MB peak
[2015.01.11-21.26.29:874][555]LogMemory: Process Virtual Memory: 483.35 MB used, 558.43 MB peak
[2015.01.11-21.26.29:874][555]LogMemory: Physical Memory: 2527.29 MB used, 8077.30 MB total
[2015.01.11-21.26.29:874][555]LogMemory: Virtual Memory: 1021.84 MB used, 134217728.00 MB total
[2015.01.11-21.26.29:874][555]LogMemory: 
[2015.01.11-21.26.29:874][555]Allocator Stats for TBB: (not implemented)
[2015.01.11-21.26.31:779][555]LogMaterial: Missing cached shader map for material T_Door_M_Mat, compiling.
[2015.01.11-21.26.31:780][555]LogMaterial:Warning: Failed to compile Material /Game/StarterContent/Textures/T_Door_M_Mat.T_Door_M_Mat for platform PCD3D_SM5, Default Material will be used in game.
[2015.01.11-21.26.31:780][555]LogMaterial:Warning: 	(Node TextureSample) TextureSample> Sampler type is Color, should be Masks for /Game/StarterContent/Textures/T_Door_M.T_Door_M
[2015.01.11-21.26.33:963][555]LogWorld: Game class is 'MyGame_C'
[2015.01.11-21.26.33:965][555]LogAIModule: Creating AISystem for world Level3
[2015.01.11-21.26.33:985][555]LogWorld: Bringing World /Game/Maps/UEDPIE_0_Level3.Level3 up for play (max tick rate 60) at 2015.01.11-23.26.33
[2015.01.11-21.26.33:989][555]LogWorld: Bringing up level for play took: 0.023558
[2015.01.11-21.26.33:991][555]LogArray:Warning: Attempted to get an item from array CallFunc_GetAllActorsOfClass_OutActors out of bounds [7/6]!
[2015.01.11-21.26.33:991][555]LogArray:Warning: Attempted to get an item from array CallFunc_GetAllActorsOfClass_OutActors out of bounds [7/6]!
[2015.01.11-21.26.33:991][555]LogArray:Warning: Attempted to get an item from array CallFunc_GetAllActorsOfClass_OutActors out of bounds [7/6]!
[2015.01.11-21.26.33:991][555]LogArray:Warning: Attempted to get an item from array CallFunc_GetAllActorsOfClass_OutActors out of bounds [7/6]!
[2015.01.11-21.26.33:991][555]LogArray:Warning: Attempted to get an item from array CallFunc_GetAllActorsOfClass_OutActors out of bounds [7/6]!
[2015.01.11-21.26.33:991][555]LogArray:Warning: Attempted to get an item from array CallFunc_GetAllActorsOfClass_OutActors out of bounds [7/6]!
[2015.01.11-21.26.33:991][555]LogArray:Warning: Attempted to get an item from array CallFunc_GetAllActorsOfClass_OutActors out of bounds [7/6]!
[2015.01.11-21.26.39:417][757]LogParticles: Destroying 0 GPU particle simulations for FXSystem 0x0000008537576A20
[2015.01.11-21.26.41:889][836]LogParticles:Warning: InitializeSystem called on an unregistered component. Template=/Game/StarterContent/Particles/P_Steam_Lit.P_Steam_Lit Component=/Game/Maps/Level3.Level3:PersistentLevel.P_Steam_Lit_2.ParticleSystemComponent0
[2015.01.11-21.26.41:982][836]Cmd: MAP LOAD FILE="../../../../../Git/Try1/Nikita(Boss)/SmartProjectFPS/Content/Maps/Level3.umap" TEMPLATE=0 SHOWPROGRESS=1
[2015.01.11-21.26.41:982][836]LightingResults: New page: Lighting Build
[2015.01.11-21.26.42:021][836]LoadErrors: New page: Loading map: Level3.umap
[2015.01.11-21.26.42:022][836]MapCheck: New page: Map Check
[2015.01.11-21.26.42:022][836]LightingResults: New page: Lighting Build
[2015.01.11-21.26.42:071][836]LogParticles: Destroying 0 GPU particle simulations for FXSystem 0x0000008546D837E0
[2015.01.11-21.26.42:096][836]LogEditorServer: Finished looking for orphan Actors (0.000 secs)
[2015.01.11-21.26.42:097][836]LogAIModule: Creating AISystem for world Level3
[2015.01.11-21.26.42:384][836]Cmd: MAP CHECKDEP
[2015.01.11-21.26.42:385][836]MapCheck: New page: Level3 - Jan 12, 2015, 1:26:42 AM
[2015.01.11-21.26.42:528][836]MapCheck: Info Map check complete: 0 Error(s), 0 Warning(s), took 143.34ms to complete.
[2015.01.11-21.26.42:528][836]LogFileHelpers: Loading map 'Level3' took 0.548
[2015.01.11-21.26.45:388][936]BlueprintLog: New page: Pre-PIE auto-recompile
[2015.01.11-21.26.45:388][936]LogPlayLevel: [PIE] Compiling Level3 before PIE...
[2015.01.11-21.26.45:505][936]LogActorComponent: UnregisterComponent: (/Engine/Transient.CharacterMovementComponent_4) Not registered. Aborting.
[2015.01.11-21.26.45:505][936]LogActorComponent: UnregisterComponent: (/Engine/Transient.PawnSensingComponent_2) Not registered. Aborting.
[2015.01.11-21.26.45:556][936]LogPlayLevel: PIE:  Blueprint regeneration took 168 ms (1 blueprints)
[2015.01.11-21.26.45:556][936]PIE: New page: PIE session: Level3 (Jan 12, 2015, 1:26:45 AM)
[2015.01.11-21.26.45:616][936]LogNavigation:Warning: ARecastNavMesh: Unable to serialize navmesh when build is in progress or navmesh is not up to date.
[2015.01.11-21.26.45:701][936]LogPlayLevel: PIE: StaticDuplicateObject took: (0.144437s)
[2015.01.11-21.26.45:703][936]LogPlayLevel: PIE: World Init took: (0.001122s)
[2015.01.11-21.26.45:703][936]LogPlayLevel: PIE: Created PIE world by copying editor world from /Game/Maps/Level3.Level3 to /Game/Maps/UEDPIE_0_Level3.Level3 (0.145964s)
[2015.01.11-21.26.45:749][936]LogWorld: Game class is 'MyGame_C'
[2015.01.11-21.26.45:751][936]LogAIModule: Creating AISystem for world Level3
[2015.01.11-21.26.45:760][936]LogWorld: Bringing World /Game/Maps/UEDPIE_0_Level3.Level3 up for play (max tick rate 60) at 2015.01.11-23.26.45
[2015.01.11-21.26.45:763][936]LogWorld: Bringing up level for play took: 0.011422
[2015.01.11-21.26.45:765][936]LogArray:Warning: Attempted to get an item from array CallFunc_GetAllActorsOfClass_OutActors out of bounds [7/6]!
[2015.01.11-21.26.45:765][936]LogArray:Warning: Attempted to get an item from array CallFunc_GetAllActorsOfClass_OutActors out of bounds [7/6]!
[2015.01.11-21.26.45:765][936]LogArray:Warning: Attempted to get an item from array CallFunc_GetAllActorsOfClass_OutActors out of bounds [7/6]!
[2015.01.11-21.26.45:765][936]LogArray:Warning: Attempted to get an item from array CallFunc_GetAllActorsOfClass_OutActors out of bounds [7/6]!
[2015.01.11-21.26.45:765][936]LogArray:Warning: Attempted to get an item from array CallFunc_GetAllActorsOfClass_OutActors out of bounds [7/6]!
[2015.01.11-21.26.45:765][936]LogArray:Warning: Attempted to get an item from array CallFunc_GetAllActorsOfClass_OutActors out of bounds [7/6]!
[2015.01.11-21.26.45:765][936]LogArray:Warning: Attempted to get an item from array CallFunc_GetAllActorsOfClass_OutActors out of bounds [7/6]!
[2015.01.11-21.26.45:765][936]PIE: Info Play in editor start time for /Game/Maps/UEDPIE_0_Level3 0.619
[2015.01.11-21.26.45:803][937]LogCharacterMovement:Warning: GetSimulationTimeStep() - Max iterations 8 hit while remaining time 0.095975 > MaxSimulationTimeStep (0.050) for 'MyCharacter_C_3'
[2015.01.11-21.26.46:869][974]LogParticles: Destroying 0 GPU particle simulations for FXSystem 0x000000853753E160
[2015.01.11-21.26.50:419][104]BlueprintLog: New page: Pre-PIE auto-recompile
[2015.01.11-21.26.50:419][104]LogPlayLevel: [PIE] Compiling Level3 before PIE...
[2015.01.11-21.26.50:566][104]LogPlayLevel: PIE:  Blueprint regeneration took 147 ms (1 blueprints)
[2015.01.11-21.26.50:566][104]PIE: New page: PIE session: Level3 (Jan 12, 2015, 1:26:50 AM)
[2015.01.11-21.26.50:696][104]LogPlayLevel: PIE: StaticDuplicateObject took: (0.129243s)
[2015.01.11-21.26.50:697][104]LogPlayLevel: PIE: World Init took: (0.001075s)
[2015.01.11-21.26.50:697][104]LogPlayLevel: PIE: Created PIE world by copying editor world from /Game/Maps/Level3.Level3 to /Game/Maps/UEDPIE_0_Level3.Level3 (0.130670s)
[2015.01.11-21.26.50:748][104]LogWorld: Game class is 'MyGame_C'
[2015.01.11-21.26.50:749][104]LogAIModule: Creating AISystem for world Level3
[2015.01.11-21.26.50:759][104]LogWorld: Bringing World /Game/Maps/UEDPIE_0_Level3.Level3 up for play (max tick rate 60) at 2015.01.11-23.26.50
[2015.01.11-21.26.50:762][104]LogWorld: Bringing up level for play took: 0.011922
[2015.01.11-21.26.50:764][104]LogArray:Warning: Attempted to get an item from array CallFunc_GetAllActorsOfClass_OutActors out of bounds [7/6]!
[2015.01.11-21.26.50:764][104]LogArray:Warning: Attempted to get an item from array CallFunc_GetAllActorsOfClass_OutActors out of bounds [7/6]!
[2015.01.11-21.26.50:764][104]LogArray:Warning: Attempted to get an item from array CallFunc_GetAllActorsOfClass_OutActors out of bounds [7/6]!
[2015.01.11-21.26.50:764][104]LogArray:Warning: Attempted to get an item from array CallFunc_GetAllActorsOfClass_OutActors out of bounds [7/6]!
[2015.01.11-21.26.50:764][104]LogArray:Warning: Attempted to get an item from array CallFunc_GetAllActorsOfClass_OutActors out of bounds [7/6]!
[2015.01.11-21.26.50:764][104]LogArray:Warning: Attempted to get an item from array CallFunc_GetAllActorsOfClass_OutActors out of bounds [7/6]!
[2015.01.11-21.26.50:764][104]LogArray:Warning: Attempted to get an item from array CallFunc_GetAllActorsOfClass_OutActors out of bounds [7/6]!
[2015.01.11-21.26.50:764][104]PIE: Info Play in editor start time for /Game/Maps/UEDPIE_0_Level3 -0.383
[2015.01.11-21.26.55:123][302]LogBlueprintUserMessages: AIDummy_3
[2015.01.11-21.26.55:123][302]LogArray:Warning: Attempted to get an item from array CallFunc_GetAllActorsOfClass_OutActors out of bounds [7/6]!
[2015.01.11-21.26.55:123][302]LogArray:Warning: Attempted to get an item from array CallFunc_GetAllActorsOfClass_OutActors2 out of bounds [7/6]!
[2015.01.11-21.27.18:214][962]LogBlueprintUserMessages: AIDummy_6
[2015.01.11-21.27.27:139][219]Cmd: SELECT NONE
[2015.01.11-21.27.28:547][253]LogParticles: Destroying 0 GPU particle simulations for FXSystem 0x00000085384562A0
[2015.01.11-21.27.39:901][623]Cmd: QUIT_EDITOR
[2015.01.11-21.27.40:287][623]LogExit: Preparing to exit.
[2015.01.11-21.27.40:643][623]LogExit: Editor shut down
[2015.01.11-21.27.40:643][623]LogExit: Transaction tracking system shut down
[2015.01.11-21.27.40:646][623]LogParticles: Destroying 0 GPU particle simulations for FXSystem 0x0000008547D3DF80
[2015.01.11-21.27.40:646][623]LogParticles: Destroying 0 GPU particle simulations for FXSystem 0x0000008547F28900
[2015.01.11-21.27.40:646][623]LogParticles: Destroying 0 GPU particle simulations for FXSystem 0x000000854212C360
[2015.01.11-21.27.40:649][623]LogParticles: Destroying 0 GPU particle simulations for FXSystem 0x000000853DEAFA60
[2015.01.11-21.27.40:707][623]LogParticles: Destroying 0 GPU particle simulations for FXSystem 0x00000085374C49A0
[2015.01.11-21.27.40:707][623]LogExit: Object subsystem successfully closed.
[2015.01.11-21.27.40:762][623]LogModuleManager: Shutting down and abandoning module AndroidDeviceDetection (166)
[2015.01.11-21.27.40:762][623]LogModuleManager: Shutting down and abandoning module CrashTracker (165)
[2015.01.11-21.27.40:762][623]LogModuleManager: Shutting down and abandoning module SuperSearch (164)
[2015.01.11-21.27.40:762][623]LogModuleManager: Shutting down and abandoning module SceneOutliner (163)
[2015.01.11-21.27.40:762][623]LogModuleManager: Shutting down and abandoning module EditorWidgets (162)
[2015.01.11-21.27.40:762][623]LogModuleManager: Shutting down and abandoning module CollectionManager (161)
[2015.01.11-21.27.40:762][623]LogModuleManager: Shutting down and abandoning module StatsViewer (160)
[2015.01.11-21.27.40:762][623]LogModuleManager: Shutting down and abandoning module FoliageEdit (159)
[2015.01.11-21.27.40:762][623]LogModuleManager: Shutting down and abandoning module LandscapeEditor (158)
[2015.01.11-21.27.40:763][623]LogModuleManager: Shutting down and abandoning module MeshPaint (157)
[2015.01.11-21.27.40:763][623]LogModuleManager: Shutting down and abandoning module ActorPickerMode (156)
[2015.01.11-21.27.40:763][623]LogModuleManager: Shutting down and abandoning module GeometryMode (155)
[2015.01.11-21.27.40:763][623]LogModuleManager: Shutting down and abandoning module TextureAlignMode (154)
[2015.01.11-21.27.40:763][623]LogModuleManager: Shutting down and abandoning module BspMode (153)
[2015.01.11-21.27.40:763][623]LogModuleManager: Shutting down and abandoning module PlacementMode (152)
[2015.01.11-21.27.40:763][623]LogModuleManager: Shutting down and abandoning module AutomationWorker (151)
[2015.01.11-21.27.40:763][623]LogModuleManager: Shutting down and abandoning module CharacterAI (150)
[2015.01.11-21.27.40:763][623]LogModuleManager: Shutting down and abandoning module GameProjectGeneration (149)
[2015.01.11-21.27.40:763][623]LogModuleManager: Shutting down and abandoning module IntroTutorials (148)
[2015.01.11-21.27.40:763][623]LogModuleManager: Shutting down and abandoning module EditorLiveStreaming (147)
[2015.01.11-21.27.40:763][623]LogModuleManager: Shutting down and abandoning module HardwareTargeting (146)
[2015.01.11-21.27.40:763][623]LogModuleManager: Shutting down and abandoning module BehaviorTreeEditor (145)
[2015.01.11-21.27.40:763][623]LogModuleManager: Shutting down and abandoning module DeviceProfileEditor (144)
[2015.01.11-21.27.40:763][623]LogModuleManager: Shutting down and abandoning module UndoHistory (143)
[2015.01.11-21.27.40:763][623]LogModuleManager: Shutting down and abandoning module GameplayTagsEditor (142)
[2015.01.11-21.27.40:763][623]LogModuleManager: Shutting down and abandoning module UserFeedback (141)
[2015.01.11-21.27.40:763][623]LogModuleManager: Shutting down and abandoning module XmlParser (140)
[2015.01.11-21.27.40:763][623]LogModuleManager: Shutting down and abandoning module Blutility (139)
[2015.01.11-21.27.40:763][623]LogModuleManager: Shutting down and abandoning module IOSPlatformEditor (138)
[2015.01.11-21.27.40:763][623]LogModuleManager: Shutting down and abandoning module IOSRuntimeSettings (137)
[2015.01.11-21.27.40:763][623]LogModuleManager: Shutting down and abandoning module AndroidPlatformEditor (136)
[2015.01.11-21.27.40:763][623]LogModuleManager: Shutting down and abandoning module AndroidRuntimeSettings (135)
[2015.01.11-21.27.40:763][623]LogModuleManager: Shutting down and abandoning module ProjectTargetPlatformEditor (134)
[2015.01.11-21.27.40:764][623]LogModuleManager: Shutting down and abandoning module ProjectSettingsViewer (133)
[2015.01.11-21.27.40:764][623]LogModuleManager: Shutting down and abandoning module InputBindingEditor (132)
[2015.01.11-21.27.40:764][623]LogModuleManager: Shutting down and abandoning module EditorSettingsViewer (131)
[2015.01.11-21.27.40:764][623]LogModuleManager: Shutting down and abandoning module SettingsEditor (130)
[2015.01.11-21.27.40:764][623]LogModuleManager: Shutting down and abandoning module ProjectLauncher (129)
[2015.01.11-21.27.40:764][623]LogModuleManager: Shutting down and abandoning module SessionFrontend (128)
[2015.01.11-21.27.40:764][623]LogModuleManager: Shutting down and abandoning module ProfilerClient (127)
[2015.01.11-21.27.40:764][623]LogModuleManager: Shutting down and abandoning module TargetDeviceServices (126)
[2015.01.11-21.27.40:764][623]LogModuleManager: Shutting down and abandoning module DeviceManager (125)
[2015.01.11-21.27.40:764][623]LogModuleManager: Shutting down and abandoning module AutomationController (124)
[2015.01.11-21.27.40:764][623]LogModuleManager: Shutting down and abandoning module AutomationWindow (123)
[2015.01.11-21.27.40:764][623]LogModuleManager: Shutting down and abandoning module Layers (122)
[2015.01.11-21.27.40:765][623]LogModuleManager: Shutting down and abandoning module ComponentVisualizers (121)
[2015.01.11-21.27.40:765][623]LogModuleManager: Shutting down and abandoning module DetailCustomizations (120)
[2015.01.11-21.27.40:765][623]LogModuleManager: Shutting down and abandoning module PackagesDialog (119)
[2015.01.11-21.27.40:765][623]LogModuleManager: Shutting down and abandoning module AssetRegistry (118)
[2015.01.11-21.27.40:828][623]LogModuleManager: Shutting down and abandoning module Persona (117)
[2015.01.11-21.27.40:828][623]LogModuleManager: Shutting down and abandoning module Kismet (116)
[2015.01.11-21.27.40:829][623]LogModuleManager: Shutting down and abandoning module GraphEditor (115)
[2015.01.11-21.27.40:829][623]LogModuleManager: Shutting down and abandoning module ClassViewer (114)
[2015.01.11-21.27.40:829][623]LogModuleManager: Shutting down and abandoning module Toolbox (113)
[2015.01.11-21.27.40:829][623]LogModuleManager: Shutting down and abandoning module ModuleUI (112)
[2015.01.11-21.27.40:829][623]LogModuleManager: Shutting down and abandoning module MovieSceneTools (111)
[2015.01.11-21.27.40:829][623]LogModuleManager: Shutting down and abandoning module OutputLog (110)
[2015.01.11-21.27.40:829][623]LogModuleManager: Shutting down and abandoning module GammaUI (109)
[2015.01.11-21.27.40:829][623]LogModuleManager: Shutting down and abandoning module Documentation (108)
[2015.01.11-21.27.40:829][623]LogModuleManager: Shutting down and abandoning module GameLiveStreaming (107)
[2015.01.11-21.27.40:829][623]LogModuleManager: Shutting down and abandoning module StreamingPauseRendering (106)
[2015.01.11-21.27.40:829][623]LogModuleManager: Shutting down and abandoning module HTTP (105)
[2015.01.11-21.27.40:829][623]LogModuleManager: Shutting down and abandoning module AnalyticsET (104)
[2015.01.11-21.27.40:829][623]LogModuleManager: Shutting down and abandoning module Analytics (103)
[2015.01.11-21.27.40:829][623]LogModuleManager: Shutting down and abandoning module GameplayDebugger (102)
[2015.01.11-21.27.40:829][623]LogModuleManager: Shutting down and abandoning module AIModule (101)
[2015.01.11-21.27.40:829][623]LogModuleManager: Shutting down and abandoning module ProfilerService (100)
[2015.01.11-21.27.41:033][623]LogModuleManager: Shutting down and abandoning module TaskGraph (99)
[2015.01.11-21.27.41:033][623]LogModuleManager: Shutting down and abandoning module SlateRemote (98)
[2015.01.11-21.27.41:033][623]LogModuleManager: Shutting down and abandoning module ScriptEditorPlugin (97)
[2015.01.11-21.27.41:033][623]LogModuleManager: Shutting down and abandoning module CustomMeshComponent (96)
[2015.01.11-21.27.41:033][623]LogModuleManager: Shutting down and abandoning module CableComponent (95)
[2015.01.11-21.27.41:033][623]LogModuleManager: Shutting down and abandoning module MessagingDebugger (94)
[2015.01.11-21.27.41:033][623]LogModuleManager: Shutting down and abandoning module MediaPlayerEditor (93)
[2015.01.11-21.27.41:033][623]LogModuleManager: Shutting down and abandoning module SpeedTreeImporter (92)
[2015.01.11-21.27.41:033][623]LogModuleManager: Shutting down and abandoning module PluginsEditor (91)
[2015.01.11-21.27.41:033][623]LogModuleManager: Shutting down and abandoning module EpicSurvey (90)
[2015.01.11-21.27.41:033][623]LogModuleManager: Shutting down and abandoning module DesktopPlatform (89)
[2015.01.11-21.27.41:033][623]LogModuleManager: Shutting down and abandoning module VisualStudioSourceCodeAccess (88)
[2015.01.11-21.27.41:033][623]LogModuleManager: Shutting down and abandoning module UObjectPlugin (87)
[2015.01.11-21.27.41:033][623]LogModuleManager: Shutting down and abandoning module SubversionSourceControl (86)
[2015.01.11-21.27.41:033][623]LogModuleManager: Shutting down and abandoning module SourceControl (85)
[2015.01.11-21.27.41:033][623]LogModuleManager: Shutting down and abandoning module PerforceSourceControl (84)
[2015.01.11-21.27.41:033][623]LogModuleManager: Shutting down and abandoning module BlankPlugin (83)
[2015.01.11-21.27.41:033][623]LogModuleManager: Shutting down and abandoning module SlateReflector (82)
[2015.01.11-21.27.41:033][623]LogModuleManager: Shutting down and abandoning module DirectoryWatcher (81)
[2015.01.11-21.27.41:033][623]LogModuleManager: Shutting down and abandoning module HotReload (80)
[2015.01.11-21.27.41:033][623]LogModuleManager: Shutting down and abandoning module MainFrame (79)
[2015.01.11-21.27.41:034][623]LogModuleManager: Shutting down and abandoning module LevelEditor (78)
[2015.01.11-21.27.41:035][623]LogModuleManager: Shutting down and abandoning module ViewportSnapping (77)
[2015.01.11-21.27.41:035][623]LogModuleManager: Shutting down and abandoning module SmartSnapping (76)
[2015.01.11-21.27.41:035][623]LogModuleManager: Shutting down and abandoning module PaperTiledImporter (75)
[2015.01.11-21.27.41:035][623]LogModuleManager: Shutting down and abandoning module PaperJsonImporter (74)
[2015.01.11-21.27.41:035][623]LogModuleManager: Shutting down and abandoning module ContentBrowser (73)
[2015.01.11-21.27.41:035][623]LogModuleManager: Shutting down and abandoning module PropertyEditor (72)
[2015.01.11-21.27.41:035][623]LogModuleManager: Shutting down and abandoning module Paper2DEditor (71)
[2015.01.11-21.27.41:035][623]LogModuleManager: Shutting down and abandoning module ScriptPlugin (70)
[2015.01.11-21.27.41:035][623]LogModuleManager: Shutting down and abandoning module UdpMessaging (69)
[2015.01.11-21.27.41:136][623]LogModuleManager: Shutting down and abandoning module Paper2D (68)
[2015.01.11-21.27.41:136][623]LogModuleManager: Shutting down and abandoning module WindowsMoviePlayer (67)
[2015.01.11-21.27.41:140][623]LogModuleManager: Shutting down and abandoning module Media (66)
[2015.01.11-21.27.41:140][623]LogModuleManager: Shutting down and abandoning module WmfMedia (65)
[2015.01.11-21.27.41:141][623]LogModuleManager: Shutting down and abandoning module OnlineBlueprintSupport (64)
[2015.01.11-21.27.41:141][623]LogModuleManager: Shutting down and abandoning module FunctionalTesting (63)
[2015.01.11-21.27.41:141][623]LogModuleManager: Shutting down and abandoning module CollisionAnalyzer (62)
[2015.01.11-21.27.41:141][623]LogModuleManager: Shutting down and abandoning module WorkspaceMenuStructure (61)
[2015.01.11-21.27.41:141][623]LogModuleManager: Shutting down and abandoning module MessageLog (60)
[2015.01.11-21.27.41:141][623]LogModuleManager: Shutting down and abandoning module Sequencer (59)
[2015.01.11-21.27.41:141][623]LogModuleManager: Shutting down and abandoning module AssetTools (58)
[2015.01.11-21.27.41:141][623]LogModuleManager: Shutting down and abandoning module UMGEditor (57)
[2015.01.11-21.27.41:141][623]LogModuleManager: Shutting down and abandoning module UMG (56)
[2015.01.11-21.27.41:141][623]LogModuleManager: Shutting down and abandoning module Slate (55)
[2015.01.11-21.27.41:141][623]LogModuleManager: Shutting down and abandoning module EditorStyle (54)
[2015.01.11-21.27.41:144][623]LogModuleManager: Shutting down and abandoning module SessionServices (53)
[2015.01.11-21.27.41:144][623]LogModuleManager: Shutting down and abandoning module SourceCodeAccess (52)
[2015.01.11-21.27.41:144][623]LogModuleManager: Shutting down and abandoning module HeadMountedDisplay (51)
[2015.01.11-21.27.41:144][623]LogModuleManager: Shutting down and abandoning module XAudio2 (50)
[2015.01.11-21.27.41:144][623]LogModuleManager: Shutting down and abandoning module Networking (48)
[2015.01.11-21.27.41:144][623]LogModuleManager: Shutting down and abandoning module Core (47)
[2015.01.11-21.27.41:144][623]LogModuleManager: Shutting down and abandoning module KismetCompiler (46)
[2015.01.11-21.27.41:144][623]LogModuleManager: Shutting down and abandoning module PhysXFormats (45)
[2015.01.11-21.27.41:144][623]LogModuleManager: Shutting down and abandoning module MeshUtilities (44)
[2015.01.11-21.27.41:144][623]LogModuleManager: Shutting down and abandoning module DerivedDataCache (43)
[2015.01.11-21.27.41:192][623]LogDerivedDataCache: Shutdown
[2015.01.11-21.27.41:192][623]LogModuleManager: Shutting down and abandoning module ShaderFormatOpenGL (42)
[2015.01.11-21.27.41:192][623]LogModuleManager: Shutting down and abandoning module ShaderFormatD3D (41)
[2015.01.11-21.27.41:192][623]LogModuleManager: Shutting down and abandoning module MetalShaderFormat (40)
[2015.01.11-21.27.41:192][623]LogModuleManager: Shutting down and abandoning module TextureFormatUncompressed (39)
[2015.01.11-21.27.41:192][623]LogModuleManager: Shutting down and abandoning module TextureFormatPVR (38)
[2015.01.11-21.27.41:192][623]LogModuleManager: Shutting down and abandoning module TextureFormatDXT (37)
[2015.01.11-21.27.41:192][623]LogModuleManager: Shutting down and abandoning module TextureFormatAndroid (36)
[2015.01.11-21.27.41:192][623]LogModuleManager: Shutting down and abandoning module AudioFormatOpus (35)
[2015.01.11-21.27.41:192][623]LogModuleManager: Shutting down and abandoning module AudioFormatOgg (34)
[2015.01.11-21.27.41:192][623]LogModuleManager: Shutting down and abandoning module AudioFormatADPCM (33)
[2015.01.11-21.27.41:192][623]LogModuleManager: Shutting down and abandoning module Messaging (32)
[2015.01.11-21.27.41:192][623]LogModuleManager: Shutting down and abandoning module IOSTargetPlatform (31)
[2015.01.11-21.27.41:192][623]LogModuleManager: Shutting down and abandoning module Android_PVRTCTargetPlatform (30)
[2015.01.11-21.27.41:192][623]LogModuleManager: Shutting down and abandoning module Android_ETC2TargetPlatform (29)
[2015.01.11-21.27.41:192][623]LogModuleManager: Shutting down and abandoning module Android_ETC1TargetPlatform (28)
[2015.01.11-21.27.41:192][623]LogModuleManager: Shutting down and abandoning module Android_DXTTargetPlatform (27)
[2015.01.11-21.27.41:192][623]LogModuleManager: Shutting down and abandoning module Android_ATCTargetPlatform (26)
[2015.01.11-21.27.41:192][623]LogModuleManager: Shutting down and abandoning module AndroidTargetPlatform (25)
[2015.01.11-21.27.41:192][623]LogModuleManager: Shutting down and abandoning module WindowsTargetPlatform (24)
[2015.01.11-21.27.41:192][623]LogModuleManager: Shutting down and abandoning module WindowsServerTargetPlatform (23)
[2015.01.11-21.27.41:192][623]LogModuleManager: Shutting down and abandoning module WindowsNoEditorTargetPlatform (22)
[2015.01.11-21.27.41:192][623]LogModuleManager: Shutting down and abandoning module WindowsClientTargetPlatform (21)
[2015.01.11-21.27.41:192][623]LogModuleManager: Shutting down and abandoning module TargetPlatform (20)
[2015.01.11-21.27.41:192][623]LogModuleManager: Shutting down and abandoning module InputCore (19)
[2015.01.11-21.27.41:192][623]LogModuleManager: Shutting down and abandoning module Settings (18)
[2015.01.11-21.27.41:192][623]LogModuleManager: Shutting down and abandoning module ImageWrapper (17)
[2015.01.11-21.27.41:192][623]LogModuleManager: Shutting down and abandoning module OculusRift (14)
[2015.01.11-21.27.41:192][623]LogModuleManager: Shutting down and abandoning module ExampleDeviceProfileSelector (13)
[2015.01.11-21.27.41:192][623]LogModuleManager: Shutting down and abandoning module TextureCompressor (12)
[2015.01.11-21.27.41:193][623]LogModuleManager: Shutting down and abandoning module ShaderCore (11)
[2015.01.11-21.27.41:193][623]LogModuleManager: Shutting down and abandoning module SlateRHIRenderer (10)
[2015.01.11-21.27.41:195][623]LogModuleManager: Shutting down and abandoning module OpenGLDrv (9)
[2015.01.11-21.27.41:195][623]LogModuleManager: Shutting down and abandoning module D3D11RHI (8)
[2015.01.11-21.27.41:195][623]LogModuleManager: Shutting down and abandoning module Renderer (7)
[2015.01.11-21.27.41:195][623]LogModuleManager: Shutting down and abandoning module Engine (6)
[2015.01.11-21.27.41:195][623]LogModuleManager: Shutting down and abandoning module CoreUObject (5)
[2015.01.11-21.27.41:195][623]LogModuleManager: Shutting down and abandoning module NetworkFile (4)
[2015.01.11-21.27.41:195][623]LogModuleManager: Shutting down and abandoning module StreamingFile (3)
[2015.01.11-21.27.41:195][623]LogModuleManager: Shutting down and abandoning module SandboxFile (2)
[2015.01.11-21.27.41:195][623]LogModuleManager: Shutting down and abandoning module PakFile (1)
[2015.01.11-21.27.41:195][623]LogExit: Exiting.
[2015.01.11-21.27.41:203][623]Log file closed, 01/11/15 23:27:41
