Log file open, 01/05/15 16:32:57
LogInit:Display: Running engine for game: SmartProjectFPS
LogInit: Version: 4.5.1-2336687+++depot+UE4-Releases+4.5
LogInit: API Version: 2326478
LogInit: Compiled (64-bit): Oct 21 2014 22:32:40
LogInit: Compiled with Visual C++: 18.00.21005.01
LogInit: Build Configuration: Development
LogInit: Branch Name: ++depot+UE4-Releases+4.5
LogInit: Command line: 
LogInit: Base directory: F:/ExtraSoft/UnrealEngine/4.5/Engine/Binaries/Win64/
LogInit: Rocket: 1
[2015.01.05-14.32.57:010][  0]LogTaskGraph: Started task graph with 3 named threads and 4 total threads.
[2015.01.05-14.32.57:041][  0]LogOnline:Warning: No default platform service specified for OnlineSubsystem
[2015.01.05-14.32.57:275][  0]LogInit: Presizing for 0 objects not considered by GC, pre-allocating 0 bytes.
[2015.01.05-14.32.57:285][  0]LogInit: Object subsystem initialized
[2015.01.05-14.32.57:289][  0]LogConsoleResponse:Warning: Skipping Unknown console variable: 'UIScaleRule = ShortestSide'
[2015.01.05-14.32.57:289][  0]LogConsoleResponse:Warning:   Found in ini file 'F:/ExtraSoft/Git/Try1/Nikita(Boss)/SmartProjectFPS/Saved/Config/Windows/Engine.ini', in section '[/Script/Engine.RendererSettings]'
[2015.01.05-14.32.57:289][  0]LogConsoleResponse:Warning: Skipping Unknown console variable: 'UIScaleCurve = (EditorCurveData=(Keys=((Time=480.000000,Value=0.444000),(Time=720.000000,Value=0.666000),(Time=1080.000000,Value=1.000000),(Time=8640.000000,Value=8.000000))),ExternalCurve=None)'
[2015.01.05-14.32.57:289][  0]LogConsoleResponse:Warning:   Found in ini file 'F:/ExtraSoft/Git/Try1/Nikita(Boss)/SmartProjectFPS/Saved/Config/Windows/Engine.ini', in section '[/Script/Engine.RendererSettings]'
[2015.01.05-14.32.57:290][  0]LogInit: Selected Device Profile: [Windows]
[2015.01.05-14.32.57:290][  0]LogInit: Applying CVar settings loaded from the selected device profile: [Windows]
[2015.01.05-14.32.57:327][  0]LogInit: Computer: NIKPC
[2015.01.05-14.32.57:327][  0]LogInit: User: Nikita
[2015.01.05-14.32.57:327][  0]LogInit: CPU Page size=4096, Cores=2
[2015.01.05-14.32.57:327][  0]LogInit: High frequency timer resolution =1.753830 MHz
[2015.01.05-14.32.57:327][  0]LogMemory: Memory total: Physical=7.9GB (8GB approx) Virtual=131072.0GB
[2015.01.05-14.32.57:328][  0]LogMemory: Platform Memory Stats for Windows
[2015.01.05-14.32.57:328][  0]LogMemory: Process Physical Memory: 63.22 MB used, 65.72 MB peak
[2015.01.05-14.32.57:328][  0]LogMemory: Process Virtual Memory: 38.43 MB used, 42.72 MB peak
[2015.01.05-14.32.57:328][  0]LogMemory: Physical Memory: 2469.66 MB used, 8077.32 MB total
[2015.01.05-14.32.57:328][  0]LogMemory: Virtual Memory: 282.49 MB used, 134217728.00 MB total
[2015.01.05-14.32.57:800][  0]LogD3D11RHI: Found D3D11 adapter 0: Intel(R) HD Graphics 4000 (Feature Level 11_0)
[2015.01.05-14.32.57:800][  0]LogD3D11RHI: Adapter has 1988MB of dedicated video memory, 0MB of dedicated system memory, and 2048MB of shared system memory, 1 output[s]
[2015.01.05-14.32.57:817][  0]LogD3D11RHI: Found D3D11 adapter 1: NVIDIA GeForce GT 740M    (Feature Level 11_0)
[2015.01.05-14.32.57:817][  0]LogD3D11RHI: Adapter has 1988MB of dedicated video memory, 0MB of dedicated system memory, and 2048MB of shared system memory, 0 output[s]
[2015.01.05-14.32.57:818][  0]LogD3D11RHI: Found D3D11 adapter 2: Microsoft Basic Render Driver (Feature Level 11_0)
[2015.01.05-14.32.57:818][  0]LogD3D11RHI: Adapter has 1988MB of dedicated video memory, 0MB of dedicated system memory, and 2048MB of shared system memory, 0 output[s]
[2015.01.05-14.32.57:818][  0]LogD3D11RHI: Chosen D3D11 Adapter Id = 0
[2015.01.05-14.32.57:822][  0]LogRHI: Texture pool is 1361 MB (70% of 1945 MB)
[2015.01.05-14.32.57:833][  0]LogD3D11RHI: Async texture creation enabled
[2015.01.05-14.32.58:582][  0]LogTextLocalizationManager: The requested culture ('ru_RU') has no localization data; falling back to 'en' for localization and internationalization data.
[2015.01.05-14.32.58:917][  0]LogContentStreaming: Texture pool size is 0.000000MB
[2015.01.05-14.33.07:019][  0]LogTargetPlatformManager:Display: Building Assets For Windows
[2015.01.05-14.33.08:203][  0]LogTargetPlatformManager:Display: Building Assets For Windows
[2015.01.05-14.33.08:301][  0]LogDerivedDataCache:Display: Max Cache Size: 512 MB
[2015.01.05-14.33.08:690][  0]LogDerivedDataCache: Loaded boot cache 0.39s 39MB C:/Users/Nikita/AppData/Local/UnrealEngine/4.5/DerivedDataCache/Boot.ddc.
[2015.01.05-14.33.08:690][  0]LogDerivedDataCache:Display: Loaded Boot cache: C:/Users/Nikita/AppData/Local/UnrealEngine/4.5/DerivedDataCache/Boot.ddc
[2015.01.05-14.33.08:690][  0]LogDerivedDataCache: FDerivedDataBackendGraph:  Pak pak cache file ../../../../../Git/Try1/Nikita(Boss)/SmartProjectFPS/DerivedDataCache/DDC.ddp not found, will not use a pak cache.
[2015.01.05-14.33.08:690][  0]LogDerivedDataCache: Unable to find inner node Pak for hierarchical cache Hierarchy.
[2015.01.05-14.33.08:825][  0]LogDerivedDataCache:Display: Pak cache opened for reading ../../../Engine/DerivedDataCache/DDC.ddp.
[2015.01.05-14.33.08:837][  0]LogDerivedDataCache: Using Local data cache path C:/Users/Nikita/AppData/Local/UnrealEngine/Common/DerivedDataCache: Writable
[2015.01.05-14.33.17:271][  0]LogMeshUtilities: No automatic mesh reduction module available
[2015.01.05-14.33.17:271][  0]LogMeshUtilities: No automatic mesh merging module available
[2015.01.05-14.33.18:088][  0]LogLinker:Warning: Asset '../../../Engine/Content/Functions/Engine_MaterialFunctions02/Texturing/FlipBook.uasset' has been saved with empty engine version. The asset will be loaded but may be incompatible.
[2015.01.05-14.33.18:139][  0]LogLinker:Warning: Asset '../../../Engine/Content/Functions/Engine_MaterialFunctions02/ExampleContent/Textures/flipbook.uasset' has been saved with empty engine version. The asset will be loaded but may be incompatible.
[2015.01.05-14.33.19:076][  0]LogInit: WinSock: version 1.1 (2.2), MaxSocks=32767, MaxUdp=65467
[2015.01.05-14.33.25:827][  0]UdpMessaging: Initializing bridge on interface 0.0.0.0:0 to multicast group 230.0.0.1:6666.
[2015.01.05-14.33.26:306][  0]LogDirectoryWatcher:Warning: Failed to begin reading directory changes for F:/ExtraSoft/Git/Try1/Nikita(Boss)/SmartProjectFPS/Binaries/Win64. Error: 0
[2015.01.05-14.33.26:913][  0]SourceControl: Info Source control is disabled
[2015.01.05-14.33.26:913][  0]SourceControl: Info Source control is disabled
[2015.01.05-14.33.26:920][  0]SourceControl: Info Source control is disabled
[2015.01.05-14.33.27:166][  0]LogObj: 22915 objects as part of root set at end of initial load.
[2015.01.05-14.33.27:166][  0]LogUObjectAllocator: 4803536 out of 0 bytes used by permanent object pool.
[2015.01.05-14.33.27:231][  0]LogEngine: Initializing Engine...
[2015.01.05-14.33.27:692][  0]LogInit: XAudio2 using 'Headphones (High Definition Audio Device)' : 2 channels at 44.1 kHz using 16 bits per sample (channel mask 0x3)
[2015.01.05-14.33.27:701][  0]LogInit: FAudioDevice initialized.
[2015.01.05-14.33.27:726][  0]LogAIModule: Creating AISystem for world NewWorld
[2015.01.05-14.33.27:750][  0]LogDerivedDataCache: Saved boot cache 0.02s 39MB C:/Users/Nikita/AppData/Local/UnrealEngine/4.5/DerivedDataCache/Boot.ddc.
[2015.01.05-14.33.27:756][  0]LogInit: Texture streaming: Enabled
[2015.01.05-14.33.27:807][  0]LogInit: Transaction tracking system initialized
[2015.01.05-14.33.27:909][  0]BlueprintLog: New page: Editor Load
[2015.01.05-14.33.27:941][  0]LogAssetRegistry: FAssetRegistry took 0.0104 seconds to start up
[2015.01.05-14.33.27:941][  0]LogDirectoryWatcher:Warning: Failed to begin reading directory changes for ../../../Engine/Plugins/Experimental/CharacterAI/Content/. Error: 0
[2015.01.05-14.33.28:677][  0]LogTargetPlatformManager:Display: Building Assets For Windows
[2015.01.05-14.33.29:149][  0]LogTargetPlatformManager:Display: Building Assets For Windows
[2015.01.05-14.33.29:598][  0]LogConsoleResponse:Display: 
[2015.01.05-14.33.31:105][  0]SourceControl: Info Source control is disabled
[2015.01.05-14.33.31:105][  0]Cmd: MAP LOAD FILE="../../../../../Git/Try1/Nikita(Boss)/SmartProjectFPS/Content/Maps/Example_Map.umap" TEMPLATE=0 SHOWPROGRESS=1
[2015.01.05-14.33.31:193][  0]LightingResults: New page: Lighting Build
[2015.01.05-14.33.31:224][  0]MapCheck: New page: Map Check
[2015.01.05-14.33.31:224][  0]LightingResults: New page: Lighting Build
[2015.01.05-14.33.31:276][  0]LogParticles: Destroying 0 GPU particle simulations for FXSystem 0x000000A925C01A80
[2015.01.05-14.33.36:356][  0]LogEditorServer: Finished looking for orphan Actors (0.000 secs)
[2015.01.05-14.33.36:357][  0]LogAIModule: Creating AISystem for world Example_Map
[2015.01.05-14.33.36:357][  0]Cmd: MAP CHECKDEP
[2015.01.05-14.33.36:357][  0]MapCheck: New page: Example_Map - Jan 5, 2015, 6:33:36 PM
[2015.01.05-14.33.36:517][  0]MapCheck: Info Map check complete: 0 Error(s), 0 Warning(s), took 159.302ms to complete.
[2015.01.05-14.33.36:517][  0]LogFileHelpers: Loading map 'Example_Map' took 5.412
[2015.01.05-14.33.36:655][  0]LogCollectionManager: Loaded 0 collections in 0.001360 seconds
[2015.01.05-14.33.36:840][  0]LogCrashTracker: Crashtracker disabled due to settings.
[2015.01.05-14.33.36:999][  0]LogUObjectGlobals:Warning: Failed to find object 'Class None.'
[2015.01.05-14.33.37:026][  0]LogLoad: Full Startup: 45.65 seconds (BP compile: 0.94 seconds)
[2015.01.05-14.33.37:041][  0]LogContentBrowser:Verbose: The content browser source was changed by the sources view to '/Game/StarterContent/Textures'
[2015.01.05-14.33.37:378][  0]LogRenderer:Warning: Reallocating scene render targets to support 848x568.
[2015.01.05-14.33.38:512][  3]LogAssetRegistry: Asset discovery search completed in 10.5821 seconds
[2015.01.05-14.34.43:087][396]LogContentBrowser:Verbose: The content browser source was changed by the sources view to '/Game/Meshes'
[2015.01.05-14.34.44:732][429]LogContentBrowser:Verbose: The content browser source was changed by the sources view to '/Game/Maps'
[2015.01.05-14.34.47:065][476]LogMaterial: Missing cached shader map for material T_Door_M_Mat, compiling.
[2015.01.05-14.34.47:067][476]LogMaterial:Warning: Failed to compile Material /Game/StarterContent/Textures/T_Door_M_Mat.T_Door_M_Mat for platform PCD3D_SM5, Default Material will be used in game.
[2015.01.05-14.34.47:067][476]LogMaterial:Warning: 	(Node TextureSample) TextureSample> Sampler type is Color, should be Masks for /Game/StarterContent/Textures/T_Door_M.T_Door_M
[2015.01.05-14.34.47:576][476]LogActorComponent: UnregisterComponent: (/Engine/Transient.CharacterMovementComponent_0) Not registered. Aborting.
[2015.01.05-14.34.47:576][476]LogActorComponent: UnregisterComponent: (/Engine/Transient.PawnSensingComponent_0) Not registered. Aborting.
[2015.01.05-14.34.47:680][476]Cmd: MAP LOAD FILE="../../../../../Git/Try1/Nikita(Boss)/SmartProjectFPS/Content/Maps/Level3.umap" TEMPLATE=0 SHOWPROGRESS=1
[2015.01.05-14.34.47:680][476]LightingResults: New page: Lighting Build
[2015.01.05-14.34.47:726][476]LoadErrors: New page: Loading map: Level3.umap
[2015.01.05-14.34.47:727][476]MapCheck: New page: Map Check
[2015.01.05-14.34.47:727][476]LightingResults: New page: Lighting Build
[2015.01.05-14.34.47:773][476]LogParticles: Destroying 0 GPU particle simulations for FXSystem 0x000000A92ADE0F40
[2015.01.05-14.34.47:786][476]LogEditorServer: Finished looking for orphan Actors (0.000 secs)
[2015.01.05-14.34.47:787][476]LogAIModule: Creating AISystem for world Level3
[2015.01.05-14.34.48:051][476]Cmd: MAP CHECKDEP
[2015.01.05-14.34.48:051][476]MapCheck: New page: Level3 - Jan 5, 2015, 6:34:48 PM
[2015.01.05-14.34.48:173][476]MapCheck: Info Map check complete: 0 Error(s), 0 Warning(s), took 122.264ms to complete.
[2015.01.05-14.34.48:173][476]LogFileHelpers: Loading map 'Level3' took 0.496
[2015.01.05-14.34.53:726][628]BlueprintLog: New page: Pre-PIE auto-recompile
[2015.01.05-14.34.53:726][628]LogPlayLevel: [PIE] Compiling Level3 before PIE...
[2015.01.05-14.34.53:885][628]LogActorComponent: UnregisterComponent: (/Engine/Transient.CharacterMovementComponent_1) Not registered. Aborting.
[2015.01.05-14.34.53:885][628]LogActorComponent: UnregisterComponent: (/Engine/Transient.PawnSensingComponent_1) Not registered. Aborting.
[2015.01.05-14.34.53:885][628]LogActorComponent: UnregisterComponent: (/Engine/Transient.CharacterMovementComponent_2) Not registered. Aborting.
[2015.01.05-14.34.53:885][628]LogActorComponent: UnregisterComponent: (/Engine/Transient.PawnSensingComponent_2) Not registered. Aborting.
[2015.01.05-14.34.53:930][628]LogPlayLevel: PIE:  Blueprint regeneration took 204 ms (1 blueprints)
[2015.01.05-14.34.53:930][628]PIE: New page: SIE session: Level3 (Jan 5, 2015, 6:34:53 PM)
[2015.01.05-14.34.54:078][628]LogPlayLevel: PIE: StaticDuplicateObject took: (0.148185s)
[2015.01.05-14.34.54:079][628]LogPlayLevel: PIE: World Init took: (0.001029s)
[2015.01.05-14.34.54:079][628]LogPlayLevel: PIE: Created PIE world by copying editor world from /Game/Maps/Level3.Level3 to /Game/Maps/UEDPIE_0_Level3.Level3 (0.149508s)
[2015.01.05-14.34.54:400][628]LogWorld: Game class is 'MyGame_C'
[2015.01.05-14.34.54:402][628]LogAIModule: Creating AISystem for world Level3
[2015.01.05-14.34.54:405][628]LogWorld:Warning: *** WARNING - PATHS MAY NOT BE VALID ***
[2015.01.05-14.34.54:405][628]LogWorld: Bringing World /Game/Maps/UEDPIE_0_Level3.Level3 up for play (max tick rate 0) at 2015.01.05-16.34.54
[2015.01.05-14.34.54:407][628]LogWorld: Bringing up level for play took: 0.004987
[2015.01.05-14.34.54:408][628]LogArray:Warning: Attempted to get an item from array CallFunc_GetAllActorsOfClass_OutActors out of bounds [7/6]!
[2015.01.05-14.34.54:409][628]PIE: Info Play in editor start time for /Game/Maps/UEDPIE_0_Level3 0.79
[2015.01.05-14.35.31:155][720]Cmd: SELECT NONE
[2015.01.05-14.35.33:198][781]LogParticles: Destroying 0 GPU particle simulations for FXSystem 0x000000A930922A20
[2015.01.05-14.36.21:453][666]LogEditorViewport: Clicking on Actor (LMB): StaticMeshActor (Wall_400x400)
[2015.01.05-14.36.29:215][929]LogEditorViewport: Clicking on Actor (LMB): StaticMeshActor (Wall_400x400)
[2015.01.05-14.36.29:962][956]LogEditorViewport: Clicking on Actor (LMB): TriggerBox (TriggerBox)
[2015.01.05-14.36.37:334][233]LogEditorViewport: Clicking Background
[2015.01.05-14.36.56:074][947]LogEditorViewport: Clicking on Actor (LMB): TriggerBox (TriggerBox)
[2015.01.05-14.36.57:154][988]LogEditorViewport: Clicking on Actor (LMB): TriggerBox (TriggerBox)
[2015.01.05-14.37.08:248][353]BlueprintLog: New page: Compile Level3
[2015.01.05-14.37.08:323][353]LogActorComponent: UnregisterComponent: (/Engine/Transient.CharacterMovementComponent_3) Not registered. Aborting.
[2015.01.05-14.37.08:323][353]LogActorComponent: UnregisterComponent: (/Engine/Transient.PawnSensingComponent_3) Not registered. Aborting.
[2015.01.05-14.37.08:323][353]LogActorComponent: UnregisterComponent: (/Engine/Transient.CharacterMovementComponent_4) Not registered. Aborting.
[2015.01.05-14.37.08:323][353]LogActorComponent: UnregisterComponent: (/Engine/Transient.PawnSensingComponent_4) Not registered. Aborting.
[2015.01.05-14.37.08:381][353]BlueprintEditorCompileResults: Info [0256.89] Compile of Level3 successful! [in 5 ms]
[2015.01.05-14.37.09:260][376]LogSlate:Warning: GetFontFace failed to load or process 'Roboto-Regular'
[2015.01.05-14.37.09:260][376]LogSlate:Warning: GetFontFace failed to load or process 'Roboto-Regular'
[2015.01.05-14.37.09:307][376]LogSlate:Warning: GetFontFace failed to load or process 'Roboto-Regular'
[2015.01.05-14.37.09:307][376]LogSlate:Warning: GetFontFace failed to load or process 'Roboto-Regular'
[2015.01.05-14.37.09:307][376]LogSlate:Warning: GetFontFace failed to load or process 'Roboto-Regular'
[2015.01.05-14.37.09:307][376]LogSlate:Warning: GetFontFace failed to load or process 'Roboto-Regular'
[2015.01.05-14.37.09:307][376]LogSlate:Warning: GetFontFace failed to load or process 'Roboto-Regular'
[2015.01.05-14.37.09:308][376]LogSlate:Warning: GetFontFace failed to load or process 'Roboto-Regular'
[2015.01.05-14.37.09:308][376]LogSlate:Warning: GetFontFace failed to load or process 'Roboto-Regular'
[2015.01.05-14.37.09:308][376]LogSlate:Warning: GetFontFace failed to load or process 'Roboto-Regular'
[2015.01.05-14.37.09:308][376]LogSlate:Warning: GetFontFace failed to load or process 'Roboto-Regular'
[2015.01.05-14.37.09:308][376]LogSlate:Warning: GetFontFace failed to load or process 'Roboto-Regular'
[2015.01.05-14.37.09:308][376]LogSlate:Warning: GetFontFace failed to load or process 'Roboto-Regular'
[2015.01.05-14.37.09:308][376]LogSlate:Warning: GetFontFace failed to load or process 'Roboto-Regular'
[2015.01.05-14.37.09:308][376]LogSlate:Warning: GetFontFace failed to load or process 'Roboto-Regular'
[2015.01.05-14.37.09:308][376]LogSlate:Warning: GetFontFace failed to load or process 'Roboto-Regular'
[2015.01.05-14.37.09:308][376]LogSlate:Warning: GetFontFace failed to load or process 'Roboto-Regular'
[2015.01.05-14.37.09:308][376]LogSlate:Warning: GetFontFace failed to load or process 'Roboto-Regular'
[2015.01.05-14.37.09:308][376]LogSlate:Warning: GetFontFace failed to load or process 'Roboto-Regular'
[2015.01.05-14.37.16:358][638]LogSlate:Warning: GetFontFace failed to load or process 'Roboto-Regular'
[2015.01.05-14.37.16:358][638]LogSlate:Warning: GetFontFace failed to load or process 'Roboto-Regular'
[2015.01.05-14.37.16:358][638]LogSlate:Warning: GetFontFace failed to load or process 'Roboto-Regular'
[2015.01.05-14.37.16:358][638]LogSlate:Warning: GetFontFace failed to load or process 'Roboto-Regular'
[2015.01.05-14.37.16:358][638]LogSlate:Warning: GetFontFace failed to load or process 'Roboto-Regular'
[2015.01.05-14.37.16:358][638]LogSlate:Warning: GetFontFace failed to load or process 'Roboto-Regular'
[2015.01.05-14.37.16:360][638]LogSlate:Warning: GetFontFace failed to load or process 'Roboto-Regular'
[2015.01.05-14.37.16:360][638]LogSlate:Warning: GetFontFace failed to load or process 'Roboto-Regular'
[2015.01.05-14.37.52:162][117]LogSlate:Warning: GetFontFace failed to load or process 'Roboto-Regular'
[2015.01.05-14.37.59:595][415]LogSlate:Warning: GetFontFace failed to load or process 'Roboto-Regular'
[2015.01.05-14.37.59:595][415]LogSlate:Warning: GetFontFace failed to load or process 'Roboto-Regular'
[2015.01.05-14.37.59:595][415]LogSlate:Warning: GetFontFace failed to load or process 'Roboto-Regular'
[2015.01.05-14.38.15:992][ 17]LogSlate:Warning: GetFontFace failed to load or process 'Roboto-Regular'
[2015.01.05-14.38.55:356][450]BlueprintLog: New page: Pre-PIE auto-recompile
[2015.01.05-14.38.55:356][450]LogPlayLevel: [PIE] Compiling Tutorial_BP_MacroLib before PIE...
[2015.01.05-14.38.55:438][450]LogPlayLevel: [PIE] Compiling Level3 before PIE...
[2015.01.05-14.38.55:585][450]LogPlayLevel: PIE:  Blueprint regeneration took 228 ms (2 blueprints)
[2015.01.05-14.38.55:585][450]PIE: New page: SIE session: Level3 (Jan 5, 2015, 6:38:55 PM)
[2015.01.05-14.38.55:741][450]LogPlayLevel: PIE: StaticDuplicateObject took: (0.156464s)
[2015.01.05-14.38.55:743][450]LogPlayLevel: PIE: World Init took: (0.001564s)
[2015.01.05-14.38.55:743][450]LogPlayLevel: PIE: Created PIE world by copying editor world from /Game/Maps/Level3.Level3 to /Game/Maps/UEDPIE_0_Level3.Level3 (0.158308s)
[2015.01.05-14.38.55:791][450]LogWorld: Game class is 'MyGame_C'
[2015.01.05-14.38.55:793][450]LogAIModule: Creating AISystem for world Level3
[2015.01.05-14.38.55:796][450]LogWorld:Warning: *** WARNING - PATHS MAY NOT BE VALID ***
[2015.01.05-14.38.55:796][450]LogWorld: Bringing World /Game/Maps/UEDPIE_0_Level3.Level3 up for play (max tick rate 0) at 2015.01.05-16.38.55
[2015.01.05-14.38.55:797][450]LogWorld: Bringing up level for play took: 0.004715
[2015.01.05-14.38.55:798][450]LogArray:Warning: Attempted to get an item from array CallFunc_GetAllActorsOfClass_OutActors out of bounds [7/6]!
[2015.01.05-14.38.55:799][450]PIE: Info Play in editor start time for /Game/Maps/UEDPIE_0_Level3 0.181
[2015.01.05-14.39.18:779][145]LogBlueprintUserMessages: AIDummy_5
[2015.01.05-14.39.21:759][227]Cmd: SELECT NONE
[2015.01.05-14.39.24:173][297]LogEditorViewport: Clicking Background
[2015.01.05-1